[1.869s] Invoking command in '/home/lab/robocar/src/build/teleop_twist_joy': CMAKE_PREFIX_PATH=${CMAKE_PREFIX_PATH}:/opt/ros/iron VIRTUAL_ENV_PROMPT=(.venv) /usr/bin/cmake --build /home/lab/robocar/src/build/teleop_twist_joy -- -j4 -l4
[2.519s] [ 50%] Built target teleop_twist_joy
[2.923s] [100%] Built target teleop_twist_joy_node
[3.138s] Invoked command in '/home/lab/robocar/src/build/teleop_twist_joy' returned '0': CMAKE_PREFIX_PATH=${CMAKE_PREFIX_PATH}:/opt/ros/iron VIRTUAL_ENV_PROMPT=(.venv) /usr/bin/cmake --build /home/lab/robocar/src/build/teleop_twist_joy -- -j4 -l4
[3.504s] Invoking command in '/home/lab/robocar/src/build/teleop_twist_joy': CMAKE_PREFIX_PATH=${CMAKE_PREFIX_PATH}:/opt/ros/iron VIRTUAL_ENV_PROMPT=(.venv) /usr/bin/cmake --install /home/lab/robocar/src/build/teleop_twist_joy
[3.564s] -- Install configuration: ""
[3.566s] -- Up-to-date: /home/lab/robocar/src/install/teleop_twist_joy/lib/libteleop_twist_joy.so
[3.570s] -- Up-to-date: /home/lab/robocar/src/install/teleop_twist_joy/lib/teleop_twist_joy/teleop_node
[3.572s] -- Up-to-date: /home/lab/robocar/src/install/teleop_twist_joy/include/teleop_twist_joy
[3.573s] -- Up-to-date: /home/lab/robocar/src/install/teleop_twist_joy/include/teleop_twist_joy/teleop_twist_joy
[3.573s] -- Up-to-date: /home/lab/robocar/src/install/teleop_twist_joy/include/teleop_twist_joy/teleop_twist_joy/teleop_twist_joy.hpp
[3.574s] -- Up-to-date: /home/lab/robocar/src/install/teleop_twist_joy/include/teleop_twist_joy/teleop_twist_joy/teleop_twist_joy_export.h
[3.575s] -- Up-to-date: /home/lab/robocar/src/install/teleop_twist_joy/share/teleop_twist_joy/launch
[3.576s] -- Up-to-date: /home/lab/robocar/src/install/teleop_twist_joy/share/teleop_twist_joy/launch/teleop-launch.py
[3.576s] -- Up-to-date: /home/lab/robocar/src/install/teleop_twist_joy/share/teleop_twist_joy/config
[3.577s] -- Up-to-date: /home/lab/robocar/src/install/teleop_twist_joy/share/teleop_twist_joy/config/xbox.config.yaml
[3.578s] -- Up-to-date: /home/lab/robocar/src/install/teleop_twist_joy/share/teleop_twist_joy/config/ps3-holonomic.config.yaml
[3.578s] -- Up-to-date: /home/lab/robocar/src/install/teleop_twist_joy/share/teleop_twist_joy/config/atk3.config.yaml
[3.578s] -- Up-to-date: /home/lab/robocar/src/install/teleop_twist_joy/share/teleop_twist_joy/config/xd3.config.yaml
[3.579s] -- Up-to-date: /home/lab/robocar/src/install/teleop_twist_joy/share/teleop_twist_joy/config/ps3.config.yaml
[3.583s] -- Up-to-date: /home/lab/robocar/src/install/teleop_twist_joy/share/teleop_twist_joy/environment/library_path.sh
[3.584s] -- Up-to-date: /home/lab/robocar/src/install/teleop_twist_joy/share/teleop_twist_joy/environment/library_path.dsv
[3.585s] -- Up-to-date: /home/lab/robocar/src/install/teleop_twist_joy/share/ament_index/resource_index/package_run_dependencies/teleop_twist_joy
[3.593s] -- Up-to-date: /home/lab/robocar/src/install/teleop_twist_joy/share/ament_index/resource_index/parent_prefix_path/teleop_twist_joy
[3.593s] -- Up-to-date: /home/lab/robocar/src/install/teleop_twist_joy/share/teleop_twist_joy/environment/ament_prefix_path.sh
[3.594s] -- Up-to-date: /home/lab/robocar/src/install/teleop_twist_joy/share/teleop_twist_joy/environment/ament_prefix_path.dsv
[3.595s] -- Up-to-date: /home/lab/robocar/src/install/teleop_twist_joy/share/teleop_twist_joy/environment/path.sh
[3.595s] -- Up-to-date: /home/lab/robocar/src/install/teleop_twist_joy/share/teleop_twist_joy/environment/path.dsv
[3.596s] -- Up-to-date: /home/lab/robocar/src/install/teleop_twist_joy/share/teleop_twist_joy/local_setup.bash
[3.597s] -- Up-to-date: /home/lab/robocar/src/install/teleop_twist_joy/share/teleop_twist_joy/local_setup.sh
[3.597s] -- Up-to-date: /home/lab/robocar/src/install/teleop_twist_joy/share/teleop_twist_joy/local_setup.zsh
[3.598s] -- Up-to-date: /home/lab/robocar/src/install/teleop_twist_joy/share/teleop_twist_joy/local_setup.dsv
[3.599s] -- Installing: /home/lab/robocar/src/install/teleop_twist_joy/share/teleop_twist_joy/package.dsv
[3.601s] -- Up-to-date: /home/lab/robocar/src/install/teleop_twist_joy/share/ament_index/resource_index/packages/teleop_twist_joy
[3.602s] -- Up-to-date: /home/lab/robocar/src/install/teleop_twist_joy/share/ament_index/resource_index/rclcpp_components/teleop_twist_joy
[3.603s] -- Up-to-date: /home/lab/robocar/src/install/teleop_twist_joy/share/teleop_twist_joy/cmake/export_teleop_twist_joyExport.cmake
[3.604s] -- Up-to-date: /home/lab/robocar/src/install/teleop_twist_joy/share/teleop_twist_joy/cmake/export_teleop_twist_joyExport-noconfig.cmake
[3.605s] -- Up-to-date: /home/lab/robocar/src/install/teleop_twist_joy/share/teleop_twist_joy/cmake/ament_cmake_export_include_directories-extras.cmake
[3.630s] -- Up-to-date: /home/lab/robocar/src/install/teleop_twist_joy/share/teleop_twist_joy/cmake/ament_cmake_export_libraries-extras.cmake
[3.631s] -- Up-to-date: /home/lab/robocar/src/install/teleop_twist_joy/share/teleop_twist_joy/cmake/ament_cmake_export_targets-extras.cmake
[3.632s] -- Up-to-date: /home/lab/robocar/src/install/teleop_twist_joy/share/teleop_twist_joy/cmake/teleop_twist_joyConfig.cmake
[3.633s] -- Up-to-date: /home/lab/robocar/src/install/teleop_twist_joy/share/teleop_twist_joy/cmake/teleop_twist_joyConfig-version.cmake
[3.633s] -- Up-to-date: /home/lab/robocar/src/install/teleop_twist_joy/share/teleop_twist_joy/package.xml
[3.634s] Invoked command in '/home/lab/robocar/src/build/teleop_twist_joy' returned '0': CMAKE_PREFIX_PATH=${CMAKE_PREFIX_PATH}:/opt/ros/iron VIRTUAL_ENV_PROMPT=(.venv) /usr/bin/cmake --install /home/lab/robocar/src/build/teleop_twist_joy
