[5.000s] Invoking command in '/home/lab/robocar/src/robocar_pkg': PYTHONPATH=/home/lab/robocar/src/build/robocar_pkg/prefix_override:/home/lab/robocar/src/install/robocar_pkg/lib/python3.10/site-packages:${PYTHONPATH} VIRTUAL_ENV_PROMPT=(.venv) /home/lab/robocar/.venv/bin/python3 -W ignore:setup.py install is deprecated setup.py egg_info --egg-base ../build/robocar_pkg build --build-base /home/lab/robocar/src/build/robocar_pkg/build install --record /home/lab/robocar/src/build/robocar_pkg/install.log --single-version-externally-managed install_data
[6.398s] running egg_info
[6.402s] writing ../build/robocar_pkg/robocar_pkg.egg-info/PKG-INFO
[6.404s] writing dependency_links to ../build/robocar_pkg/robocar_pkg.egg-info/dependency_links.txt
[6.405s] writing entry points to ../build/robocar_pkg/robocar_pkg.egg-info/entry_points.txt
[6.406s] writing requirements to ../build/robocar_pkg/robocar_pkg.egg-info/requires.txt
[6.407s] writing top-level names to ../build/robocar_pkg/robocar_pkg.egg-info/top_level.txt
[6.419s] reading manifest file '../build/robocar_pkg/robocar_pkg.egg-info/SOURCES.txt'
[6.421s] adding license file 'LICENSE'
[6.423s] writing manifest file '../build/robocar_pkg/robocar_pkg.egg-info/SOURCES.txt'
[6.425s] running build
[6.425s] running build_py
[6.426s] copying robocar_pkg/car_control_node.py -> /home/lab/robocar/src/build/robocar_pkg/build/lib/robocar_pkg
[6.429s] running install
[6.431s] running install_lib
[6.435s] copying /home/lab/robocar/src/build/robocar_pkg/build/lib/robocar_pkg/car_control_node.py -> /home/lab/robocar/src/install/robocar_pkg/lib/python3.10/site-packages/robocar_pkg
[6.439s] byte-compiling /home/lab/robocar/src/install/robocar_pkg/lib/python3.10/site-packages/robocar_pkg/car_control_node.py to car_control_node.cpython-310.pyc
[6.443s] running install_data
[6.444s] running install_egg_info
[6.454s] removing '/home/lab/robocar/src/install/robocar_pkg/lib/python3.10/site-packages/robocar_pkg-0.0.0-py3.10.egg-info' (and everything under it)
[6.456s] Copying ../build/robocar_pkg/robocar_pkg.egg-info to /home/lab/robocar/src/install/robocar_pkg/lib/python3.10/site-packages/robocar_pkg-0.0.0-py3.10.egg-info
[6.465s] running install_scripts
[6.557s] Installing car_control_node script to /home/lab/robocar/src/install/robocar_pkg/lib/robocar_pkg
[6.559s] writing list of installed files to '/home/lab/robocar/src/build/robocar_pkg/install.log'
[6.696s] Invoked command in '/home/lab/robocar/src/robocar_pkg' returned '0': PYTHONPATH=/home/lab/robocar/src/build/robocar_pkg/prefix_override:/home/lab/robocar/src/install/robocar_pkg/lib/python3.10/site-packages:${PYTHONPATH} VIRTUAL_ENV_PROMPT=(.venv) /home/lab/robocar/.venv/bin/python3 -W ignore:setup.py install is deprecated setup.py egg_info --egg-base ../build/robocar_pkg build --build-base /home/lab/robocar/src/build/robocar_pkg/build install --record /home/lab/robocar/src/build/robocar_pkg/install.log --single-version-externally-managed install_data
