[0.130s] Invoking command in '/home/lab/robocar/src/build/messages_pkg': CMAKE_PREFIX_PATH=${CMAKE_PREFIX_PATH}:/opt/ros/iron VIRTUAL_ENV_PROMPT=(.venv) /usr/bin/cmake --build /home/lab/robocar/src/build/messages_pkg -- -j4 -l4
[1.899s] [  2%] Built target messages_pkg__rosidl_generator_type_description
[1.900s] [  2%] Built target ament_cmake_python_copy_messages_pkg
[1.900s] [  5%] Built target messages_pkg__cpp
[1.901s] [ 20%] Built target messages_pkg__rosidl_generator_c
[1.912s] [ 29%] Built target messages_pkg__rosidl_typesupport_introspection_c
[1.913s] [ 38%] Built target messages_pkg__rosidl_typesupport_cpp
[1.914s] [ 47%] Built target messages_pkg__rosidl_typesupport_fastrtps_c
[1.914s] [ 55%] Built target messages_pkg__rosidl_typesupport_fastrtps_cpp
[1.915s] [ 73%] Built target messages_pkg__rosidl_typesupport_introspection_cpp
[1.916s] [ 64%] Built target messages_pkg__rosidl_typesupport_c
[1.917s] [ 73%] Built target messages_pkg
[1.917s] [ 76%] Built target messages_pkg__py
[2.070s] [ 82%] Built target messages_pkg__rosidl_generator_py
[2.392s] [ 88%] Built target messages_pkg__rosidl_typesupport_fastrtps_c__pyext
[2.402s] [ 94%] Built target messages_pkg__rosidl_typesupport_c__pyext
[2.411s] [100%] Built target messages_pkg__rosidl_typesupport_introspection_c__pyext
[3.063s] running egg_info
[3.071s] writing messages_pkg.egg-info/PKG-INFO
[3.083s] writing dependency_links to messages_pkg.egg-info/dependency_links.txt
[3.088s] writing top-level names to messages_pkg.egg-info/top_level.txt
[3.102s] reading manifest file 'messages_pkg.egg-info/SOURCES.txt'
[3.127s] writing manifest file 'messages_pkg.egg-info/SOURCES.txt'
[3.333s] [100%] Built target ament_cmake_python_build_messages_pkg_egg
[3.460s] Invoked command in '/home/lab/robocar/src/build/messages_pkg' returned '0': CMAKE_PREFIX_PATH=${CMAKE_PREFIX_PATH}:/opt/ros/iron VIRTUAL_ENV_PROMPT=(.venv) /usr/bin/cmake --build /home/lab/robocar/src/build/messages_pkg -- -j4 -l4
[4.129s] Invoking command in '/home/lab/robocar/src/build/messages_pkg': CMAKE_PREFIX_PATH=${CMAKE_PREFIX_PATH}:/opt/ros/iron VIRTUAL_ENV_PROMPT=(.venv) /usr/bin/cmake --install /home/lab/robocar/src/build/messages_pkg
[4.167s] -- Install configuration: ""
[4.168s] -- Up-to-date: /home/lab/robocar/src/install/messages_pkg/share/ament_index/resource_index/rosidl_interfaces/messages_pkg
[4.169s] -- Up-to-date: /home/lab/robocar/src/install/messages_pkg/share/messages_pkg/msg/Energy.json
[4.169s] -- Up-to-date: /home/lab/robocar/src/install/messages_pkg/include/messages_pkg/messages_pkg
[4.170s] -- Up-to-date: /home/lab/robocar/src/install/messages_pkg/include/messages_pkg/messages_pkg/msg
[4.170s] -- Up-to-date: /home/lab/robocar/src/install/messages_pkg/include/messages_pkg/messages_pkg/msg/energy.h
[4.171s] -- Up-to-date: /home/lab/robocar/src/install/messages_pkg/include/messages_pkg/messages_pkg/msg/detail
[4.172s] -- Up-to-date: /home/lab/robocar/src/install/messages_pkg/include/messages_pkg/messages_pkg/msg/detail/energy__functions.c
[4.173s] -- Up-to-date: /home/lab/robocar/src/install/messages_pkg/include/messages_pkg/messages_pkg/msg/detail/energy__type_support.h
[4.174s] -- Up-to-date: /home/lab/robocar/src/install/messages_pkg/include/messages_pkg/messages_pkg/msg/detail/energy__description.c
[4.175s] -- Installing: /home/lab/robocar/src/install/messages_pkg/include/messages_pkg/messages_pkg/msg/detail/energy__type_support.c
[4.176s] -- Up-to-date: /home/lab/robocar/src/install/messages_pkg/include/messages_pkg/messages_pkg/msg/detail/energy__struct.h
[4.176s] -- Up-to-date: /home/lab/robocar/src/install/messages_pkg/include/messages_pkg/messages_pkg/msg/detail/energy__functions.h
[4.177s] -- Up-to-date: /home/lab/robocar/src/install/messages_pkg/include/messages_pkg/messages_pkg/msg/rosidl_generator_c__visibility_control.h
[4.178s] -- Up-to-date: /home/lab/robocar/src/install/messages_pkg/share/messages_pkg/environment/library_path.sh
[4.179s] -- Up-to-date: /home/lab/robocar/src/install/messages_pkg/share/messages_pkg/environment/library_path.dsv
[4.180s] -- Up-to-date: /home/lab/robocar/src/install/messages_pkg/lib/libmessages_pkg__rosidl_generator_c.so
[4.181s] -- Up-to-date: /home/lab/robocar/src/install/messages_pkg/include/messages_pkg/messages_pkg
[4.182s] -- Up-to-date: /home/lab/robocar/src/install/messages_pkg/include/messages_pkg/messages_pkg/msg
[4.182s] -- Up-to-date: /home/lab/robocar/src/install/messages_pkg/include/messages_pkg/messages_pkg/msg/rosidl_typesupport_fastrtps_c__visibility_control.h
[4.183s] -- Up-to-date: /home/lab/robocar/src/install/messages_pkg/include/messages_pkg/messages_pkg/msg/detail
[4.183s] -- Up-to-date: /home/lab/robocar/src/install/messages_pkg/include/messages_pkg/messages_pkg/msg/detail/energy__rosidl_typesupport_fastrtps_c.h
[4.184s] -- Up-to-date: /home/lab/robocar/src/install/messages_pkg/lib/libmessages_pkg__rosidl_typesupport_fastrtps_c.so
[4.185s] -- Up-to-date: /home/lab/robocar/src/install/messages_pkg/include/messages_pkg/messages_pkg
[4.186s] -- Up-to-date: /home/lab/robocar/src/install/messages_pkg/include/messages_pkg/messages_pkg/msg
[4.187s] -- Up-to-date: /home/lab/robocar/src/install/messages_pkg/include/messages_pkg/messages_pkg/msg/detail
[4.188s] -- Up-to-date: /home/lab/robocar/src/install/messages_pkg/include/messages_pkg/messages_pkg/msg/detail/energy__rosidl_typesupport_introspection_c.h
[4.188s] -- Installing: /home/lab/robocar/src/install/messages_pkg/include/messages_pkg/messages_pkg/msg/detail/energy__type_support.c
[4.189s] -- Up-to-date: /home/lab/robocar/src/install/messages_pkg/include/messages_pkg/messages_pkg/msg/rosidl_typesupport_introspection_c__visibility_control.h
[4.190s] -- Up-to-date: /home/lab/robocar/src/install/messages_pkg/lib/libmessages_pkg__rosidl_typesupport_introspection_c.so
[4.193s] -- Up-to-date: /home/lab/robocar/src/install/messages_pkg/lib/libmessages_pkg__rosidl_typesupport_c.so
[4.195s] -- Up-to-date: /home/lab/robocar/src/install/messages_pkg/include/messages_pkg/messages_pkg
[4.198s] -- Up-to-date: /home/lab/robocar/src/install/messages_pkg/include/messages_pkg/messages_pkg/msg
[4.199s] -- Up-to-date: /home/lab/robocar/src/install/messages_pkg/include/messages_pkg/messages_pkg/msg/detail
[4.200s] -- Up-to-date: /home/lab/robocar/src/install/messages_pkg/include/messages_pkg/messages_pkg/msg/detail/energy__builder.hpp
[4.200s] -- Up-to-date: /home/lab/robocar/src/install/messages_pkg/include/messages_pkg/messages_pkg/msg/detail/energy__struct.hpp
[4.201s] -- Up-to-date: /home/lab/robocar/src/install/messages_pkg/include/messages_pkg/messages_pkg/msg/detail/energy__traits.hpp
[4.208s] -- Up-to-date: /home/lab/robocar/src/install/messages_pkg/include/messages_pkg/messages_pkg/msg/energy.hpp
[4.208s] -- Up-to-date: /home/lab/robocar/src/install/messages_pkg/include/messages_pkg/messages_pkg
[4.209s] -- Up-to-date: /home/lab/robocar/src/install/messages_pkg/include/messages_pkg/messages_pkg/msg
[4.209s] -- Up-to-date: /home/lab/robocar/src/install/messages_pkg/include/messages_pkg/messages_pkg/msg/detail
[4.210s] -- Up-to-date: /home/lab/robocar/src/install/messages_pkg/include/messages_pkg/messages_pkg/msg/detail/dds_fastrtps
[4.210s] -- Up-to-date: /home/lab/robocar/src/install/messages_pkg/include/messages_pkg/messages_pkg/msg/detail/energy__rosidl_typesupport_fastrtps_cpp.hpp
[4.211s] -- Up-to-date: /home/lab/robocar/src/install/messages_pkg/include/messages_pkg/messages_pkg/msg/rosidl_typesupport_fastrtps_cpp__visibility_control.h
[4.212s] -- Up-to-date: /home/lab/robocar/src/install/messages_pkg/lib/libmessages_pkg__rosidl_typesupport_fastrtps_cpp.so
[4.213s] -- Up-to-date: /home/lab/robocar/src/install/messages_pkg/include/messages_pkg/messages_pkg
[4.213s] -- Up-to-date: /home/lab/robocar/src/install/messages_pkg/include/messages_pkg/messages_pkg/msg
[4.214s] -- Up-to-date: /home/lab/robocar/src/install/messages_pkg/include/messages_pkg/messages_pkg/msg/detail
[4.216s] -- Up-to-date: /home/lab/robocar/src/install/messages_pkg/include/messages_pkg/messages_pkg/msg/detail/energy__type_support.cpp
[4.218s] -- Up-to-date: /home/lab/robocar/src/install/messages_pkg/include/messages_pkg/messages_pkg/msg/detail/energy__rosidl_typesupport_introspection_cpp.hpp
[4.219s] -- Up-to-date: /home/lab/robocar/src/install/messages_pkg/lib/libmessages_pkg__rosidl_typesupport_introspection_cpp.so
[4.219s] -- Up-to-date: /home/lab/robocar/src/install/messages_pkg/lib/libmessages_pkg__rosidl_typesupport_cpp.so
[4.220s] -- Up-to-date: /home/lab/robocar/src/install/messages_pkg/share/messages_pkg/environment/pythonpath.sh
[4.222s] -- Up-to-date: /home/lab/robocar/src/install/messages_pkg/share/messages_pkg/environment/pythonpath.dsv
[4.224s] -- Up-to-date: /home/lab/robocar/src/install/messages_pkg/lib/python3.10/site-packages/messages_pkg-0.0.0-py3.10.egg-info
[4.225s] -- Installing: /home/lab/robocar/src/install/messages_pkg/lib/python3.10/site-packages/messages_pkg-0.0.0-py3.10.egg-info/SOURCES.txt
[4.226s] -- Installing: /home/lab/robocar/src/install/messages_pkg/lib/python3.10/site-packages/messages_pkg-0.0.0-py3.10.egg-info/dependency_links.txt
[4.227s] -- Installing: /home/lab/robocar/src/install/messages_pkg/lib/python3.10/site-packages/messages_pkg-0.0.0-py3.10.egg-info/PKG-INFO
[4.227s] -- Installing: /home/lab/robocar/src/install/messages_pkg/lib/python3.10/site-packages/messages_pkg-0.0.0-py3.10.egg-info/top_level.txt
[4.228s] -- Up-to-date: /home/lab/robocar/src/install/messages_pkg/lib/python3.10/site-packages/messages_pkg
[4.228s] -- Up-to-date: /home/lab/robocar/src/install/messages_pkg/lib/python3.10/site-packages/messages_pkg/_messages_pkg_s.ep.rosidl_typesupport_fastrtps_c.c
[4.229s] -- Up-to-date: /home/lab/robocar/src/install/messages_pkg/lib/python3.10/site-packages/messages_pkg/msg
[4.229s] -- Up-to-date: /home/lab/robocar/src/install/messages_pkg/lib/python3.10/site-packages/messages_pkg/msg/_energy_s.c
[4.230s] -- Up-to-date: /home/lab/robocar/src/install/messages_pkg/lib/python3.10/site-packages/messages_pkg/msg/_energy.py
[4.231s] -- Up-to-date: /home/lab/robocar/src/install/messages_pkg/lib/python3.10/site-packages/messages_pkg/msg/__init__.py
[4.231s] -- Up-to-date: /home/lab/robocar/src/install/messages_pkg/lib/python3.10/site-packages/messages_pkg/messages_pkg_s__rosidl_typesupport_introspection_c.cpython-310-aarch64-linux-gnu.so
[4.231s] -- Up-to-date: /home/lab/robocar/src/install/messages_pkg/lib/python3.10/site-packages/messages_pkg/libmessages_pkg__rosidl_generator_py.so
[4.232s] -- Up-to-date: /home/lab/robocar/src/install/messages_pkg/lib/python3.10/site-packages/messages_pkg/messages_pkg_s__rosidl_typesupport_c.cpython-310-aarch64-linux-gnu.so
[4.232s] -- Up-to-date: /home/lab/robocar/src/install/messages_pkg/lib/python3.10/site-packages/messages_pkg/messages_pkg_s__rosidl_typesupport_fastrtps_c.cpython-310-aarch64-linux-gnu.so
[4.233s] -- Up-to-date: /home/lab/robocar/src/install/messages_pkg/lib/python3.10/site-packages/messages_pkg/__init__.py
[4.233s] -- Up-to-date: /home/lab/robocar/src/install/messages_pkg/lib/python3.10/site-packages/messages_pkg/_messages_pkg_s.ep.rosidl_typesupport_introspection_c.c
[4.234s] -- Up-to-date: /home/lab/robocar/src/install/messages_pkg/lib/python3.10/site-packages/messages_pkg/_messages_pkg_s.ep.rosidl_typesupport_c.c
[4.413s] Listing '/home/lab/robocar/src/install/messages_pkg/lib/python3.10/site-packages/messages_pkg'...
[4.416s] Listing '/home/lab/robocar/src/install/messages_pkg/lib/python3.10/site-packages/messages_pkg/msg'...
[4.449s] -- Up-to-date: /home/lab/robocar/src/install/messages_pkg/lib/python3.10/site-packages/messages_pkg/messages_pkg_s__rosidl_typesupport_fastrtps_c.cpython-310-aarch64-linux-gnu.so
[4.452s] -- Up-to-date: /home/lab/robocar/src/install/messages_pkg/lib/python3.10/site-packages/messages_pkg/messages_pkg_s__rosidl_typesupport_introspection_c.cpython-310-aarch64-linux-gnu.so
[4.459s] -- Up-to-date: /home/lab/robocar/src/install/messages_pkg/lib/python3.10/site-packages/messages_pkg/messages_pkg_s__rosidl_typesupport_c.cpython-310-aarch64-linux-gnu.so
[4.462s] -- Up-to-date: /home/lab/robocar/src/install/messages_pkg/lib/libmessages_pkg__rosidl_generator_py.so
[4.465s] -- Up-to-date: /home/lab/robocar/src/install/messages_pkg/share/messages_pkg/msg/Energy.idl
[4.470s] -- Up-to-date: /home/lab/robocar/src/install/messages_pkg/share/messages_pkg/msg/Energy.msg
[4.471s] -- Up-to-date: /home/lab/robocar/src/install/messages_pkg/share/ament_index/resource_index/package_run_dependencies/messages_pkg
[4.476s] -- Up-to-date: /home/lab/robocar/src/install/messages_pkg/share/ament_index/resource_index/parent_prefix_path/messages_pkg
[4.483s] -- Up-to-date: /home/lab/robocar/src/install/messages_pkg/share/messages_pkg/environment/ament_prefix_path.sh
[4.489s] -- Up-to-date: /home/lab/robocar/src/install/messages_pkg/share/messages_pkg/environment/ament_prefix_path.dsv
[4.492s] -- Up-to-date: /home/lab/robocar/src/install/messages_pkg/share/messages_pkg/environment/path.sh
[4.498s] -- Up-to-date: /home/lab/robocar/src/install/messages_pkg/share/messages_pkg/environment/path.dsv
[4.504s] -- Up-to-date: /home/lab/robocar/src/install/messages_pkg/share/messages_pkg/local_setup.bash
[4.505s] -- Up-to-date: /home/lab/robocar/src/install/messages_pkg/share/messages_pkg/local_setup.sh
[4.506s] -- Up-to-date: /home/lab/robocar/src/install/messages_pkg/share/messages_pkg/local_setup.zsh
[4.507s] -- Up-to-date: /home/lab/robocar/src/install/messages_pkg/share/messages_pkg/local_setup.dsv
[4.509s] -- Installing: /home/lab/robocar/src/install/messages_pkg/share/messages_pkg/package.dsv
[4.517s] -- Up-to-date: /home/lab/robocar/src/install/messages_pkg/share/ament_index/resource_index/packages/messages_pkg
[4.521s] -- Up-to-date: /home/lab/robocar/src/install/messages_pkg/share/messages_pkg/cmake/export_messages_pkg__rosidl_generator_cExport.cmake
[4.522s] -- Up-to-date: /home/lab/robocar/src/install/messages_pkg/share/messages_pkg/cmake/export_messages_pkg__rosidl_generator_cExport-noconfig.cmake
[4.526s] -- Up-to-date: /home/lab/robocar/src/install/messages_pkg/share/messages_pkg/cmake/export_messages_pkg__rosidl_typesupport_fastrtps_cExport.cmake
[4.532s] -- Up-to-date: /home/lab/robocar/src/install/messages_pkg/share/messages_pkg/cmake/export_messages_pkg__rosidl_typesupport_fastrtps_cExport-noconfig.cmake
[4.538s] -- Up-to-date: /home/lab/robocar/src/install/messages_pkg/share/messages_pkg/cmake/messages_pkg__rosidl_typesupport_introspection_cExport.cmake
[4.539s] -- Up-to-date: /home/lab/robocar/src/install/messages_pkg/share/messages_pkg/cmake/messages_pkg__rosidl_typesupport_introspection_cExport-noconfig.cmake
[4.542s] -- Up-to-date: /home/lab/robocar/src/install/messages_pkg/share/messages_pkg/cmake/messages_pkg__rosidl_typesupport_cExport.cmake
[4.545s] -- Up-to-date: /home/lab/robocar/src/install/messages_pkg/share/messages_pkg/cmake/messages_pkg__rosidl_typesupport_cExport-noconfig.cmake
[4.548s] -- Up-to-date: /home/lab/robocar/src/install/messages_pkg/share/messages_pkg/cmake/export_messages_pkg__rosidl_generator_cppExport.cmake
[4.549s] -- Up-to-date: /home/lab/robocar/src/install/messages_pkg/share/messages_pkg/cmake/export_messages_pkg__rosidl_typesupport_fastrtps_cppExport.cmake
[4.550s] -- Up-to-date: /home/lab/robocar/src/install/messages_pkg/share/messages_pkg/cmake/export_messages_pkg__rosidl_typesupport_fastrtps_cppExport-noconfig.cmake
[4.551s] -- Up-to-date: /home/lab/robocar/src/install/messages_pkg/share/messages_pkg/cmake/messages_pkg__rosidl_typesupport_introspection_cppExport.cmake
[4.552s] -- Up-to-date: /home/lab/robocar/src/install/messages_pkg/share/messages_pkg/cmake/messages_pkg__rosidl_typesupport_introspection_cppExport-noconfig.cmake
[4.554s] -- Up-to-date: /home/lab/robocar/src/install/messages_pkg/share/messages_pkg/cmake/messages_pkg__rosidl_typesupport_cppExport.cmake
[4.554s] -- Up-to-date: /home/lab/robocar/src/install/messages_pkg/share/messages_pkg/cmake/messages_pkg__rosidl_typesupport_cppExport-noconfig.cmake
[4.555s] -- Up-to-date: /home/lab/robocar/src/install/messages_pkg/share/messages_pkg/cmake/export_messages_pkg__rosidl_generator_pyExport.cmake
[4.557s] -- Up-to-date: /home/lab/robocar/src/install/messages_pkg/share/messages_pkg/cmake/export_messages_pkg__rosidl_generator_pyExport-noconfig.cmake
[4.558s] -- Up-to-date: /home/lab/robocar/src/install/messages_pkg/share/messages_pkg/cmake/rosidl_cmake-extras.cmake
[4.559s] -- Up-to-date: /home/lab/robocar/src/install/messages_pkg/share/messages_pkg/cmake/ament_cmake_export_include_directories-extras.cmake
[4.560s] -- Up-to-date: /home/lab/robocar/src/install/messages_pkg/share/messages_pkg/cmake/ament_cmake_export_libraries-extras.cmake
[4.560s] -- Up-to-date: /home/lab/robocar/src/install/messages_pkg/share/messages_pkg/cmake/ament_cmake_export_targets-extras.cmake
[4.561s] -- Up-to-date: /home/lab/robocar/src/install/messages_pkg/share/messages_pkg/cmake/rosidl_cmake_export_typesupport_targets-extras.cmake
[4.561s] -- Up-to-date: /home/lab/robocar/src/install/messages_pkg/share/messages_pkg/cmake/ament_cmake_export_dependencies-extras.cmake
[4.562s] -- Up-to-date: /home/lab/robocar/src/install/messages_pkg/share/messages_pkg/cmake/rosidl_cmake_export_typesupport_libraries-extras.cmake
[4.562s] -- Up-to-date: /home/lab/robocar/src/install/messages_pkg/share/messages_pkg/cmake/messages_pkgConfig.cmake
[4.563s] -- Up-to-date: /home/lab/robocar/src/install/messages_pkg/share/messages_pkg/cmake/messages_pkgConfig-version.cmake
[4.563s] -- Up-to-date: /home/lab/robocar/src/install/messages_pkg/share/messages_pkg/package.xml
[4.564s] Invoked command in '/home/lab/robocar/src/build/messages_pkg' returned '0': CMAKE_PREFIX_PATH=${CMAKE_PREFIX_PATH}:/opt/ros/iron VIRTUAL_ENV_PROMPT=(.venv) /usr/bin/cmake --install /home/lab/robocar/src/build/messages_pkg
