-- The C compiler identification is GNU 11.4.0
-- The CXX compiler identification is GNU 11.4.0
-- Detecting C compiler ABI info
-- Detecting C compiler ABI info - done
-- Check for working C compiler: /usr/bin/cc - skipped
-- Detecting C compile features
-- Detecting C compile features - done
-- Detecting CXX compiler ABI info
-- Detecting CXX compiler ABI info - done
-- Check for working CXX compiler: /usr/bin/c++ - skipped
-- Detecting CXX compile features
-- Detecting CXX compile features - done
-- Found ament_cmake: 2.0.4 (/opt/ros/iron/share/ament_cmake/cmake)
-- Found Python3: /home/lab/robocar/.venv/bin/python3.10 (found version "3.10.12") found components: Interpreter 
-- Found rosidl_default_generators: 1.5.0 (/opt/ros/iron/share/rosidl_default_generators/cmake)
-- Using all available rosidl_typesupport_c: rosidl_typesupport_fastrtps_c;rosidl_typesupport_introspection_c
-- Using all available rosidl_typesupport_cpp: rosidl_typesupport_fastrtps_cpp;rosidl_typesupport_introspection_cpp
-- Found rosidl_adapter: 4.0.1 (/opt/ros/iron/share/rosidl_adapter/cmake)
-- Found ament_cmake_ros: 0.11.2 (/opt/ros/iron/share/ament_cmake_ros/cmake)
-- Using all available rosidl_typesupport_c: rosidl_typesupport_fastrtps_c;rosidl_typesupport_introspection_c
-- Using all available rosidl_typesupport_cpp: rosidl_typesupport_fastrtps_cpp;rosidl_typesupport_introspection_cpp
-- Found PythonInterp: /home/lab/robocar/.venv/bin/python3 (found suitable version "3.10.12", minimum required is "3.6") 
-- Found python_cmake_module: 0.10.2 (/opt/ros/iron/share/python_cmake_module/cmake)
-- Found PythonLibs: /usr/lib/aarch64-linux-gnu/libpython3.10.so (found suitable version "3.10.12", minimum required is "3.5") 
-- Using PYTHON_EXECUTABLE: /home/lab/robocar/.venv/bin/python3
-- Using PYTHON_INCLUDE_DIRS: /usr/include/python3.10
-- Using PYTHON_LIBRARIES: /usr/lib/aarch64-linux-gnu/libpython3.10.so
-- Found PythonExtra: .so  
-- Found ament_lint_auto: 0.14.3 (/opt/ros/iron/share/ament_lint_auto/cmake)
-- Added test 'lint_cmake' to check CMake code style
-- Added test 'xmllint' to check XML markup files
-- Configuring done
-- Generating done
-- Build files have been written to: /home/lab/robocar/src/build/messages_pkg
[  2%] [34m[1mGenerating type hashes for ROS interfaces[0m
[  2%] Built target messages_pkg__rosidl_generator_type_description
[  2%] Built target ament_cmake_python_copy_messages_pkg
[  5%] [34m[1mGenerating C code for ROS interfaces[0m
[  8%] [32mBuilding C object CMakeFiles/messages_pkg__rosidl_generator_c.dir/rosidl_generator_c/messages_pkg/msg/detail/energy__description.c.o[0m
[ 11%] [32mBuilding C object CMakeFiles/messages_pkg__rosidl_generator_c.dir/rosidl_generator_c/messages_pkg/msg/detail/energy__functions.c.o[0m
[ 14%] [32mBuilding C object CMakeFiles/messages_pkg__rosidl_generator_c.dir/rosidl_generator_c/messages_pkg/msg/detail/energy__type_support.c.o[0m
[ 17%] [32m[1mLinking C shared library libmessages_pkg__rosidl_generator_c.so[0m
[ 17%] Built target messages_pkg__rosidl_generator_c
running egg_info
creating messages_pkg.egg-info
writing messages_pkg.egg-info/PKG-INFO
writing dependency_links to messages_pkg.egg-info/dependency_links.txt
writing top-level names to messages_pkg.egg-info/top_level.txt
writing manifest file 'messages_pkg.egg-info/SOURCES.txt'
reading manifest file 'messages_pkg.egg-info/SOURCES.txt'
writing manifest file 'messages_pkg.egg-info/SOURCES.txt'
[ 17%] Built target ament_cmake_python_build_messages_pkg_egg
[ 20%] [34m[1mGenerating C introspection for ROS interfaces[0m
[ 23%] [32mBuilding C object CMakeFiles/messages_pkg__rosidl_typesupport_introspection_c.dir/rosidl_typesupport_introspection_c/messages_pkg/msg/detail/energy__type_support.c.o[0m
[ 26%] [32m[1mLinking C shared library libmessages_pkg__rosidl_typesupport_introspection_c.so[0m
[ 26%] Built target messages_pkg__rosidl_typesupport_introspection_c
[ 29%] [34m[1mGenerating C type support dispatch for ROS interfaces[0m
[ 32%] [32mBuilding CXX object CMakeFiles/messages_pkg__rosidl_typesupport_c.dir/rosidl_typesupport_c/messages_pkg/msg/energy__type_support.cpp.o[0m
[ 35%] [32m[1mLinking CXX shared library libmessages_pkg__rosidl_typesupport_c.so[0m
[ 35%] Built target messages_pkg__rosidl_typesupport_c
[ 38%] [34m[1mGenerating C type support for eProsima Fast-RTPS[0m
[ 41%] [32mBuilding CXX object CMakeFiles/messages_pkg__rosidl_typesupport_fastrtps_c.dir/rosidl_typesupport_fastrtps_c/messages_pkg/msg/detail/energy__type_support_c.cpp.o[0m
[ 44%] [32m[1mLinking CXX shared library libmessages_pkg__rosidl_typesupport_fastrtps_c.so[0m
[ 44%] Built target messages_pkg__rosidl_typesupport_fastrtps_c
[ 47%] [34m[1mGenerating C++ code for ROS interfaces[0m
[ 47%] Built target messages_pkg__cpp
[ 50%] [34m[1mGenerating C++ type support dispatch for ROS interfaces[0m
[ 52%] [32mBuilding CXX object CMakeFiles/messages_pkg__rosidl_typesupport_cpp.dir/rosidl_typesupport_cpp/messages_pkg/msg/energy__type_support.cpp.o[0m
[ 55%] [32m[1mLinking CXX shared library libmessages_pkg__rosidl_typesupport_cpp.so[0m
[ 55%] Built target messages_pkg__rosidl_typesupport_cpp
[ 58%] [34m[1mGenerating C++ introspection for ROS interfaces[0m
[ 61%] [32mBuilding CXX object CMakeFiles/messages_pkg__rosidl_typesupport_introspection_cpp.dir/rosidl_typesupport_introspection_cpp/messages_pkg/msg/detail/energy__type_support.cpp.o[0m
[ 64%] [32m[1mLinking CXX shared library libmessages_pkg__rosidl_typesupport_introspection_cpp.so[0m
[ 64%] Built target messages_pkg__rosidl_typesupport_introspection_cpp
[ 67%] [34m[1mGenerating C++ type support for eProsima Fast-RTPS[0m
[ 70%] [32mBuilding CXX object CMakeFiles/messages_pkg__rosidl_typesupport_fastrtps_cpp.dir/rosidl_typesupport_fastrtps_cpp/messages_pkg/msg/detail/dds_fastrtps/energy__type_support.cpp.o[0m
[ 73%] [32m[1mLinking CXX shared library libmessages_pkg__rosidl_typesupport_fastrtps_cpp.so[0m
[ 73%] Built target messages_pkg__rosidl_typesupport_fastrtps_cpp
[ 73%] Built target messages_pkg
[ 76%] [34m[1mGenerating Python code for ROS interfaces[0m
[ 76%] Built target messages_pkg__py
[ 79%] [32mBuilding C object CMakeFiles/messages_pkg__rosidl_generator_py.dir/rosidl_generator_py/messages_pkg/msg/_energy_s.c.o[0m
[ 82%] [32m[1mLinking C shared library rosidl_generator_py/messages_pkg/libmessages_pkg__rosidl_generator_py.so[0m
[ 82%] Built target messages_pkg__rosidl_generator_py
[ 85%] [32mBuilding C object CMakeFiles/messages_pkg__rosidl_typesupport_fastrtps_c__pyext.dir/rosidl_generator_py/messages_pkg/_messages_pkg_s.ep.rosidl_typesupport_fastrtps_c.c.o[0m
[ 88%] [32m[1mLinking C shared library rosidl_generator_py/messages_pkg/messages_pkg_s__rosidl_typesupport_fastrtps_c.cpython-310-aarch64-linux-gnu.so[0m
[ 88%] Built target messages_pkg__rosidl_typesupport_fastrtps_c__pyext
[ 91%] [32mBuilding C object CMakeFiles/messages_pkg__rosidl_typesupport_c__pyext.dir/rosidl_generator_py/messages_pkg/_messages_pkg_s.ep.rosidl_typesupport_c.c.o[0m
[ 94%] [32m[1mLinking C shared library rosidl_generator_py/messages_pkg/messages_pkg_s__rosidl_typesupport_c.cpython-310-aarch64-linux-gnu.so[0m
[ 94%] Built target messages_pkg__rosidl_typesupport_c__pyext
[ 97%] [32mBuilding C object CMakeFiles/messages_pkg__rosidl_typesupport_introspection_c__pyext.dir/rosidl_generator_py/messages_pkg/_messages_pkg_s.ep.rosidl_typesupport_introspection_c.c.o[0m
[100%] [32m[1mLinking C shared library rosidl_generator_py/messages_pkg/messages_pkg_s__rosidl_typesupport_introspection_c.cpython-310-aarch64-linux-gnu.so[0m
[100%] Built target messages_pkg__rosidl_typesupport_introspection_c__pyext
-- Install configuration: ""
-- Installing: /home/lab/robocar/src/install/messages_pkg/share/ament_index/resource_index/rosidl_interfaces/messages_pkg
-- Installing: /home/lab/robocar/src/install/messages_pkg/share/messages_pkg/msg/Energy.json
-- Installing: /home/lab/robocar/src/install/messages_pkg/include/messages_pkg/messages_pkg
-- Installing: /home/lab/robocar/src/install/messages_pkg/include/messages_pkg/messages_pkg/msg
-- Installing: /home/lab/robocar/src/install/messages_pkg/include/messages_pkg/messages_pkg/msg/energy.h
-- Installing: /home/lab/robocar/src/install/messages_pkg/include/messages_pkg/messages_pkg/msg/detail
-- Installing: /home/lab/robocar/src/install/messages_pkg/include/messages_pkg/messages_pkg/msg/detail/energy__functions.c
-- Installing: /home/lab/robocar/src/install/messages_pkg/include/messages_pkg/messages_pkg/msg/detail/energy__type_support.h
-- Installing: /home/lab/robocar/src/install/messages_pkg/include/messages_pkg/messages_pkg/msg/detail/energy__description.c
-- Installing: /home/lab/robocar/src/install/messages_pkg/include/messages_pkg/messages_pkg/msg/detail/energy__type_support.c
-- Installing: /home/lab/robocar/src/install/messages_pkg/include/messages_pkg/messages_pkg/msg/detail/energy__struct.h
-- Installing: /home/lab/robocar/src/install/messages_pkg/include/messages_pkg/messages_pkg/msg/detail/energy__functions.h
-- Installing: /home/lab/robocar/src/install/messages_pkg/include/messages_pkg/messages_pkg/msg/rosidl_generator_c__visibility_control.h
-- Installing: /home/lab/robocar/src/install/messages_pkg/share/messages_pkg/environment/library_path.sh
-- Installing: /home/lab/robocar/src/install/messages_pkg/share/messages_pkg/environment/library_path.dsv
-- Installing: /home/lab/robocar/src/install/messages_pkg/lib/libmessages_pkg__rosidl_generator_c.so
-- Set runtime path of "/home/lab/robocar/src/install/messages_pkg/lib/libmessages_pkg__rosidl_generator_c.so" to ""
-- Up-to-date: /home/lab/robocar/src/install/messages_pkg/include/messages_pkg/messages_pkg
-- Up-to-date: /home/lab/robocar/src/install/messages_pkg/include/messages_pkg/messages_pkg/msg
-- Installing: /home/lab/robocar/src/install/messages_pkg/include/messages_pkg/messages_pkg/msg/rosidl_typesupport_fastrtps_c__visibility_control.h
-- Up-to-date: /home/lab/robocar/src/install/messages_pkg/include/messages_pkg/messages_pkg/msg/detail
-- Installing: /home/lab/robocar/src/install/messages_pkg/include/messages_pkg/messages_pkg/msg/detail/energy__rosidl_typesupport_fastrtps_c.h
-- Installing: /home/lab/robocar/src/install/messages_pkg/lib/libmessages_pkg__rosidl_typesupport_fastrtps_c.so
-- Set runtime path of "/home/lab/robocar/src/install/messages_pkg/lib/libmessages_pkg__rosidl_typesupport_fastrtps_c.so" to ""
-- Up-to-date: /home/lab/robocar/src/install/messages_pkg/include/messages_pkg/messages_pkg
-- Up-to-date: /home/lab/robocar/src/install/messages_pkg/include/messages_pkg/messages_pkg/msg
-- Up-to-date: /home/lab/robocar/src/install/messages_pkg/include/messages_pkg/messages_pkg/msg/detail
-- Installing: /home/lab/robocar/src/install/messages_pkg/include/messages_pkg/messages_pkg/msg/detail/energy__rosidl_typesupport_introspection_c.h
-- Installing: /home/lab/robocar/src/install/messages_pkg/include/messages_pkg/messages_pkg/msg/detail/energy__type_support.c
-- Installing: /home/lab/robocar/src/install/messages_pkg/include/messages_pkg/messages_pkg/msg/rosidl_typesupport_introspection_c__visibility_control.h
-- Installing: /home/lab/robocar/src/install/messages_pkg/lib/libmessages_pkg__rosidl_typesupport_introspection_c.so
-- Set runtime path of "/home/lab/robocar/src/install/messages_pkg/lib/libmessages_pkg__rosidl_typesupport_introspection_c.so" to ""
-- Installing: /home/lab/robocar/src/install/messages_pkg/lib/libmessages_pkg__rosidl_typesupport_c.so
-- Set runtime path of "/home/lab/robocar/src/install/messages_pkg/lib/libmessages_pkg__rosidl_typesupport_c.so" to ""
-- Up-to-date: /home/lab/robocar/src/install/messages_pkg/include/messages_pkg/messages_pkg
-- Up-to-date: /home/lab/robocar/src/install/messages_pkg/include/messages_pkg/messages_pkg/msg
-- Up-to-date: /home/lab/robocar/src/install/messages_pkg/include/messages_pkg/messages_pkg/msg/detail
-- Installing: /home/lab/robocar/src/install/messages_pkg/include/messages_pkg/messages_pkg/msg/detail/energy__builder.hpp
-- Installing: /home/lab/robocar/src/install/messages_pkg/include/messages_pkg/messages_pkg/msg/detail/energy__struct.hpp
-- Installing: /home/lab/robocar/src/install/messages_pkg/include/messages_pkg/messages_pkg/msg/detail/energy__traits.hpp
-- Installing: /home/lab/robocar/src/install/messages_pkg/include/messages_pkg/messages_pkg/msg/energy.hpp
-- Up-to-date: /home/lab/robocar/src/install/messages_pkg/include/messages_pkg/messages_pkg
-- Up-to-date: /home/lab/robocar/src/install/messages_pkg/include/messages_pkg/messages_pkg/msg
-- Up-to-date: /home/lab/robocar/src/install/messages_pkg/include/messages_pkg/messages_pkg/msg/detail
-- Installing: /home/lab/robocar/src/install/messages_pkg/include/messages_pkg/messages_pkg/msg/detail/dds_fastrtps
-- Installing: /home/lab/robocar/src/install/messages_pkg/include/messages_pkg/messages_pkg/msg/detail/energy__rosidl_typesupport_fastrtps_cpp.hpp
-- Installing: /home/lab/robocar/src/install/messages_pkg/include/messages_pkg/messages_pkg/msg/rosidl_typesupport_fastrtps_cpp__visibility_control.h
-- Installing: /home/lab/robocar/src/install/messages_pkg/lib/libmessages_pkg__rosidl_typesupport_fastrtps_cpp.so
-- Set runtime path of "/home/lab/robocar/src/install/messages_pkg/lib/libmessages_pkg__rosidl_typesupport_fastrtps_cpp.so" to ""
-- Up-to-date: /home/lab/robocar/src/install/messages_pkg/include/messages_pkg/messages_pkg
-- Up-to-date: /home/lab/robocar/src/install/messages_pkg/include/messages_pkg/messages_pkg/msg
-- Up-to-date: /home/lab/robocar/src/install/messages_pkg/include/messages_pkg/messages_pkg/msg/detail
-- Installing: /home/lab/robocar/src/install/messages_pkg/include/messages_pkg/messages_pkg/msg/detail/energy__type_support.cpp
-- Installing: /home/lab/robocar/src/install/messages_pkg/include/messages_pkg/messages_pkg/msg/detail/energy__rosidl_typesupport_introspection_cpp.hpp
-- Installing: /home/lab/robocar/src/install/messages_pkg/lib/libmessages_pkg__rosidl_typesupport_introspection_cpp.so
-- Set runtime path of "/home/lab/robocar/src/install/messages_pkg/lib/libmessages_pkg__rosidl_typesupport_introspection_cpp.so" to ""
-- Installing: /home/lab/robocar/src/install/messages_pkg/lib/libmessages_pkg__rosidl_typesupport_cpp.so
-- Set runtime path of "/home/lab/robocar/src/install/messages_pkg/lib/libmessages_pkg__rosidl_typesupport_cpp.so" to ""
-- Installing: /home/lab/robocar/src/install/messages_pkg/share/messages_pkg/environment/pythonpath.sh
-- Installing: /home/lab/robocar/src/install/messages_pkg/share/messages_pkg/environment/pythonpath.dsv
-- Installing: /home/lab/robocar/src/install/messages_pkg/lib/python3.10/site-packages/messages_pkg-0.0.0-py3.10.egg-info
-- Installing: /home/lab/robocar/src/install/messages_pkg/lib/python3.10/site-packages/messages_pkg-0.0.0-py3.10.egg-info/SOURCES.txt
-- Installing: /home/lab/robocar/src/install/messages_pkg/lib/python3.10/site-packages/messages_pkg-0.0.0-py3.10.egg-info/dependency_links.txt
-- Installing: /home/lab/robocar/src/install/messages_pkg/lib/python3.10/site-packages/messages_pkg-0.0.0-py3.10.egg-info/PKG-INFO
-- Installing: /home/lab/robocar/src/install/messages_pkg/lib/python3.10/site-packages/messages_pkg-0.0.0-py3.10.egg-info/top_level.txt
-- Installing: /home/lab/robocar/src/install/messages_pkg/lib/python3.10/site-packages/messages_pkg
-- Installing: /home/lab/robocar/src/install/messages_pkg/lib/python3.10/site-packages/messages_pkg/_messages_pkg_s.ep.rosidl_typesupport_fastrtps_c.c
-- Installing: /home/lab/robocar/src/install/messages_pkg/lib/python3.10/site-packages/messages_pkg/msg
-- Installing: /home/lab/robocar/src/install/messages_pkg/lib/python3.10/site-packages/messages_pkg/msg/_energy_s.c
-- Installing: /home/lab/robocar/src/install/messages_pkg/lib/python3.10/site-packages/messages_pkg/msg/_energy.py
-- Installing: /home/lab/robocar/src/install/messages_pkg/lib/python3.10/site-packages/messages_pkg/msg/__init__.py
-- Installing: /home/lab/robocar/src/install/messages_pkg/lib/python3.10/site-packages/messages_pkg/messages_pkg_s__rosidl_typesupport_introspection_c.cpython-310-aarch64-linux-gnu.so
-- Installing: /home/lab/robocar/src/install/messages_pkg/lib/python3.10/site-packages/messages_pkg/libmessages_pkg__rosidl_generator_py.so
-- Installing: /home/lab/robocar/src/install/messages_pkg/lib/python3.10/site-packages/messages_pkg/messages_pkg_s__rosidl_typesupport_c.cpython-310-aarch64-linux-gnu.so
-- Installing: /home/lab/robocar/src/install/messages_pkg/lib/python3.10/site-packages/messages_pkg/messages_pkg_s__rosidl_typesupport_fastrtps_c.cpython-310-aarch64-linux-gnu.so
-- Installing: /home/lab/robocar/src/install/messages_pkg/lib/python3.10/site-packages/messages_pkg/__init__.py
-- Installing: /home/lab/robocar/src/install/messages_pkg/lib/python3.10/site-packages/messages_pkg/_messages_pkg_s.ep.rosidl_typesupport_introspection_c.c
-- Installing: /home/lab/robocar/src/install/messages_pkg/lib/python3.10/site-packages/messages_pkg/_messages_pkg_s.ep.rosidl_typesupport_c.c
Listing '/home/lab/robocar/src/install/messages_pkg/lib/python3.10/site-packages/messages_pkg'...
Compiling '/home/lab/robocar/src/install/messages_pkg/lib/python3.10/site-packages/messages_pkg/__init__.py'...
Listing '/home/lab/robocar/src/install/messages_pkg/lib/python3.10/site-packages/messages_pkg/msg'...
Compiling '/home/lab/robocar/src/install/messages_pkg/lib/python3.10/site-packages/messages_pkg/msg/__init__.py'...
Compiling '/home/lab/robocar/src/install/messages_pkg/lib/python3.10/site-packages/messages_pkg/msg/_energy.py'...
-- Installing: /home/lab/robocar/src/install/messages_pkg/lib/python3.10/site-packages/messages_pkg/messages_pkg_s__rosidl_typesupport_fastrtps_c.cpython-310-aarch64-linux-gnu.so
-- Set runtime path of "/home/lab/robocar/src/install/messages_pkg/lib/python3.10/site-packages/messages_pkg/messages_pkg_s__rosidl_typesupport_fastrtps_c.cpython-310-aarch64-linux-gnu.so" to ""
-- Installing: /home/lab/robocar/src/install/messages_pkg/lib/python3.10/site-packages/messages_pkg/messages_pkg_s__rosidl_typesupport_introspection_c.cpython-310-aarch64-linux-gnu.so
-- Set runtime path of "/home/lab/robocar/src/install/messages_pkg/lib/python3.10/site-packages/messages_pkg/messages_pkg_s__rosidl_typesupport_introspection_c.cpython-310-aarch64-linux-gnu.so" to ""
-- Installing: /home/lab/robocar/src/install/messages_pkg/lib/python3.10/site-packages/messages_pkg/messages_pkg_s__rosidl_typesupport_c.cpython-310-aarch64-linux-gnu.so
-- Set runtime path of "/home/lab/robocar/src/install/messages_pkg/lib/python3.10/site-packages/messages_pkg/messages_pkg_s__rosidl_typesupport_c.cpython-310-aarch64-linux-gnu.so" to ""
-- Installing: /home/lab/robocar/src/install/messages_pkg/lib/libmessages_pkg__rosidl_generator_py.so
-- Set runtime path of "/home/lab/robocar/src/install/messages_pkg/lib/libmessages_pkg__rosidl_generator_py.so" to ""
-- Installing: /home/lab/robocar/src/install/messages_pkg/share/messages_pkg/msg/Energy.idl
-- Installing: /home/lab/robocar/src/install/messages_pkg/share/messages_pkg/msg/Energy.msg
-- Installing: /home/lab/robocar/src/install/messages_pkg/share/ament_index/resource_index/package_run_dependencies/messages_pkg
-- Installing: /home/lab/robocar/src/install/messages_pkg/share/ament_index/resource_index/parent_prefix_path/messages_pkg
-- Installing: /home/lab/robocar/src/install/messages_pkg/share/messages_pkg/environment/ament_prefix_path.sh
-- Installing: /home/lab/robocar/src/install/messages_pkg/share/messages_pkg/environment/ament_prefix_path.dsv
-- Installing: /home/lab/robocar/src/install/messages_pkg/share/messages_pkg/environment/path.sh
-- Installing: /home/lab/robocar/src/install/messages_pkg/share/messages_pkg/environment/path.dsv
-- Installing: /home/lab/robocar/src/install/messages_pkg/share/messages_pkg/local_setup.bash
-- Installing: /home/lab/robocar/src/install/messages_pkg/share/messages_pkg/local_setup.sh
-- Installing: /home/lab/robocar/src/install/messages_pkg/share/messages_pkg/local_setup.zsh
-- Installing: /home/lab/robocar/src/install/messages_pkg/share/messages_pkg/local_setup.dsv
-- Installing: /home/lab/robocar/src/install/messages_pkg/share/messages_pkg/package.dsv
-- Installing: /home/lab/robocar/src/install/messages_pkg/share/ament_index/resource_index/packages/messages_pkg
-- Installing: /home/lab/robocar/src/install/messages_pkg/share/messages_pkg/cmake/export_messages_pkg__rosidl_generator_cExport.cmake
-- Installing: /home/lab/robocar/src/install/messages_pkg/share/messages_pkg/cmake/export_messages_pkg__rosidl_generator_cExport-noconfig.cmake
-- Installing: /home/lab/robocar/src/install/messages_pkg/share/messages_pkg/cmake/export_messages_pkg__rosidl_typesupport_fastrtps_cExport.cmake
-- Installing: /home/lab/robocar/src/install/messages_pkg/share/messages_pkg/cmake/export_messages_pkg__rosidl_typesupport_fastrtps_cExport-noconfig.cmake
-- Installing: /home/lab/robocar/src/install/messages_pkg/share/messages_pkg/cmake/messages_pkg__rosidl_typesupport_introspection_cExport.cmake
-- Installing: /home/lab/robocar/src/install/messages_pkg/share/messages_pkg/cmake/messages_pkg__rosidl_typesupport_introspection_cExport-noconfig.cmake
-- Installing: /home/lab/robocar/src/install/messages_pkg/share/messages_pkg/cmake/messages_pkg__rosidl_typesupport_cExport.cmake
-- Installing: /home/lab/robocar/src/install/messages_pkg/share/messages_pkg/cmake/messages_pkg__rosidl_typesupport_cExport-noconfig.cmake
-- Installing: /home/lab/robocar/src/install/messages_pkg/share/messages_pkg/cmake/export_messages_pkg__rosidl_generator_cppExport.cmake
-- Installing: /home/lab/robocar/src/install/messages_pkg/share/messages_pkg/cmake/export_messages_pkg__rosidl_typesupport_fastrtps_cppExport.cmake
-- Installing: /home/lab/robocar/src/install/messages_pkg/share/messages_pkg/cmake/export_messages_pkg__rosidl_typesupport_fastrtps_cppExport-noconfig.cmake
-- Installing: /home/lab/robocar/src/install/messages_pkg/share/messages_pkg/cmake/messages_pkg__rosidl_typesupport_introspection_cppExport.cmake
-- Installing: /home/lab/robocar/src/install/messages_pkg/share/messages_pkg/cmake/messages_pkg__rosidl_typesupport_introspection_cppExport-noconfig.cmake
-- Installing: /home/lab/robocar/src/install/messages_pkg/share/messages_pkg/cmake/messages_pkg__rosidl_typesupport_cppExport.cmake
-- Installing: /home/lab/robocar/src/install/messages_pkg/share/messages_pkg/cmake/messages_pkg__rosidl_typesupport_cppExport-noconfig.cmake
-- Installing: /home/lab/robocar/src/install/messages_pkg/share/messages_pkg/cmake/export_messages_pkg__rosidl_generator_pyExport.cmake
-- Installing: /home/lab/robocar/src/install/messages_pkg/share/messages_pkg/cmake/export_messages_pkg__rosidl_generator_pyExport-noconfig.cmake
-- Installing: /home/lab/robocar/src/install/messages_pkg/share/messages_pkg/cmake/rosidl_cmake-extras.cmake
-- Installing: /home/lab/robocar/src/install/messages_pkg/share/messages_pkg/cmake/ament_cmake_export_include_directories-extras.cmake
-- Installing: /home/lab/robocar/src/install/messages_pkg/share/messages_pkg/cmake/ament_cmake_export_libraries-extras.cmake
-- Installing: /home/lab/robocar/src/install/messages_pkg/share/messages_pkg/cmake/ament_cmake_export_targets-extras.cmake
-- Installing: /home/lab/robocar/src/install/messages_pkg/share/messages_pkg/cmake/rosidl_cmake_export_typesupport_targets-extras.cmake
-- Installing: /home/lab/robocar/src/install/messages_pkg/share/messages_pkg/cmake/ament_cmake_export_dependencies-extras.cmake
-- Installing: /home/lab/robocar/src/install/messages_pkg/share/messages_pkg/cmake/rosidl_cmake_export_typesupport_libraries-extras.cmake
-- Installing: /home/lab/robocar/src/install/messages_pkg/share/messages_pkg/cmake/messages_pkgConfig.cmake
-- Installing: /home/lab/robocar/src/install/messages_pkg/share/messages_pkg/cmake/messages_pkgConfig-version.cmake
-- Installing: /home/lab/robocar/src/install/messages_pkg/share/messages_pkg/package.xml
