[0.136s] Invoking command in '/home/lab/robocar/src/build/messages_pkg': CMAKE_PREFIX_PATH=${CMAKE_PREFIX_PATH}:/opt/ros/iron VIRTUAL_ENV_PROMPT=(.venv) /usr/bin/cmake /home/lab/robocar/src/messages_pkg -DCMAKE_INSTALL_PREFIX=/home/lab/robocar/src/install/messages_pkg
[1.734s] -- The C compiler identification is GNU 11.4.0
[1.735s] -- The CXX compiler identification is GNU 11.4.0
[2.540s] -- Detecting C compiler ABI info
[3.301s] -- Detecting C compiler ABI info - done
[3.338s] -- Check for working C compiler: /usr/bin/cc - skipped
[3.456s] -- Detecting C compile features
[3.541s] -- Detecting C compile features - done
[3.587s] -- Detecting CXX compiler ABI info
[4.386s] -- Detecting CXX compiler ABI info - done
[4.441s] -- Check for working CXX compiler: /usr/bin/c++ - skipped
[4.442s] -- Detecting CXX compile features
[4.444s] -- Detecting CXX compile features - done
[5.011s] -- Found ament_cmake: 2.0.4 (/opt/ros/iron/share/ament_cmake/cmake)
[7.325s] -- Found Python3: /home/lab/robocar/.venv/bin/python3.10 (found version "3.10.12") found components: Interpreter 
[11.073s] -- Found rosidl_default_generators: 1.5.0 (/opt/ros/iron/share/rosidl_default_generators/cmake)
[11.550s] -- Using all available rosidl_typesupport_c: rosidl_typesupport_fastrtps_c;rosidl_typesupport_introspection_c
[15.036s] -- Using all available rosidl_typesupport_cpp: rosidl_typesupport_fastrtps_cpp;rosidl_typesupport_introspection_cpp
[16.639s] -- Found rosidl_adapter: 4.0.1 (/opt/ros/iron/share/rosidl_adapter/cmake)
[19.557s] -- Found ament_cmake_ros: 0.11.2 (/opt/ros/iron/share/ament_cmake_ros/cmake)
[22.632s] -- Using all available rosidl_typesupport_c: rosidl_typesupport_fastrtps_c;rosidl_typesupport_introspection_c
[24.189s] -- Using all available rosidl_typesupport_cpp: rosidl_typesupport_fastrtps_cpp;rosidl_typesupport_introspection_cpp
[24.417s] -- Found PythonInterp: /home/lab/robocar/.venv/bin/python3 (found suitable version "3.10.12", minimum required is "3.6") 
[24.862s] -- Found python_cmake_module: 0.10.2 (/opt/ros/iron/share/python_cmake_module/cmake)
[25.183s] -- Found PythonLibs: /usr/lib/aarch64-linux-gnu/libpython3.10.so (found suitable version "3.10.12", minimum required is "3.5") 
[25.186s] -- Using PYTHON_EXECUTABLE: /home/lab/robocar/.venv/bin/python3
[25.187s] -- Using PYTHON_INCLUDE_DIRS: /usr/include/python3.10
[25.188s] -- Using PYTHON_LIBRARIES: /usr/lib/aarch64-linux-gnu/libpython3.10.so
[25.292s] -- Found PythonExtra: .so  
[25.647s] -- Found ament_lint_auto: 0.14.3 (/opt/ros/iron/share/ament_lint_auto/cmake)
[27.225s] -- Added test 'lint_cmake' to check CMake code style
[27.283s] -- Added test 'xmllint' to check XML markup files
[27.367s] -- Configuring done
[27.737s] -- Generating done
[27.778s] -- Build files have been written to: /home/lab/robocar/src/build/messages_pkg
[27.843s] Invoked command in '/home/lab/robocar/src/build/messages_pkg' returned '0': CMAKE_PREFIX_PATH=${CMAKE_PREFIX_PATH}:/opt/ros/iron VIRTUAL_ENV_PROMPT=(.venv) /usr/bin/cmake /home/lab/robocar/src/messages_pkg -DCMAKE_INSTALL_PREFIX=/home/lab/robocar/src/install/messages_pkg
[27.847s] Invoking command in '/home/lab/robocar/src/build/messages_pkg': CMAKE_PREFIX_PATH=${CMAKE_PREFIX_PATH}:/opt/ros/iron VIRTUAL_ENV_PROMPT=(.venv) /usr/bin/cmake --build /home/lab/robocar/src/build/messages_pkg -- -j4 -l4
[28.206s] [  2%] [34m[1mGenerating type hashes for ROS interfaces[0m
[29.577s] [  2%] Built target messages_pkg__rosidl_generator_type_description
[29.709s] [  2%] Built target ament_cmake_python_copy_messages_pkg
[29.760s] [  5%] [34m[1mGenerating C code for ROS interfaces[0m
[32.802s] [  8%] [32mBuilding C object CMakeFiles/messages_pkg__rosidl_generator_c.dir/rosidl_generator_c/messages_pkg/msg/detail/energy__description.c.o[0m
[35.800s] [ 11%] [32mBuilding C object CMakeFiles/messages_pkg__rosidl_generator_c.dir/rosidl_generator_c/messages_pkg/msg/detail/energy__functions.c.o[0m
[36.224s] [ 14%] [32mBuilding C object CMakeFiles/messages_pkg__rosidl_generator_c.dir/rosidl_generator_c/messages_pkg/msg/detail/energy__type_support.c.o[0m
[36.658s] [ 17%] [32m[1mLinking C shared library libmessages_pkg__rosidl_generator_c.so[0m
[36.988s] [ 17%] Built target messages_pkg__rosidl_generator_c
[39.112s] running egg_info
[39.117s] creating messages_pkg.egg-info
[39.119s] writing messages_pkg.egg-info/PKG-INFO
[39.122s] writing dependency_links to messages_pkg.egg-info/dependency_links.txt
[39.126s] writing top-level names to messages_pkg.egg-info/top_level.txt
[39.131s] writing manifest file 'messages_pkg.egg-info/SOURCES.txt'
[39.149s] reading manifest file 'messages_pkg.egg-info/SOURCES.txt'
[39.156s] writing manifest file 'messages_pkg.egg-info/SOURCES.txt'
[39.566s] [ 17%] Built target ament_cmake_python_build_messages_pkg_egg
[39.766s] [ 20%] [34m[1mGenerating C introspection for ROS interfaces[0m
[45.939s] [ 23%] [32mBuilding C object CMakeFiles/messages_pkg__rosidl_typesupport_introspection_c.dir/rosidl_typesupport_introspection_c/messages_pkg/msg/detail/energy__type_support.c.o[0m
[47.278s] [ 26%] [32m[1mLinking C shared library libmessages_pkg__rosidl_typesupport_introspection_c.so[0m
[47.718s] [ 26%] Built target messages_pkg__rosidl_typesupport_introspection_c
[47.799s] [ 29%] [34m[1mGenerating C type support dispatch for ROS interfaces[0m
[49.271s] [ 32%] [32mBuilding CXX object CMakeFiles/messages_pkg__rosidl_typesupport_c.dir/rosidl_typesupport_c/messages_pkg/msg/energy__type_support.cpp.o[0m
[52.789s] [ 35%] [32m[1mLinking CXX shared library libmessages_pkg__rosidl_typesupport_c.so[0m
[53.103s] [ 35%] Built target messages_pkg__rosidl_typesupport_c
[53.187s] [ 38%] [34m[1mGenerating C type support for eProsima Fast-RTPS[0m
[55.291s] [ 41%] [32mBuilding CXX object CMakeFiles/messages_pkg__rosidl_typesupport_fastrtps_c.dir/rosidl_typesupport_fastrtps_c/messages_pkg/msg/detail/energy__type_support_c.cpp.o[0m
[58.554s] [ 44%] [32m[1mLinking CXX shared library libmessages_pkg__rosidl_typesupport_fastrtps_c.so[0m
[59.593s] [ 44%] Built target messages_pkg__rosidl_typesupport_fastrtps_c
[59.699s] [ 47%] [34m[1mGenerating C++ code for ROS interfaces[0m
[61.480s] [ 47%] Built target messages_pkg__cpp
[61.534s] [ 50%] [34m[1mGenerating C++ type support dispatch for ROS interfaces[0m
[63.084s] [ 52%] [32mBuilding CXX object CMakeFiles/messages_pkg__rosidl_typesupport_cpp.dir/rosidl_typesupport_cpp/messages_pkg/msg/energy__type_support.cpp.o[0m
[65.959s] [ 55%] [32m[1mLinking CXX shared library libmessages_pkg__rosidl_typesupport_cpp.so[0m
[66.292s] [ 55%] Built target messages_pkg__rosidl_typesupport_cpp
[66.364s] [ 58%] [34m[1mGenerating C++ introspection for ROS interfaces[0m
[68.150s] [ 61%] [32mBuilding CXX object CMakeFiles/messages_pkg__rosidl_typesupport_introspection_cpp.dir/rosidl_typesupport_introspection_cpp/messages_pkg/msg/detail/energy__type_support.cpp.o[0m
[71.299s] [ 64%] [32m[1mLinking CXX shared library libmessages_pkg__rosidl_typesupport_introspection_cpp.so[0m
[71.599s] [ 64%] Built target messages_pkg__rosidl_typesupport_introspection_cpp
[71.654s] [ 67%] [34m[1mGenerating C++ type support for eProsima Fast-RTPS[0m
[73.382s] [ 70%] [32mBuilding CXX object CMakeFiles/messages_pkg__rosidl_typesupport_fastrtps_cpp.dir/rosidl_typesupport_fastrtps_cpp/messages_pkg/msg/detail/dds_fastrtps/energy__type_support.cpp.o[0m
[77.608s] [ 73%] [32m[1mLinking CXX shared library libmessages_pkg__rosidl_typesupport_fastrtps_cpp.so[0m
[78.136s] [ 73%] Built target messages_pkg__rosidl_typesupport_fastrtps_cpp
[78.252s] [ 73%] Built target messages_pkg
[78.383s] [ 76%] [34m[1mGenerating Python code for ROS interfaces[0m
[80.919s] [ 76%] Built target messages_pkg__py
[81.091s] [ 79%] [32mBuilding C object CMakeFiles/messages_pkg__rosidl_generator_py.dir/rosidl_generator_py/messages_pkg/msg/_energy_s.c.o[0m
[83.841s] [ 82%] [32m[1mLinking C shared library rosidl_generator_py/messages_pkg/libmessages_pkg__rosidl_generator_py.so[0m
[84.145s] [ 82%] Built target messages_pkg__rosidl_generator_py
[84.286s] [ 85%] [32mBuilding C object CMakeFiles/messages_pkg__rosidl_typesupport_fastrtps_c__pyext.dir/rosidl_generator_py/messages_pkg/_messages_pkg_s.ep.rosidl_typesupport_fastrtps_c.c.o[0m
[85.092s] [ 88%] [32m[1mLinking C shared library rosidl_generator_py/messages_pkg/messages_pkg_s__rosidl_typesupport_fastrtps_c.cpython-310-aarch64-linux-gnu.so[0m
[85.362s] [ 88%] Built target messages_pkg__rosidl_typesupport_fastrtps_c__pyext
[85.547s] [ 91%] [32mBuilding C object CMakeFiles/messages_pkg__rosidl_typesupport_c__pyext.dir/rosidl_generator_py/messages_pkg/_messages_pkg_s.ep.rosidl_typesupport_c.c.o[0m
[86.248s] [ 94%] [32m[1mLinking C shared library rosidl_generator_py/messages_pkg/messages_pkg_s__rosidl_typesupport_c.cpython-310-aarch64-linux-gnu.so[0m
[86.495s] [ 94%] Built target messages_pkg__rosidl_typesupport_c__pyext
[86.629s] [ 97%] [32mBuilding C object CMakeFiles/messages_pkg__rosidl_typesupport_introspection_c__pyext.dir/rosidl_generator_py/messages_pkg/_messages_pkg_s.ep.rosidl_typesupport_introspection_c.c.o[0m
[87.351s] [100%] [32m[1mLinking C shared library rosidl_generator_py/messages_pkg/messages_pkg_s__rosidl_typesupport_introspection_c.cpython-310-aarch64-linux-gnu.so[0m
[87.641s] [100%] Built target messages_pkg__rosidl_typesupport_introspection_c__pyext
[87.757s] Invoked command in '/home/lab/robocar/src/build/messages_pkg' returned '0': CMAKE_PREFIX_PATH=${CMAKE_PREFIX_PATH}:/opt/ros/iron VIRTUAL_ENV_PROMPT=(.venv) /usr/bin/cmake --build /home/lab/robocar/src/build/messages_pkg -- -j4 -l4
[88.347s] Invoking command in '/home/lab/robocar/src/build/messages_pkg': CMAKE_PREFIX_PATH=${CMAKE_PREFIX_PATH}:/opt/ros/iron VIRTUAL_ENV_PROMPT=(.venv) /usr/bin/cmake --install /home/lab/robocar/src/build/messages_pkg
[88.404s] -- Install configuration: ""
[88.406s] -- Installing: /home/lab/robocar/src/install/messages_pkg/share/ament_index/resource_index/rosidl_interfaces/messages_pkg
[88.408s] -- Installing: /home/lab/robocar/src/install/messages_pkg/share/messages_pkg/msg/Energy.json
[88.411s] -- Installing: /home/lab/robocar/src/install/messages_pkg/include/messages_pkg/messages_pkg
[88.411s] -- Installing: /home/lab/robocar/src/install/messages_pkg/include/messages_pkg/messages_pkg/msg
[88.412s] -- Installing: /home/lab/robocar/src/install/messages_pkg/include/messages_pkg/messages_pkg/msg/energy.h
[88.414s] -- Installing: /home/lab/robocar/src/install/messages_pkg/include/messages_pkg/messages_pkg/msg/detail
[88.414s] -- Installing: /home/lab/robocar/src/install/messages_pkg/include/messages_pkg/messages_pkg/msg/detail/energy__functions.c
[88.415s] -- Installing: /home/lab/robocar/src/install/messages_pkg/include/messages_pkg/messages_pkg/msg/detail/energy__type_support.h
[88.417s] -- Installing: /home/lab/robocar/src/install/messages_pkg/include/messages_pkg/messages_pkg/msg/detail/energy__description.c
[88.418s] -- Installing: /home/lab/robocar/src/install/messages_pkg/include/messages_pkg/messages_pkg/msg/detail/energy__type_support.c
[88.420s] -- Installing: /home/lab/robocar/src/install/messages_pkg/include/messages_pkg/messages_pkg/msg/detail/energy__struct.h
[88.421s] -- Installing: /home/lab/robocar/src/install/messages_pkg/include/messages_pkg/messages_pkg/msg/detail/energy__functions.h
[88.423s] -- Installing: /home/lab/robocar/src/install/messages_pkg/include/messages_pkg/messages_pkg/msg/rosidl_generator_c__visibility_control.h
[88.425s] -- Installing: /home/lab/robocar/src/install/messages_pkg/share/messages_pkg/environment/library_path.sh
[88.427s] -- Installing: /home/lab/robocar/src/install/messages_pkg/share/messages_pkg/environment/library_path.dsv
[88.431s] -- Installing: /home/lab/robocar/src/install/messages_pkg/lib/libmessages_pkg__rosidl_generator_c.so
[88.434s] -- Set runtime path of "/home/lab/robocar/src/install/messages_pkg/lib/libmessages_pkg__rosidl_generator_c.so" to ""
[88.435s] -- Up-to-date: /home/lab/robocar/src/install/messages_pkg/include/messages_pkg/messages_pkg
[88.436s] -- Up-to-date: /home/lab/robocar/src/install/messages_pkg/include/messages_pkg/messages_pkg/msg
[88.437s] -- Installing: /home/lab/robocar/src/install/messages_pkg/include/messages_pkg/messages_pkg/msg/rosidl_typesupport_fastrtps_c__visibility_control.h
[88.437s] -- Up-to-date: /home/lab/robocar/src/install/messages_pkg/include/messages_pkg/messages_pkg/msg/detail
[88.441s] -- Installing: /home/lab/robocar/src/install/messages_pkg/include/messages_pkg/messages_pkg/msg/detail/energy__rosidl_typesupport_fastrtps_c.h
[88.443s] -- Installing: /home/lab/robocar/src/install/messages_pkg/lib/libmessages_pkg__rosidl_typesupport_fastrtps_c.so
[88.444s] -- Set runtime path of "/home/lab/robocar/src/install/messages_pkg/lib/libmessages_pkg__rosidl_typesupport_fastrtps_c.so" to ""
[88.445s] -- Up-to-date: /home/lab/robocar/src/install/messages_pkg/include/messages_pkg/messages_pkg
[88.446s] -- Up-to-date: /home/lab/robocar/src/install/messages_pkg/include/messages_pkg/messages_pkg/msg
[88.446s] -- Up-to-date: /home/lab/robocar/src/install/messages_pkg/include/messages_pkg/messages_pkg/msg/detail
[88.447s] -- Installing: /home/lab/robocar/src/install/messages_pkg/include/messages_pkg/messages_pkg/msg/detail/energy__rosidl_typesupport_introspection_c.h
[88.448s] -- Installing: /home/lab/robocar/src/install/messages_pkg/include/messages_pkg/messages_pkg/msg/detail/energy__type_support.c
[88.449s] -- Installing: /home/lab/robocar/src/install/messages_pkg/include/messages_pkg/messages_pkg/msg/rosidl_typesupport_introspection_c__visibility_control.h
[88.456s] -- Installing: /home/lab/robocar/src/install/messages_pkg/lib/libmessages_pkg__rosidl_typesupport_introspection_c.so
[88.458s] -- Set runtime path of "/home/lab/robocar/src/install/messages_pkg/lib/libmessages_pkg__rosidl_typesupport_introspection_c.so" to ""
[88.459s] -- Installing: /home/lab/robocar/src/install/messages_pkg/lib/libmessages_pkg__rosidl_typesupport_c.so
[88.460s] -- Set runtime path of "/home/lab/robocar/src/install/messages_pkg/lib/libmessages_pkg__rosidl_typesupport_c.so" to ""
[88.461s] -- Up-to-date: /home/lab/robocar/src/install/messages_pkg/include/messages_pkg/messages_pkg
[88.461s] -- Up-to-date: /home/lab/robocar/src/install/messages_pkg/include/messages_pkg/messages_pkg/msg
[88.462s] -- Up-to-date: /home/lab/robocar/src/install/messages_pkg/include/messages_pkg/messages_pkg/msg/detail
[88.463s] -- Installing: /home/lab/robocar/src/install/messages_pkg/include/messages_pkg/messages_pkg/msg/detail/energy__builder.hpp
[88.464s] -- Installing: /home/lab/robocar/src/install/messages_pkg/include/messages_pkg/messages_pkg/msg/detail/energy__struct.hpp
[88.465s] -- Installing: /home/lab/robocar/src/install/messages_pkg/include/messages_pkg/messages_pkg/msg/detail/energy__traits.hpp
[88.466s] -- Installing: /home/lab/robocar/src/install/messages_pkg/include/messages_pkg/messages_pkg/msg/energy.hpp
[88.467s] -- Up-to-date: /home/lab/robocar/src/install/messages_pkg/include/messages_pkg/messages_pkg
[88.468s] -- Up-to-date: /home/lab/robocar/src/install/messages_pkg/include/messages_pkg/messages_pkg/msg
[88.469s] -- Up-to-date: /home/lab/robocar/src/install/messages_pkg/include/messages_pkg/messages_pkg/msg/detail
[88.470s] -- Installing: /home/lab/robocar/src/install/messages_pkg/include/messages_pkg/messages_pkg/msg/detail/dds_fastrtps
[88.470s] -- Installing: /home/lab/robocar/src/install/messages_pkg/include/messages_pkg/messages_pkg/msg/detail/energy__rosidl_typesupport_fastrtps_cpp.hpp
[88.471s] -- Installing: /home/lab/robocar/src/install/messages_pkg/include/messages_pkg/messages_pkg/msg/rosidl_typesupport_fastrtps_cpp__visibility_control.h
[88.474s] -- Installing: /home/lab/robocar/src/install/messages_pkg/lib/libmessages_pkg__rosidl_typesupport_fastrtps_cpp.so
[88.477s] -- Set runtime path of "/home/lab/robocar/src/install/messages_pkg/lib/libmessages_pkg__rosidl_typesupport_fastrtps_cpp.so" to ""
[88.478s] -- Up-to-date: /home/lab/robocar/src/install/messages_pkg/include/messages_pkg/messages_pkg
[88.479s] -- Up-to-date: /home/lab/robocar/src/install/messages_pkg/include/messages_pkg/messages_pkg/msg
[88.493s] -- Up-to-date: /home/lab/robocar/src/install/messages_pkg/include/messages_pkg/messages_pkg/msg/detail
[88.498s] -- Installing: /home/lab/robocar/src/install/messages_pkg/include/messages_pkg/messages_pkg/msg/detail/energy__type_support.cpp
[88.499s] -- Installing: /home/lab/robocar/src/install/messages_pkg/include/messages_pkg/messages_pkg/msg/detail/energy__rosidl_typesupport_introspection_cpp.hpp
[88.500s] -- Installing: /home/lab/robocar/src/install/messages_pkg/lib/libmessages_pkg__rosidl_typesupport_introspection_cpp.so
[88.501s] -- Set runtime path of "/home/lab/robocar/src/install/messages_pkg/lib/libmessages_pkg__rosidl_typesupport_introspection_cpp.so" to ""
[88.502s] -- Installing: /home/lab/robocar/src/install/messages_pkg/lib/libmessages_pkg__rosidl_typesupport_cpp.so
[88.504s] -- Set runtime path of "/home/lab/robocar/src/install/messages_pkg/lib/libmessages_pkg__rosidl_typesupport_cpp.so" to ""
[88.507s] -- Installing: /home/lab/robocar/src/install/messages_pkg/share/messages_pkg/environment/pythonpath.sh
[88.508s] -- Installing: /home/lab/robocar/src/install/messages_pkg/share/messages_pkg/environment/pythonpath.dsv
[88.509s] -- Installing: /home/lab/robocar/src/install/messages_pkg/lib/python3.10/site-packages/messages_pkg-0.0.0-py3.10.egg-info
[88.509s] -- Installing: /home/lab/robocar/src/install/messages_pkg/lib/python3.10/site-packages/messages_pkg-0.0.0-py3.10.egg-info/SOURCES.txt
[88.510s] -- Installing: /home/lab/robocar/src/install/messages_pkg/lib/python3.10/site-packages/messages_pkg-0.0.0-py3.10.egg-info/dependency_links.txt
[88.511s] -- Installing: /home/lab/robocar/src/install/messages_pkg/lib/python3.10/site-packages/messages_pkg-0.0.0-py3.10.egg-info/PKG-INFO
[88.511s] -- Installing: /home/lab/robocar/src/install/messages_pkg/lib/python3.10/site-packages/messages_pkg-0.0.0-py3.10.egg-info/top_level.txt
[88.512s] -- Installing: /home/lab/robocar/src/install/messages_pkg/lib/python3.10/site-packages/messages_pkg
[88.513s] -- Installing: /home/lab/robocar/src/install/messages_pkg/lib/python3.10/site-packages/messages_pkg/_messages_pkg_s.ep.rosidl_typesupport_fastrtps_c.c
[88.514s] -- Installing: /home/lab/robocar/src/install/messages_pkg/lib/python3.10/site-packages/messages_pkg/msg
[88.514s] -- Installing: /home/lab/robocar/src/install/messages_pkg/lib/python3.10/site-packages/messages_pkg/msg/_energy_s.c
[88.515s] -- Installing: /home/lab/robocar/src/install/messages_pkg/lib/python3.10/site-packages/messages_pkg/msg/_energy.py
[88.516s] -- Installing: /home/lab/robocar/src/install/messages_pkg/lib/python3.10/site-packages/messages_pkg/msg/__init__.py
[88.517s] -- Installing: /home/lab/robocar/src/install/messages_pkg/lib/python3.10/site-packages/messages_pkg/messages_pkg_s__rosidl_typesupport_introspection_c.cpython-310-aarch64-linux-gnu.so
[88.517s] -- Installing: /home/lab/robocar/src/install/messages_pkg/lib/python3.10/site-packages/messages_pkg/libmessages_pkg__rosidl_generator_py.so
[88.518s] -- Installing: /home/lab/robocar/src/install/messages_pkg/lib/python3.10/site-packages/messages_pkg/messages_pkg_s__rosidl_typesupport_c.cpython-310-aarch64-linux-gnu.so
[88.519s] -- Installing: /home/lab/robocar/src/install/messages_pkg/lib/python3.10/site-packages/messages_pkg/messages_pkg_s__rosidl_typesupport_fastrtps_c.cpython-310-aarch64-linux-gnu.so
[88.520s] -- Installing: /home/lab/robocar/src/install/messages_pkg/lib/python3.10/site-packages/messages_pkg/__init__.py
[88.521s] -- Installing: /home/lab/robocar/src/install/messages_pkg/lib/python3.10/site-packages/messages_pkg/_messages_pkg_s.ep.rosidl_typesupport_introspection_c.c
[88.523s] -- Installing: /home/lab/robocar/src/install/messages_pkg/lib/python3.10/site-packages/messages_pkg/_messages_pkg_s.ep.rosidl_typesupport_c.c
[88.748s] Listing '/home/lab/robocar/src/install/messages_pkg/lib/python3.10/site-packages/messages_pkg'...
[88.751s] Compiling '/home/lab/robocar/src/install/messages_pkg/lib/python3.10/site-packages/messages_pkg/__init__.py'...
[88.752s] Listing '/home/lab/robocar/src/install/messages_pkg/lib/python3.10/site-packages/messages_pkg/msg'...
[88.756s] Compiling '/home/lab/robocar/src/install/messages_pkg/lib/python3.10/site-packages/messages_pkg/msg/__init__.py'...
[88.758s] Compiling '/home/lab/robocar/src/install/messages_pkg/lib/python3.10/site-packages/messages_pkg/msg/_energy.py'...
[88.815s] -- Installing: /home/lab/robocar/src/install/messages_pkg/lib/python3.10/site-packages/messages_pkg/messages_pkg_s__rosidl_typesupport_fastrtps_c.cpython-310-aarch64-linux-gnu.so
[88.822s] -- Set runtime path of "/home/lab/robocar/src/install/messages_pkg/lib/python3.10/site-packages/messages_pkg/messages_pkg_s__rosidl_typesupport_fastrtps_c.cpython-310-aarch64-linux-gnu.so" to ""
[88.826s] -- Installing: /home/lab/robocar/src/install/messages_pkg/lib/python3.10/site-packages/messages_pkg/messages_pkg_s__rosidl_typesupport_introspection_c.cpython-310-aarch64-linux-gnu.so
[88.831s] -- Set runtime path of "/home/lab/robocar/src/install/messages_pkg/lib/python3.10/site-packages/messages_pkg/messages_pkg_s__rosidl_typesupport_introspection_c.cpython-310-aarch64-linux-gnu.so" to ""
[88.836s] -- Installing: /home/lab/robocar/src/install/messages_pkg/lib/python3.10/site-packages/messages_pkg/messages_pkg_s__rosidl_typesupport_c.cpython-310-aarch64-linux-gnu.so
[88.847s] -- Set runtime path of "/home/lab/robocar/src/install/messages_pkg/lib/python3.10/site-packages/messages_pkg/messages_pkg_s__rosidl_typesupport_c.cpython-310-aarch64-linux-gnu.so" to ""
[88.849s] -- Installing: /home/lab/robocar/src/install/messages_pkg/lib/libmessages_pkg__rosidl_generator_py.so
[88.868s] -- Set runtime path of "/home/lab/robocar/src/install/messages_pkg/lib/libmessages_pkg__rosidl_generator_py.so" to ""
[88.872s] -- Installing: /home/lab/robocar/src/install/messages_pkg/share/messages_pkg/msg/Energy.idl
[88.877s] -- Installing: /home/lab/robocar/src/install/messages_pkg/share/messages_pkg/msg/Energy.msg
[88.880s] -- Installing: /home/lab/robocar/src/install/messages_pkg/share/ament_index/resource_index/package_run_dependencies/messages_pkg
[88.886s] -- Installing: /home/lab/robocar/src/install/messages_pkg/share/ament_index/resource_index/parent_prefix_path/messages_pkg
[88.887s] -- Installing: /home/lab/robocar/src/install/messages_pkg/share/messages_pkg/environment/ament_prefix_path.sh
[88.891s] -- Installing: /home/lab/robocar/src/install/messages_pkg/share/messages_pkg/environment/ament_prefix_path.dsv
[88.892s] -- Installing: /home/lab/robocar/src/install/messages_pkg/share/messages_pkg/environment/path.sh
[88.897s] -- Installing: /home/lab/robocar/src/install/messages_pkg/share/messages_pkg/environment/path.dsv
[88.898s] -- Installing: /home/lab/robocar/src/install/messages_pkg/share/messages_pkg/local_setup.bash
[88.899s] -- Installing: /home/lab/robocar/src/install/messages_pkg/share/messages_pkg/local_setup.sh
[88.900s] -- Installing: /home/lab/robocar/src/install/messages_pkg/share/messages_pkg/local_setup.zsh
[88.900s] -- Installing: /home/lab/robocar/src/install/messages_pkg/share/messages_pkg/local_setup.dsv
[88.901s] -- Installing: /home/lab/robocar/src/install/messages_pkg/share/messages_pkg/package.dsv
[88.903s] -- Installing: /home/lab/robocar/src/install/messages_pkg/share/ament_index/resource_index/packages/messages_pkg
[88.906s] -- Installing: /home/lab/robocar/src/install/messages_pkg/share/messages_pkg/cmake/export_messages_pkg__rosidl_generator_cExport.cmake
[88.907s] -- Installing: /home/lab/robocar/src/install/messages_pkg/share/messages_pkg/cmake/export_messages_pkg__rosidl_generator_cExport-noconfig.cmake
[88.910s] -- Installing: /home/lab/robocar/src/install/messages_pkg/share/messages_pkg/cmake/export_messages_pkg__rosidl_typesupport_fastrtps_cExport.cmake
[88.912s] -- Installing: /home/lab/robocar/src/install/messages_pkg/share/messages_pkg/cmake/export_messages_pkg__rosidl_typesupport_fastrtps_cExport-noconfig.cmake
[88.914s] -- Installing: /home/lab/robocar/src/install/messages_pkg/share/messages_pkg/cmake/messages_pkg__rosidl_typesupport_introspection_cExport.cmake
[88.916s] -- Installing: /home/lab/robocar/src/install/messages_pkg/share/messages_pkg/cmake/messages_pkg__rosidl_typesupport_introspection_cExport-noconfig.cmake
[88.918s] -- Installing: /home/lab/robocar/src/install/messages_pkg/share/messages_pkg/cmake/messages_pkg__rosidl_typesupport_cExport.cmake
[88.920s] -- Installing: /home/lab/robocar/src/install/messages_pkg/share/messages_pkg/cmake/messages_pkg__rosidl_typesupport_cExport-noconfig.cmake
[88.922s] -- Installing: /home/lab/robocar/src/install/messages_pkg/share/messages_pkg/cmake/export_messages_pkg__rosidl_generator_cppExport.cmake
[88.924s] -- Installing: /home/lab/robocar/src/install/messages_pkg/share/messages_pkg/cmake/export_messages_pkg__rosidl_typesupport_fastrtps_cppExport.cmake
[88.938s] -- Installing: /home/lab/robocar/src/install/messages_pkg/share/messages_pkg/cmake/export_messages_pkg__rosidl_typesupport_fastrtps_cppExport-noconfig.cmake
[88.939s] -- Installing: /home/lab/robocar/src/install/messages_pkg/share/messages_pkg/cmake/messages_pkg__rosidl_typesupport_introspection_cppExport.cmake
[88.939s] -- Installing: /home/lab/robocar/src/install/messages_pkg/share/messages_pkg/cmake/messages_pkg__rosidl_typesupport_introspection_cppExport-noconfig.cmake
[88.942s] -- Installing: /home/lab/robocar/src/install/messages_pkg/share/messages_pkg/cmake/messages_pkg__rosidl_typesupport_cppExport.cmake
[88.943s] -- Installing: /home/lab/robocar/src/install/messages_pkg/share/messages_pkg/cmake/messages_pkg__rosidl_typesupport_cppExport-noconfig.cmake
[88.944s] -- Installing: /home/lab/robocar/src/install/messages_pkg/share/messages_pkg/cmake/export_messages_pkg__rosidl_generator_pyExport.cmake
[88.951s] -- Installing: /home/lab/robocar/src/install/messages_pkg/share/messages_pkg/cmake/export_messages_pkg__rosidl_generator_pyExport-noconfig.cmake
[88.954s] -- Installing: /home/lab/robocar/src/install/messages_pkg/share/messages_pkg/cmake/rosidl_cmake-extras.cmake
[88.957s] -- Installing: /home/lab/robocar/src/install/messages_pkg/share/messages_pkg/cmake/ament_cmake_export_include_directories-extras.cmake
[88.959s] -- Installing: /home/lab/robocar/src/install/messages_pkg/share/messages_pkg/cmake/ament_cmake_export_libraries-extras.cmake
[88.961s] -- Installing: /home/lab/robocar/src/install/messages_pkg/share/messages_pkg/cmake/ament_cmake_export_targets-extras.cmake
[88.963s] -- Installing: /home/lab/robocar/src/install/messages_pkg/share/messages_pkg/cmake/rosidl_cmake_export_typesupport_targets-extras.cmake
[88.965s] -- Installing: /home/lab/robocar/src/install/messages_pkg/share/messages_pkg/cmake/ament_cmake_export_dependencies-extras.cmake
[88.967s] -- Installing: /home/lab/robocar/src/install/messages_pkg/share/messages_pkg/cmake/rosidl_cmake_export_typesupport_libraries-extras.cmake
[88.968s] -- Installing: /home/lab/robocar/src/install/messages_pkg/share/messages_pkg/cmake/messages_pkgConfig.cmake
[88.970s] -- Installing: /home/lab/robocar/src/install/messages_pkg/share/messages_pkg/cmake/messages_pkgConfig-version.cmake
[88.971s] -- Installing: /home/lab/robocar/src/install/messages_pkg/share/messages_pkg/package.xml
[88.998s] Invoked command in '/home/lab/robocar/src/build/messages_pkg' returned '0': CMAKE_PREFIX_PATH=${CMAKE_PREFIX_PATH}:/opt/ros/iron VIRTUAL_ENV_PROMPT=(.venv) /usr/bin/cmake --install /home/lab/robocar/src/build/messages_pkg
