[5.160s] Invoking command in '/home/lab/robocar/src/robocar_package': PYTHONPATH=/home/lab/robocar/src/build/robocar_package/prefix_override:/home/lab/robocar/src/install/robocar_package/lib/python3.10/site-packages:${PYTHONPATH} VIRTUAL_ENV_PROMPT=(.venv) /home/lab/robocar/.venv/bin/python3 -W ignore:setup.py install is deprecated setup.py egg_info --egg-base ../build/robocar_package build --build-base /home/lab/robocar/src/build/robocar_package/build install --record /home/lab/robocar/src/build/robocar_package/install.log --single-version-externally-managed install_data
[6.899s] running egg_info
[6.902s] writing ../build/robocar_package/robocar_package.egg-info/PKG-INFO
[6.904s] writing dependency_links to ../build/robocar_package/robocar_package.egg-info/dependency_links.txt
[6.906s] writing entry points to ../build/robocar_package/robocar_package.egg-info/entry_points.txt
[6.908s] writing requirements to ../build/robocar_package/robocar_package.egg-info/requires.txt
[6.909s] writing top-level names to ../build/robocar_package/robocar_package.egg-info/top_level.txt
[6.917s] reading manifest file '../build/robocar_package/robocar_package.egg-info/SOURCES.txt'
[6.925s] adding license file 'LICENSE'
[6.927s] writing manifest file '../build/robocar_package/robocar_package.egg-info/SOURCES.txt'
[6.930s] running build
[6.931s] running build_py
[6.931s] running install
[6.932s] running install_lib
[6.936s] running install_data
[6.937s] running install_egg_info
[6.949s] removing '/home/lab/robocar/src/install/robocar_package/lib/python3.10/site-packages/robocar_package-0.0.0-py3.10.egg-info' (and everything under it)
[6.962s] Copying ../build/robocar_package/robocar_package.egg-info to /home/lab/robocar/src/install/robocar_package/lib/python3.10/site-packages/robocar_package-0.0.0-py3.10.egg-info
[6.971s] running install_scripts
[7.070s] Installing car_control_node script to /home/lab/robocar/src/install/robocar_package/lib/robocar_package
[7.071s] Installing energy_node script to /home/lab/robocar/src/install/robocar_package/lib/robocar_package
[7.073s] writing list of installed files to '/home/lab/robocar/src/build/robocar_package/install.log'
[7.231s] Invoked command in '/home/lab/robocar/src/robocar_package' returned '0': PYTHONPATH=/home/lab/robocar/src/build/robocar_package/prefix_override:/home/lab/robocar/src/install/robocar_package/lib/python3.10/site-packages:${PYTHONPATH} VIRTUAL_ENV_PROMPT=(.venv) /home/lab/robocar/.venv/bin/python3 -W ignore:setup.py install is deprecated setup.py egg_info --egg-base ../build/robocar_package build --build-base /home/lab/robocar/src/build/robocar_package/build install --record /home/lab/robocar/src/build/robocar_package/install.log --single-version-externally-managed install_data
