[0.729s] DEBUG:colcon:Command line arguments: ['/home/lab/robocar/.venv/bin/colcon', 'build']
[0.730s] DEBUG:colcon:Parsed command line arguments: Namespace(log_base=None, log_level=None, verb_name='build', build_base='build', install_base='install', merge_install=False, symlink_install=False, test_result_base=None, continue_on_error=False, executor='parallel', parallel_workers=4, event_handlers=None, ignore_user_meta=False, metas=['./colcon.meta'], base_paths=['.'], packages_ignore=None, packages_ignore_regex=None, paths=None, packages_up_to=None, packages_up_to_regex=None, packages_above=None, packages_above_and_dependencies=None, packages_above_depth=None, packages_select_by_dep=None, packages_skip_by_dep=None, packages_skip_up_to=None, packages_select_build_failed=False, packages_skip_build_finished=False, packages_select_test_failures=False, packages_skip_test_passed=False, packages_select=None, packages_skip=None, packages_select_regex=None, packages_skip_regex=None, packages_start=None, packages_end=None, cmake_args=None, cmake_target=None, cmake_target_skip_unavailable=False, cmake_clean_cache=False, cmake_clean_first=False, cmake_force_configure=False, ament_cmake_args=None, catkin_cmake_args=None, catkin_skip_building_tests=False, verb_parser=<colcon_defaults.argument_parser.defaults.DefaultArgumentsDecorator object at 0xffff9990da80>, verb_extension=<colcon_core.verb.build.BuildVerb object at 0xffff99a8a7a0>, main=<bound method BuildVerb.main of <colcon_core.verb.build.BuildVerb object at 0xffff99a8a7a0>>)
[1.363s] Level 1:colcon.colcon_core.package_discovery:discover_packages(colcon_meta) check parameters
[1.364s] Level 1:colcon.colcon_core.package_discovery:discover_packages(recursive) check parameters
[1.364s] Level 1:colcon.colcon_core.package_discovery:discover_packages(ignore) check parameters
[1.364s] Level 1:colcon.colcon_core.package_discovery:discover_packages(path) check parameters
[1.364s] Level 1:colcon.colcon_core.package_discovery:discover_packages(colcon_meta) discover
[1.365s] Level 1:colcon.colcon_core.package_discovery:discover_packages(recursive) discover
[1.365s] INFO:colcon.colcon_core.package_discovery:Crawling recursively for packages in '/home/lab/robocar/src'
[1.365s] Level 1:colcon.colcon_core.package_identification:_identify(.) by extensions ['ignore', 'ignore_ament_install']
[1.366s] Level 1:colcon.colcon_core.package_identification:_identify(.) by extension 'ignore'
[1.366s] Level 1:colcon.colcon_core.package_identification:_identify(.) by extension 'ignore_ament_install'
[1.367s] Level 1:colcon.colcon_core.package_identification:_identify(.) by extensions ['colcon_pkg']
[1.367s] Level 1:colcon.colcon_core.package_identification:_identify(.) by extension 'colcon_pkg'
[1.367s] Level 1:colcon.colcon_core.package_identification:_identify(.) by extensions ['colcon_meta']
[1.367s] Level 1:colcon.colcon_core.package_identification:_identify(.) by extension 'colcon_meta'
[1.367s] Level 1:colcon.colcon_core.package_identification:_identify(.) by extensions ['ros']
[1.367s] Level 1:colcon.colcon_core.package_identification:_identify(.) by extension 'ros'
[1.490s] Level 1:colcon.colcon_core.package_identification:_identify(.) by extensions ['cmake', 'python']
[1.490s] Level 1:colcon.colcon_core.package_identification:_identify(.) by extension 'cmake'
[1.490s] Level 1:colcon.colcon_core.package_identification:_identify(.) by extension 'python'
[1.491s] Level 1:colcon.colcon_core.package_identification:_identify(.) by extensions ['python_setup_py']
[1.491s] Level 1:colcon.colcon_core.package_identification:_identify(.) by extension 'python_setup_py'
[1.492s] Level 1:colcon.colcon_core.package_identification:_identify(build) by extensions ['ignore', 'ignore_ament_install']
[1.493s] Level 1:colcon.colcon_core.package_identification:_identify(build) by extension 'ignore'
[1.493s] Level 1:colcon.colcon_core.package_identification:_identify(build) ignored
[1.494s] Level 1:colcon.colcon_core.package_identification:_identify(install) by extensions ['ignore', 'ignore_ament_install']
[1.495s] Level 1:colcon.colcon_core.package_identification:_identify(install) by extension 'ignore'
[1.495s] Level 1:colcon.colcon_core.package_identification:_identify(install) ignored
[1.496s] Level 1:colcon.colcon_core.package_identification:_identify(log) by extensions ['ignore', 'ignore_ament_install']
[1.496s] Level 1:colcon.colcon_core.package_identification:_identify(log) by extension 'ignore'
[1.497s] Level 1:colcon.colcon_core.package_identification:_identify(log) ignored
[1.497s] Level 1:colcon.colcon_core.package_identification:_identify(messages_pkg) by extensions ['ignore', 'ignore_ament_install']
[1.498s] Level 1:colcon.colcon_core.package_identification:_identify(messages_pkg) by extension 'ignore'
[1.499s] Level 1:colcon.colcon_core.package_identification:_identify(messages_pkg) by extension 'ignore_ament_install'
[1.499s] Level 1:colcon.colcon_core.package_identification:_identify(messages_pkg) by extensions ['colcon_pkg']
[1.500s] Level 1:colcon.colcon_core.package_identification:_identify(messages_pkg) by extension 'colcon_pkg'
[1.500s] Level 1:colcon.colcon_core.package_identification:_identify(messages_pkg) by extensions ['colcon_meta']
[1.500s] Level 1:colcon.colcon_core.package_identification:_identify(messages_pkg) by extension 'colcon_meta'
[1.500s] Level 1:colcon.colcon_core.package_identification:_identify(messages_pkg) by extensions ['ros']
[1.501s] Level 1:colcon.colcon_core.package_identification:_identify(messages_pkg) by extension 'ros'
[1.511s] DEBUG:colcon.colcon_core.package_identification:Package 'messages_pkg' with type 'ros.ament_cmake' and name 'messages_pkg'
[1.512s] Level 1:colcon.colcon_core.package_identification:_identify(robocar_package) by extensions ['ignore', 'ignore_ament_install']
[1.513s] Level 1:colcon.colcon_core.package_identification:_identify(robocar_package) by extension 'ignore'
[1.513s] Level 1:colcon.colcon_core.package_identification:_identify(robocar_package) by extension 'ignore_ament_install'
[1.514s] Level 1:colcon.colcon_core.package_identification:_identify(robocar_package) by extensions ['colcon_pkg']
[1.514s] Level 1:colcon.colcon_core.package_identification:_identify(robocar_package) by extension 'colcon_pkg'
[1.514s] Level 1:colcon.colcon_core.package_identification:_identify(robocar_package) by extensions ['colcon_meta']
[1.514s] Level 1:colcon.colcon_core.package_identification:_identify(robocar_package) by extension 'colcon_meta'
[1.514s] Level 1:colcon.colcon_core.package_identification:_identify(robocar_package) by extensions ['ros']
[1.515s] Level 1:colcon.colcon_core.package_identification:_identify(robocar_package) by extension 'ros'
[1.517s] DEBUG:colcon.colcon_core.package_identification:Failed to parse potential ROS package manifest in'robocar_package': Error(s) in package 'robocar_package/package.xml':
The manifest contains invalid XML:
mismatched tag: line 30, column 2
[1.517s] Level 1:colcon.colcon_core.package_identification:_identify(robocar_package) by extensions ['cmake', 'python']
[1.517s] Level 1:colcon.colcon_core.package_identification:_identify(robocar_package) by extension 'cmake'
[1.518s] Level 1:colcon.colcon_core.package_identification:_identify(robocar_package) by extension 'python'
[1.518s] DEBUG:colcon.colcon_core.package_identification:Python package in 'robocar_package' passes arguments to the setup() function which requires a different identification extension than 'python'
[1.518s] Level 1:colcon.colcon_core.package_identification:_identify(robocar_package) by extensions ['python_setup_py']
[1.519s] Level 1:colcon.colcon_core.package_identification:_identify(robocar_package) by extension 'python_setup_py'
[2.636s] DEBUG:colcon.colcon_core.package_identification:Package 'robocar_package' with type 'python' and name 'robocar_package'
[2.637s] Level 1:colcon.colcon_core.package_identification:_identify(teleop_twist_joy) by extensions ['ignore', 'ignore_ament_install']
[2.638s] Level 1:colcon.colcon_core.package_identification:_identify(teleop_twist_joy) by extension 'ignore'
[2.638s] Level 1:colcon.colcon_core.package_identification:_identify(teleop_twist_joy) by extension 'ignore_ament_install'
[2.638s] Level 1:colcon.colcon_core.package_identification:_identify(teleop_twist_joy) by extensions ['colcon_pkg']
[2.639s] Level 1:colcon.colcon_core.package_identification:_identify(teleop_twist_joy) by extension 'colcon_pkg'
[2.639s] Level 1:colcon.colcon_core.package_identification:_identify(teleop_twist_joy) by extensions ['colcon_meta']
[2.639s] Level 1:colcon.colcon_core.package_identification:_identify(teleop_twist_joy) by extension 'colcon_meta'
[2.639s] Level 1:colcon.colcon_core.package_identification:_identify(teleop_twist_joy) by extensions ['ros']
[2.639s] Level 1:colcon.colcon_core.package_identification:_identify(teleop_twist_joy) by extension 'ros'
[2.643s] DEBUG:colcon.colcon_core.package_identification:Package 'teleop_twist_joy' with type 'ros.ament_cmake' and name 'teleop_twist_joy'
[2.643s] Level 1:colcon.colcon_core.package_discovery:discover_packages(recursive) using defaults
[2.644s] Level 1:colcon.colcon_core.package_discovery:discover_packages(ignore) discover
[2.644s] Level 1:colcon.colcon_core.package_discovery:discover_packages(ignore) using defaults
[2.644s] Level 1:colcon.colcon_core.package_discovery:discover_packages(path) discover
[2.644s] Level 1:colcon.colcon_core.package_discovery:discover_packages(path) using defaults
[2.759s] Level 5:colcon.colcon_core.verb:set package 'messages_pkg' build argument 'cmake_args' from command line to 'None'
[2.760s] Level 5:colcon.colcon_core.verb:set package 'messages_pkg' build argument 'cmake_target' from command line to 'None'
[2.760s] Level 5:colcon.colcon_core.verb:set package 'messages_pkg' build argument 'cmake_target_skip_unavailable' from command line to 'False'
[2.760s] Level 5:colcon.colcon_core.verb:set package 'messages_pkg' build argument 'cmake_clean_cache' from command line to 'False'
[2.760s] Level 5:colcon.colcon_core.verb:set package 'messages_pkg' build argument 'cmake_clean_first' from command line to 'False'
[2.761s] Level 5:colcon.colcon_core.verb:set package 'messages_pkg' build argument 'cmake_force_configure' from command line to 'False'
[2.761s] Level 5:colcon.colcon_core.verb:set package 'messages_pkg' build argument 'ament_cmake_args' from command line to 'None'
[2.761s] Level 5:colcon.colcon_core.verb:set package 'messages_pkg' build argument 'catkin_cmake_args' from command line to 'None'
[2.761s] Level 5:colcon.colcon_core.verb:set package 'messages_pkg' build argument 'catkin_skip_building_tests' from command line to 'False'
[2.761s] DEBUG:colcon.colcon_core.verb:Building package 'messages_pkg' with the following arguments: {'ament_cmake_args': None, 'build_base': '/home/lab/robocar/src/build/messages_pkg', 'catkin_cmake_args': None, 'catkin_skip_building_tests': False, 'cmake_args': None, 'cmake_clean_cache': False, 'cmake_clean_first': False, 'cmake_force_configure': False, 'cmake_target': None, 'cmake_target_skip_unavailable': False, 'install_base': '/home/lab/robocar/src/install/messages_pkg', 'merge_install': False, 'path': '/home/lab/robocar/src/messages_pkg', 'symlink_install': False, 'test_result_base': None}
[2.764s] Level 5:colcon.colcon_core.verb:set package 'robocar_package' build argument 'cmake_args' from command line to 'None'
[2.764s] Level 5:colcon.colcon_core.verb:set package 'robocar_package' build argument 'cmake_target' from command line to 'None'
[2.764s] Level 5:colcon.colcon_core.verb:set package 'robocar_package' build argument 'cmake_target_skip_unavailable' from command line to 'False'
[2.765s] Level 5:colcon.colcon_core.verb:set package 'robocar_package' build argument 'cmake_clean_cache' from command line to 'False'
[2.765s] Level 5:colcon.colcon_core.verb:set package 'robocar_package' build argument 'cmake_clean_first' from command line to 'False'
[2.765s] Level 5:colcon.colcon_core.verb:set package 'robocar_package' build argument 'cmake_force_configure' from command line to 'False'
[2.765s] Level 5:colcon.colcon_core.verb:set package 'robocar_package' build argument 'ament_cmake_args' from command line to 'None'
[2.765s] Level 5:colcon.colcon_core.verb:set package 'robocar_package' build argument 'catkin_cmake_args' from command line to 'None'
[2.766s] Level 5:colcon.colcon_core.verb:set package 'robocar_package' build argument 'catkin_skip_building_tests' from command line to 'False'
[2.766s] DEBUG:colcon.colcon_core.verb:Building package 'robocar_package' with the following arguments: {'ament_cmake_args': None, 'build_base': '/home/lab/robocar/src/build/robocar_package', 'catkin_cmake_args': None, 'catkin_skip_building_tests': False, 'cmake_args': None, 'cmake_clean_cache': False, 'cmake_clean_first': False, 'cmake_force_configure': False, 'cmake_target': None, 'cmake_target_skip_unavailable': False, 'install_base': '/home/lab/robocar/src/install/robocar_package', 'merge_install': False, 'path': '/home/lab/robocar/src/robocar_package', 'symlink_install': False, 'test_result_base': None}
[2.768s] Level 5:colcon.colcon_core.verb:set package 'teleop_twist_joy' build argument 'cmake_args' from command line to 'None'
[2.769s] Level 5:colcon.colcon_core.verb:set package 'teleop_twist_joy' build argument 'cmake_target' from command line to 'None'
[2.769s] Level 5:colcon.colcon_core.verb:set package 'teleop_twist_joy' build argument 'cmake_target_skip_unavailable' from command line to 'False'
[2.769s] Level 5:colcon.colcon_core.verb:set package 'teleop_twist_joy' build argument 'cmake_clean_cache' from command line to 'False'
[2.769s] Level 5:colcon.colcon_core.verb:set package 'teleop_twist_joy' build argument 'cmake_clean_first' from command line to 'False'
[2.770s] Level 5:colcon.colcon_core.verb:set package 'teleop_twist_joy' build argument 'cmake_force_configure' from command line to 'False'
[2.770s] Level 5:colcon.colcon_core.verb:set package 'teleop_twist_joy' build argument 'ament_cmake_args' from command line to 'None'
[2.770s] Level 5:colcon.colcon_core.verb:set package 'teleop_twist_joy' build argument 'catkin_cmake_args' from command line to 'None'
[2.770s] Level 5:colcon.colcon_core.verb:set package 'teleop_twist_joy' build argument 'catkin_skip_building_tests' from command line to 'False'
[2.770s] DEBUG:colcon.colcon_core.verb:Building package 'teleop_twist_joy' with the following arguments: {'ament_cmake_args': None, 'build_base': '/home/lab/robocar/src/build/teleop_twist_joy', 'catkin_cmake_args': None, 'catkin_skip_building_tests': False, 'cmake_args': None, 'cmake_clean_cache': False, 'cmake_clean_first': False, 'cmake_force_configure': False, 'cmake_target': None, 'cmake_target_skip_unavailable': False, 'install_base': '/home/lab/robocar/src/install/teleop_twist_joy', 'merge_install': False, 'path': '/home/lab/robocar/src/teleop_twist_joy', 'symlink_install': False, 'test_result_base': None}
[2.771s] INFO:colcon.colcon_core.executor:Executing jobs using 'parallel' executor
[2.775s] DEBUG:colcon.colcon_parallel_executor.executor.parallel:run_until_complete
[2.777s] INFO:colcon.colcon_ros.task.ament_cmake.build:Building ROS package in '/home/lab/robocar/src/messages_pkg' with build type 'ament_cmake'
[2.778s] INFO:colcon.colcon_cmake.task.cmake.build:Building CMake package in '/home/lab/robocar/src/messages_pkg'
[2.794s] INFO:colcon.colcon_core.plugin_system:Skipping extension 'colcon_core.shell.bat': Not used on non-Windows systems
[2.795s] INFO:colcon.colcon_core.shell:Skip shell extension 'powershell' for command environment: Not usable outside of PowerShell
[2.796s] DEBUG:colcon.colcon_core.shell:Skip shell extension 'dsv' for command environment
[2.804s] WARNING:colcon.colcon_ros.prefix_path.ament:The path '/home/lab/robocar/src/install/robocar_pkg' in the environment variable AMENT_PREFIX_PATH doesn't exist
[2.806s] WARNING:colcon.colcon_ros.prefix_path.catkin:The path '/home/lab/robocar/src/install/robocar_pkg' in the environment variable CMAKE_PREFIX_PATH doesn't exist
[2.830s] INFO:colcon.colcon_core.task.python.build:Building Python package in '/home/lab/robocar/src/robocar_package'
[2.833s] INFO:colcon.colcon_core.shell:Skip shell extension 'powershell' for command environment: Not usable outside of PowerShell
[2.834s] DEBUG:colcon.colcon_core.shell:Skip shell extension 'dsv' for command environment
[2.858s] INFO:colcon.colcon_ros.task.ament_cmake.build:Building ROS package in '/home/lab/robocar/src/teleop_twist_joy' with build type 'ament_cmake'
[2.859s] INFO:colcon.colcon_cmake.task.cmake.build:Building CMake package in '/home/lab/robocar/src/teleop_twist_joy'
[2.860s] INFO:colcon.colcon_core.shell:Skip shell extension 'powershell' for command environment: Not usable outside of PowerShell
[2.861s] DEBUG:colcon.colcon_core.shell:Skip shell extension 'dsv' for command environment
[2.911s] DEBUG:colcon.colcon_core.event_handler.log_command:Invoking command in '/home/lab/robocar/src/build/messages_pkg': CMAKE_PREFIX_PATH=${CMAKE_PREFIX_PATH}:/opt/ros/iron VIRTUAL_ENV_PROMPT=(.venv) /usr/bin/cmake --build /home/lab/robocar/src/build/messages_pkg -- -j4 -l4
[4.732s] DEBUG:colcon.colcon_core.event_handler.log_command:Invoking command in '/home/lab/robocar/src/build/teleop_twist_joy': CMAKE_PREFIX_PATH=${CMAKE_PREFIX_PATH}:/opt/ros/iron VIRTUAL_ENV_PROMPT=(.venv) /usr/bin/cmake --build /home/lab/robocar/src/build/teleop_twist_joy -- -j4 -l4
[6.001s] DEBUG:colcon.colcon_core.event_handler.log_command:Invoked command in '/home/lab/robocar/src/build/teleop_twist_joy' returned '0': CMAKE_PREFIX_PATH=${CMAKE_PREFIX_PATH}:/opt/ros/iron VIRTUAL_ENV_PROMPT=(.venv) /usr/bin/cmake --build /home/lab/robocar/src/build/teleop_twist_joy -- -j4 -l4
[6.241s] DEBUG:colcon.colcon_core.event_handler.log_command:Invoked command in '/home/lab/robocar/src/build/messages_pkg' returned '0': CMAKE_PREFIX_PATH=${CMAKE_PREFIX_PATH}:/opt/ros/iron VIRTUAL_ENV_PROMPT=(.venv) /usr/bin/cmake --build /home/lab/robocar/src/build/messages_pkg -- -j4 -l4
[6.366s] DEBUG:colcon.colcon_core.event_handler.log_command:Invoking command in '/home/lab/robocar/src/build/teleop_twist_joy': CMAKE_PREFIX_PATH=${CMAKE_PREFIX_PATH}:/opt/ros/iron VIRTUAL_ENV_PROMPT=(.venv) /usr/bin/cmake --install /home/lab/robocar/src/build/teleop_twist_joy
[6.477s] Level 1:colcon.colcon_core.environment:create_environment_scripts_only(teleop_twist_joy)
[6.497s] DEBUG:colcon.colcon_core.event_handler.log_command:Invoked command in '/home/lab/robocar/src/build/teleop_twist_joy' returned '0': CMAKE_PREFIX_PATH=${CMAKE_PREFIX_PATH}:/opt/ros/iron VIRTUAL_ENV_PROMPT=(.venv) /usr/bin/cmake --install /home/lab/robocar/src/build/teleop_twist_joy
[6.506s] Level 1:colcon.colcon_core.environment:checking '/home/lab/robocar/src/install/teleop_twist_joy' for CMake module files
[6.512s] Level 1:colcon.colcon_core.environment:checking '/home/lab/robocar/src/install/teleop_twist_joy' for CMake config files
[6.515s] Level 1:colcon.colcon_core.shell:create_environment_hook('teleop_twist_joy', 'cmake_prefix_path')
[6.517s] INFO:colcon.colcon_core.shell:Creating environment hook '/home/lab/robocar/src/install/teleop_twist_joy/share/teleop_twist_joy/hook/cmake_prefix_path.ps1'
[6.521s] INFO:colcon.colcon_core.shell:Creating environment descriptor '/home/lab/robocar/src/install/teleop_twist_joy/share/teleop_twist_joy/hook/cmake_prefix_path.dsv'
[6.525s] INFO:colcon.colcon_core.shell:Creating environment hook '/home/lab/robocar/src/install/teleop_twist_joy/share/teleop_twist_joy/hook/cmake_prefix_path.sh'
[6.534s] Level 1:colcon.colcon_core.environment:checking '/home/lab/robocar/src/install/teleop_twist_joy/lib'
[6.539s] Level 1:colcon.colcon_core.shell:create_environment_hook('teleop_twist_joy', 'ld_library_path_lib')
[6.541s] INFO:colcon.colcon_core.shell:Creating environment hook '/home/lab/robocar/src/install/teleop_twist_joy/share/teleop_twist_joy/hook/ld_library_path_lib.ps1'
[6.543s] INFO:colcon.colcon_core.shell:Creating environment descriptor '/home/lab/robocar/src/install/teleop_twist_joy/share/teleop_twist_joy/hook/ld_library_path_lib.dsv'
[6.545s] INFO:colcon.colcon_core.shell:Creating environment hook '/home/lab/robocar/src/install/teleop_twist_joy/share/teleop_twist_joy/hook/ld_library_path_lib.sh'
[6.548s] Level 1:colcon.colcon_core.environment:checking '/home/lab/robocar/src/install/teleop_twist_joy/bin'
[6.548s] Level 1:colcon.colcon_core.environment:checking '/home/lab/robocar/src/install/teleop_twist_joy/lib/pkgconfig/teleop_twist_joy.pc'
[6.549s] Level 1:colcon.colcon_core.environment:checking '/home/lab/robocar/src/install/teleop_twist_joy/lib/python3.10/site-packages'
[6.551s] Level 1:colcon.colcon_core.environment:checking '/home/lab/robocar/src/install/teleop_twist_joy/bin'
[6.552s] INFO:colcon.colcon_core.shell:Creating package script '/home/lab/robocar/src/install/teleop_twist_joy/share/teleop_twist_joy/package.ps1'
[6.559s] INFO:colcon.colcon_core.shell:Creating package descriptor '/home/lab/robocar/src/install/teleop_twist_joy/share/teleop_twist_joy/package.dsv'
[6.563s] INFO:colcon.colcon_core.shell:Creating package script '/home/lab/robocar/src/install/teleop_twist_joy/share/teleop_twist_joy/package.sh'
[6.568s] INFO:colcon.colcon_core.shell:Creating package script '/home/lab/robocar/src/install/teleop_twist_joy/share/teleop_twist_joy/package.bash'
[6.573s] INFO:colcon.colcon_core.shell:Creating package script '/home/lab/robocar/src/install/teleop_twist_joy/share/teleop_twist_joy/package.zsh'
[6.578s] Level 1:colcon.colcon_core.environment:create_file_with_runtime_dependencies(/home/lab/robocar/src/install/teleop_twist_joy/share/colcon-core/packages/teleop_twist_joy)
[6.843s] Level 1:colcon.colcon_core.environment:create_environment_scripts_only(teleop_twist_joy)
[6.844s] Level 1:colcon.colcon_core.environment:checking '/home/lab/robocar/src/install/teleop_twist_joy' for CMake module files
[6.848s] Level 1:colcon.colcon_core.environment:checking '/home/lab/robocar/src/install/teleop_twist_joy' for CMake config files
[6.855s] Level 1:colcon.colcon_core.shell:create_environment_hook('teleop_twist_joy', 'cmake_prefix_path')
[6.857s] INFO:colcon.colcon_core.shell:Creating environment hook '/home/lab/robocar/src/install/teleop_twist_joy/share/teleop_twist_joy/hook/cmake_prefix_path.ps1'
[6.860s] INFO:colcon.colcon_core.shell:Creating environment descriptor '/home/lab/robocar/src/install/teleop_twist_joy/share/teleop_twist_joy/hook/cmake_prefix_path.dsv'
[6.862s] INFO:colcon.colcon_core.shell:Creating environment hook '/home/lab/robocar/src/install/teleop_twist_joy/share/teleop_twist_joy/hook/cmake_prefix_path.sh'
[6.865s] Level 1:colcon.colcon_core.environment:checking '/home/lab/robocar/src/install/teleop_twist_joy/lib'
[6.866s] Level 1:colcon.colcon_core.shell:create_environment_hook('teleop_twist_joy', 'ld_library_path_lib')
[6.867s] INFO:colcon.colcon_core.shell:Creating environment hook '/home/lab/robocar/src/install/teleop_twist_joy/share/teleop_twist_joy/hook/ld_library_path_lib.ps1'
[6.870s] INFO:colcon.colcon_core.shell:Creating environment descriptor '/home/lab/robocar/src/install/teleop_twist_joy/share/teleop_twist_joy/hook/ld_library_path_lib.dsv'
[6.872s] INFO:colcon.colcon_core.shell:Creating environment hook '/home/lab/robocar/src/install/teleop_twist_joy/share/teleop_twist_joy/hook/ld_library_path_lib.sh'
[6.876s] Level 1:colcon.colcon_core.environment:checking '/home/lab/robocar/src/install/teleop_twist_joy/bin'
[6.876s] Level 1:colcon.colcon_core.environment:checking '/home/lab/robocar/src/install/teleop_twist_joy/lib/pkgconfig/teleop_twist_joy.pc'
[6.877s] Level 1:colcon.colcon_core.environment:checking '/home/lab/robocar/src/install/teleop_twist_joy/lib/python3.10/site-packages'
[6.879s] Level 1:colcon.colcon_core.environment:checking '/home/lab/robocar/src/install/teleop_twist_joy/bin'
[6.880s] INFO:colcon.colcon_core.shell:Creating package script '/home/lab/robocar/src/install/teleop_twist_joy/share/teleop_twist_joy/package.ps1'
[6.884s] INFO:colcon.colcon_core.shell:Creating package descriptor '/home/lab/robocar/src/install/teleop_twist_joy/share/teleop_twist_joy/package.dsv'
[6.888s] INFO:colcon.colcon_core.shell:Creating package script '/home/lab/robocar/src/install/teleop_twist_joy/share/teleop_twist_joy/package.sh'
[6.891s] INFO:colcon.colcon_core.shell:Creating package script '/home/lab/robocar/src/install/teleop_twist_joy/share/teleop_twist_joy/package.bash'
[6.894s] INFO:colcon.colcon_core.shell:Creating package script '/home/lab/robocar/src/install/teleop_twist_joy/share/teleop_twist_joy/package.zsh'
[6.897s] Level 1:colcon.colcon_core.environment:create_file_with_runtime_dependencies(/home/lab/robocar/src/install/teleop_twist_joy/share/colcon-core/packages/teleop_twist_joy)
[6.909s] DEBUG:colcon.colcon_core.event_handler.log_command:Invoking command in '/home/lab/robocar/src/build/messages_pkg': CMAKE_PREFIX_PATH=${CMAKE_PREFIX_PATH}:/opt/ros/iron VIRTUAL_ENV_PROMPT=(.venv) /usr/bin/cmake --install /home/lab/robocar/src/build/messages_pkg
[7.294s] Level 1:colcon.colcon_core.environment:create_environment_scripts_only(messages_pkg)
[7.296s] Level 1:colcon.colcon_core.environment:checking '/home/lab/robocar/src/install/messages_pkg' for CMake module files
[7.313s] Level 1:colcon.colcon_core.environment:checking '/home/lab/robocar/src/install/messages_pkg' for CMake config files
[7.325s] Level 1:colcon.colcon_core.shell:create_environment_hook('messages_pkg', 'cmake_prefix_path')
[7.326s] INFO:colcon.colcon_core.shell:Creating environment hook '/home/lab/robocar/src/install/messages_pkg/share/messages_pkg/hook/cmake_prefix_path.ps1'
[7.332s] INFO:colcon.colcon_core.shell:Creating environment descriptor '/home/lab/robocar/src/install/messages_pkg/share/messages_pkg/hook/cmake_prefix_path.dsv'
[7.336s] INFO:colcon.colcon_core.shell:Creating environment hook '/home/lab/robocar/src/install/messages_pkg/share/messages_pkg/hook/cmake_prefix_path.sh'
[7.345s] DEBUG:colcon.colcon_core.event_handler.log_command:Invoked command in '/home/lab/robocar/src/build/messages_pkg' returned '0': CMAKE_PREFIX_PATH=${CMAKE_PREFIX_PATH}:/opt/ros/iron VIRTUAL_ENV_PROMPT=(.venv) /usr/bin/cmake --install /home/lab/robocar/src/build/messages_pkg
[7.348s] Level 1:colcon.colcon_core.environment:checking '/home/lab/robocar/src/install/messages_pkg/lib'
[7.348s] Level 1:colcon.colcon_core.shell:create_environment_hook('messages_pkg', 'ld_library_path_lib')
[7.350s] INFO:colcon.colcon_core.shell:Creating environment hook '/home/lab/robocar/src/install/messages_pkg/share/messages_pkg/hook/ld_library_path_lib.ps1'
[7.353s] INFO:colcon.colcon_core.shell:Creating environment descriptor '/home/lab/robocar/src/install/messages_pkg/share/messages_pkg/hook/ld_library_path_lib.dsv'
[7.355s] INFO:colcon.colcon_core.shell:Creating environment hook '/home/lab/robocar/src/install/messages_pkg/share/messages_pkg/hook/ld_library_path_lib.sh'
[7.358s] Level 1:colcon.colcon_core.environment:checking '/home/lab/robocar/src/install/messages_pkg/bin'
[7.359s] Level 1:colcon.colcon_core.environment:checking '/home/lab/robocar/src/install/messages_pkg/lib/pkgconfig/messages_pkg.pc'
[7.360s] Level 1:colcon.colcon_core.environment:checking '/home/lab/robocar/src/install/messages_pkg/lib/python3.10/site-packages'
[7.361s] Level 1:colcon.colcon_core.shell:create_environment_hook('messages_pkg', 'pythonpath')
[7.362s] INFO:colcon.colcon_core.shell:Creating environment hook '/home/lab/robocar/src/install/messages_pkg/share/messages_pkg/hook/pythonpath.ps1'
[7.364s] INFO:colcon.colcon_core.shell:Creating environment descriptor '/home/lab/robocar/src/install/messages_pkg/share/messages_pkg/hook/pythonpath.dsv'
[7.367s] INFO:colcon.colcon_core.shell:Creating environment hook '/home/lab/robocar/src/install/messages_pkg/share/messages_pkg/hook/pythonpath.sh'
[7.371s] Level 1:colcon.colcon_core.environment:checking '/home/lab/robocar/src/install/messages_pkg/bin'
[7.373s] INFO:colcon.colcon_core.shell:Creating package script '/home/lab/robocar/src/install/messages_pkg/share/messages_pkg/package.ps1'
[7.376s] INFO:colcon.colcon_core.shell:Creating package descriptor '/home/lab/robocar/src/install/messages_pkg/share/messages_pkg/package.dsv'
[7.379s] INFO:colcon.colcon_core.shell:Creating package script '/home/lab/robocar/src/install/messages_pkg/share/messages_pkg/package.sh'
[7.382s] INFO:colcon.colcon_core.shell:Creating package script '/home/lab/robocar/src/install/messages_pkg/share/messages_pkg/package.bash'
[7.384s] INFO:colcon.colcon_core.shell:Creating package script '/home/lab/robocar/src/install/messages_pkg/share/messages_pkg/package.zsh'
[7.385s] Level 1:colcon.colcon_core.environment:create_file_with_runtime_dependencies(/home/lab/robocar/src/install/messages_pkg/share/colcon-core/packages/messages_pkg)
[7.406s] DEBUG:colcon.colcon_core.event_handler.log_command:Invoking command in '/home/lab/robocar/src/robocar_package': PYTHONPATH=/home/lab/robocar/src/build/robocar_package/prefix_override:/home/lab/robocar/src/install/robocar_package/lib/python3.10/site-packages:${PYTHONPATH} VIRTUAL_ENV_PROMPT=(.venv) /home/lab/robocar/.venv/bin/python3 -W ignore:setup.py install is deprecated setup.py egg_info --egg-base ../build/robocar_package build --build-base /home/lab/robocar/src/build/robocar_package/build install --record /home/lab/robocar/src/build/robocar_package/install.log --single-version-externally-managed install_data
[8.003s] Level 1:colcon.colcon_core.environment:create_environment_scripts_only(messages_pkg)
[8.005s] Level 1:colcon.colcon_core.environment:checking '/home/lab/robocar/src/install/messages_pkg' for CMake module files
[8.011s] Level 1:colcon.colcon_core.environment:checking '/home/lab/robocar/src/install/messages_pkg' for CMake config files
[8.019s] Level 1:colcon.colcon_core.shell:create_environment_hook('messages_pkg', 'cmake_prefix_path')
[8.021s] INFO:colcon.colcon_core.shell:Creating environment hook '/home/lab/robocar/src/install/messages_pkg/share/messages_pkg/hook/cmake_prefix_path.ps1'
[8.024s] INFO:colcon.colcon_core.shell:Creating environment descriptor '/home/lab/robocar/src/install/messages_pkg/share/messages_pkg/hook/cmake_prefix_path.dsv'
[8.028s] INFO:colcon.colcon_core.shell:Creating environment hook '/home/lab/robocar/src/install/messages_pkg/share/messages_pkg/hook/cmake_prefix_path.sh'
[8.033s] Level 1:colcon.colcon_core.environment:checking '/home/lab/robocar/src/install/messages_pkg/lib'
[8.035s] Level 1:colcon.colcon_core.shell:create_environment_hook('messages_pkg', 'ld_library_path_lib')
[8.036s] INFO:colcon.colcon_core.shell:Creating environment hook '/home/lab/robocar/src/install/messages_pkg/share/messages_pkg/hook/ld_library_path_lib.ps1'
[8.039s] INFO:colcon.colcon_core.shell:Creating environment descriptor '/home/lab/robocar/src/install/messages_pkg/share/messages_pkg/hook/ld_library_path_lib.dsv'
[8.042s] INFO:colcon.colcon_core.shell:Creating environment hook '/home/lab/robocar/src/install/messages_pkg/share/messages_pkg/hook/ld_library_path_lib.sh'
[8.045s] Level 1:colcon.colcon_core.environment:checking '/home/lab/robocar/src/install/messages_pkg/bin'
[8.045s] Level 1:colcon.colcon_core.environment:checking '/home/lab/robocar/src/install/messages_pkg/lib/pkgconfig/messages_pkg.pc'
[8.047s] Level 1:colcon.colcon_core.environment:checking '/home/lab/robocar/src/install/messages_pkg/lib/python3.10/site-packages'
[8.047s] Level 1:colcon.colcon_core.shell:create_environment_hook('messages_pkg', 'pythonpath')
[8.049s] INFO:colcon.colcon_core.shell:Creating environment hook '/home/lab/robocar/src/install/messages_pkg/share/messages_pkg/hook/pythonpath.ps1'
[8.052s] INFO:colcon.colcon_core.shell:Creating environment descriptor '/home/lab/robocar/src/install/messages_pkg/share/messages_pkg/hook/pythonpath.dsv'
[8.054s] INFO:colcon.colcon_core.shell:Creating environment hook '/home/lab/robocar/src/install/messages_pkg/share/messages_pkg/hook/pythonpath.sh'
[8.058s] Level 1:colcon.colcon_core.environment:checking '/home/lab/robocar/src/install/messages_pkg/bin'
[8.061s] INFO:colcon.colcon_core.shell:Creating package script '/home/lab/robocar/src/install/messages_pkg/share/messages_pkg/package.ps1'
[8.069s] INFO:colcon.colcon_core.shell:Creating package descriptor '/home/lab/robocar/src/install/messages_pkg/share/messages_pkg/package.dsv'
[8.073s] INFO:colcon.colcon_core.shell:Creating package script '/home/lab/robocar/src/install/messages_pkg/share/messages_pkg/package.sh'
[8.131s] INFO:colcon.colcon_core.shell:Creating package script '/home/lab/robocar/src/install/messages_pkg/share/messages_pkg/package.bash'
[8.134s] INFO:colcon.colcon_core.shell:Creating package script '/home/lab/robocar/src/install/messages_pkg/share/messages_pkg/package.zsh'
[8.138s] Level 1:colcon.colcon_core.environment:create_file_with_runtime_dependencies(/home/lab/robocar/src/install/messages_pkg/share/colcon-core/packages/messages_pkg)
[8.977s] Level 1:colcon.colcon_core.environment:checking '/home/lab/robocar/src/install/robocar_package' for CMake module files
[8.979s] DEBUG:colcon.colcon_core.event_handler.log_command:Invoked command in '/home/lab/robocar/src/robocar_package' returned '0': PYTHONPATH=/home/lab/robocar/src/build/robocar_package/prefix_override:/home/lab/robocar/src/install/robocar_package/lib/python3.10/site-packages:${PYTHONPATH} VIRTUAL_ENV_PROMPT=(.venv) /home/lab/robocar/.venv/bin/python3 -W ignore:setup.py install is deprecated setup.py egg_info --egg-base ../build/robocar_package build --build-base /home/lab/robocar/src/build/robocar_package/build install --record /home/lab/robocar/src/build/robocar_package/install.log --single-version-externally-managed install_data
[8.981s] Level 1:colcon.colcon_core.environment:checking '/home/lab/robocar/src/install/robocar_package' for CMake config files
[8.985s] Level 1:colcon.colcon_core.environment:checking '/home/lab/robocar/src/install/robocar_package/lib'
[8.986s] Level 1:colcon.colcon_core.environment:checking '/home/lab/robocar/src/install/robocar_package/bin'
[8.986s] Level 1:colcon.colcon_core.environment:checking '/home/lab/robocar/src/install/robocar_package/lib/pkgconfig/robocar_package.pc'
[8.988s] Level 1:colcon.colcon_core.environment:checking '/home/lab/robocar/src/install/robocar_package/lib/python3.10/site-packages'
[8.988s] Level 1:colcon.colcon_core.shell:create_environment_hook('robocar_package', 'pythonpath')
[8.989s] INFO:colcon.colcon_core.shell:Creating environment hook '/home/lab/robocar/src/install/robocar_package/share/robocar_package/hook/pythonpath.ps1'
[8.992s] INFO:colcon.colcon_core.shell:Creating environment descriptor '/home/lab/robocar/src/install/robocar_package/share/robocar_package/hook/pythonpath.dsv'
[8.995s] INFO:colcon.colcon_core.shell:Creating environment hook '/home/lab/robocar/src/install/robocar_package/share/robocar_package/hook/pythonpath.sh'
[8.999s] Level 1:colcon.colcon_core.environment:checking '/home/lab/robocar/src/install/robocar_package/bin'
[9.000s] Level 1:colcon.colcon_core.environment:create_environment_scripts_only(robocar_package)
[9.001s] INFO:colcon.colcon_core.shell:Creating package script '/home/lab/robocar/src/install/robocar_package/share/robocar_package/package.ps1'
[9.005s] INFO:colcon.colcon_core.shell:Creating package descriptor '/home/lab/robocar/src/install/robocar_package/share/robocar_package/package.dsv'
[9.007s] INFO:colcon.colcon_core.shell:Creating package script '/home/lab/robocar/src/install/robocar_package/share/robocar_package/package.sh'
[9.010s] INFO:colcon.colcon_core.shell:Creating package script '/home/lab/robocar/src/install/robocar_package/share/robocar_package/package.bash'
[9.012s] INFO:colcon.colcon_core.shell:Creating package script '/home/lab/robocar/src/install/robocar_package/share/robocar_package/package.zsh'
[9.014s] Level 1:colcon.colcon_core.environment:create_file_with_runtime_dependencies(/home/lab/robocar/src/install/robocar_package/share/colcon-core/packages/robocar_package)
[9.015s] DEBUG:colcon.colcon_parallel_executor.executor.parallel:closing loop
[9.016s] DEBUG:colcon.colcon_parallel_executor.executor.parallel:loop closed
[9.017s] DEBUG:colcon.colcon_parallel_executor.executor.parallel:run_until_complete finished with '0'
[9.018s] DEBUG:colcon.colcon_core.event_reactor:joining thread
[9.027s] INFO:colcon.colcon_core.plugin_system:Skipping extension 'colcon_notification.desktop_notification.notify2': 'notify2' not found
[9.029s] INFO:colcon.colcon_core.plugin_system:Skipping extension 'colcon_notification.desktop_notification.terminal_notifier': Not used on non-Darwin systems
[9.029s] INFO:colcon.colcon_core.plugin_system:Skipping extension 'colcon_notification.desktop_notification.win32': Not used on non-Windows systems
[9.030s] INFO:colcon.colcon_notification.desktop_notification:Sending desktop notification using 'notify_send'
[9.073s] DEBUG:colcon.colcon_core.event_reactor:joined thread
[9.075s] INFO:colcon.colcon_core.shell:Creating prefix script '/home/lab/robocar/src/install/local_setup.ps1'
[9.080s] INFO:colcon.colcon_core.shell:Creating prefix util module '/home/lab/robocar/src/install/_local_setup_util_ps1.py'
[9.088s] INFO:colcon.colcon_core.shell:Creating prefix chain script '/home/lab/robocar/src/install/setup.ps1'
[9.094s] INFO:colcon.colcon_core.shell:Creating prefix script '/home/lab/robocar/src/install/local_setup.sh'
[9.097s] INFO:colcon.colcon_core.shell:Creating prefix util module '/home/lab/robocar/src/install/_local_setup_util_sh.py'
[9.099s] INFO:colcon.colcon_core.shell:Creating prefix chain script '/home/lab/robocar/src/install/setup.sh'
[9.106s] INFO:colcon.colcon_core.shell:Creating prefix script '/home/lab/robocar/src/install/local_setup.bash'
[9.109s] INFO:colcon.colcon_core.shell:Creating prefix chain script '/home/lab/robocar/src/install/setup.bash'
[9.115s] INFO:colcon.colcon_core.shell:Creating prefix script '/home/lab/robocar/src/install/local_setup.zsh'
[9.117s] INFO:colcon.colcon_core.shell:Creating prefix chain script '/home/lab/robocar/src/install/setup.zsh'
