[0.969s] DEBUG:colcon:Command line arguments: ['/home/lab/robocar/.venv/bin/colcon', 'build']
[0.970s] DEBUG:colcon:Parsed command line arguments: Namespace(log_base=None, log_level=None, verb_name='build', build_base='build', install_base='install', merge_install=False, symlink_install=False, test_result_base=None, continue_on_error=False, executor='parallel', parallel_workers=4, event_handlers=None, ignore_user_meta=False, metas=['./colcon.meta'], base_paths=['.'], packages_ignore=None, packages_ignore_regex=None, paths=None, packages_up_to=None, packages_up_to_regex=None, packages_above=None, packages_above_and_dependencies=None, packages_above_depth=None, packages_select_by_dep=None, packages_skip_by_dep=None, packages_skip_up_to=None, packages_select_build_failed=False, packages_skip_build_finished=False, packages_select_test_failures=False, packages_skip_test_passed=False, packages_select=None, packages_skip=None, packages_select_regex=None, packages_skip_regex=None, packages_start=None, packages_end=None, cmake_args=None, cmake_target=None, cmake_target_skip_unavailable=False, cmake_clean_cache=False, cmake_clean_first=False, cmake_force_configure=False, ament_cmake_args=None, catkin_cmake_args=None, catkin_skip_building_tests=False, verb_parser=<colcon_defaults.argument_parser.defaults.DefaultArgumentsDecorator object at 0xffffacadded0>, verb_extension=<colcon_core.verb.build.BuildVerb object at 0xffffacc5abf0>, main=<bound method BuildVerb.main of <colcon_core.verb.build.BuildVerb object at 0xffffacc5abf0>>)
[1.943s] Level 1:colcon.colcon_core.package_discovery:discover_packages(colcon_meta) check parameters
[1.945s] Level 1:colcon.colcon_core.package_discovery:discover_packages(recursive) check parameters
[1.946s] Level 1:colcon.colcon_core.package_discovery:discover_packages(ignore) check parameters
[1.947s] Level 1:colcon.colcon_core.package_discovery:discover_packages(path) check parameters
[1.948s] Level 1:colcon.colcon_core.package_discovery:discover_packages(colcon_meta) discover
[1.950s] Level 1:colcon.colcon_core.package_discovery:discover_packages(recursive) discover
[1.951s] INFO:colcon.colcon_core.package_discovery:Crawling recursively for packages in '/home/lab/robocar/src'
[1.956s] Level 1:colcon.colcon_core.package_identification:_identify(.) by extensions ['ignore', 'ignore_ament_install']
[1.957s] Level 1:colcon.colcon_core.package_identification:_identify(.) by extension 'ignore'
[1.959s] Level 1:colcon.colcon_core.package_identification:_identify(.) by extension 'ignore_ament_install'
[1.960s] Level 1:colcon.colcon_core.package_identification:_identify(.) by extensions ['colcon_pkg']
[1.962s] Level 1:colcon.colcon_core.package_identification:_identify(.) by extension 'colcon_pkg'
[1.963s] Level 1:colcon.colcon_core.package_identification:_identify(.) by extensions ['colcon_meta']
[1.964s] Level 1:colcon.colcon_core.package_identification:_identify(.) by extension 'colcon_meta'
[1.966s] Level 1:colcon.colcon_core.package_identification:_identify(.) by extensions ['ros']
[1.967s] Level 1:colcon.colcon_core.package_identification:_identify(.) by extension 'ros'
[2.212s] Level 1:colcon.colcon_core.package_identification:_identify(.) by extensions ['cmake', 'python']
[2.213s] Level 1:colcon.colcon_core.package_identification:_identify(.) by extension 'cmake'
[2.214s] Level 1:colcon.colcon_core.package_identification:_identify(.) by extension 'python'
[2.216s] Level 1:colcon.colcon_core.package_identification:_identify(.) by extensions ['python_setup_py']
[2.217s] Level 1:colcon.colcon_core.package_identification:_identify(.) by extension 'python_setup_py'
[2.219s] Level 1:colcon.colcon_core.package_identification:_identify(build) by extensions ['ignore', 'ignore_ament_install']
[2.221s] Level 1:colcon.colcon_core.package_identification:_identify(build) by extension 'ignore'
[2.222s] Level 1:colcon.colcon_core.package_identification:_identify(build) ignored
[2.224s] Level 1:colcon.colcon_core.package_identification:_identify(install) by extensions ['ignore', 'ignore_ament_install']
[2.225s] Level 1:colcon.colcon_core.package_identification:_identify(install) by extension 'ignore'
[2.226s] Level 1:colcon.colcon_core.package_identification:_identify(install) ignored
[2.228s] Level 1:colcon.colcon_core.package_identification:_identify(log) by extensions ['ignore', 'ignore_ament_install']
[2.229s] Level 1:colcon.colcon_core.package_identification:_identify(log) by extension 'ignore'
[2.230s] Level 1:colcon.colcon_core.package_identification:_identify(log) ignored
[2.232s] Level 1:colcon.colcon_core.package_identification:_identify(messages_pkg) by extensions ['ignore', 'ignore_ament_install']
[2.233s] Level 1:colcon.colcon_core.package_identification:_identify(messages_pkg) by extension 'ignore'
[2.234s] Level 1:colcon.colcon_core.package_identification:_identify(messages_pkg) by extension 'ignore_ament_install'
[2.235s] Level 1:colcon.colcon_core.package_identification:_identify(messages_pkg) by extensions ['colcon_pkg']
[2.236s] Level 1:colcon.colcon_core.package_identification:_identify(messages_pkg) by extension 'colcon_pkg'
[2.237s] Level 1:colcon.colcon_core.package_identification:_identify(messages_pkg) by extensions ['colcon_meta']
[2.238s] Level 1:colcon.colcon_core.package_identification:_identify(messages_pkg) by extension 'colcon_meta'
[2.239s] Level 1:colcon.colcon_core.package_identification:_identify(messages_pkg) by extensions ['ros']
[2.240s] Level 1:colcon.colcon_core.package_identification:_identify(messages_pkg) by extension 'ros'
[2.268s] DEBUG:colcon.colcon_core.package_identification:Package 'messages_pkg' with type 'ros.ament_cmake' and name 'messages_pkg'
[2.269s] Level 1:colcon.colcon_core.package_identification:_identify(robocar_package) by extensions ['ignore', 'ignore_ament_install']
[2.271s] Level 1:colcon.colcon_core.package_identification:_identify(robocar_package) by extension 'ignore'
[2.272s] Level 1:colcon.colcon_core.package_identification:_identify(robocar_package) by extension 'ignore_ament_install'
[2.273s] Level 1:colcon.colcon_core.package_identification:_identify(robocar_package) by extensions ['colcon_pkg']
[2.273s] Level 1:colcon.colcon_core.package_identification:_identify(robocar_package) by extension 'colcon_pkg'
[2.274s] Level 1:colcon.colcon_core.package_identification:_identify(robocar_package) by extensions ['colcon_meta']
[2.274s] Level 1:colcon.colcon_core.package_identification:_identify(robocar_package) by extension 'colcon_meta'
[2.275s] Level 1:colcon.colcon_core.package_identification:_identify(robocar_package) by extensions ['ros']
[2.275s] Level 1:colcon.colcon_core.package_identification:_identify(robocar_package) by extension 'ros'
[2.291s] DEBUG:colcon.colcon_core.package_identification:Failed to parse potential ROS package manifest in'robocar_package': Error(s) in package 'robocar_package/package.xml':
The manifest contains invalid XML:
mismatched tag: line 30, column 2
[2.292s] Level 1:colcon.colcon_core.package_identification:_identify(robocar_package) by extensions ['cmake', 'python']
[2.292s] Level 1:colcon.colcon_core.package_identification:_identify(robocar_package) by extension 'cmake'
[2.293s] Level 1:colcon.colcon_core.package_identification:_identify(robocar_package) by extension 'python'
[2.294s] DEBUG:colcon.colcon_core.package_identification:Python package in 'robocar_package' passes arguments to the setup() function which requires a different identification extension than 'python'
[2.295s] Level 1:colcon.colcon_core.package_identification:_identify(robocar_package) by extensions ['python_setup_py']
[2.302s] Level 1:colcon.colcon_core.package_identification:_identify(robocar_package) by extension 'python_setup_py'
[3.900s] DEBUG:colcon.colcon_core.package_identification:Package 'robocar_package' with type 'python' and name 'robocar_package'
[3.901s] Level 1:colcon.colcon_core.package_identification:_identify(robocar_pkg) by extensions ['ignore', 'ignore_ament_install']
[3.902s] Level 1:colcon.colcon_core.package_identification:_identify(robocar_pkg) by extension 'ignore'
[3.902s] Level 1:colcon.colcon_core.package_identification:_identify(robocar_pkg) by extension 'ignore_ament_install'
[3.903s] Level 1:colcon.colcon_core.package_identification:_identify(robocar_pkg) by extensions ['colcon_pkg']
[3.903s] Level 1:colcon.colcon_core.package_identification:_identify(robocar_pkg) by extension 'colcon_pkg'
[3.903s] Level 1:colcon.colcon_core.package_identification:_identify(robocar_pkg) by extensions ['colcon_meta']
[3.903s] Level 1:colcon.colcon_core.package_identification:_identify(robocar_pkg) by extension 'colcon_meta'
[3.904s] Level 1:colcon.colcon_core.package_identification:_identify(robocar_pkg) by extensions ['ros']
[3.904s] Level 1:colcon.colcon_core.package_identification:_identify(robocar_pkg) by extension 'ros'
[3.906s] DEBUG:colcon.colcon_core.package_identification:Package 'robocar_pkg' with type 'ros.ament_python' and name 'robocar_pkg'
[3.907s] Level 1:colcon.colcon_core.package_identification:_identify(teleop_twist_joy) by extensions ['ignore', 'ignore_ament_install']
[3.908s] Level 1:colcon.colcon_core.package_identification:_identify(teleop_twist_joy) by extension 'ignore'
[3.908s] Level 1:colcon.colcon_core.package_identification:_identify(teleop_twist_joy) by extension 'ignore_ament_install'
[3.909s] Level 1:colcon.colcon_core.package_identification:_identify(teleop_twist_joy) by extensions ['colcon_pkg']
[3.909s] Level 1:colcon.colcon_core.package_identification:_identify(teleop_twist_joy) by extension 'colcon_pkg'
[3.909s] Level 1:colcon.colcon_core.package_identification:_identify(teleop_twist_joy) by extensions ['colcon_meta']
[3.910s] Level 1:colcon.colcon_core.package_identification:_identify(teleop_twist_joy) by extension 'colcon_meta'
[3.910s] Level 1:colcon.colcon_core.package_identification:_identify(teleop_twist_joy) by extensions ['ros']
[3.910s] Level 1:colcon.colcon_core.package_identification:_identify(teleop_twist_joy) by extension 'ros'
[3.915s] DEBUG:colcon.colcon_core.package_identification:Package 'teleop_twist_joy' with type 'ros.ament_cmake' and name 'teleop_twist_joy'
[3.915s] Level 1:colcon.colcon_core.package_discovery:discover_packages(recursive) using defaults
[3.916s] Level 1:colcon.colcon_core.package_discovery:discover_packages(ignore) discover
[3.916s] Level 1:colcon.colcon_core.package_discovery:discover_packages(ignore) using defaults
[3.916s] Level 1:colcon.colcon_core.package_discovery:discover_packages(path) discover
[3.916s] Level 1:colcon.colcon_core.package_discovery:discover_packages(path) using defaults
[4.063s] Level 5:colcon.colcon_core.verb:set package 'messages_pkg' build argument 'cmake_args' from command line to 'None'
[4.063s] Level 5:colcon.colcon_core.verb:set package 'messages_pkg' build argument 'cmake_target' from command line to 'None'
[4.063s] Level 5:colcon.colcon_core.verb:set package 'messages_pkg' build argument 'cmake_target_skip_unavailable' from command line to 'False'
[4.064s] Level 5:colcon.colcon_core.verb:set package 'messages_pkg' build argument 'cmake_clean_cache' from command line to 'False'
[4.064s] Level 5:colcon.colcon_core.verb:set package 'messages_pkg' build argument 'cmake_clean_first' from command line to 'False'
[4.064s] Level 5:colcon.colcon_core.verb:set package 'messages_pkg' build argument 'cmake_force_configure' from command line to 'False'
[4.064s] Level 5:colcon.colcon_core.verb:set package 'messages_pkg' build argument 'ament_cmake_args' from command line to 'None'
[4.065s] Level 5:colcon.colcon_core.verb:set package 'messages_pkg' build argument 'catkin_cmake_args' from command line to 'None'
[4.065s] Level 5:colcon.colcon_core.verb:set package 'messages_pkg' build argument 'catkin_skip_building_tests' from command line to 'False'
[4.065s] DEBUG:colcon.colcon_core.verb:Building package 'messages_pkg' with the following arguments: {'ament_cmake_args': None, 'build_base': '/home/lab/robocar/src/build/messages_pkg', 'catkin_cmake_args': None, 'catkin_skip_building_tests': False, 'cmake_args': None, 'cmake_clean_cache': False, 'cmake_clean_first': False, 'cmake_force_configure': False, 'cmake_target': None, 'cmake_target_skip_unavailable': False, 'install_base': '/home/lab/robocar/src/install/messages_pkg', 'merge_install': False, 'path': '/home/lab/robocar/src/messages_pkg', 'symlink_install': False, 'test_result_base': None}
[4.068s] Level 5:colcon.colcon_core.verb:set package 'robocar_package' build argument 'cmake_args' from command line to 'None'
[4.068s] Level 5:colcon.colcon_core.verb:set package 'robocar_package' build argument 'cmake_target' from command line to 'None'
[4.069s] Level 5:colcon.colcon_core.verb:set package 'robocar_package' build argument 'cmake_target_skip_unavailable' from command line to 'False'
[4.069s] Level 5:colcon.colcon_core.verb:set package 'robocar_package' build argument 'cmake_clean_cache' from command line to 'False'
[4.069s] Level 5:colcon.colcon_core.verb:set package 'robocar_package' build argument 'cmake_clean_first' from command line to 'False'
[4.070s] Level 5:colcon.colcon_core.verb:set package 'robocar_package' build argument 'cmake_force_configure' from command line to 'False'
[4.070s] Level 5:colcon.colcon_core.verb:set package 'robocar_package' build argument 'ament_cmake_args' from command line to 'None'
[4.070s] Level 5:colcon.colcon_core.verb:set package 'robocar_package' build argument 'catkin_cmake_args' from command line to 'None'
[4.071s] Level 5:colcon.colcon_core.verb:set package 'robocar_package' build argument 'catkin_skip_building_tests' from command line to 'False'
[4.071s] DEBUG:colcon.colcon_core.verb:Building package 'robocar_package' with the following arguments: {'ament_cmake_args': None, 'build_base': '/home/lab/robocar/src/build/robocar_package', 'catkin_cmake_args': None, 'catkin_skip_building_tests': False, 'cmake_args': None, 'cmake_clean_cache': False, 'cmake_clean_first': False, 'cmake_force_configure': False, 'cmake_target': None, 'cmake_target_skip_unavailable': False, 'install_base': '/home/lab/robocar/src/install/robocar_package', 'merge_install': False, 'path': '/home/lab/robocar/src/robocar_package', 'symlink_install': False, 'test_result_base': None}
[4.074s] Level 5:colcon.colcon_core.verb:set package 'robocar_pkg' build argument 'cmake_args' from command line to 'None'
[4.074s] Level 5:colcon.colcon_core.verb:set package 'robocar_pkg' build argument 'cmake_target' from command line to 'None'
[4.074s] Level 5:colcon.colcon_core.verb:set package 'robocar_pkg' build argument 'cmake_target_skip_unavailable' from command line to 'False'
[4.074s] Level 5:colcon.colcon_core.verb:set package 'robocar_pkg' build argument 'cmake_clean_cache' from command line to 'False'
[4.074s] Level 5:colcon.colcon_core.verb:set package 'robocar_pkg' build argument 'cmake_clean_first' from command line to 'False'
[4.075s] Level 5:colcon.colcon_core.verb:set package 'robocar_pkg' build argument 'cmake_force_configure' from command line to 'False'
[4.075s] Level 5:colcon.colcon_core.verb:set package 'robocar_pkg' build argument 'ament_cmake_args' from command line to 'None'
[4.075s] Level 5:colcon.colcon_core.verb:set package 'robocar_pkg' build argument 'catkin_cmake_args' from command line to 'None'
[4.075s] Level 5:colcon.colcon_core.verb:set package 'robocar_pkg' build argument 'catkin_skip_building_tests' from command line to 'False'
[4.075s] DEBUG:colcon.colcon_core.verb:Building package 'robocar_pkg' with the following arguments: {'ament_cmake_args': None, 'build_base': '/home/lab/robocar/src/build/robocar_pkg', 'catkin_cmake_args': None, 'catkin_skip_building_tests': False, 'cmake_args': None, 'cmake_clean_cache': False, 'cmake_clean_first': False, 'cmake_force_configure': False, 'cmake_target': None, 'cmake_target_skip_unavailable': False, 'install_base': '/home/lab/robocar/src/install/robocar_pkg', 'merge_install': False, 'path': '/home/lab/robocar/src/robocar_pkg', 'symlink_install': False, 'test_result_base': None}
[4.077s] Level 5:colcon.colcon_core.verb:set package 'teleop_twist_joy' build argument 'cmake_args' from command line to 'None'
[4.078s] Level 5:colcon.colcon_core.verb:set package 'teleop_twist_joy' build argument 'cmake_target' from command line to 'None'
[4.078s] Level 5:colcon.colcon_core.verb:set package 'teleop_twist_joy' build argument 'cmake_target_skip_unavailable' from command line to 'False'
[4.079s] Level 5:colcon.colcon_core.verb:set package 'teleop_twist_joy' build argument 'cmake_clean_cache' from command line to 'False'
[4.079s] Level 5:colcon.colcon_core.verb:set package 'teleop_twist_joy' build argument 'cmake_clean_first' from command line to 'False'
[4.079s] Level 5:colcon.colcon_core.verb:set package 'teleop_twist_joy' build argument 'cmake_force_configure' from command line to 'False'
[4.080s] Level 5:colcon.colcon_core.verb:set package 'teleop_twist_joy' build argument 'ament_cmake_args' from command line to 'None'
[4.080s] Level 5:colcon.colcon_core.verb:set package 'teleop_twist_joy' build argument 'catkin_cmake_args' from command line to 'None'
[4.080s] Level 5:colcon.colcon_core.verb:set package 'teleop_twist_joy' build argument 'catkin_skip_building_tests' from command line to 'False'
[4.080s] DEBUG:colcon.colcon_core.verb:Building package 'teleop_twist_joy' with the following arguments: {'ament_cmake_args': None, 'build_base': '/home/lab/robocar/src/build/teleop_twist_joy', 'catkin_cmake_args': None, 'catkin_skip_building_tests': False, 'cmake_args': None, 'cmake_clean_cache': False, 'cmake_clean_first': False, 'cmake_force_configure': False, 'cmake_target': None, 'cmake_target_skip_unavailable': False, 'install_base': '/home/lab/robocar/src/install/teleop_twist_joy', 'merge_install': False, 'path': '/home/lab/robocar/src/teleop_twist_joy', 'symlink_install': False, 'test_result_base': None}
[4.081s] INFO:colcon.colcon_core.executor:Executing jobs using 'parallel' executor
[4.087s] DEBUG:colcon.colcon_parallel_executor.executor.parallel:run_until_complete
[4.088s] INFO:colcon.colcon_ros.task.ament_cmake.build:Building ROS package in '/home/lab/robocar/src/messages_pkg' with build type 'ament_cmake'
[4.089s] INFO:colcon.colcon_cmake.task.cmake.build:Building CMake package in '/home/lab/robocar/src/messages_pkg'
[4.107s] INFO:colcon.colcon_core.plugin_system:Skipping extension 'colcon_core.shell.bat': Not used on non-Windows systems
[4.108s] INFO:colcon.colcon_core.shell:Skip shell extension 'powershell' for command environment: Not usable outside of PowerShell
[4.109s] DEBUG:colcon.colcon_core.shell:Skip shell extension 'dsv' for command environment
[4.156s] INFO:colcon.colcon_core.task.python.build:Building Python package in '/home/lab/robocar/src/robocar_package'
[4.158s] INFO:colcon.colcon_core.shell:Skip shell extension 'powershell' for command environment: Not usable outside of PowerShell
[4.159s] DEBUG:colcon.colcon_core.shell:Skip shell extension 'dsv' for command environment
[4.192s] INFO:colcon.colcon_ros.task.ament_python.build:Building ROS package in '/home/lab/robocar/src/robocar_pkg' with build type 'ament_python'
[4.193s] Level 1:colcon.colcon_core.shell:create_environment_hook('robocar_pkg', 'ament_prefix_path')
[4.194s] INFO:colcon.colcon_core.shell:Creating environment hook '/home/lab/robocar/src/install/robocar_pkg/share/robocar_pkg/hook/ament_prefix_path.ps1'
[4.199s] INFO:colcon.colcon_core.shell:Creating environment descriptor '/home/lab/robocar/src/install/robocar_pkg/share/robocar_pkg/hook/ament_prefix_path.dsv'
[4.203s] INFO:colcon.colcon_core.shell:Creating environment hook '/home/lab/robocar/src/install/robocar_pkg/share/robocar_pkg/hook/ament_prefix_path.sh'
[4.212s] INFO:colcon.colcon_core.shell:Skip shell extension 'powershell' for command environment: Not usable outside of PowerShell
[4.212s] DEBUG:colcon.colcon_core.shell:Skip shell extension 'dsv' for command environment
[4.249s] INFO:colcon.colcon_ros.task.ament_cmake.build:Building ROS package in '/home/lab/robocar/src/teleop_twist_joy' with build type 'ament_cmake'
[4.250s] INFO:colcon.colcon_cmake.task.cmake.build:Building CMake package in '/home/lab/robocar/src/teleop_twist_joy'
[4.251s] INFO:colcon.colcon_core.shell:Skip shell extension 'powershell' for command environment: Not usable outside of PowerShell
[4.252s] DEBUG:colcon.colcon_core.shell:Skip shell extension 'dsv' for command environment
[4.318s] DEBUG:colcon.colcon_core.event_handler.log_command:Invoking command in '/home/lab/robocar/src/build/messages_pkg': CMAKE_PREFIX_PATH=${CMAKE_PREFIX_PATH}:/opt/ros/iron VIRTUAL_ENV_PROMPT=(.venv) /usr/bin/cmake --build /home/lab/robocar/src/build/messages_pkg -- -j4 -l4
[8.790s] INFO:colcon.colcon_core.task.python.build:Building Python package in '/home/lab/robocar/src/robocar_pkg'
[8.792s] INFO:colcon.colcon_core.shell:Skip shell extension 'powershell' for command environment: Not usable outside of PowerShell
[8.792s] DEBUG:colcon.colcon_core.shell:Skip shell extension 'dsv' for command environment
[8.863s] DEBUG:colcon.colcon_core.event_handler.log_command:Invoking command in '/home/lab/robocar/src/build/teleop_twist_joy': CMAKE_PREFIX_PATH=${CMAKE_PREFIX_PATH}:/opt/ros/iron VIRTUAL_ENV_PROMPT=(.venv) /usr/bin/cmake --build /home/lab/robocar/src/build/teleop_twist_joy -- -j4 -l4
[8.886s] DEBUG:colcon.colcon_core.event_handler.log_command:Invoked command in '/home/lab/robocar/src/build/messages_pkg' returned '0': CMAKE_PREFIX_PATH=${CMAKE_PREFIX_PATH}:/opt/ros/iron VIRTUAL_ENV_PROMPT=(.venv) /usr/bin/cmake --build /home/lab/robocar/src/build/messages_pkg -- -j4 -l4
[9.320s] DEBUG:colcon.colcon_core.event_handler.log_command:Invoking command in '/home/lab/robocar/src/robocar_package': PYTHONPATH=/home/lab/robocar/src/build/robocar_package/prefix_override:/home/lab/robocar/src/install/robocar_package/lib/python3.10/site-packages:${PYTHONPATH} VIRTUAL_ENV_PROMPT=(.venv) /home/lab/robocar/.venv/bin/python3 -W ignore:setup.py install is deprecated setup.py egg_info --egg-base ../build/robocar_package build --build-base /home/lab/robocar/src/build/robocar_package/build install --record /home/lab/robocar/src/build/robocar_package/install.log --single-version-externally-managed install_data
[9.570s] DEBUG:colcon.colcon_core.event_handler.log_command:Invoked command in '/home/lab/robocar/src/build/teleop_twist_joy' returned '0': CMAKE_PREFIX_PATH=${CMAKE_PREFIX_PATH}:/opt/ros/iron VIRTUAL_ENV_PROMPT=(.venv) /usr/bin/cmake --build /home/lab/robocar/src/build/teleop_twist_joy -- -j4 -l4
[9.861s] DEBUG:colcon.colcon_core.event_handler.log_command:Invoking command in '/home/lab/robocar/src/build/teleop_twist_joy': CMAKE_PREFIX_PATH=${CMAKE_PREFIX_PATH}:/opt/ros/iron VIRTUAL_ENV_PROMPT=(.venv) /usr/bin/cmake --install /home/lab/robocar/src/build/teleop_twist_joy
[9.944s] Level 1:colcon.colcon_core.environment:create_environment_scripts_only(teleop_twist_joy)
[9.970s] Level 1:colcon.colcon_core.environment:checking '/home/lab/robocar/src/install/teleop_twist_joy' for CMake module files
[9.977s] DEBUG:colcon.colcon_core.event_handler.log_command:Invoked command in '/home/lab/robocar/src/build/teleop_twist_joy' returned '0': CMAKE_PREFIX_PATH=${CMAKE_PREFIX_PATH}:/opt/ros/iron VIRTUAL_ENV_PROMPT=(.venv) /usr/bin/cmake --install /home/lab/robocar/src/build/teleop_twist_joy
[9.979s] Level 1:colcon.colcon_core.environment:checking '/home/lab/robocar/src/install/teleop_twist_joy' for CMake config files
[9.981s] Level 1:colcon.colcon_core.shell:create_environment_hook('teleop_twist_joy', 'cmake_prefix_path')
[9.983s] INFO:colcon.colcon_core.shell:Creating environment hook '/home/lab/robocar/src/install/teleop_twist_joy/share/teleop_twist_joy/hook/cmake_prefix_path.ps1'
[9.985s] INFO:colcon.colcon_core.shell:Creating environment descriptor '/home/lab/robocar/src/install/teleop_twist_joy/share/teleop_twist_joy/hook/cmake_prefix_path.dsv'
[9.988s] INFO:colcon.colcon_core.shell:Creating environment hook '/home/lab/robocar/src/install/teleop_twist_joy/share/teleop_twist_joy/hook/cmake_prefix_path.sh'
[9.993s] Level 1:colcon.colcon_core.environment:checking '/home/lab/robocar/src/install/teleop_twist_joy/lib'
[9.994s] Level 1:colcon.colcon_core.shell:create_environment_hook('teleop_twist_joy', 'ld_library_path_lib')
[9.995s] INFO:colcon.colcon_core.shell:Creating environment hook '/home/lab/robocar/src/install/teleop_twist_joy/share/teleop_twist_joy/hook/ld_library_path_lib.ps1'
[9.998s] INFO:colcon.colcon_core.shell:Creating environment descriptor '/home/lab/robocar/src/install/teleop_twist_joy/share/teleop_twist_joy/hook/ld_library_path_lib.dsv'
[10.000s] INFO:colcon.colcon_core.shell:Creating environment hook '/home/lab/robocar/src/install/teleop_twist_joy/share/teleop_twist_joy/hook/ld_library_path_lib.sh'
[10.003s] Level 1:colcon.colcon_core.environment:checking '/home/lab/robocar/src/install/teleop_twist_joy/bin'
[10.004s] Level 1:colcon.colcon_core.environment:checking '/home/lab/robocar/src/install/teleop_twist_joy/lib/pkgconfig/teleop_twist_joy.pc'
[10.005s] Level 1:colcon.colcon_core.environment:checking '/home/lab/robocar/src/install/teleop_twist_joy/lib/python3.10/site-packages'
[10.007s] Level 1:colcon.colcon_core.environment:checking '/home/lab/robocar/src/install/teleop_twist_joy/bin'
[10.008s] INFO:colcon.colcon_core.shell:Creating package script '/home/lab/robocar/src/install/teleop_twist_joy/share/teleop_twist_joy/package.ps1'
[10.014s] INFO:colcon.colcon_core.shell:Creating package descriptor '/home/lab/robocar/src/install/teleop_twist_joy/share/teleop_twist_joy/package.dsv'
[10.018s] INFO:colcon.colcon_core.shell:Creating package script '/home/lab/robocar/src/install/teleop_twist_joy/share/teleop_twist_joy/package.sh'
[10.022s] INFO:colcon.colcon_core.shell:Creating package script '/home/lab/robocar/src/install/teleop_twist_joy/share/teleop_twist_joy/package.bash'
[10.026s] INFO:colcon.colcon_core.shell:Creating package script '/home/lab/robocar/src/install/teleop_twist_joy/share/teleop_twist_joy/package.zsh'
[10.030s] Level 1:colcon.colcon_core.environment:create_file_with_runtime_dependencies(/home/lab/robocar/src/install/teleop_twist_joy/share/colcon-core/packages/teleop_twist_joy)
[10.045s] DEBUG:colcon.colcon_core.event_handler.log_command:Invoking command in '/home/lab/robocar/src/build/messages_pkg': CMAKE_PREFIX_PATH=${CMAKE_PREFIX_PATH}:/opt/ros/iron VIRTUAL_ENV_PROMPT=(.venv) /usr/bin/cmake --install /home/lab/robocar/src/build/messages_pkg
[10.533s] Level 1:colcon.colcon_core.environment:create_environment_scripts_only(messages_pkg)
[10.535s] Level 1:colcon.colcon_core.environment:checking '/home/lab/robocar/src/install/messages_pkg' for CMake module files
[10.540s] Level 1:colcon.colcon_core.environment:checking '/home/lab/robocar/src/install/messages_pkg' for CMake config files
[10.549s] DEBUG:colcon.colcon_core.event_handler.log_command:Invoked command in '/home/lab/robocar/src/build/messages_pkg' returned '0': CMAKE_PREFIX_PATH=${CMAKE_PREFIX_PATH}:/opt/ros/iron VIRTUAL_ENV_PROMPT=(.venv) /usr/bin/cmake --install /home/lab/robocar/src/build/messages_pkg
[10.551s] Level 1:colcon.colcon_core.shell:create_environment_hook('messages_pkg', 'cmake_prefix_path')
[10.552s] INFO:colcon.colcon_core.shell:Creating environment hook '/home/lab/robocar/src/install/messages_pkg/share/messages_pkg/hook/cmake_prefix_path.ps1'
[10.555s] INFO:colcon.colcon_core.shell:Creating environment descriptor '/home/lab/robocar/src/install/messages_pkg/share/messages_pkg/hook/cmake_prefix_path.dsv'
[10.557s] INFO:colcon.colcon_core.shell:Creating environment hook '/home/lab/robocar/src/install/messages_pkg/share/messages_pkg/hook/cmake_prefix_path.sh'
[10.561s] Level 1:colcon.colcon_core.environment:checking '/home/lab/robocar/src/install/messages_pkg/lib'
[10.562s] Level 1:colcon.colcon_core.shell:create_environment_hook('messages_pkg', 'ld_library_path_lib')
[10.563s] INFO:colcon.colcon_core.shell:Creating environment hook '/home/lab/robocar/src/install/messages_pkg/share/messages_pkg/hook/ld_library_path_lib.ps1'
[10.566s] INFO:colcon.colcon_core.shell:Creating environment descriptor '/home/lab/robocar/src/install/messages_pkg/share/messages_pkg/hook/ld_library_path_lib.dsv'
[10.569s] INFO:colcon.colcon_core.shell:Creating environment hook '/home/lab/robocar/src/install/messages_pkg/share/messages_pkg/hook/ld_library_path_lib.sh'
[10.571s] Level 1:colcon.colcon_core.environment:checking '/home/lab/robocar/src/install/messages_pkg/bin'
[10.572s] Level 1:colcon.colcon_core.environment:checking '/home/lab/robocar/src/install/messages_pkg/lib/pkgconfig/messages_pkg.pc'
[10.573s] Level 1:colcon.colcon_core.environment:checking '/home/lab/robocar/src/install/messages_pkg/lib/python3.10/site-packages'
[10.574s] Level 1:colcon.colcon_core.shell:create_environment_hook('messages_pkg', 'pythonpath')
[10.575s] INFO:colcon.colcon_core.shell:Creating environment hook '/home/lab/robocar/src/install/messages_pkg/share/messages_pkg/hook/pythonpath.ps1'
[10.577s] INFO:colcon.colcon_core.shell:Creating environment descriptor '/home/lab/robocar/src/install/messages_pkg/share/messages_pkg/hook/pythonpath.dsv'
[10.579s] INFO:colcon.colcon_core.shell:Creating environment hook '/home/lab/robocar/src/install/messages_pkg/share/messages_pkg/hook/pythonpath.sh'
[10.583s] Level 1:colcon.colcon_core.environment:checking '/home/lab/robocar/src/install/messages_pkg/bin'
[10.585s] INFO:colcon.colcon_core.shell:Creating package script '/home/lab/robocar/src/install/messages_pkg/share/messages_pkg/package.ps1'
[10.588s] INFO:colcon.colcon_core.shell:Creating package descriptor '/home/lab/robocar/src/install/messages_pkg/share/messages_pkg/package.dsv'
[10.591s] INFO:colcon.colcon_core.shell:Creating package script '/home/lab/robocar/src/install/messages_pkg/share/messages_pkg/package.sh'
[10.593s] INFO:colcon.colcon_core.shell:Creating package script '/home/lab/robocar/src/install/messages_pkg/share/messages_pkg/package.bash'
[10.596s] INFO:colcon.colcon_core.shell:Creating package script '/home/lab/robocar/src/install/messages_pkg/share/messages_pkg/package.zsh'
[10.601s] Level 1:colcon.colcon_core.environment:create_file_with_runtime_dependencies(/home/lab/robocar/src/install/messages_pkg/share/colcon-core/packages/messages_pkg)
[10.609s] Level 1:colcon.colcon_core.environment:create_environment_scripts_only(teleop_twist_joy)
[10.610s] Level 1:colcon.colcon_core.environment:checking '/home/lab/robocar/src/install/teleop_twist_joy' for CMake module files
[10.615s] Level 1:colcon.colcon_core.environment:checking '/home/lab/robocar/src/install/teleop_twist_joy' for CMake config files
[10.617s] Level 1:colcon.colcon_core.shell:create_environment_hook('teleop_twist_joy', 'cmake_prefix_path')
[10.619s] INFO:colcon.colcon_core.shell:Creating environment hook '/home/lab/robocar/src/install/teleop_twist_joy/share/teleop_twist_joy/hook/cmake_prefix_path.ps1'
[10.622s] INFO:colcon.colcon_core.shell:Creating environment descriptor '/home/lab/robocar/src/install/teleop_twist_joy/share/teleop_twist_joy/hook/cmake_prefix_path.dsv'
[10.624s] INFO:colcon.colcon_core.shell:Creating environment hook '/home/lab/robocar/src/install/teleop_twist_joy/share/teleop_twist_joy/hook/cmake_prefix_path.sh'
[10.629s] Level 1:colcon.colcon_core.environment:checking '/home/lab/robocar/src/install/teleop_twist_joy/lib'
[10.630s] Level 1:colcon.colcon_core.shell:create_environment_hook('teleop_twist_joy', 'ld_library_path_lib')
[10.631s] INFO:colcon.colcon_core.shell:Creating environment hook '/home/lab/robocar/src/install/teleop_twist_joy/share/teleop_twist_joy/hook/ld_library_path_lib.ps1'
[10.634s] INFO:colcon.colcon_core.shell:Creating environment descriptor '/home/lab/robocar/src/install/teleop_twist_joy/share/teleop_twist_joy/hook/ld_library_path_lib.dsv'
[10.637s] INFO:colcon.colcon_core.shell:Creating environment hook '/home/lab/robocar/src/install/teleop_twist_joy/share/teleop_twist_joy/hook/ld_library_path_lib.sh'
[10.640s] Level 1:colcon.colcon_core.environment:checking '/home/lab/robocar/src/install/teleop_twist_joy/bin'
[10.641s] Level 1:colcon.colcon_core.environment:checking '/home/lab/robocar/src/install/teleop_twist_joy/lib/pkgconfig/teleop_twist_joy.pc'
[10.642s] Level 1:colcon.colcon_core.environment:checking '/home/lab/robocar/src/install/teleop_twist_joy/lib/python3.10/site-packages'
[10.644s] Level 1:colcon.colcon_core.environment:checking '/home/lab/robocar/src/install/teleop_twist_joy/bin'
[10.646s] INFO:colcon.colcon_core.shell:Creating package script '/home/lab/robocar/src/install/teleop_twist_joy/share/teleop_twist_joy/package.ps1'
[10.650s] INFO:colcon.colcon_core.shell:Creating package descriptor '/home/lab/robocar/src/install/teleop_twist_joy/share/teleop_twist_joy/package.dsv'
[10.653s] INFO:colcon.colcon_core.shell:Creating package script '/home/lab/robocar/src/install/teleop_twist_joy/share/teleop_twist_joy/package.sh'
[10.657s] INFO:colcon.colcon_core.shell:Creating package script '/home/lab/robocar/src/install/teleop_twist_joy/share/teleop_twist_joy/package.bash'
[10.660s] INFO:colcon.colcon_core.shell:Creating package script '/home/lab/robocar/src/install/teleop_twist_joy/share/teleop_twist_joy/package.zsh'
[10.663s] Level 1:colcon.colcon_core.environment:create_file_with_runtime_dependencies(/home/lab/robocar/src/install/teleop_twist_joy/share/colcon-core/packages/teleop_twist_joy)
[10.914s] DEBUG:colcon.colcon_core.event_handler.log_command:Invoking command in '/home/lab/robocar/src/robocar_pkg': PYTHONPATH=/home/lab/robocar/src/build/robocar_pkg/prefix_override:/home/lab/robocar/src/install/robocar_pkg/lib/python3.10/site-packages:${PYTHONPATH} VIRTUAL_ENV_PROMPT=(.venv) /home/lab/robocar/.venv/bin/python3 -W ignore:setup.py install is deprecated setup.py egg_info --egg-base ../build/robocar_pkg build --build-base /home/lab/robocar/src/build/robocar_pkg/build install --record /home/lab/robocar/src/build/robocar_pkg/install.log --single-version-externally-managed install_data
[11.251s] Level 1:colcon.colcon_core.environment:create_environment_scripts_only(messages_pkg)
[11.253s] Level 1:colcon.colcon_core.environment:checking '/home/lab/robocar/src/install/messages_pkg' for CMake module files
[11.260s] Level 1:colcon.colcon_core.environment:checking '/home/lab/robocar/src/install/messages_pkg' for CMake config files
[11.277s] Level 1:colcon.colcon_core.shell:create_environment_hook('messages_pkg', 'cmake_prefix_path')
[11.280s] INFO:colcon.colcon_core.shell:Creating environment hook '/home/lab/robocar/src/install/messages_pkg/share/messages_pkg/hook/cmake_prefix_path.ps1'
[11.284s] INFO:colcon.colcon_core.shell:Creating environment descriptor '/home/lab/robocar/src/install/messages_pkg/share/messages_pkg/hook/cmake_prefix_path.dsv'
[11.288s] INFO:colcon.colcon_core.shell:Creating environment hook '/home/lab/robocar/src/install/messages_pkg/share/messages_pkg/hook/cmake_prefix_path.sh'
[11.294s] Level 1:colcon.colcon_core.environment:checking '/home/lab/robocar/src/install/messages_pkg/lib'
[11.297s] Level 1:colcon.colcon_core.shell:create_environment_hook('messages_pkg', 'ld_library_path_lib')
[11.300s] INFO:colcon.colcon_core.shell:Creating environment hook '/home/lab/robocar/src/install/messages_pkg/share/messages_pkg/hook/ld_library_path_lib.ps1'
[11.304s] INFO:colcon.colcon_core.shell:Creating environment descriptor '/home/lab/robocar/src/install/messages_pkg/share/messages_pkg/hook/ld_library_path_lib.dsv'
[11.318s] INFO:colcon.colcon_core.shell:Creating environment hook '/home/lab/robocar/src/install/messages_pkg/share/messages_pkg/hook/ld_library_path_lib.sh'
[11.324s] Level 1:colcon.colcon_core.environment:checking '/home/lab/robocar/src/install/messages_pkg/bin'
[11.326s] Level 1:colcon.colcon_core.environment:checking '/home/lab/robocar/src/install/messages_pkg/lib/pkgconfig/messages_pkg.pc'
[11.329s] Level 1:colcon.colcon_core.environment:checking '/home/lab/robocar/src/install/messages_pkg/lib/python3.10/site-packages'
[11.331s] Level 1:colcon.colcon_core.shell:create_environment_hook('messages_pkg', 'pythonpath')
[11.333s] INFO:colcon.colcon_core.shell:Creating environment hook '/home/lab/robocar/src/install/messages_pkg/share/messages_pkg/hook/pythonpath.ps1'
[11.339s] INFO:colcon.colcon_core.shell:Creating environment descriptor '/home/lab/robocar/src/install/messages_pkg/share/messages_pkg/hook/pythonpath.dsv'
[11.343s] INFO:colcon.colcon_core.shell:Creating environment hook '/home/lab/robocar/src/install/messages_pkg/share/messages_pkg/hook/pythonpath.sh'
[11.350s] Level 1:colcon.colcon_core.environment:checking '/home/lab/robocar/src/install/messages_pkg/bin'
[11.353s] INFO:colcon.colcon_core.shell:Creating package script '/home/lab/robocar/src/install/messages_pkg/share/messages_pkg/package.ps1'
[11.360s] INFO:colcon.colcon_core.shell:Creating package descriptor '/home/lab/robocar/src/install/messages_pkg/share/messages_pkg/package.dsv'
[11.366s] INFO:colcon.colcon_core.shell:Creating package script '/home/lab/robocar/src/install/messages_pkg/share/messages_pkg/package.sh'
[11.373s] INFO:colcon.colcon_core.shell:Creating package script '/home/lab/robocar/src/install/messages_pkg/share/messages_pkg/package.bash'
[11.377s] INFO:colcon.colcon_core.shell:Creating package script '/home/lab/robocar/src/install/messages_pkg/share/messages_pkg/package.zsh'
[11.380s] Level 1:colcon.colcon_core.environment:create_file_with_runtime_dependencies(/home/lab/robocar/src/install/messages_pkg/share/colcon-core/packages/messages_pkg)
[11.388s] Level 1:colcon.colcon_core.environment:checking '/home/lab/robocar/src/install/robocar_package' for CMake module files
[11.391s] DEBUG:colcon.colcon_core.event_handler.log_command:Invoked command in '/home/lab/robocar/src/robocar_package' returned '0': PYTHONPATH=/home/lab/robocar/src/build/robocar_package/prefix_override:/home/lab/robocar/src/install/robocar_package/lib/python3.10/site-packages:${PYTHONPATH} VIRTUAL_ENV_PROMPT=(.venv) /home/lab/robocar/.venv/bin/python3 -W ignore:setup.py install is deprecated setup.py egg_info --egg-base ../build/robocar_package build --build-base /home/lab/robocar/src/build/robocar_package/build install --record /home/lab/robocar/src/build/robocar_package/install.log --single-version-externally-managed install_data
[11.394s] Level 1:colcon.colcon_core.environment:checking '/home/lab/robocar/src/install/robocar_package' for CMake config files
[11.398s] Level 1:colcon.colcon_core.environment:checking '/home/lab/robocar/src/install/robocar_package/lib'
[11.399s] Level 1:colcon.colcon_core.environment:checking '/home/lab/robocar/src/install/robocar_package/bin'
[11.400s] Level 1:colcon.colcon_core.environment:checking '/home/lab/robocar/src/install/robocar_package/lib/pkgconfig/robocar_package.pc'
[11.401s] Level 1:colcon.colcon_core.environment:checking '/home/lab/robocar/src/install/robocar_package/lib/python3.10/site-packages'
[11.402s] Level 1:colcon.colcon_core.shell:create_environment_hook('robocar_package', 'pythonpath')
[11.404s] INFO:colcon.colcon_core.shell:Creating environment hook '/home/lab/robocar/src/install/robocar_package/share/robocar_package/hook/pythonpath.ps1'
[11.406s] INFO:colcon.colcon_core.shell:Creating environment descriptor '/home/lab/robocar/src/install/robocar_package/share/robocar_package/hook/pythonpath.dsv'
[11.410s] INFO:colcon.colcon_core.shell:Creating environment hook '/home/lab/robocar/src/install/robocar_package/share/robocar_package/hook/pythonpath.sh'
[11.413s] Level 1:colcon.colcon_core.environment:checking '/home/lab/robocar/src/install/robocar_package/bin'
[11.414s] Level 1:colcon.colcon_core.environment:create_environment_scripts_only(robocar_package)
[11.416s] INFO:colcon.colcon_core.shell:Creating package script '/home/lab/robocar/src/install/robocar_package/share/robocar_package/package.ps1'
[11.419s] INFO:colcon.colcon_core.shell:Creating package descriptor '/home/lab/robocar/src/install/robocar_package/share/robocar_package/package.dsv'
[11.422s] INFO:colcon.colcon_core.shell:Creating package script '/home/lab/robocar/src/install/robocar_package/share/robocar_package/package.sh'
[11.424s] INFO:colcon.colcon_core.shell:Creating package script '/home/lab/robocar/src/install/robocar_package/share/robocar_package/package.bash'
[11.427s] INFO:colcon.colcon_core.shell:Creating package script '/home/lab/robocar/src/install/robocar_package/share/robocar_package/package.zsh'
[11.429s] Level 1:colcon.colcon_core.environment:create_file_with_runtime_dependencies(/home/lab/robocar/src/install/robocar_package/share/colcon-core/packages/robocar_package)
[12.365s] Level 1:colcon.colcon_core.environment:checking '/home/lab/robocar/src/install/robocar_pkg' for CMake module files
[12.367s] DEBUG:colcon.colcon_core.event_handler.log_command:Invoked command in '/home/lab/robocar/src/robocar_pkg' returned '0': PYTHONPATH=/home/lab/robocar/src/build/robocar_pkg/prefix_override:/home/lab/robocar/src/install/robocar_pkg/lib/python3.10/site-packages:${PYTHONPATH} VIRTUAL_ENV_PROMPT=(.venv) /home/lab/robocar/.venv/bin/python3 -W ignore:setup.py install is deprecated setup.py egg_info --egg-base ../build/robocar_pkg build --build-base /home/lab/robocar/src/build/robocar_pkg/build install --record /home/lab/robocar/src/build/robocar_pkg/install.log --single-version-externally-managed install_data
[12.369s] Level 1:colcon.colcon_core.environment:checking '/home/lab/robocar/src/install/robocar_pkg' for CMake config files
[12.375s] Level 1:colcon.colcon_core.environment:checking '/home/lab/robocar/src/install/robocar_pkg/lib'
[12.375s] Level 1:colcon.colcon_core.environment:checking '/home/lab/robocar/src/install/robocar_pkg/bin'
[12.376s] Level 1:colcon.colcon_core.environment:checking '/home/lab/robocar/src/install/robocar_pkg/lib/pkgconfig/robocar_pkg.pc'
[12.377s] Level 1:colcon.colcon_core.environment:checking '/home/lab/robocar/src/install/robocar_pkg/lib/python3.10/site-packages'
[12.378s] Level 1:colcon.colcon_core.shell:create_environment_hook('robocar_pkg', 'pythonpath')
[12.379s] INFO:colcon.colcon_core.shell:Creating environment hook '/home/lab/robocar/src/install/robocar_pkg/share/robocar_pkg/hook/pythonpath.ps1'
[12.381s] INFO:colcon.colcon_core.shell:Creating environment descriptor '/home/lab/robocar/src/install/robocar_pkg/share/robocar_pkg/hook/pythonpath.dsv'
[12.383s] INFO:colcon.colcon_core.shell:Creating environment hook '/home/lab/robocar/src/install/robocar_pkg/share/robocar_pkg/hook/pythonpath.sh'
[12.386s] Level 1:colcon.colcon_core.environment:checking '/home/lab/robocar/src/install/robocar_pkg/bin'
[12.386s] Level 1:colcon.colcon_core.environment:create_environment_scripts_only(robocar_pkg)
[12.388s] INFO:colcon.colcon_core.shell:Creating package script '/home/lab/robocar/src/install/robocar_pkg/share/robocar_pkg/package.ps1'
[12.390s] INFO:colcon.colcon_core.shell:Creating package descriptor '/home/lab/robocar/src/install/robocar_pkg/share/robocar_pkg/package.dsv'
[12.392s] INFO:colcon.colcon_core.shell:Creating package script '/home/lab/robocar/src/install/robocar_pkg/share/robocar_pkg/package.sh'
[12.395s] INFO:colcon.colcon_core.shell:Creating package script '/home/lab/robocar/src/install/robocar_pkg/share/robocar_pkg/package.bash'
[12.397s] INFO:colcon.colcon_core.shell:Creating package script '/home/lab/robocar/src/install/robocar_pkg/share/robocar_pkg/package.zsh'
[12.399s] Level 1:colcon.colcon_core.environment:create_file_with_runtime_dependencies(/home/lab/robocar/src/install/robocar_pkg/share/colcon-core/packages/robocar_pkg)
[12.400s] DEBUG:colcon.colcon_parallel_executor.executor.parallel:closing loop
[12.401s] DEBUG:colcon.colcon_parallel_executor.executor.parallel:loop closed
[12.401s] DEBUG:colcon.colcon_parallel_executor.executor.parallel:run_until_complete finished with '0'
[12.402s] DEBUG:colcon.colcon_core.event_reactor:joining thread
[12.411s] INFO:colcon.colcon_core.plugin_system:Skipping extension 'colcon_notification.desktop_notification.notify2': 'notify2' not found
[12.413s] INFO:colcon.colcon_core.plugin_system:Skipping extension 'colcon_notification.desktop_notification.terminal_notifier': Not used on non-Darwin systems
[12.413s] INFO:colcon.colcon_core.plugin_system:Skipping extension 'colcon_notification.desktop_notification.win32': Not used on non-Windows systems
[12.413s] INFO:colcon.colcon_notification.desktop_notification:Sending desktop notification using 'notify_send'
[12.464s] DEBUG:colcon.colcon_core.event_reactor:joined thread
[12.465s] INFO:colcon.colcon_core.shell:Creating prefix script '/home/lab/robocar/src/install/local_setup.ps1'
[12.470s] INFO:colcon.colcon_core.shell:Creating prefix util module '/home/lab/robocar/src/install/_local_setup_util_ps1.py'
[12.477s] INFO:colcon.colcon_core.shell:Creating prefix chain script '/home/lab/robocar/src/install/setup.ps1'
[12.482s] INFO:colcon.colcon_core.shell:Creating prefix script '/home/lab/robocar/src/install/local_setup.sh'
[12.485s] INFO:colcon.colcon_core.shell:Creating prefix util module '/home/lab/robocar/src/install/_local_setup_util_sh.py'
[12.488s] INFO:colcon.colcon_core.shell:Creating prefix chain script '/home/lab/robocar/src/install/setup.sh'
[12.493s] INFO:colcon.colcon_core.shell:Creating prefix script '/home/lab/robocar/src/install/local_setup.bash'
[12.496s] INFO:colcon.colcon_core.shell:Creating prefix chain script '/home/lab/robocar/src/install/setup.bash'
[12.501s] INFO:colcon.colcon_core.shell:Creating prefix script '/home/lab/robocar/src/install/local_setup.zsh'
[12.503s] INFO:colcon.colcon_core.shell:Creating prefix chain script '/home/lab/robocar/src/install/setup.zsh'
