[0.692s] DEBUG:colcon:Command line arguments: ['/home/lab/robocar/.venv/bin/colcon', 'build']
[0.692s] DEBUG:colcon:Parsed command line arguments: Namespace(log_base=None, log_level=None, verb_name='build', build_base='build', install_base='install', merge_install=False, symlink_install=False, test_result_base=None, continue_on_error=False, executor='parallel', parallel_workers=4, event_handlers=None, ignore_user_meta=False, metas=['./colcon.meta'], base_paths=['.'], packages_ignore=None, packages_ignore_regex=None, paths=None, packages_up_to=None, packages_up_to_regex=None, packages_above=None, packages_above_and_dependencies=None, packages_above_depth=None, packages_select_by_dep=None, packages_skip_by_dep=None, packages_skip_up_to=None, packages_select_build_failed=False, packages_skip_build_finished=False, packages_select_test_failures=False, packages_skip_test_passed=False, packages_select=None, packages_skip=None, packages_select_regex=None, packages_skip_regex=None, packages_start=None, packages_end=None, cmake_args=None, cmake_target=None, cmake_target_skip_unavailable=False, cmake_clean_cache=False, cmake_clean_first=False, cmake_force_configure=False, ament_cmake_args=None, catkin_cmake_args=None, catkin_skip_building_tests=False, verb_parser=<colcon_defaults.argument_parser.defaults.DefaultArgumentsDecorator object at 0xffff9fab9ba0>, verb_extension=<colcon_core.verb.build.BuildVerb object at 0xffff9fc3a8c0>, main=<bound method BuildVerb.main of <colcon_core.verb.build.BuildVerb object at 0xffff9fc3a8c0>>)
[1.341s] Level 1:colcon.colcon_core.package_discovery:discover_packages(colcon_meta) check parameters
[1.342s] Level 1:colcon.colcon_core.package_discovery:discover_packages(recursive) check parameters
[1.347s] Level 1:colcon.colcon_core.package_discovery:discover_packages(ignore) check parameters
[1.347s] Level 1:colcon.colcon_core.package_discovery:discover_packages(path) check parameters
[1.347s] Level 1:colcon.colcon_core.package_discovery:discover_packages(colcon_meta) discover
[1.348s] Level 1:colcon.colcon_core.package_discovery:discover_packages(recursive) discover
[1.348s] INFO:colcon.colcon_core.package_discovery:Crawling recursively for packages in '/home/lab/robocar/src'
[1.349s] Level 1:colcon.colcon_core.package_identification:_identify(.) by extensions ['ignore', 'ignore_ament_install']
[1.349s] Level 1:colcon.colcon_core.package_identification:_identify(.) by extension 'ignore'
[1.350s] Level 1:colcon.colcon_core.package_identification:_identify(.) by extension 'ignore_ament_install'
[1.350s] Level 1:colcon.colcon_core.package_identification:_identify(.) by extensions ['colcon_pkg']
[1.350s] Level 1:colcon.colcon_core.package_identification:_identify(.) by extension 'colcon_pkg'
[1.350s] Level 1:colcon.colcon_core.package_identification:_identify(.) by extensions ['colcon_meta']
[1.351s] Level 1:colcon.colcon_core.package_identification:_identify(.) by extension 'colcon_meta'
[1.351s] Level 1:colcon.colcon_core.package_identification:_identify(.) by extensions ['ros']
[1.351s] Level 1:colcon.colcon_core.package_identification:_identify(.) by extension 'ros'
[1.485s] Level 1:colcon.colcon_core.package_identification:_identify(.) by extensions ['cmake', 'python']
[1.486s] Level 1:colcon.colcon_core.package_identification:_identify(.) by extension 'cmake'
[1.486s] Level 1:colcon.colcon_core.package_identification:_identify(.) by extension 'python'
[1.487s] Level 1:colcon.colcon_core.package_identification:_identify(.) by extensions ['python_setup_py']
[1.487s] Level 1:colcon.colcon_core.package_identification:_identify(.) by extension 'python_setup_py'
[1.488s] Level 1:colcon.colcon_core.package_identification:_identify(build) by extensions ['ignore', 'ignore_ament_install']
[1.489s] Level 1:colcon.colcon_core.package_identification:_identify(build) by extension 'ignore'
[1.489s] Level 1:colcon.colcon_core.package_identification:_identify(build) ignored
[1.490s] Level 1:colcon.colcon_core.package_identification:_identify(install) by extensions ['ignore', 'ignore_ament_install']
[1.491s] Level 1:colcon.colcon_core.package_identification:_identify(install) by extension 'ignore'
[1.492s] Level 1:colcon.colcon_core.package_identification:_identify(install) ignored
[1.493s] Level 1:colcon.colcon_core.package_identification:_identify(log) by extensions ['ignore', 'ignore_ament_install']
[1.494s] Level 1:colcon.colcon_core.package_identification:_identify(log) by extension 'ignore'
[1.494s] Level 1:colcon.colcon_core.package_identification:_identify(log) ignored
[1.495s] Level 1:colcon.colcon_core.package_identification:_identify(messages_pkg) by extensions ['ignore', 'ignore_ament_install']
[1.496s] Level 1:colcon.colcon_core.package_identification:_identify(messages_pkg) by extension 'ignore'
[1.496s] Level 1:colcon.colcon_core.package_identification:_identify(messages_pkg) by extension 'ignore_ament_install'
[1.497s] Level 1:colcon.colcon_core.package_identification:_identify(messages_pkg) by extensions ['colcon_pkg']
[1.497s] Level 1:colcon.colcon_core.package_identification:_identify(messages_pkg) by extension 'colcon_pkg'
[1.498s] Level 1:colcon.colcon_core.package_identification:_identify(messages_pkg) by extensions ['colcon_meta']
[1.498s] Level 1:colcon.colcon_core.package_identification:_identify(messages_pkg) by extension 'colcon_meta'
[1.499s] Level 1:colcon.colcon_core.package_identification:_identify(messages_pkg) by extensions ['ros']
[1.499s] Level 1:colcon.colcon_core.package_identification:_identify(messages_pkg) by extension 'ros'
[1.512s] DEBUG:colcon.colcon_core.package_identification:Package 'messages_pkg' with type 'ros.ament_cmake' and name 'messages_pkg'
[1.513s] Level 1:colcon.colcon_core.package_identification:_identify(robocar_package) by extensions ['ignore', 'ignore_ament_install']
[1.513s] Level 1:colcon.colcon_core.package_identification:_identify(robocar_package) by extension 'ignore'
[1.514s] Level 1:colcon.colcon_core.package_identification:_identify(robocar_package) by extension 'ignore_ament_install'
[1.514s] Level 1:colcon.colcon_core.package_identification:_identify(robocar_package) by extensions ['colcon_pkg']
[1.514s] Level 1:colcon.colcon_core.package_identification:_identify(robocar_package) by extension 'colcon_pkg'
[1.515s] Level 1:colcon.colcon_core.package_identification:_identify(robocar_package) by extensions ['colcon_meta']
[1.515s] Level 1:colcon.colcon_core.package_identification:_identify(robocar_package) by extension 'colcon_meta'
[1.516s] Level 1:colcon.colcon_core.package_identification:_identify(robocar_package) by extensions ['ros']
[1.516s] Level 1:colcon.colcon_core.package_identification:_identify(robocar_package) by extension 'ros'
[1.519s] DEBUG:colcon.colcon_core.package_identification:Failed to parse potential ROS package manifest in'robocar_package': Error(s) in package 'robocar_package/package.xml':
The manifest contains invalid XML:
mismatched tag: line 30, column 2
[1.519s] Level 1:colcon.colcon_core.package_identification:_identify(robocar_package) by extensions ['cmake', 'python']
[1.520s] Level 1:colcon.colcon_core.package_identification:_identify(robocar_package) by extension 'cmake'
[1.520s] Level 1:colcon.colcon_core.package_identification:_identify(robocar_package) by extension 'python'
[1.521s] DEBUG:colcon.colcon_core.package_identification:Python package in 'robocar_package' passes arguments to the setup() function which requires a different identification extension than 'python'
[1.521s] Level 1:colcon.colcon_core.package_identification:_identify(robocar_package) by extensions ['python_setup_py']
[1.522s] Level 1:colcon.colcon_core.package_identification:_identify(robocar_package) by extension 'python_setup_py'
[2.948s] DEBUG:colcon.colcon_core.package_identification:Package 'robocar_package' with type 'python' and name 'robocar_package'
[2.949s] Level 1:colcon.colcon_core.package_identification:_identify(teleop_twist_joy) by extensions ['ignore', 'ignore_ament_install']
[2.950s] Level 1:colcon.colcon_core.package_identification:_identify(teleop_twist_joy) by extension 'ignore'
[2.950s] Level 1:colcon.colcon_core.package_identification:_identify(teleop_twist_joy) by extension 'ignore_ament_install'
[2.951s] Level 1:colcon.colcon_core.package_identification:_identify(teleop_twist_joy) by extensions ['colcon_pkg']
[2.951s] Level 1:colcon.colcon_core.package_identification:_identify(teleop_twist_joy) by extension 'colcon_pkg'
[2.952s] Level 1:colcon.colcon_core.package_identification:_identify(teleop_twist_joy) by extensions ['colcon_meta']
[2.952s] Level 1:colcon.colcon_core.package_identification:_identify(teleop_twist_joy) by extension 'colcon_meta'
[2.952s] Level 1:colcon.colcon_core.package_identification:_identify(teleop_twist_joy) by extensions ['ros']
[2.953s] Level 1:colcon.colcon_core.package_identification:_identify(teleop_twist_joy) by extension 'ros'
[2.957s] DEBUG:colcon.colcon_core.package_identification:Package 'teleop_twist_joy' with type 'ros.ament_cmake' and name 'teleop_twist_joy'
[2.958s] Level 1:colcon.colcon_core.package_discovery:discover_packages(recursive) using defaults
[2.958s] Level 1:colcon.colcon_core.package_discovery:discover_packages(ignore) discover
[2.959s] Level 1:colcon.colcon_core.package_discovery:discover_packages(ignore) using defaults
[2.959s] Level 1:colcon.colcon_core.package_discovery:discover_packages(path) discover
[2.960s] Level 1:colcon.colcon_core.package_discovery:discover_packages(path) using defaults
[3.100s] Level 5:colcon.colcon_core.verb:set package 'messages_pkg' build argument 'cmake_args' from command line to 'None'
[3.100s] Level 5:colcon.colcon_core.verb:set package 'messages_pkg' build argument 'cmake_target' from command line to 'None'
[3.100s] Level 5:colcon.colcon_core.verb:set package 'messages_pkg' build argument 'cmake_target_skip_unavailable' from command line to 'False'
[3.101s] Level 5:colcon.colcon_core.verb:set package 'messages_pkg' build argument 'cmake_clean_cache' from command line to 'False'
[3.101s] Level 5:colcon.colcon_core.verb:set package 'messages_pkg' build argument 'cmake_clean_first' from command line to 'False'
[3.101s] Level 5:colcon.colcon_core.verb:set package 'messages_pkg' build argument 'cmake_force_configure' from command line to 'False'
[3.101s] Level 5:colcon.colcon_core.verb:set package 'messages_pkg' build argument 'ament_cmake_args' from command line to 'None'
[3.102s] Level 5:colcon.colcon_core.verb:set package 'messages_pkg' build argument 'catkin_cmake_args' from command line to 'None'
[3.102s] Level 5:colcon.colcon_core.verb:set package 'messages_pkg' build argument 'catkin_skip_building_tests' from command line to 'False'
[3.102s] DEBUG:colcon.colcon_core.verb:Building package 'messages_pkg' with the following arguments: {'ament_cmake_args': None, 'build_base': '/home/lab/robocar/src/build/messages_pkg', 'catkin_cmake_args': None, 'catkin_skip_building_tests': False, 'cmake_args': None, 'cmake_clean_cache': False, 'cmake_clean_first': False, 'cmake_force_configure': False, 'cmake_target': None, 'cmake_target_skip_unavailable': False, 'install_base': '/home/lab/robocar/src/install/messages_pkg', 'merge_install': False, 'path': '/home/lab/robocar/src/messages_pkg', 'symlink_install': False, 'test_result_base': None}
[3.104s] Level 5:colcon.colcon_core.verb:set package 'robocar_package' build argument 'cmake_args' from command line to 'None'
[3.105s] Level 5:colcon.colcon_core.verb:set package 'robocar_package' build argument 'cmake_target' from command line to 'None'
[3.105s] Level 5:colcon.colcon_core.verb:set package 'robocar_package' build argument 'cmake_target_skip_unavailable' from command line to 'False'
[3.106s] Level 5:colcon.colcon_core.verb:set package 'robocar_package' build argument 'cmake_clean_cache' from command line to 'False'
[3.106s] Level 5:colcon.colcon_core.verb:set package 'robocar_package' build argument 'cmake_clean_first' from command line to 'False'
[3.106s] Level 5:colcon.colcon_core.verb:set package 'robocar_package' build argument 'cmake_force_configure' from command line to 'False'
[3.106s] Level 5:colcon.colcon_core.verb:set package 'robocar_package' build argument 'ament_cmake_args' from command line to 'None'
[3.106s] Level 5:colcon.colcon_core.verb:set package 'robocar_package' build argument 'catkin_cmake_args' from command line to 'None'
[3.106s] Level 5:colcon.colcon_core.verb:set package 'robocar_package' build argument 'catkin_skip_building_tests' from command line to 'False'
[3.107s] DEBUG:colcon.colcon_core.verb:Building package 'robocar_package' with the following arguments: {'ament_cmake_args': None, 'build_base': '/home/lab/robocar/src/build/robocar_package', 'catkin_cmake_args': None, 'catkin_skip_building_tests': False, 'cmake_args': None, 'cmake_clean_cache': False, 'cmake_clean_first': False, 'cmake_force_configure': False, 'cmake_target': None, 'cmake_target_skip_unavailable': False, 'install_base': '/home/lab/robocar/src/install/robocar_package', 'merge_install': False, 'path': '/home/lab/robocar/src/robocar_package', 'symlink_install': False, 'test_result_base': None}
[3.109s] Level 5:colcon.colcon_core.verb:set package 'teleop_twist_joy' build argument 'cmake_args' from command line to 'None'
[3.109s] Level 5:colcon.colcon_core.verb:set package 'teleop_twist_joy' build argument 'cmake_target' from command line to 'None'
[3.110s] Level 5:colcon.colcon_core.verb:set package 'teleop_twist_joy' build argument 'cmake_target_skip_unavailable' from command line to 'False'
[3.110s] Level 5:colcon.colcon_core.verb:set package 'teleop_twist_joy' build argument 'cmake_clean_cache' from command line to 'False'
[3.110s] Level 5:colcon.colcon_core.verb:set package 'teleop_twist_joy' build argument 'cmake_clean_first' from command line to 'False'
[3.110s] Level 5:colcon.colcon_core.verb:set package 'teleop_twist_joy' build argument 'cmake_force_configure' from command line to 'False'
[3.110s] Level 5:colcon.colcon_core.verb:set package 'teleop_twist_joy' build argument 'ament_cmake_args' from command line to 'None'
[3.110s] Level 5:colcon.colcon_core.verb:set package 'teleop_twist_joy' build argument 'catkin_cmake_args' from command line to 'None'
[3.111s] Level 5:colcon.colcon_core.verb:set package 'teleop_twist_joy' build argument 'catkin_skip_building_tests' from command line to 'False'
[3.111s] DEBUG:colcon.colcon_core.verb:Building package 'teleop_twist_joy' with the following arguments: {'ament_cmake_args': None, 'build_base': '/home/lab/robocar/src/build/teleop_twist_joy', 'catkin_cmake_args': None, 'catkin_skip_building_tests': False, 'cmake_args': None, 'cmake_clean_cache': False, 'cmake_clean_first': False, 'cmake_force_configure': False, 'cmake_target': None, 'cmake_target_skip_unavailable': False, 'install_base': '/home/lab/robocar/src/install/teleop_twist_joy', 'merge_install': False, 'path': '/home/lab/robocar/src/teleop_twist_joy', 'symlink_install': False, 'test_result_base': None}
[3.112s] INFO:colcon.colcon_core.executor:Executing jobs using 'parallel' executor
[3.117s] DEBUG:colcon.colcon_parallel_executor.executor.parallel:run_until_complete
[3.118s] INFO:colcon.colcon_ros.task.ament_cmake.build:Building ROS package in '/home/lab/robocar/src/messages_pkg' with build type 'ament_cmake'
[3.119s] INFO:colcon.colcon_cmake.task.cmake.build:Building CMake package in '/home/lab/robocar/src/messages_pkg'
[3.138s] INFO:colcon.colcon_core.plugin_system:Skipping extension 'colcon_core.shell.bat': Not used on non-Windows systems
[3.141s] INFO:colcon.colcon_core.shell:Skip shell extension 'powershell' for command environment: Not usable outside of PowerShell
[3.142s] DEBUG:colcon.colcon_core.shell:Skip shell extension 'dsv' for command environment
[3.150s] WARNING:colcon.colcon_ros.prefix_path.ament:The path '/home/lab/robocar/src/install/robocar_pkg' in the environment variable AMENT_PREFIX_PATH doesn't exist
[3.152s] WARNING:colcon.colcon_ros.prefix_path.catkin:The path '/home/lab/robocar/src/install/robocar_pkg' in the environment variable CMAKE_PREFIX_PATH doesn't exist
[3.189s] INFO:colcon.colcon_core.task.python.build:Building Python package in '/home/lab/robocar/src/robocar_package'
[3.191s] INFO:colcon.colcon_core.shell:Skip shell extension 'powershell' for command environment: Not usable outside of PowerShell
[3.192s] DEBUG:colcon.colcon_core.shell:Skip shell extension 'dsv' for command environment
[3.231s] INFO:colcon.colcon_ros.task.ament_cmake.build:Building ROS package in '/home/lab/robocar/src/teleop_twist_joy' with build type 'ament_cmake'
[3.232s] INFO:colcon.colcon_cmake.task.cmake.build:Building CMake package in '/home/lab/robocar/src/teleop_twist_joy'
[3.233s] INFO:colcon.colcon_core.shell:Skip shell extension 'powershell' for command environment: Not usable outside of PowerShell
[3.234s] DEBUG:colcon.colcon_core.shell:Skip shell extension 'dsv' for command environment
[3.307s] DEBUG:colcon.colcon_core.event_handler.log_command:Invoking command in '/home/lab/robocar/src/build/messages_pkg': CMAKE_PREFIX_PATH=${CMAKE_PREFIX_PATH}:/opt/ros/iron VIRTUAL_ENV_PROMPT=(.venv) /usr/bin/cmake --build /home/lab/robocar/src/build/messages_pkg -- -j4 -l4
[5.957s] DEBUG:colcon.colcon_core.event_handler.log_command:Invoking command in '/home/lab/robocar/src/build/teleop_twist_joy': CMAKE_PREFIX_PATH=${CMAKE_PREFIX_PATH}:/opt/ros/iron VIRTUAL_ENV_PROMPT=(.venv) /usr/bin/cmake --build /home/lab/robocar/src/build/teleop_twist_joy -- -j4 -l4
[6.014s] DEBUG:colcon.colcon_core.event_handler.log_command:Invoked command in '/home/lab/robocar/src/build/messages_pkg' returned '0': CMAKE_PREFIX_PATH=${CMAKE_PREFIX_PATH}:/opt/ros/iron VIRTUAL_ENV_PROMPT=(.venv) /usr/bin/cmake --build /home/lab/robocar/src/build/messages_pkg -- -j4 -l4
[6.679s] DEBUG:colcon.colcon_core.event_handler.log_command:Invoked command in '/home/lab/robocar/src/build/teleop_twist_joy' returned '0': CMAKE_PREFIX_PATH=${CMAKE_PREFIX_PATH}:/opt/ros/iron VIRTUAL_ENV_PROMPT=(.venv) /usr/bin/cmake --build /home/lab/robocar/src/build/teleop_twist_joy -- -j4 -l4
[6.757s] DEBUG:colcon.colcon_core.event_handler.log_command:Invoking command in '/home/lab/robocar/src/build/messages_pkg': CMAKE_PREFIX_PATH=${CMAKE_PREFIX_PATH}:/opt/ros/iron VIRTUAL_ENV_PROMPT=(.venv) /usr/bin/cmake --install /home/lab/robocar/src/build/messages_pkg
[7.115s] DEBUG:colcon.colcon_core.event_handler.log_command:Invoking command in '/home/lab/robocar/src/build/teleop_twist_joy': CMAKE_PREFIX_PATH=${CMAKE_PREFIX_PATH}:/opt/ros/iron VIRTUAL_ENV_PROMPT=(.venv) /usr/bin/cmake --install /home/lab/robocar/src/build/teleop_twist_joy
[7.306s] Level 1:colcon.colcon_core.environment:create_environment_scripts_only(teleop_twist_joy)
[7.341s] Level 1:colcon.colcon_core.environment:checking '/home/lab/robocar/src/install/teleop_twist_joy' for CMake module files
[7.345s] Level 1:colcon.colcon_core.environment:checking '/home/lab/robocar/src/install/teleop_twist_joy' for CMake config files
[7.359s] Level 1:colcon.colcon_core.shell:create_environment_hook('teleop_twist_joy', 'cmake_prefix_path')
[7.361s] INFO:colcon.colcon_core.shell:Creating environment hook '/home/lab/robocar/src/install/teleop_twist_joy/share/teleop_twist_joy/hook/cmake_prefix_path.ps1'
[7.368s] DEBUG:colcon.colcon_core.event_handler.log_command:Invoked command in '/home/lab/robocar/src/build/teleop_twist_joy' returned '0': CMAKE_PREFIX_PATH=${CMAKE_PREFIX_PATH}:/opt/ros/iron VIRTUAL_ENV_PROMPT=(.venv) /usr/bin/cmake --install /home/lab/robocar/src/build/teleop_twist_joy
[7.375s] INFO:colcon.colcon_core.shell:Creating environment descriptor '/home/lab/robocar/src/install/teleop_twist_joy/share/teleop_twist_joy/hook/cmake_prefix_path.dsv'
[7.378s] INFO:colcon.colcon_core.shell:Creating environment hook '/home/lab/robocar/src/install/teleop_twist_joy/share/teleop_twist_joy/hook/cmake_prefix_path.sh'
[7.383s] Level 1:colcon.colcon_core.environment:checking '/home/lab/robocar/src/install/teleop_twist_joy/lib'
[7.384s] Level 1:colcon.colcon_core.shell:create_environment_hook('teleop_twist_joy', 'ld_library_path_lib')
[7.385s] INFO:colcon.colcon_core.shell:Creating environment hook '/home/lab/robocar/src/install/teleop_twist_joy/share/teleop_twist_joy/hook/ld_library_path_lib.ps1'
[7.389s] INFO:colcon.colcon_core.shell:Creating environment descriptor '/home/lab/robocar/src/install/teleop_twist_joy/share/teleop_twist_joy/hook/ld_library_path_lib.dsv'
[7.391s] INFO:colcon.colcon_core.shell:Creating environment hook '/home/lab/robocar/src/install/teleop_twist_joy/share/teleop_twist_joy/hook/ld_library_path_lib.sh'
[7.394s] Level 1:colcon.colcon_core.environment:checking '/home/lab/robocar/src/install/teleop_twist_joy/bin'
[7.394s] Level 1:colcon.colcon_core.environment:checking '/home/lab/robocar/src/install/teleop_twist_joy/lib/pkgconfig/teleop_twist_joy.pc'
[7.396s] Level 1:colcon.colcon_core.environment:checking '/home/lab/robocar/src/install/teleop_twist_joy/lib/python3.10/site-packages'
[7.397s] Level 1:colcon.colcon_core.environment:checking '/home/lab/robocar/src/install/teleop_twist_joy/bin'
[7.399s] INFO:colcon.colcon_core.shell:Creating package script '/home/lab/robocar/src/install/teleop_twist_joy/share/teleop_twist_joy/package.ps1'
[7.406s] INFO:colcon.colcon_core.shell:Creating package descriptor '/home/lab/robocar/src/install/teleop_twist_joy/share/teleop_twist_joy/package.dsv'
[7.410s] INFO:colcon.colcon_core.shell:Creating package script '/home/lab/robocar/src/install/teleop_twist_joy/share/teleop_twist_joy/package.sh'
[7.414s] INFO:colcon.colcon_core.shell:Creating package script '/home/lab/robocar/src/install/teleop_twist_joy/share/teleop_twist_joy/package.bash'
[7.420s] INFO:colcon.colcon_core.shell:Creating package script '/home/lab/robocar/src/install/teleop_twist_joy/share/teleop_twist_joy/package.zsh'
[7.424s] Level 1:colcon.colcon_core.environment:create_file_with_runtime_dependencies(/home/lab/robocar/src/install/teleop_twist_joy/share/colcon-core/packages/teleop_twist_joy)
[7.435s] Level 1:colcon.colcon_core.environment:create_environment_scripts_only(messages_pkg)
[7.438s] Level 1:colcon.colcon_core.environment:checking '/home/lab/robocar/src/install/messages_pkg' for CMake module files
[7.436s] DEBUG:colcon.colcon_core.event_handler.log_command:Invoked command in '/home/lab/robocar/src/build/messages_pkg' returned '0': CMAKE_PREFIX_PATH=${CMAKE_PREFIX_PATH}:/opt/ros/iron VIRTUAL_ENV_PROMPT=(.venv) /usr/bin/cmake --install /home/lab/robocar/src/build/messages_pkg
[7.445s] Level 1:colcon.colcon_core.environment:checking '/home/lab/robocar/src/install/messages_pkg' for CMake config files
[7.457s] Level 1:colcon.colcon_core.shell:create_environment_hook('messages_pkg', 'cmake_prefix_path')
[7.459s] INFO:colcon.colcon_core.shell:Creating environment hook '/home/lab/robocar/src/install/messages_pkg/share/messages_pkg/hook/cmake_prefix_path.ps1'
[7.464s] INFO:colcon.colcon_core.shell:Creating environment descriptor '/home/lab/robocar/src/install/messages_pkg/share/messages_pkg/hook/cmake_prefix_path.dsv'
[7.467s] INFO:colcon.colcon_core.shell:Creating environment hook '/home/lab/robocar/src/install/messages_pkg/share/messages_pkg/hook/cmake_prefix_path.sh'
[7.473s] Level 1:colcon.colcon_core.environment:checking '/home/lab/robocar/src/install/messages_pkg/lib'
[7.475s] Level 1:colcon.colcon_core.shell:create_environment_hook('messages_pkg', 'ld_library_path_lib')
[7.477s] INFO:colcon.colcon_core.shell:Creating environment hook '/home/lab/robocar/src/install/messages_pkg/share/messages_pkg/hook/ld_library_path_lib.ps1'
[7.480s] INFO:colcon.colcon_core.shell:Creating environment descriptor '/home/lab/robocar/src/install/messages_pkg/share/messages_pkg/hook/ld_library_path_lib.dsv'
[7.483s] INFO:colcon.colcon_core.shell:Creating environment hook '/home/lab/robocar/src/install/messages_pkg/share/messages_pkg/hook/ld_library_path_lib.sh'
[7.489s] Level 1:colcon.colcon_core.environment:checking '/home/lab/robocar/src/install/messages_pkg/bin'
[7.490s] Level 1:colcon.colcon_core.environment:checking '/home/lab/robocar/src/install/messages_pkg/lib/pkgconfig/messages_pkg.pc'
[7.492s] Level 1:colcon.colcon_core.environment:checking '/home/lab/robocar/src/install/messages_pkg/lib/python3.10/site-packages'
[7.493s] Level 1:colcon.colcon_core.shell:create_environment_hook('messages_pkg', 'pythonpath')
[7.495s] INFO:colcon.colcon_core.shell:Creating environment hook '/home/lab/robocar/src/install/messages_pkg/share/messages_pkg/hook/pythonpath.ps1'
[7.499s] INFO:colcon.colcon_core.shell:Creating environment descriptor '/home/lab/robocar/src/install/messages_pkg/share/messages_pkg/hook/pythonpath.dsv'
[7.502s] INFO:colcon.colcon_core.shell:Creating environment hook '/home/lab/robocar/src/install/messages_pkg/share/messages_pkg/hook/pythonpath.sh'
[7.507s] Level 1:colcon.colcon_core.environment:checking '/home/lab/robocar/src/install/messages_pkg/bin'
[7.509s] INFO:colcon.colcon_core.shell:Creating package script '/home/lab/robocar/src/install/messages_pkg/share/messages_pkg/package.ps1'
[7.514s] INFO:colcon.colcon_core.shell:Creating package descriptor '/home/lab/robocar/src/install/messages_pkg/share/messages_pkg/package.dsv'
[7.518s] INFO:colcon.colcon_core.shell:Creating package script '/home/lab/robocar/src/install/messages_pkg/share/messages_pkg/package.sh'
[7.522s] INFO:colcon.colcon_core.shell:Creating package script '/home/lab/robocar/src/install/messages_pkg/share/messages_pkg/package.bash'
[7.525s] INFO:colcon.colcon_core.shell:Creating package script '/home/lab/robocar/src/install/messages_pkg/share/messages_pkg/package.zsh'
[7.529s] Level 1:colcon.colcon_core.environment:create_file_with_runtime_dependencies(/home/lab/robocar/src/install/messages_pkg/share/colcon-core/packages/messages_pkg)
[7.756s] Level 1:colcon.colcon_core.environment:create_environment_scripts_only(teleop_twist_joy)
[7.758s] Level 1:colcon.colcon_core.environment:checking '/home/lab/robocar/src/install/teleop_twist_joy' for CMake module files
[7.768s] Level 1:colcon.colcon_core.environment:checking '/home/lab/robocar/src/install/teleop_twist_joy' for CMake config files
[7.772s] Level 1:colcon.colcon_core.shell:create_environment_hook('teleop_twist_joy', 'cmake_prefix_path')
[7.774s] INFO:colcon.colcon_core.shell:Creating environment hook '/home/lab/robocar/src/install/teleop_twist_joy/share/teleop_twist_joy/hook/cmake_prefix_path.ps1'
[7.777s] INFO:colcon.colcon_core.shell:Creating environment descriptor '/home/lab/robocar/src/install/teleop_twist_joy/share/teleop_twist_joy/hook/cmake_prefix_path.dsv'
[7.781s] INFO:colcon.colcon_core.shell:Creating environment hook '/home/lab/robocar/src/install/teleop_twist_joy/share/teleop_twist_joy/hook/cmake_prefix_path.sh'
[7.785s] Level 1:colcon.colcon_core.environment:checking '/home/lab/robocar/src/install/teleop_twist_joy/lib'
[7.787s] Level 1:colcon.colcon_core.shell:create_environment_hook('teleop_twist_joy', 'ld_library_path_lib')
[7.790s] INFO:colcon.colcon_core.shell:Creating environment hook '/home/lab/robocar/src/install/teleop_twist_joy/share/teleop_twist_joy/hook/ld_library_path_lib.ps1'
[7.795s] INFO:colcon.colcon_core.shell:Creating environment descriptor '/home/lab/robocar/src/install/teleop_twist_joy/share/teleop_twist_joy/hook/ld_library_path_lib.dsv'
[7.798s] INFO:colcon.colcon_core.shell:Creating environment hook '/home/lab/robocar/src/install/teleop_twist_joy/share/teleop_twist_joy/hook/ld_library_path_lib.sh'
[7.802s] Level 1:colcon.colcon_core.environment:checking '/home/lab/robocar/src/install/teleop_twist_joy/bin'
[7.803s] Level 1:colcon.colcon_core.environment:checking '/home/lab/robocar/src/install/teleop_twist_joy/lib/pkgconfig/teleop_twist_joy.pc'
[7.805s] Level 1:colcon.colcon_core.environment:checking '/home/lab/robocar/src/install/teleop_twist_joy/lib/python3.10/site-packages'
[7.807s] Level 1:colcon.colcon_core.environment:checking '/home/lab/robocar/src/install/teleop_twist_joy/bin'
[7.810s] INFO:colcon.colcon_core.shell:Creating package script '/home/lab/robocar/src/install/teleop_twist_joy/share/teleop_twist_joy/package.ps1'
[7.815s] INFO:colcon.colcon_core.shell:Creating package descriptor '/home/lab/robocar/src/install/teleop_twist_joy/share/teleop_twist_joy/package.dsv'
[7.819s] INFO:colcon.colcon_core.shell:Creating package script '/home/lab/robocar/src/install/teleop_twist_joy/share/teleop_twist_joy/package.sh'
[7.823s] INFO:colcon.colcon_core.shell:Creating package script '/home/lab/robocar/src/install/teleop_twist_joy/share/teleop_twist_joy/package.bash'
[7.827s] INFO:colcon.colcon_core.shell:Creating package script '/home/lab/robocar/src/install/teleop_twist_joy/share/teleop_twist_joy/package.zsh'
[7.831s] Level 1:colcon.colcon_core.environment:create_file_with_runtime_dependencies(/home/lab/robocar/src/install/teleop_twist_joy/share/colcon-core/packages/teleop_twist_joy)
[8.129s] DEBUG:colcon.colcon_core.event_handler.log_command:Invoking command in '/home/lab/robocar/src/robocar_package': PYTHONPATH=/home/lab/robocar/src/build/robocar_package/prefix_override:/home/lab/robocar/src/install/robocar_package/lib/python3.10/site-packages:${PYTHONPATH} VIRTUAL_ENV_PROMPT=(.venv) /home/lab/robocar/.venv/bin/python3 -W ignore:setup.py install is deprecated setup.py egg_info --egg-base ../build/robocar_package build --build-base /home/lab/robocar/src/build/robocar_package/build install --record /home/lab/robocar/src/build/robocar_package/install.log --single-version-externally-managed install_data
[8.197s] Level 1:colcon.colcon_core.environment:create_environment_scripts_only(messages_pkg)
[8.201s] Level 1:colcon.colcon_core.environment:checking '/home/lab/robocar/src/install/messages_pkg' for CMake module files
[8.209s] Level 1:colcon.colcon_core.environment:checking '/home/lab/robocar/src/install/messages_pkg' for CMake config files
[8.217s] Level 1:colcon.colcon_core.shell:create_environment_hook('messages_pkg', 'cmake_prefix_path')
[8.219s] INFO:colcon.colcon_core.shell:Creating environment hook '/home/lab/robocar/src/install/messages_pkg/share/messages_pkg/hook/cmake_prefix_path.ps1'
[8.224s] INFO:colcon.colcon_core.shell:Creating environment descriptor '/home/lab/robocar/src/install/messages_pkg/share/messages_pkg/hook/cmake_prefix_path.dsv'
[8.227s] INFO:colcon.colcon_core.shell:Creating environment hook '/home/lab/robocar/src/install/messages_pkg/share/messages_pkg/hook/cmake_prefix_path.sh'
[8.232s] Level 1:colcon.colcon_core.environment:checking '/home/lab/robocar/src/install/messages_pkg/lib'
[8.233s] Level 1:colcon.colcon_core.shell:create_environment_hook('messages_pkg', 'ld_library_path_lib')
[8.234s] INFO:colcon.colcon_core.shell:Creating environment hook '/home/lab/robocar/src/install/messages_pkg/share/messages_pkg/hook/ld_library_path_lib.ps1'
[8.237s] INFO:colcon.colcon_core.shell:Creating environment descriptor '/home/lab/robocar/src/install/messages_pkg/share/messages_pkg/hook/ld_library_path_lib.dsv'
[8.241s] INFO:colcon.colcon_core.shell:Creating environment hook '/home/lab/robocar/src/install/messages_pkg/share/messages_pkg/hook/ld_library_path_lib.sh'
[8.244s] Level 1:colcon.colcon_core.environment:checking '/home/lab/robocar/src/install/messages_pkg/bin'
[8.245s] Level 1:colcon.colcon_core.environment:checking '/home/lab/robocar/src/install/messages_pkg/lib/pkgconfig/messages_pkg.pc'
[8.247s] Level 1:colcon.colcon_core.environment:checking '/home/lab/robocar/src/install/messages_pkg/lib/python3.10/site-packages'
[8.247s] Level 1:colcon.colcon_core.shell:create_environment_hook('messages_pkg', 'pythonpath')
[8.249s] INFO:colcon.colcon_core.shell:Creating environment hook '/home/lab/robocar/src/install/messages_pkg/share/messages_pkg/hook/pythonpath.ps1'
[8.252s] INFO:colcon.colcon_core.shell:Creating environment descriptor '/home/lab/robocar/src/install/messages_pkg/share/messages_pkg/hook/pythonpath.dsv'
[8.255s] INFO:colcon.colcon_core.shell:Creating environment hook '/home/lab/robocar/src/install/messages_pkg/share/messages_pkg/hook/pythonpath.sh'
[8.260s] Level 1:colcon.colcon_core.environment:checking '/home/lab/robocar/src/install/messages_pkg/bin'
[8.262s] INFO:colcon.colcon_core.shell:Creating package script '/home/lab/robocar/src/install/messages_pkg/share/messages_pkg/package.ps1'
[8.266s] INFO:colcon.colcon_core.shell:Creating package descriptor '/home/lab/robocar/src/install/messages_pkg/share/messages_pkg/package.dsv'
[8.271s] INFO:colcon.colcon_core.shell:Creating package script '/home/lab/robocar/src/install/messages_pkg/share/messages_pkg/package.sh'
[8.275s] INFO:colcon.colcon_core.shell:Creating package script '/home/lab/robocar/src/install/messages_pkg/share/messages_pkg/package.bash'
[8.279s] INFO:colcon.colcon_core.shell:Creating package script '/home/lab/robocar/src/install/messages_pkg/share/messages_pkg/package.zsh'
[8.283s] Level 1:colcon.colcon_core.environment:create_file_with_runtime_dependencies(/home/lab/robocar/src/install/messages_pkg/share/colcon-core/packages/messages_pkg)
[9.804s] Level 1:colcon.colcon_core.environment:checking '/home/lab/robocar/src/install/robocar_package' for CMake module files
[9.809s] Level 1:colcon.colcon_core.environment:checking '/home/lab/robocar/src/install/robocar_package' for CMake config files
[9.814s] Level 1:colcon.colcon_core.environment:checking '/home/lab/robocar/src/install/robocar_package/lib'
[9.806s] DEBUG:colcon.colcon_core.event_handler.log_command:Invoked command in '/home/lab/robocar/src/robocar_package' returned '0': PYTHONPATH=/home/lab/robocar/src/build/robocar_package/prefix_override:/home/lab/robocar/src/install/robocar_package/lib/python3.10/site-packages:${PYTHONPATH} VIRTUAL_ENV_PROMPT=(.venv) /home/lab/robocar/.venv/bin/python3 -W ignore:setup.py install is deprecated setup.py egg_info --egg-base ../build/robocar_package build --build-base /home/lab/robocar/src/build/robocar_package/build install --record /home/lab/robocar/src/build/robocar_package/install.log --single-version-externally-managed install_data
[9.816s] Level 1:colcon.colcon_core.environment:checking '/home/lab/robocar/src/install/robocar_package/bin'
[9.817s] Level 1:colcon.colcon_core.environment:checking '/home/lab/robocar/src/install/robocar_package/lib/pkgconfig/robocar_package.pc'
[9.818s] Level 1:colcon.colcon_core.environment:checking '/home/lab/robocar/src/install/robocar_package/lib/python3.10/site-packages'
[9.819s] Level 1:colcon.colcon_core.shell:create_environment_hook('robocar_package', 'pythonpath')
[9.820s] INFO:colcon.colcon_core.shell:Creating environment hook '/home/lab/robocar/src/install/robocar_package/share/robocar_package/hook/pythonpath.ps1'
[9.823s] INFO:colcon.colcon_core.shell:Creating environment descriptor '/home/lab/robocar/src/install/robocar_package/share/robocar_package/hook/pythonpath.dsv'
[9.826s] INFO:colcon.colcon_core.shell:Creating environment hook '/home/lab/robocar/src/install/robocar_package/share/robocar_package/hook/pythonpath.sh'
[9.830s] Level 1:colcon.colcon_core.environment:checking '/home/lab/robocar/src/install/robocar_package/bin'
[9.831s] Level 1:colcon.colcon_core.environment:create_environment_scripts_only(robocar_package)
[9.833s] INFO:colcon.colcon_core.shell:Creating package script '/home/lab/robocar/src/install/robocar_package/share/robocar_package/package.ps1'
[9.836s] INFO:colcon.colcon_core.shell:Creating package descriptor '/home/lab/robocar/src/install/robocar_package/share/robocar_package/package.dsv'
[9.839s] INFO:colcon.colcon_core.shell:Creating package script '/home/lab/robocar/src/install/robocar_package/share/robocar_package/package.sh'
[9.843s] INFO:colcon.colcon_core.shell:Creating package script '/home/lab/robocar/src/install/robocar_package/share/robocar_package/package.bash'
[9.845s] INFO:colcon.colcon_core.shell:Creating package script '/home/lab/robocar/src/install/robocar_package/share/robocar_package/package.zsh'
[9.847s] Level 1:colcon.colcon_core.environment:create_file_with_runtime_dependencies(/home/lab/robocar/src/install/robocar_package/share/colcon-core/packages/robocar_package)
[9.849s] DEBUG:colcon.colcon_parallel_executor.executor.parallel:closing loop
[9.851s] DEBUG:colcon.colcon_parallel_executor.executor.parallel:loop closed
[9.851s] DEBUG:colcon.colcon_parallel_executor.executor.parallel:run_until_complete finished with '0'
[9.852s] DEBUG:colcon.colcon_core.event_reactor:joining thread
[9.864s] INFO:colcon.colcon_core.plugin_system:Skipping extension 'colcon_notification.desktop_notification.notify2': 'notify2' not found
[9.865s] INFO:colcon.colcon_core.plugin_system:Skipping extension 'colcon_notification.desktop_notification.terminal_notifier': Not used on non-Darwin systems
[9.866s] INFO:colcon.colcon_core.plugin_system:Skipping extension 'colcon_notification.desktop_notification.win32': Not used on non-Windows systems
[9.867s] INFO:colcon.colcon_notification.desktop_notification:Sending desktop notification using 'notify_send'
[9.915s] DEBUG:colcon.colcon_core.event_reactor:joined thread
[9.916s] INFO:colcon.colcon_core.shell:Creating prefix script '/home/lab/robocar/src/install/local_setup.ps1'
[9.921s] INFO:colcon.colcon_core.shell:Creating prefix util module '/home/lab/robocar/src/install/_local_setup_util_ps1.py'
[9.927s] INFO:colcon.colcon_core.shell:Creating prefix chain script '/home/lab/robocar/src/install/setup.ps1'
[9.934s] INFO:colcon.colcon_core.shell:Creating prefix script '/home/lab/robocar/src/install/local_setup.sh'
[9.937s] INFO:colcon.colcon_core.shell:Creating prefix util module '/home/lab/robocar/src/install/_local_setup_util_sh.py'
[9.940s] INFO:colcon.colcon_core.shell:Creating prefix chain script '/home/lab/robocar/src/install/setup.sh'
[9.947s] INFO:colcon.colcon_core.shell:Creating prefix script '/home/lab/robocar/src/install/local_setup.bash'
[9.950s] INFO:colcon.colcon_core.shell:Creating prefix chain script '/home/lab/robocar/src/install/setup.bash'
[9.956s] INFO:colcon.colcon_core.shell:Creating prefix script '/home/lab/robocar/src/install/local_setup.zsh'
[9.959s] INFO:colcon.colcon_core.shell:Creating prefix chain script '/home/lab/robocar/src/install/setup.zsh'
