running egg_info
creating ../build/robocar_package/robocar_package.egg-info
writing ../build/robocar_package/robocar_package.egg-info/PKG-INFO
writing dependency_links to ../build/robocar_package/robocar_package.egg-info/dependency_links.txt
writing entry points to ../build/robocar_package/robocar_package.egg-info/entry_points.txt
writing requirements to ../build/robocar_package/robocar_package.egg-info/requires.txt
writing top-level names to ../build/robocar_package/robocar_package.egg-info/top_level.txt
writing manifest file '../build/robocar_package/robocar_package.egg-info/SOURCES.txt'
reading manifest file '../build/robocar_package/robocar_package.egg-info/SOURCES.txt'
adding license file 'LICENSE'
writing manifest file '../build/robocar_package/robocar_package.egg-info/SOURCES.txt'
running build
running build_py
creating /home/lab/robocar/src/build/robocar_package/build
creating /home/lab/robocar/src/build/robocar_package/build/lib
creating /home/lab/robocar/src/build/robocar_package/build/lib/robocar_package
copying robocar_package/car_control_node.py -> /home/lab/robocar/src/build/robocar_package/build/lib/robocar_package
copying robocar_package/energy_node.py -> /home/lab/robocar/src/build/robocar_package/build/lib/robocar_package
copying robocar_package/__init__.py -> /home/lab/robocar/src/build/robocar_package/build/lib/robocar_package
running install
running install_lib
creating /home/lab/robocar/src/install/robocar_package/lib/python3.10/site-packages/robocar_package
copying /home/lab/robocar/src/build/robocar_package/build/lib/robocar_package/car_control_node.py -> /home/lab/robocar/src/install/robocar_package/lib/python3.10/site-packages/robocar_package
copying /home/lab/robocar/src/build/robocar_package/build/lib/robocar_package/energy_node.py -> /home/lab/robocar/src/install/robocar_package/lib/python3.10/site-packages/robocar_package
copying /home/lab/robocar/src/build/robocar_package/build/lib/robocar_package/__init__.py -> /home/lab/robocar/src/install/robocar_package/lib/python3.10/site-packages/robocar_package
byte-compiling /home/lab/robocar/src/install/robocar_package/lib/python3.10/site-packages/robocar_package/car_control_node.py to car_control_node.cpython-310.pyc
byte-compiling /home/lab/robocar/src/install/robocar_package/lib/python3.10/site-packages/robocar_package/energy_node.py to energy_node.cpython-310.pyc
byte-compiling /home/lab/robocar/src/install/robocar_package/lib/python3.10/site-packages/robocar_package/__init__.py to __init__.cpython-310.pyc
running install_data
creating /home/lab/robocar/src/install/robocar_package/share
creating /home/lab/robocar/src/install/robocar_package/share/ament_index
creating /home/lab/robocar/src/install/robocar_package/share/ament_index/resource_index
creating /home/lab/robocar/src/install/robocar_package/share/ament_index/resource_index/packages
copying resource/robocar_package -> /home/lab/robocar/src/install/robocar_package/share/ament_index/resource_index/packages
creating /home/lab/robocar/src/install/robocar_package/share/robocar_package
copying package.xml -> /home/lab/robocar/src/install/robocar_package/share/robocar_package
creating /home/lab/robocar/src/install/robocar_package/share/robocar_package/msg
copying msg/Energy.msg -> /home/lab/robocar/src/install/robocar_package/share/robocar_package/msg
running install_egg_info
Copying ../build/robocar_package/robocar_package.egg-info to /home/lab/robocar/src/install/robocar_package/lib/python3.10/site-packages/robocar_package-0.0.0-py3.10.egg-info
running install_scripts
Installing car_control_node script to /home/lab/robocar/src/install/robocar_package/lib/robocar_package
Installing energy_node script to /home/lab/robocar/src/install/robocar_package/lib/robocar_package
writing list of installed files to '/home/lab/robocar/src/build/robocar_package/install.log'
