[4.575s] Invoking command in '/home/lab/robocar/src/robocar_package': PYTHONPATH=/home/lab/robocar/src/build/robocar_package/prefix_override:/home/lab/robocar/src/install/robocar_package/lib/python3.10/site-packages:${PYTHONPATH} VIRTUAL_ENV_PROMPT=(.venv) /home/lab/robocar/.venv/bin/python3 -W ignore:setup.py install is deprecated setup.py egg_info --egg-base ../build/robocar_package build --build-base /home/lab/robocar/src/build/robocar_package/build install --record /home/lab/robocar/src/build/robocar_package/install.log --single-version-externally-managed install_data
[5.842s] running egg_info
[5.845s] creating ../build/robocar_package/robocar_package.egg-info
[5.846s] writing ../build/robocar_package/robocar_package.egg-info/PKG-INFO
[5.848s] writing dependency_links to ../build/robocar_package/robocar_package.egg-info/dependency_links.txt
[5.849s] writing entry points to ../build/robocar_package/robocar_package.egg-info/entry_points.txt
[5.849s] writing requirements to ../build/robocar_package/robocar_package.egg-info/requires.txt
[5.850s] writing top-level names to ../build/robocar_package/robocar_package.egg-info/top_level.txt
[5.850s] writing manifest file '../build/robocar_package/robocar_package.egg-info/SOURCES.txt'
[5.859s] reading manifest file '../build/robocar_package/robocar_package.egg-info/SOURCES.txt'
[5.860s] adding license file 'LICENSE'
[5.864s] writing manifest file '../build/robocar_package/robocar_package.egg-info/SOURCES.txt'
[5.865s] running build
[5.866s] running build_py
[5.867s] creating /home/lab/robocar/src/build/robocar_package/build
[5.867s] creating /home/lab/robocar/src/build/robocar_package/build/lib
[5.868s] creating /home/lab/robocar/src/build/robocar_package/build/lib/robocar_package
[5.869s] copying robocar_package/car_control_node.py -> /home/lab/robocar/src/build/robocar_package/build/lib/robocar_package
[5.869s] copying robocar_package/energy_node.py -> /home/lab/robocar/src/build/robocar_package/build/lib/robocar_package
[5.870s] copying robocar_package/__init__.py -> /home/lab/robocar/src/build/robocar_package/build/lib/robocar_package
[5.872s] running install
[5.874s] running install_lib
[5.878s] creating /home/lab/robocar/src/install/robocar_package/lib/python3.10/site-packages/robocar_package
[5.880s] copying /home/lab/robocar/src/build/robocar_package/build/lib/robocar_package/car_control_node.py -> /home/lab/robocar/src/install/robocar_package/lib/python3.10/site-packages/robocar_package
[5.881s] copying /home/lab/robocar/src/build/robocar_package/build/lib/robocar_package/energy_node.py -> /home/lab/robocar/src/install/robocar_package/lib/python3.10/site-packages/robocar_package
[5.881s] copying /home/lab/robocar/src/build/robocar_package/build/lib/robocar_package/__init__.py -> /home/lab/robocar/src/install/robocar_package/lib/python3.10/site-packages/robocar_package
[5.884s] byte-compiling /home/lab/robocar/src/install/robocar_package/lib/python3.10/site-packages/robocar_package/car_control_node.py to car_control_node.cpython-310.pyc
[5.887s] byte-compiling /home/lab/robocar/src/install/robocar_package/lib/python3.10/site-packages/robocar_package/energy_node.py to energy_node.cpython-310.pyc
[5.890s] byte-compiling /home/lab/robocar/src/install/robocar_package/lib/python3.10/site-packages/robocar_package/__init__.py to __init__.cpython-310.pyc
[5.893s] running install_data
[5.894s] creating /home/lab/robocar/src/install/robocar_package/share
[5.895s] creating /home/lab/robocar/src/install/robocar_package/share/ament_index
[5.896s] creating /home/lab/robocar/src/install/robocar_package/share/ament_index/resource_index
[5.897s] creating /home/lab/robocar/src/install/robocar_package/share/ament_index/resource_index/packages
[5.898s] copying resource/robocar_package -> /home/lab/robocar/src/install/robocar_package/share/ament_index/resource_index/packages
[5.899s] creating /home/lab/robocar/src/install/robocar_package/share/robocar_package
[5.901s] copying package.xml -> /home/lab/robocar/src/install/robocar_package/share/robocar_package
[5.902s] creating /home/lab/robocar/src/install/robocar_package/share/robocar_package/msg
[5.902s] copying msg/Energy.msg -> /home/lab/robocar/src/install/robocar_package/share/robocar_package/msg
[5.905s] running install_egg_info
[5.919s] Copying ../build/robocar_package/robocar_package.egg-info to /home/lab/robocar/src/install/robocar_package/lib/python3.10/site-packages/robocar_package-0.0.0-py3.10.egg-info
[5.930s] running install_scripts
[6.025s] Installing car_control_node script to /home/lab/robocar/src/install/robocar_package/lib/robocar_package
[6.026s] Installing energy_node script to /home/lab/robocar/src/install/robocar_package/lib/robocar_package
[6.028s] writing list of installed files to '/home/lab/robocar/src/build/robocar_package/install.log'
[6.148s] Invoked command in '/home/lab/robocar/src/robocar_package' returned '0': PYTHONPATH=/home/lab/robocar/src/build/robocar_package/prefix_override:/home/lab/robocar/src/install/robocar_package/lib/python3.10/site-packages:${PYTHONPATH} VIRTUAL_ENV_PROMPT=(.venv) /home/lab/robocar/.venv/bin/python3 -W ignore:setup.py install is deprecated setup.py egg_info --egg-base ../build/robocar_package build --build-base /home/lab/robocar/src/build/robocar_package/build install --record /home/lab/robocar/src/build/robocar_package/install.log --single-version-externally-managed install_data
