[3.459s] Invoking command in '/home/lab/robocar/src/build/teleop_twist_joy': CMAKE_PREFIX_PATH=${CMAKE_PREFIX_PATH}:/opt/ros/iron VIRTUAL_ENV_PROMPT=(.venv) /usr/bin/cmake --build /home/lab/robocar/src/build/teleop_twist_joy -- -j4 -l4
[3.899s] [ 50%] Built target teleop_twist_joy
[4.095s] [100%] Built target teleop_twist_joy_node
[4.221s] Invoked command in '/home/lab/robocar/src/build/teleop_twist_joy' returned '0': CMAKE_PREFIX_PATH=${CMAKE_PREFIX_PATH}:/opt/ros/iron VIRTUAL_ENV_PROMPT=(.venv) /usr/bin/cmake --build /home/lab/robocar/src/build/teleop_twist_joy -- -j4 -l4
[4.512s] Invoking command in '/home/lab/robocar/src/build/teleop_twist_joy': CMAKE_PREFIX_PATH=${CMAKE_PREFIX_PATH}:/opt/ros/iron VIRTUAL_ENV_PROMPT=(.venv) /usr/bin/cmake --install /home/lab/robocar/src/build/teleop_twist_joy
[4.572s] -- Install configuration: ""
[4.574s] -- Up-to-date: /home/lab/robocar/src/install/teleop_twist_joy/lib/libteleop_twist_joy.so
[4.577s] -- Up-to-date: /home/lab/robocar/src/install/teleop_twist_joy/lib/teleop_twist_joy/teleop_node
[4.579s] -- Up-to-date: /home/lab/robocar/src/install/teleop_twist_joy/include/teleop_twist_joy
[4.581s] -- Up-to-date: /home/lab/robocar/src/install/teleop_twist_joy/include/teleop_twist_joy/teleop_twist_joy
[4.583s] -- Up-to-date: /home/lab/robocar/src/install/teleop_twist_joy/include/teleop_twist_joy/teleop_twist_joy/teleop_twist_joy.hpp
[4.586s] -- Up-to-date: /home/lab/robocar/src/install/teleop_twist_joy/include/teleop_twist_joy/teleop_twist_joy/teleop_twist_joy_export.h
[4.588s] -- Up-to-date: /home/lab/robocar/src/install/teleop_twist_joy/share/teleop_twist_joy/launch
[4.590s] -- Up-to-date: /home/lab/robocar/src/install/teleop_twist_joy/share/teleop_twist_joy/launch/teleop-launch.py
[4.592s] -- Up-to-date: /home/lab/robocar/src/install/teleop_twist_joy/share/teleop_twist_joy/config
[4.595s] -- Up-to-date: /home/lab/robocar/src/install/teleop_twist_joy/share/teleop_twist_joy/config/xbox.config.yaml
[4.597s] -- Up-to-date: /home/lab/robocar/src/install/teleop_twist_joy/share/teleop_twist_joy/config/ps3-holonomic.config.yaml
[4.598s] -- Up-to-date: /home/lab/robocar/src/install/teleop_twist_joy/share/teleop_twist_joy/config/atk3.config.yaml
[4.617s] -- Up-to-date: /home/lab/robocar/src/install/teleop_twist_joy/share/teleop_twist_joy/config/xd3.config.yaml
[4.619s] -- Up-to-date: /home/lab/robocar/src/install/teleop_twist_joy/share/teleop_twist_joy/config/ps3.config.yaml
[4.620s] -- Up-to-date: /home/lab/robocar/src/install/teleop_twist_joy/share/teleop_twist_joy/environment/library_path.sh
[4.633s] -- Up-to-date: /home/lab/robocar/src/install/teleop_twist_joy/share/teleop_twist_joy/environment/library_path.dsv
[4.637s] -- Up-to-date: /home/lab/robocar/src/install/teleop_twist_joy/share/ament_index/resource_index/package_run_dependencies/teleop_twist_joy
[4.642s] -- Up-to-date: /home/lab/robocar/src/install/teleop_twist_joy/share/ament_index/resource_index/parent_prefix_path/teleop_twist_joy
[4.644s] -- Up-to-date: /home/lab/robocar/src/install/teleop_twist_joy/share/teleop_twist_joy/environment/ament_prefix_path.sh
[4.645s] -- Up-to-date: /home/lab/robocar/src/install/teleop_twist_joy/share/teleop_twist_joy/environment/ament_prefix_path.dsv
[4.645s] -- Up-to-date: /home/lab/robocar/src/install/teleop_twist_joy/share/teleop_twist_joy/environment/path.sh
[4.654s] -- Up-to-date: /home/lab/robocar/src/install/teleop_twist_joy/share/teleop_twist_joy/environment/path.dsv
[4.658s] -- Up-to-date: /home/lab/robocar/src/install/teleop_twist_joy/share/teleop_twist_joy/local_setup.bash
[4.659s] -- Up-to-date: /home/lab/robocar/src/install/teleop_twist_joy/share/teleop_twist_joy/local_setup.sh
[4.660s] -- Up-to-date: /home/lab/robocar/src/install/teleop_twist_joy/share/teleop_twist_joy/local_setup.zsh
[4.660s] -- Up-to-date: /home/lab/robocar/src/install/teleop_twist_joy/share/teleop_twist_joy/local_setup.dsv
[4.664s] -- Installing: /home/lab/robocar/src/install/teleop_twist_joy/share/teleop_twist_joy/package.dsv
[4.669s] -- Up-to-date: /home/lab/robocar/src/install/teleop_twist_joy/share/ament_index/resource_index/packages/teleop_twist_joy
[4.672s] -- Up-to-date: /home/lab/robocar/src/install/teleop_twist_joy/share/ament_index/resource_index/rclcpp_components/teleop_twist_joy
[4.672s] -- Up-to-date: /home/lab/robocar/src/install/teleop_twist_joy/share/teleop_twist_joy/cmake/export_teleop_twist_joyExport.cmake
[4.673s] -- Up-to-date: /home/lab/robocar/src/install/teleop_twist_joy/share/teleop_twist_joy/cmake/export_teleop_twist_joyExport-noconfig.cmake
[4.673s] -- Up-to-date: /home/lab/robocar/src/install/teleop_twist_joy/share/teleop_twist_joy/cmake/ament_cmake_export_include_directories-extras.cmake
[4.674s] -- Up-to-date: /home/lab/robocar/src/install/teleop_twist_joy/share/teleop_twist_joy/cmake/ament_cmake_export_libraries-extras.cmake
[4.674s] -- Up-to-date: /home/lab/robocar/src/install/teleop_twist_joy/share/teleop_twist_joy/cmake/ament_cmake_export_targets-extras.cmake
[4.700s] -- Up-to-date: /home/lab/robocar/src/install/teleop_twist_joy/share/teleop_twist_joy/cmake/teleop_twist_joyConfig.cmake
[4.704s] -- Up-to-date: /home/lab/robocar/src/install/teleop_twist_joy/share/teleop_twist_joy/cmake/teleop_twist_joyConfig-version.cmake
[4.704s] -- Up-to-date: /home/lab/robocar/src/install/teleop_twist_joy/share/teleop_twist_joy/package.xml
[4.708s] Invoked command in '/home/lab/robocar/src/build/teleop_twist_joy' returned '0': CMAKE_PREFIX_PATH=${CMAKE_PREFIX_PATH}:/opt/ros/iron VIRTUAL_ENV_PROMPT=(.venv) /usr/bin/cmake --install /home/lab/robocar/src/build/teleop_twist_joy
