/home/lab/robocar/src/install/robocar_pkg/lib/python3.10/site-packages/robocar_pkg/car_control_node.py
/home/lab/robocar/src/install/robocar_pkg/lib/python3.10/site-packages/robocar_pkg/energy_node.py
/home/lab/robocar/src/install/robocar_pkg/lib/python3.10/site-packages/robocar_pkg/camera_node.py
/home/lab/robocar/src/install/robocar_pkg/lib/python3.10/site-packages/robocar_pkg/__init__.py
/home/lab/robocar/src/install/robocar_pkg/lib/python3.10/site-packages/robocar_pkg/accelerometer_node.py
/home/lab/robocar/src/install/robocar_pkg/lib/python3.10/site-packages/lib/SDL_Pi_INA3221.py
/home/lab/robocar/src/install/robocar_pkg/lib/python3.10/site-packages/lib/MPU6050.py
/home/lab/robocar/src/install/robocar_pkg/lib/python3.10/site-packages/lib/__init__.py
/home/lab/robocar/src/install/robocar_pkg/lib/python3.10/site-packages/lib/INA226Lib.py
/home/lab/robocar/src/install/robocar_pkg/lib/python3.10/site-packages/robocar_pkg/__pycache__/car_control_node.cpython-310.pyc
/home/lab/robocar/src/install/robocar_pkg/lib/python3.10/site-packages/robocar_pkg/__pycache__/energy_node.cpython-310.pyc
/home/lab/robocar/src/install/robocar_pkg/lib/python3.10/site-packages/robocar_pkg/__pycache__/camera_node.cpython-310.pyc
/home/lab/robocar/src/install/robocar_pkg/lib/python3.10/site-packages/robocar_pkg/__pycache__/__init__.cpython-310.pyc
/home/lab/robocar/src/install/robocar_pkg/lib/python3.10/site-packages/robocar_pkg/__pycache__/accelerometer_node.cpython-310.pyc
/home/lab/robocar/src/install/robocar_pkg/lib/python3.10/site-packages/lib/__pycache__/SDL_Pi_INA3221.cpython-310.pyc
/home/lab/robocar/src/install/robocar_pkg/lib/python3.10/site-packages/lib/__pycache__/MPU6050.cpython-310.pyc
/home/lab/robocar/src/install/robocar_pkg/lib/python3.10/site-packages/lib/__pycache__/__init__.cpython-310.pyc
/home/lab/robocar/src/install/robocar_pkg/lib/python3.10/site-packages/lib/__pycache__/INA226Lib.cpython-310.pyc
/home/lab/robocar/src/install/robocar_pkg/share/ament_index/resource_index/packages/robocar_pkg
/home/lab/robocar/src/install/robocar_pkg/share/robocar_pkg/package.xml
/home/lab/robocar/src/install/robocar_pkg/lib/python3.10/site-packages/robocar_pkg-0.0.0-py3.10.egg-info/entry_points.txt
/home/lab/robocar/src/install/robocar_pkg/lib/python3.10/site-packages/robocar_pkg-0.0.0-py3.10.egg-info/SOURCES.txt
/home/lab/robocar/src/install/robocar_pkg/lib/python3.10/site-packages/robocar_pkg-0.0.0-py3.10.egg-info/dependency_links.txt
/home/lab/robocar/src/install/robocar_pkg/lib/python3.10/site-packages/robocar_pkg-0.0.0-py3.10.egg-info/PKG-INFO
/home/lab/robocar/src/install/robocar_pkg/lib/python3.10/site-packages/robocar_pkg-0.0.0-py3.10.egg-info/zip-safe
/home/lab/robocar/src/install/robocar_pkg/lib/python3.10/site-packages/robocar_pkg-0.0.0-py3.10.egg-info/requires.txt
/home/lab/robocar/src/install/robocar_pkg/lib/python3.10/site-packages/robocar_pkg-0.0.0-py3.10.egg-info/top_level.txt
/home/lab/robocar/src/install/robocar_pkg/lib/robocar_pkg/accelerometer_node
/home/lab/robocar/src/install/robocar_pkg/lib/robocar_pkg/camera_node
/home/lab/robocar/src/install/robocar_pkg/lib/robocar_pkg/car_control_node
/home/lab/robocar/src/install/robocar_pkg/lib/robocar_pkg/energy_node
