[3.459s] Invoking command in '/home/lab/robocar/src/build/teleop_twist_joy': CMAKE_PREFIX_PATH=${CMAKE_PREFIX_PATH}:/opt/ros/iron VIRTUAL_ENV_PROMPT=(.venv) /usr/bin/cmake --build /home/lab/robocar/src/build/teleop_twist_joy -- -j4 -l4
[3.855s] [ 50%] Built target teleop_twist_joy
[4.025s] [100%] Built target teleop_twist_joy_node
[4.123s] Invoked command in '/home/lab/robocar/src/build/teleop_twist_joy' returned '0': CMAKE_PREFIX_PATH=${CMAKE_PREFIX_PATH}:/opt/ros/iron VIRTUAL_ENV_PROMPT=(.venv) /usr/bin/cmake --build /home/lab/robocar/src/build/teleop_twist_joy -- -j4 -l4
[4.559s] Invoking command in '/home/lab/robocar/src/build/teleop_twist_joy': CMAKE_PREFIX_PATH=${CMAKE_PREFIX_PATH}:/opt/ros/iron VIRTUAL_ENV_PROMPT=(.venv) /usr/bin/cmake --install /home/lab/robocar/src/build/teleop_twist_joy
[4.656s] -- Install configuration: ""
[4.657s] -- Up-to-date: /home/lab/robocar/src/install/teleop_twist_joy/lib/libteleop_twist_joy.so
[4.657s] -- Up-to-date: /home/lab/robocar/src/install/teleop_twist_joy/lib/teleop_twist_joy/teleop_node
[4.658s] -- Up-to-date: /home/lab/robocar/src/install/teleop_twist_joy/include/teleop_twist_joy
[4.658s] -- Up-to-date: /home/lab/robocar/src/install/teleop_twist_joy/include/teleop_twist_joy/teleop_twist_joy
[4.659s] -- Up-to-date: /home/lab/robocar/src/install/teleop_twist_joy/include/teleop_twist_joy/teleop_twist_joy/teleop_twist_joy.hpp
[4.660s] -- Up-to-date: /home/lab/robocar/src/install/teleop_twist_joy/include/teleop_twist_joy/teleop_twist_joy/teleop_twist_joy_export.h
[4.660s] -- Up-to-date: /home/lab/robocar/src/install/teleop_twist_joy/share/teleop_twist_joy/launch
[4.660s] -- Up-to-date: /home/lab/robocar/src/install/teleop_twist_joy/share/teleop_twist_joy/launch/teleop-launch.py
[4.661s] -- Up-to-date: /home/lab/robocar/src/install/teleop_twist_joy/share/teleop_twist_joy/config
[4.661s] -- Up-to-date: /home/lab/robocar/src/install/teleop_twist_joy/share/teleop_twist_joy/config/xbox.config.yaml
[4.662s] -- Up-to-date: /home/lab/robocar/src/install/teleop_twist_joy/share/teleop_twist_joy/config/ps3-holonomic.config.yaml
[4.663s] -- Up-to-date: /home/lab/robocar/src/install/teleop_twist_joy/share/teleop_twist_joy/config/atk3.config.yaml
[4.664s] -- Up-to-date: /home/lab/robocar/src/install/teleop_twist_joy/share/teleop_twist_joy/config/xd3.config.yaml
[4.665s] -- Up-to-date: /home/lab/robocar/src/install/teleop_twist_joy/share/teleop_twist_joy/config/ps3.config.yaml
[4.665s] -- Up-to-date: /home/lab/robocar/src/install/teleop_twist_joy/share/teleop_twist_joy/environment/library_path.sh
[4.665s] -- Up-to-date: /home/lab/robocar/src/install/teleop_twist_joy/share/teleop_twist_joy/environment/library_path.dsv
[4.667s] -- Up-to-date: /home/lab/robocar/src/install/teleop_twist_joy/share/ament_index/resource_index/package_run_dependencies/teleop_twist_joy
[4.667s] -- Up-to-date: /home/lab/robocar/src/install/teleop_twist_joy/share/ament_index/resource_index/parent_prefix_path/teleop_twist_joy
[4.668s] -- Up-to-date: /home/lab/robocar/src/install/teleop_twist_joy/share/teleop_twist_joy/environment/ament_prefix_path.sh
[4.669s] -- Up-to-date: /home/lab/robocar/src/install/teleop_twist_joy/share/teleop_twist_joy/environment/ament_prefix_path.dsv
[4.670s] -- Up-to-date: /home/lab/robocar/src/install/teleop_twist_joy/share/teleop_twist_joy/environment/path.sh
[4.671s] -- Up-to-date: /home/lab/robocar/src/install/teleop_twist_joy/share/teleop_twist_joy/environment/path.dsv
[4.672s] -- Up-to-date: /home/lab/robocar/src/install/teleop_twist_joy/share/teleop_twist_joy/local_setup.bash
[4.673s] -- Up-to-date: /home/lab/robocar/src/install/teleop_twist_joy/share/teleop_twist_joy/local_setup.sh
[4.674s] -- Up-to-date: /home/lab/robocar/src/install/teleop_twist_joy/share/teleop_twist_joy/local_setup.zsh
[4.675s] -- Up-to-date: /home/lab/robocar/src/install/teleop_twist_joy/share/teleop_twist_joy/local_setup.dsv
[4.676s] -- Installing: /home/lab/robocar/src/install/teleop_twist_joy/share/teleop_twist_joy/package.dsv
[4.676s] -- Up-to-date: /home/lab/robocar/src/install/teleop_twist_joy/share/ament_index/resource_index/packages/teleop_twist_joy
[4.677s] -- Up-to-date: /home/lab/robocar/src/install/teleop_twist_joy/share/ament_index/resource_index/rclcpp_components/teleop_twist_joy
[4.678s] -- Up-to-date: /home/lab/robocar/src/install/teleop_twist_joy/share/teleop_twist_joy/cmake/export_teleop_twist_joyExport.cmake
[4.679s] -- Up-to-date: /home/lab/robocar/src/install/teleop_twist_joy/share/teleop_twist_joy/cmake/export_teleop_twist_joyExport-noconfig.cmake
[4.680s] -- Up-to-date: /home/lab/robocar/src/install/teleop_twist_joy/share/teleop_twist_joy/cmake/ament_cmake_export_include_directories-extras.cmake
[4.681s] -- Up-to-date: /home/lab/robocar/src/install/teleop_twist_joy/share/teleop_twist_joy/cmake/ament_cmake_export_libraries-extras.cmake
[4.682s] -- Up-to-date: /home/lab/robocar/src/install/teleop_twist_joy/share/teleop_twist_joy/cmake/ament_cmake_export_targets-extras.cmake
[4.683s] -- Up-to-date: /home/lab/robocar/src/install/teleop_twist_joy/share/teleop_twist_joy/cmake/teleop_twist_joyConfig.cmake
[4.683s] -- Up-to-date: /home/lab/robocar/src/install/teleop_twist_joy/share/teleop_twist_joy/cmake/teleop_twist_joyConfig-version.cmake
[4.684s] -- Up-to-date: /home/lab/robocar/src/install/teleop_twist_joy/share/teleop_twist_joy/package.xml
[4.776s] Invoked command in '/home/lab/robocar/src/build/teleop_twist_joy' returned '0': CMAKE_PREFIX_PATH=${CMAKE_PREFIX_PATH}:/opt/ros/iron VIRTUAL_ENV_PROMPT=(.venv) /usr/bin/cmake --install /home/lab/robocar/src/build/teleop_twist_joy
