[2.718s] DEBUG:colcon:Command line arguments: ['/home/lab/robocar/.venv/bin/colcon', 'build', '--packages-select', 'robocar_pkg']
[2.725s] DEBUG:colcon:Parsed command line arguments: Namespace(log_base=None, log_level=None, verb_name='build', build_base='build', install_base='install', merge_install=False, symlink_install=False, test_result_base=None, continue_on_error=False, executor='parallel', parallel_workers=4, event_handlers=None, ignore_user_meta=False, metas=['./colcon.meta'], base_paths=['.'], packages_ignore=None, packages_ignore_regex=None, paths=None, packages_up_to=None, packages_up_to_regex=None, packages_above=None, packages_above_and_dependencies=None, packages_above_depth=None, packages_select_by_dep=None, packages_skip_by_dep=None, packages_skip_up_to=None, packages_select_build_failed=False, packages_skip_build_finished=False, packages_select_test_failures=False, packages_skip_test_passed=False, packages_select=['robocar_pkg'], packages_skip=None, packages_select_regex=None, packages_skip_regex=None, packages_start=None, packages_end=None, cmake_args=None, cmake_target=None, cmake_target_skip_unavailable=False, cmake_clean_cache=False, cmake_clean_first=False, cmake_force_configure=False, ament_cmake_args=None, catkin_cmake_args=None, catkin_skip_building_tests=False, verb_parser=<colcon_defaults.argument_parser.defaults.DefaultArgumentsDecorator object at 0xffff882a5ed0>, verb_extension=<colcon_core.verb.build.BuildVerb object at 0xffff8842abf0>, main=<bound method BuildVerb.main of <colcon_core.verb.build.BuildVerb object at 0xffff8842abf0>>)
[6.233s] Level 1:colcon.colcon_core.package_discovery:discover_packages(colcon_meta) check parameters
[6.236s] Level 1:colcon.colcon_core.package_discovery:discover_packages(recursive) check parameters
[6.245s] Level 1:colcon.colcon_core.package_discovery:discover_packages(ignore) check parameters
[6.246s] Level 1:colcon.colcon_core.package_discovery:discover_packages(path) check parameters
[6.251s] Level 1:colcon.colcon_core.package_discovery:discover_packages(colcon_meta) discover
[6.252s] Level 1:colcon.colcon_core.package_discovery:discover_packages(recursive) discover
[6.253s] INFO:colcon.colcon_core.package_discovery:Crawling recursively for packages in '/home/lab/robocar/src'
[6.255s] Level 1:colcon.colcon_core.package_identification:_identify(.) by extensions ['ignore', 'ignore_ament_install']
[6.269s] Level 1:colcon.colcon_core.package_identification:_identify(.) by extension 'ignore'
[6.271s] Level 1:colcon.colcon_core.package_identification:_identify(.) by extension 'ignore_ament_install'
[6.272s] Level 1:colcon.colcon_core.package_identification:_identify(.) by extensions ['colcon_pkg']
[6.273s] Level 1:colcon.colcon_core.package_identification:_identify(.) by extension 'colcon_pkg'
[6.274s] Level 1:colcon.colcon_core.package_identification:_identify(.) by extensions ['colcon_meta']
[6.281s] Level 1:colcon.colcon_core.package_identification:_identify(.) by extension 'colcon_meta'
[6.289s] Level 1:colcon.colcon_core.package_identification:_identify(.) by extensions ['ros']
[6.290s] Level 1:colcon.colcon_core.package_identification:_identify(.) by extension 'ros'
[6.824s] Level 1:colcon.colcon_core.package_identification:_identify(.) by extensions ['cmake', 'python']
[6.837s] Level 1:colcon.colcon_core.package_identification:_identify(.) by extension 'cmake'
[6.838s] Level 1:colcon.colcon_core.package_identification:_identify(.) by extension 'python'
[6.839s] Level 1:colcon.colcon_core.package_identification:_identify(.) by extensions ['python_setup_py']
[6.839s] Level 1:colcon.colcon_core.package_identification:_identify(.) by extension 'python_setup_py'
[6.840s] Level 1:colcon.colcon_core.package_identification:_identify(build) by extensions ['ignore', 'ignore_ament_install']
[6.841s] Level 1:colcon.colcon_core.package_identification:_identify(build) by extension 'ignore'
[6.842s] Level 1:colcon.colcon_core.package_identification:_identify(build) ignored
[6.843s] Level 1:colcon.colcon_core.package_identification:_identify(install) by extensions ['ignore', 'ignore_ament_install']
[6.844s] Level 1:colcon.colcon_core.package_identification:_identify(install) by extension 'ignore'
[6.845s] Level 1:colcon.colcon_core.package_identification:_identify(install) ignored
[6.862s] Level 1:colcon.colcon_core.package_identification:_identify(log) by extensions ['ignore', 'ignore_ament_install']
[6.863s] Level 1:colcon.colcon_core.package_identification:_identify(log) by extension 'ignore'
[6.864s] Level 1:colcon.colcon_core.package_identification:_identify(log) ignored
[6.865s] Level 1:colcon.colcon_core.package_identification:_identify(messages_pkg) by extensions ['ignore', 'ignore_ament_install']
[6.866s] Level 1:colcon.colcon_core.package_identification:_identify(messages_pkg) by extension 'ignore'
[6.866s] Level 1:colcon.colcon_core.package_identification:_identify(messages_pkg) by extension 'ignore_ament_install'
[6.867s] Level 1:colcon.colcon_core.package_identification:_identify(messages_pkg) by extensions ['colcon_pkg']
[6.868s] Level 1:colcon.colcon_core.package_identification:_identify(messages_pkg) by extension 'colcon_pkg'
[6.868s] Level 1:colcon.colcon_core.package_identification:_identify(messages_pkg) by extensions ['colcon_meta']
[6.869s] Level 1:colcon.colcon_core.package_identification:_identify(messages_pkg) by extension 'colcon_meta'
[6.890s] Level 1:colcon.colcon_core.package_identification:_identify(messages_pkg) by extensions ['ros']
[6.890s] Level 1:colcon.colcon_core.package_identification:_identify(messages_pkg) by extension 'ros'
[6.943s] DEBUG:colcon.colcon_core.package_identification:Package 'messages_pkg' with type 'ros.ament_cmake' and name 'messages_pkg'
[6.944s] Level 1:colcon.colcon_core.package_identification:_identify(robocar_package) by extensions ['ignore', 'ignore_ament_install']
[6.945s] Level 1:colcon.colcon_core.package_identification:_identify(robocar_package) by extension 'ignore'
[6.946s] Level 1:colcon.colcon_core.package_identification:_identify(robocar_package) by extension 'ignore_ament_install'
[6.947s] Level 1:colcon.colcon_core.package_identification:_identify(robocar_package) by extensions ['colcon_pkg']
[6.947s] Level 1:colcon.colcon_core.package_identification:_identify(robocar_package) by extension 'colcon_pkg'
[6.948s] Level 1:colcon.colcon_core.package_identification:_identify(robocar_package) by extensions ['colcon_meta']
[6.969s] Level 1:colcon.colcon_core.package_identification:_identify(robocar_package) by extension 'colcon_meta'
[6.970s] Level 1:colcon.colcon_core.package_identification:_identify(robocar_package) by extensions ['ros']
[6.970s] Level 1:colcon.colcon_core.package_identification:_identify(robocar_package) by extension 'ros'
[6.975s] DEBUG:colcon.colcon_core.package_identification:Failed to parse potential ROS package manifest in'robocar_package': Error(s) in package 'robocar_package/package.xml':
The manifest contains invalid XML:
mismatched tag: line 30, column 2
[6.993s] Level 1:colcon.colcon_core.package_identification:_identify(robocar_package) by extensions ['cmake', 'python']
[6.994s] Level 1:colcon.colcon_core.package_identification:_identify(robocar_package) by extension 'cmake'
[6.994s] Level 1:colcon.colcon_core.package_identification:_identify(robocar_package) by extension 'python'
[6.996s] DEBUG:colcon.colcon_core.package_identification:Python package in 'robocar_package' passes arguments to the setup() function which requires a different identification extension than 'python'
[6.996s] Level 1:colcon.colcon_core.package_identification:_identify(robocar_package) by extensions ['python_setup_py']
[6.996s] Level 1:colcon.colcon_core.package_identification:_identify(robocar_package) by extension 'python_setup_py'
[11.645s] DEBUG:colcon.colcon_core.package_identification:Package 'robocar_package' with type 'python' and name 'robocar_package'
[11.646s] Level 1:colcon.colcon_core.package_identification:_identify(robocar_pkg) by extensions ['ignore', 'ignore_ament_install']
[11.647s] Level 1:colcon.colcon_core.package_identification:_identify(robocar_pkg) by extension 'ignore'
[11.648s] Level 1:colcon.colcon_core.package_identification:_identify(robocar_pkg) by extension 'ignore_ament_install'
[11.649s] Level 1:colcon.colcon_core.package_identification:_identify(robocar_pkg) by extensions ['colcon_pkg']
[11.650s] Level 1:colcon.colcon_core.package_identification:_identify(robocar_pkg) by extension 'colcon_pkg'
[11.650s] Level 1:colcon.colcon_core.package_identification:_identify(robocar_pkg) by extensions ['colcon_meta']
[11.651s] Level 1:colcon.colcon_core.package_identification:_identify(robocar_pkg) by extension 'colcon_meta'
[11.652s] Level 1:colcon.colcon_core.package_identification:_identify(robocar_pkg) by extensions ['ros']
[11.652s] Level 1:colcon.colcon_core.package_identification:_identify(robocar_pkg) by extension 'ros'
[11.655s] DEBUG:colcon.colcon_core.package_identification:Package 'robocar_pkg' with type 'ros.ament_python' and name 'robocar_pkg'
[11.657s] Level 1:colcon.colcon_core.package_identification:_identify(teleop_twist_joy) by extensions ['ignore', 'ignore_ament_install']
[11.658s] Level 1:colcon.colcon_core.package_identification:_identify(teleop_twist_joy) by extension 'ignore'
[11.659s] Level 1:colcon.colcon_core.package_identification:_identify(teleop_twist_joy) by extension 'ignore_ament_install'
[11.659s] Level 1:colcon.colcon_core.package_identification:_identify(teleop_twist_joy) by extensions ['colcon_pkg']
[11.660s] Level 1:colcon.colcon_core.package_identification:_identify(teleop_twist_joy) by extension 'colcon_pkg'
[11.661s] Level 1:colcon.colcon_core.package_identification:_identify(teleop_twist_joy) by extensions ['colcon_meta']
[11.662s] Level 1:colcon.colcon_core.package_identification:_identify(teleop_twist_joy) by extension 'colcon_meta'
[11.663s] Level 1:colcon.colcon_core.package_identification:_identify(teleop_twist_joy) by extensions ['ros']
[11.664s] Level 1:colcon.colcon_core.package_identification:_identify(teleop_twist_joy) by extension 'ros'
[11.670s] DEBUG:colcon.colcon_core.package_identification:Package 'teleop_twist_joy' with type 'ros.ament_cmake' and name 'teleop_twist_joy'
[11.671s] Level 1:colcon.colcon_core.package_discovery:discover_packages(recursive) using defaults
[11.672s] Level 1:colcon.colcon_core.package_discovery:discover_packages(ignore) discover
[11.672s] Level 1:colcon.colcon_core.package_discovery:discover_packages(ignore) using defaults
[11.673s] Level 1:colcon.colcon_core.package_discovery:discover_packages(path) discover
[11.673s] Level 1:colcon.colcon_core.package_discovery:discover_packages(path) using defaults
[11.984s] INFO:colcon.colcon_core.package_selection:Skipping not selected package 'messages_pkg' in 'messages_pkg'
[11.997s] INFO:colcon.colcon_core.package_selection:Skipping not selected package 'robocar_package' in 'robocar_package'
[11.998s] INFO:colcon.colcon_core.package_selection:Skipping not selected package 'teleop_twist_joy' in 'teleop_twist_joy'
[12.002s] Level 5:colcon.colcon_core.verb:set package 'robocar_pkg' build argument 'cmake_args' from command line to 'None'
[12.004s] Level 5:colcon.colcon_core.verb:set package 'robocar_pkg' build argument 'cmake_target' from command line to 'None'
[12.005s] Level 5:colcon.colcon_core.verb:set package 'robocar_pkg' build argument 'cmake_target_skip_unavailable' from command line to 'False'
[12.006s] Level 5:colcon.colcon_core.verb:set package 'robocar_pkg' build argument 'cmake_clean_cache' from command line to 'False'
[12.007s] Level 5:colcon.colcon_core.verb:set package 'robocar_pkg' build argument 'cmake_clean_first' from command line to 'False'
[12.008s] Level 5:colcon.colcon_core.verb:set package 'robocar_pkg' build argument 'cmake_force_configure' from command line to 'False'
[12.009s] Level 5:colcon.colcon_core.verb:set package 'robocar_pkg' build argument 'ament_cmake_args' from command line to 'None'
[12.010s] Level 5:colcon.colcon_core.verb:set package 'robocar_pkg' build argument 'catkin_cmake_args' from command line to 'None'
[12.011s] Level 5:colcon.colcon_core.verb:set package 'robocar_pkg' build argument 'catkin_skip_building_tests' from command line to 'False'
[12.013s] DEBUG:colcon.colcon_core.verb:Building package 'robocar_pkg' with the following arguments: {'ament_cmake_args': None, 'build_base': '/home/lab/robocar/src/build/robocar_pkg', 'catkin_cmake_args': None, 'catkin_skip_building_tests': False, 'cmake_args': None, 'cmake_clean_cache': False, 'cmake_clean_first': False, 'cmake_force_configure': False, 'cmake_target': None, 'cmake_target_skip_unavailable': False, 'install_base': '/home/lab/robocar/src/install/robocar_pkg', 'merge_install': False, 'path': '/home/lab/robocar/src/robocar_pkg', 'symlink_install': False, 'test_result_base': None}
[12.015s] INFO:colcon.colcon_core.executor:Executing jobs using 'parallel' executor
[12.055s] DEBUG:colcon.colcon_parallel_executor.executor.parallel:run_until_complete
[12.059s] INFO:colcon.colcon_ros.task.ament_python.build:Building ROS package in '/home/lab/robocar/src/robocar_pkg' with build type 'ament_python'
[12.060s] Level 1:colcon.colcon_core.shell:create_environment_hook('robocar_pkg', 'ament_prefix_path')
[12.134s] INFO:colcon.colcon_core.plugin_system:Skipping extension 'colcon_core.shell.bat': Not used on non-Windows systems
[12.136s] INFO:colcon.colcon_core.shell:Creating environment hook '/home/lab/robocar/src/install/robocar_pkg/share/robocar_pkg/hook/ament_prefix_path.ps1'
[12.153s] INFO:colcon.colcon_core.shell:Creating environment descriptor '/home/lab/robocar/src/install/robocar_pkg/share/robocar_pkg/hook/ament_prefix_path.dsv'
[12.157s] INFO:colcon.colcon_core.shell:Creating environment hook '/home/lab/robocar/src/install/robocar_pkg/share/robocar_pkg/hook/ament_prefix_path.sh'
[12.164s] INFO:colcon.colcon_core.shell:Skip shell extension 'powershell' for command environment: Not usable outside of PowerShell
[12.165s] DEBUG:colcon.colcon_core.shell:Skip shell extension 'dsv' for command environment
[14.864s] INFO:colcon.colcon_core.task.python.build:Building Python package in '/home/lab/robocar/src/robocar_pkg'
[14.866s] INFO:colcon.colcon_core.shell:Skip shell extension 'powershell' for command environment: Not usable outside of PowerShell
[14.866s] DEBUG:colcon.colcon_core.shell:Skip shell extension 'dsv' for command environment
[17.063s] DEBUG:colcon.colcon_core.event_handler.log_command:Invoking command in '/home/lab/robocar/src/robocar_pkg': PYTHONPATH=/home/lab/robocar/src/build/robocar_pkg/prefix_override:/home/lab/robocar/src/install/robocar_pkg/lib/python3.10/site-packages:${PYTHONPATH} VIRTUAL_ENV_PROMPT=(.venv) /home/lab/robocar/.venv/bin/python3 -W ignore:setup.py install is deprecated setup.py egg_info --egg-base ../build/robocar_pkg build --build-base /home/lab/robocar/src/build/robocar_pkg/build install --record /home/lab/robocar/src/build/robocar_pkg/install.log --single-version-externally-managed install_data
[18.759s] DEBUG:colcon.colcon_core.event_handler.log_command:Invoked command in '/home/lab/robocar/src/robocar_pkg' returned '0': PYTHONPATH=/home/lab/robocar/src/build/robocar_pkg/prefix_override:/home/lab/robocar/src/install/robocar_pkg/lib/python3.10/site-packages:${PYTHONPATH} VIRTUAL_ENV_PROMPT=(.venv) /home/lab/robocar/.venv/bin/python3 -W ignore:setup.py install is deprecated setup.py egg_info --egg-base ../build/robocar_pkg build --build-base /home/lab/robocar/src/build/robocar_pkg/build install --record /home/lab/robocar/src/build/robocar_pkg/install.log --single-version-externally-managed install_data
[18.775s] Level 1:colcon.colcon_core.environment:checking '/home/lab/robocar/src/install/robocar_pkg' for CMake module files
[18.778s] Level 1:colcon.colcon_core.environment:checking '/home/lab/robocar/src/install/robocar_pkg' for CMake config files
[18.783s] Level 1:colcon.colcon_core.environment:checking '/home/lab/robocar/src/install/robocar_pkg/lib'
[18.784s] Level 1:colcon.colcon_core.environment:checking '/home/lab/robocar/src/install/robocar_pkg/bin'
[18.785s] Level 1:colcon.colcon_core.environment:checking '/home/lab/robocar/src/install/robocar_pkg/lib/pkgconfig/robocar_pkg.pc'
[18.786s] Level 1:colcon.colcon_core.environment:checking '/home/lab/robocar/src/install/robocar_pkg/lib/python3.10/site-packages'
[18.787s] Level 1:colcon.colcon_core.shell:create_environment_hook('robocar_pkg', 'pythonpath')
[18.788s] INFO:colcon.colcon_core.shell:Creating environment hook '/home/lab/robocar/src/install/robocar_pkg/share/robocar_pkg/hook/pythonpath.ps1'
[18.791s] INFO:colcon.colcon_core.shell:Creating environment descriptor '/home/lab/robocar/src/install/robocar_pkg/share/robocar_pkg/hook/pythonpath.dsv'
[18.793s] INFO:colcon.colcon_core.shell:Creating environment hook '/home/lab/robocar/src/install/robocar_pkg/share/robocar_pkg/hook/pythonpath.sh'
[18.796s] Level 1:colcon.colcon_core.environment:checking '/home/lab/robocar/src/install/robocar_pkg/bin'
[18.797s] Level 1:colcon.colcon_core.environment:create_environment_scripts_only(robocar_pkg)
[18.799s] INFO:colcon.colcon_core.shell:Creating package script '/home/lab/robocar/src/install/robocar_pkg/share/robocar_pkg/package.ps1'
[18.804s] INFO:colcon.colcon_core.shell:Creating package descriptor '/home/lab/robocar/src/install/robocar_pkg/share/robocar_pkg/package.dsv'
[18.808s] INFO:colcon.colcon_core.shell:Creating package script '/home/lab/robocar/src/install/robocar_pkg/share/robocar_pkg/package.sh'
[18.813s] INFO:colcon.colcon_core.shell:Creating package script '/home/lab/robocar/src/install/robocar_pkg/share/robocar_pkg/package.bash'
[18.817s] INFO:colcon.colcon_core.shell:Creating package script '/home/lab/robocar/src/install/robocar_pkg/share/robocar_pkg/package.zsh'
[18.821s] Level 1:colcon.colcon_core.environment:create_file_with_runtime_dependencies(/home/lab/robocar/src/install/robocar_pkg/share/colcon-core/packages/robocar_pkg)
[18.823s] DEBUG:colcon.colcon_parallel_executor.executor.parallel:closing loop
[18.825s] DEBUG:colcon.colcon_parallel_executor.executor.parallel:loop closed
[18.826s] DEBUG:colcon.colcon_parallel_executor.executor.parallel:run_until_complete finished with '0'
[18.827s] DEBUG:colcon.colcon_core.event_reactor:joining thread
[18.837s] INFO:colcon.colcon_core.plugin_system:Skipping extension 'colcon_notification.desktop_notification.notify2': 'notify2' not found
[18.839s] INFO:colcon.colcon_core.plugin_system:Skipping extension 'colcon_notification.desktop_notification.terminal_notifier': Not used on non-Darwin systems
[18.839s] INFO:colcon.colcon_core.plugin_system:Skipping extension 'colcon_notification.desktop_notification.win32': Not used on non-Windows systems
[18.840s] INFO:colcon.colcon_notification.desktop_notification:Sending desktop notification using 'notify_send'
[18.897s] DEBUG:colcon.colcon_core.event_reactor:joined thread
[18.898s] INFO:colcon.colcon_core.shell:Creating prefix script '/home/lab/robocar/src/install/local_setup.ps1'
[18.903s] INFO:colcon.colcon_core.shell:Creating prefix util module '/home/lab/robocar/src/install/_local_setup_util_ps1.py'
[18.912s] INFO:colcon.colcon_core.shell:Creating prefix chain script '/home/lab/robocar/src/install/setup.ps1'
[18.919s] INFO:colcon.colcon_core.shell:Creating prefix script '/home/lab/robocar/src/install/local_setup.sh'
[18.923s] INFO:colcon.colcon_core.shell:Creating prefix util module '/home/lab/robocar/src/install/_local_setup_util_sh.py'
[18.927s] INFO:colcon.colcon_core.shell:Creating prefix chain script '/home/lab/robocar/src/install/setup.sh'
[18.936s] INFO:colcon.colcon_core.shell:Creating prefix script '/home/lab/robocar/src/install/local_setup.bash'
[18.940s] INFO:colcon.colcon_core.shell:Creating prefix chain script '/home/lab/robocar/src/install/setup.bash'
[18.947s] INFO:colcon.colcon_core.shell:Creating prefix script '/home/lab/robocar/src/install/local_setup.zsh'
[18.950s] INFO:colcon.colcon_core.shell:Creating prefix chain script '/home/lab/robocar/src/install/setup.zsh'
