[4.929s] Invoking command in '/home/lab/robocar/src/robocar_package': PYTHONPATH=/home/lab/robocar/src/build/robocar_package/prefix_override:/home/lab/robocar/src/install/robocar_package/lib/python3.10/site-packages:${PYTHONPATH} VIRTUAL_ENV_PROMPT=(.venv) /home/lab/robocar/.venv/bin/python3 -W ignore:setup.py install is deprecated setup.py egg_info --egg-base ../build/robocar_package build --build-base /home/lab/robocar/src/build/robocar_package/build install --record /home/lab/robocar/src/build/robocar_package/install.log --single-version-externally-managed install_data
[6.287s] running egg_info
[6.290s] writing ../build/robocar_package/robocar_package.egg-info/PKG-INFO
[6.292s] writing dependency_links to ../build/robocar_package/robocar_package.egg-info/dependency_links.txt
[6.293s] writing entry points to ../build/robocar_package/robocar_package.egg-info/entry_points.txt
[6.295s] writing requirements to ../build/robocar_package/robocar_package.egg-info/requires.txt
[6.296s] writing top-level names to ../build/robocar_package/robocar_package.egg-info/top_level.txt
[6.305s] reading manifest file '../build/robocar_package/robocar_package.egg-info/SOURCES.txt'
[6.308s] adding license file 'LICENSE'
[6.312s] writing manifest file '../build/robocar_package/robocar_package.egg-info/SOURCES.txt'
[6.313s] running build
[6.314s] running build_py
[6.315s] copying robocar_package/car_control_node.py -> /home/lab/robocar/src/build/robocar_package/build/lib/robocar_package
[6.317s] running install
[6.320s] running install_lib
[6.324s] copying /home/lab/robocar/src/build/robocar_package/build/lib/robocar_package/car_control_node.py -> /home/lab/robocar/src/install/robocar_package/lib/python3.10/site-packages/robocar_package
[6.328s] byte-compiling /home/lab/robocar/src/install/robocar_package/lib/python3.10/site-packages/robocar_package/car_control_node.py to car_control_node.cpython-310.pyc
[6.332s] running install_data
[6.333s] running install_egg_info
[6.343s] removing '/home/lab/robocar/src/install/robocar_package/lib/python3.10/site-packages/robocar_package-0.0.0-py3.10.egg-info' (and everything under it)
[6.345s] Copying ../build/robocar_package/robocar_package.egg-info to /home/lab/robocar/src/install/robocar_package/lib/python3.10/site-packages/robocar_package-0.0.0-py3.10.egg-info
[6.358s] running install_scripts
[6.454s] Installing car_control_node script to /home/lab/robocar/src/install/robocar_package/lib/robocar_package
[6.455s] Installing energy_node script to /home/lab/robocar/src/install/robocar_package/lib/robocar_package
[6.457s] writing list of installed files to '/home/lab/robocar/src/build/robocar_package/install.log'
[6.606s] Invoked command in '/home/lab/robocar/src/robocar_package' returned '0': PYTHONPATH=/home/lab/robocar/src/build/robocar_package/prefix_override:/home/lab/robocar/src/install/robocar_package/lib/python3.10/site-packages:${PYTHONPATH} VIRTUAL_ENV_PROMPT=(.venv) /home/lab/robocar/.venv/bin/python3 -W ignore:setup.py install is deprecated setup.py egg_info --egg-base ../build/robocar_package build --build-base /home/lab/robocar/src/build/robocar_package/build install --record /home/lab/robocar/src/build/robocar_package/install.log --single-version-externally-managed install_data
