[0.176s] Invoking command in '/home/lab/robocar/src/build/messages_pkg': CMAKE_PREFIX_PATH=${CMAKE_PREFIX_PATH}:/opt/ros/iron VIRTUAL_ENV_PROMPT=(.venv) /usr/bin/cmake --build /home/lab/robocar/src/build/messages_pkg -- -j4 -l4
[3.523s] [  2%] Built target messages_pkg__rosidl_generator_type_description
[3.525s] [  2%] Built target ament_cmake_python_copy_messages_pkg
[3.525s] [  5%] Built target messages_pkg__cpp
[3.527s] [ 20%] Built target messages_pkg__rosidl_generator_c
[3.528s] [ 29%] Built target messages_pkg__rosidl_typesupport_cpp
[3.529s] [ 38%] Built target messages_pkg__rosidl_typesupport_fastrtps_c
[3.530s] [ 47%] Built target messages_pkg__rosidl_typesupport_introspection_c
[3.531s] [ 55%] Built target messages_pkg__rosidl_typesupport_introspection_cpp
[3.532s] [ 73%] Built target messages_pkg__rosidl_typesupport_c
[3.541s] [ 73%] Built target messages_pkg__rosidl_typesupport_fastrtps_cpp
[3.543s] [ 73%] Built target messages_pkg
[3.544s] [ 76%] Built target messages_pkg__py
[3.550s] [ 82%] Built target messages_pkg__rosidl_generator_py
[3.554s] [ 88%] Built target messages_pkg__rosidl_typesupport_introspection_c__pyext
[3.556s] [ 94%] Built target messages_pkg__rosidl_typesupport_fastrtps_c__pyext
[3.558s] [100%] Built target messages_pkg__rosidl_typesupport_c__pyext
[3.562s] running egg_info
[3.564s] writing messages_pkg.egg-info/PKG-INFO
[3.567s] writing dependency_links to messages_pkg.egg-info/dependency_links.txt
[3.568s] writing top-level names to messages_pkg.egg-info/top_level.txt
[3.569s] reading manifest file 'messages_pkg.egg-info/SOURCES.txt'
[3.570s] writing manifest file 'messages_pkg.egg-info/SOURCES.txt'
[3.571s] [100%] Built target ament_cmake_python_build_messages_pkg_egg
[3.593s] Invoked command in '/home/lab/robocar/src/build/messages_pkg' returned '0': CMAKE_PREFIX_PATH=${CMAKE_PREFIX_PATH}:/opt/ros/iron VIRTUAL_ENV_PROMPT=(.venv) /usr/bin/cmake --build /home/lab/robocar/src/build/messages_pkg -- -j4 -l4
[4.326s] Invoking command in '/home/lab/robocar/src/build/messages_pkg': CMAKE_PREFIX_PATH=${CMAKE_PREFIX_PATH}:/opt/ros/iron VIRTUAL_ENV_PROMPT=(.venv) /usr/bin/cmake --install /home/lab/robocar/src/build/messages_pkg
[4.372s] -- Install configuration: ""
[4.375s] -- Up-to-date: /home/lab/robocar/src/install/messages_pkg/share/ament_index/resource_index/rosidl_interfaces/messages_pkg
[4.379s] -- Up-to-date: /home/lab/robocar/src/install/messages_pkg/share/messages_pkg/msg/Energy.json
[4.383s] -- Up-to-date: /home/lab/robocar/src/install/messages_pkg/include/messages_pkg/messages_pkg
[4.386s] -- Up-to-date: /home/lab/robocar/src/install/messages_pkg/include/messages_pkg/messages_pkg/msg
[4.390s] -- Up-to-date: /home/lab/robocar/src/install/messages_pkg/include/messages_pkg/messages_pkg/msg/energy.h
[4.394s] -- Up-to-date: /home/lab/robocar/src/install/messages_pkg/include/messages_pkg/messages_pkg/msg/detail
[4.397s] -- Up-to-date: /home/lab/robocar/src/install/messages_pkg/include/messages_pkg/messages_pkg/msg/detail/energy__functions.c
[4.401s] -- Up-to-date: /home/lab/robocar/src/install/messages_pkg/include/messages_pkg/messages_pkg/msg/detail/energy__type_support.h
[4.404s] -- Up-to-date: /home/lab/robocar/src/install/messages_pkg/include/messages_pkg/messages_pkg/msg/detail/energy__description.c
[4.407s] -- Installing: /home/lab/robocar/src/install/messages_pkg/include/messages_pkg/messages_pkg/msg/detail/energy__type_support.c
[4.411s] -- Up-to-date: /home/lab/robocar/src/install/messages_pkg/include/messages_pkg/messages_pkg/msg/detail/energy__struct.h
[4.418s] -- Up-to-date: /home/lab/robocar/src/install/messages_pkg/include/messages_pkg/messages_pkg/msg/detail/energy__functions.h
[4.420s] -- Up-to-date: /home/lab/robocar/src/install/messages_pkg/include/messages_pkg/messages_pkg/msg/rosidl_generator_c__visibility_control.h
[4.423s] -- Up-to-date: /home/lab/robocar/src/install/messages_pkg/share/messages_pkg/environment/library_path.sh
[4.424s] -- Up-to-date: /home/lab/robocar/src/install/messages_pkg/share/messages_pkg/environment/library_path.dsv
[4.426s] -- Up-to-date: /home/lab/robocar/src/install/messages_pkg/lib/libmessages_pkg__rosidl_generator_c.so
[4.430s] -- Up-to-date: /home/lab/robocar/src/install/messages_pkg/include/messages_pkg/messages_pkg
[4.431s] -- Up-to-date: /home/lab/robocar/src/install/messages_pkg/include/messages_pkg/messages_pkg/msg
[4.434s] -- Up-to-date: /home/lab/robocar/src/install/messages_pkg/include/messages_pkg/messages_pkg/msg/rosidl_typesupport_fastrtps_c__visibility_control.h
[4.435s] -- Up-to-date: /home/lab/robocar/src/install/messages_pkg/include/messages_pkg/messages_pkg/msg/detail
[4.436s] -- Up-to-date: /home/lab/robocar/src/install/messages_pkg/include/messages_pkg/messages_pkg/msg/detail/energy__rosidl_typesupport_fastrtps_c.h
[4.437s] -- Up-to-date: /home/lab/robocar/src/install/messages_pkg/lib/libmessages_pkg__rosidl_typesupport_fastrtps_c.so
[4.449s] -- Up-to-date: /home/lab/robocar/src/install/messages_pkg/include/messages_pkg/messages_pkg
[4.449s] -- Up-to-date: /home/lab/robocar/src/install/messages_pkg/include/messages_pkg/messages_pkg/msg
[4.450s] -- Up-to-date: /home/lab/robocar/src/install/messages_pkg/include/messages_pkg/messages_pkg/msg/detail
[4.451s] -- Up-to-date: /home/lab/robocar/src/install/messages_pkg/include/messages_pkg/messages_pkg/msg/detail/energy__rosidl_typesupport_introspection_c.h
[4.451s] -- Installing: /home/lab/robocar/src/install/messages_pkg/include/messages_pkg/messages_pkg/msg/detail/energy__type_support.c
[4.453s] -- Up-to-date: /home/lab/robocar/src/install/messages_pkg/include/messages_pkg/messages_pkg/msg/rosidl_typesupport_introspection_c__visibility_control.h
[4.455s] -- Up-to-date: /home/lab/robocar/src/install/messages_pkg/lib/libmessages_pkg__rosidl_typesupport_introspection_c.so
[4.459s] -- Up-to-date: /home/lab/robocar/src/install/messages_pkg/lib/libmessages_pkg__rosidl_typesupport_c.so
[4.461s] -- Up-to-date: /home/lab/robocar/src/install/messages_pkg/include/messages_pkg/messages_pkg
[4.462s] -- Up-to-date: /home/lab/robocar/src/install/messages_pkg/include/messages_pkg/messages_pkg/msg
[4.463s] -- Up-to-date: /home/lab/robocar/src/install/messages_pkg/include/messages_pkg/messages_pkg/msg/detail
[4.464s] -- Up-to-date: /home/lab/robocar/src/install/messages_pkg/include/messages_pkg/messages_pkg/msg/detail/energy__builder.hpp
[4.464s] -- Up-to-date: /home/lab/robocar/src/install/messages_pkg/include/messages_pkg/messages_pkg/msg/detail/energy__struct.hpp
[4.465s] -- Up-to-date: /home/lab/robocar/src/install/messages_pkg/include/messages_pkg/messages_pkg/msg/detail/energy__traits.hpp
[4.466s] -- Up-to-date: /home/lab/robocar/src/install/messages_pkg/include/messages_pkg/messages_pkg/msg/energy.hpp
[4.466s] -- Up-to-date: /home/lab/robocar/src/install/messages_pkg/include/messages_pkg/messages_pkg
[4.467s] -- Up-to-date: /home/lab/robocar/src/install/messages_pkg/include/messages_pkg/messages_pkg/msg
[4.468s] -- Up-to-date: /home/lab/robocar/src/install/messages_pkg/include/messages_pkg/messages_pkg/msg/detail
[4.477s] -- Up-to-date: /home/lab/robocar/src/install/messages_pkg/include/messages_pkg/messages_pkg/msg/detail/dds_fastrtps
[4.477s] -- Up-to-date: /home/lab/robocar/src/install/messages_pkg/include/messages_pkg/messages_pkg/msg/detail/energy__rosidl_typesupport_fastrtps_cpp.hpp
[4.478s] -- Up-to-date: /home/lab/robocar/src/install/messages_pkg/include/messages_pkg/messages_pkg/msg/rosidl_typesupport_fastrtps_cpp__visibility_control.h
[4.478s] -- Up-to-date: /home/lab/robocar/src/install/messages_pkg/lib/libmessages_pkg__rosidl_typesupport_fastrtps_cpp.so
[4.479s] -- Up-to-date: /home/lab/robocar/src/install/messages_pkg/include/messages_pkg/messages_pkg
[4.479s] -- Up-to-date: /home/lab/robocar/src/install/messages_pkg/include/messages_pkg/messages_pkg/msg
[4.480s] -- Up-to-date: /home/lab/robocar/src/install/messages_pkg/include/messages_pkg/messages_pkg/msg/detail
[4.480s] -- Up-to-date: /home/lab/robocar/src/install/messages_pkg/include/messages_pkg/messages_pkg/msg/detail/energy__type_support.cpp
[4.481s] -- Up-to-date: /home/lab/robocar/src/install/messages_pkg/include/messages_pkg/messages_pkg/msg/detail/energy__rosidl_typesupport_introspection_cpp.hpp
[4.481s] -- Up-to-date: /home/lab/robocar/src/install/messages_pkg/lib/libmessages_pkg__rosidl_typesupport_introspection_cpp.so
[4.482s] -- Up-to-date: /home/lab/robocar/src/install/messages_pkg/lib/libmessages_pkg__rosidl_typesupport_cpp.so
[4.482s] -- Up-to-date: /home/lab/robocar/src/install/messages_pkg/share/messages_pkg/environment/pythonpath.sh
[4.483s] -- Up-to-date: /home/lab/robocar/src/install/messages_pkg/share/messages_pkg/environment/pythonpath.dsv
[4.484s] -- Up-to-date: /home/lab/robocar/src/install/messages_pkg/lib/python3.10/site-packages/messages_pkg-0.0.0-py3.10.egg-info
[4.485s] -- Installing: /home/lab/robocar/src/install/messages_pkg/lib/python3.10/site-packages/messages_pkg-0.0.0-py3.10.egg-info/SOURCES.txt
[4.487s] -- Installing: /home/lab/robocar/src/install/messages_pkg/lib/python3.10/site-packages/messages_pkg-0.0.0-py3.10.egg-info/dependency_links.txt
[4.488s] -- Installing: /home/lab/robocar/src/install/messages_pkg/lib/python3.10/site-packages/messages_pkg-0.0.0-py3.10.egg-info/PKG-INFO
[4.491s] -- Installing: /home/lab/robocar/src/install/messages_pkg/lib/python3.10/site-packages/messages_pkg-0.0.0-py3.10.egg-info/top_level.txt
[4.493s] -- Up-to-date: /home/lab/robocar/src/install/messages_pkg/lib/python3.10/site-packages/messages_pkg
[4.494s] -- Up-to-date: /home/lab/robocar/src/install/messages_pkg/lib/python3.10/site-packages/messages_pkg/_messages_pkg_s.ep.rosidl_typesupport_fastrtps_c.c
[4.494s] -- Up-to-date: /home/lab/robocar/src/install/messages_pkg/lib/python3.10/site-packages/messages_pkg/msg
[4.504s] -- Up-to-date: /home/lab/robocar/src/install/messages_pkg/lib/python3.10/site-packages/messages_pkg/msg/_energy_s.c
[4.505s] -- Up-to-date: /home/lab/robocar/src/install/messages_pkg/lib/python3.10/site-packages/messages_pkg/msg/_energy.py
[4.505s] -- Up-to-date: /home/lab/robocar/src/install/messages_pkg/lib/python3.10/site-packages/messages_pkg/msg/__init__.py
[4.506s] -- Up-to-date: /home/lab/robocar/src/install/messages_pkg/lib/python3.10/site-packages/messages_pkg/messages_pkg_s__rosidl_typesupport_introspection_c.cpython-310-aarch64-linux-gnu.so
[4.506s] -- Up-to-date: /home/lab/robocar/src/install/messages_pkg/lib/python3.10/site-packages/messages_pkg/libmessages_pkg__rosidl_generator_py.so
[4.507s] -- Up-to-date: /home/lab/robocar/src/install/messages_pkg/lib/python3.10/site-packages/messages_pkg/messages_pkg_s__rosidl_typesupport_c.cpython-310-aarch64-linux-gnu.so
[4.508s] -- Up-to-date: /home/lab/robocar/src/install/messages_pkg/lib/python3.10/site-packages/messages_pkg/messages_pkg_s__rosidl_typesupport_fastrtps_c.cpython-310-aarch64-linux-gnu.so
[4.508s] -- Up-to-date: /home/lab/robocar/src/install/messages_pkg/lib/python3.10/site-packages/messages_pkg/__init__.py
[4.509s] -- Up-to-date: /home/lab/robocar/src/install/messages_pkg/lib/python3.10/site-packages/messages_pkg/_messages_pkg_s.ep.rosidl_typesupport_introspection_c.c
[4.509s] -- Up-to-date: /home/lab/robocar/src/install/messages_pkg/lib/python3.10/site-packages/messages_pkg/_messages_pkg_s.ep.rosidl_typesupport_c.c
[4.734s] Listing '/home/lab/robocar/src/install/messages_pkg/lib/python3.10/site-packages/messages_pkg'...
[4.736s] Listing '/home/lab/robocar/src/install/messages_pkg/lib/python3.10/site-packages/messages_pkg/msg'...
[4.778s] -- Up-to-date: /home/lab/robocar/src/install/messages_pkg/lib/python3.10/site-packages/messages_pkg/messages_pkg_s__rosidl_typesupport_fastrtps_c.cpython-310-aarch64-linux-gnu.so
[4.780s] -- Up-to-date: /home/lab/robocar/src/install/messages_pkg/lib/python3.10/site-packages/messages_pkg/messages_pkg_s__rosidl_typesupport_introspection_c.cpython-310-aarch64-linux-gnu.so
[4.784s] -- Up-to-date: /home/lab/robocar/src/install/messages_pkg/lib/python3.10/site-packages/messages_pkg/messages_pkg_s__rosidl_typesupport_c.cpython-310-aarch64-linux-gnu.so
[4.793s] -- Up-to-date: /home/lab/robocar/src/install/messages_pkg/lib/libmessages_pkg__rosidl_generator_py.so
[4.804s] -- Up-to-date: /home/lab/robocar/src/install/messages_pkg/share/messages_pkg/msg/Energy.idl
[4.830s] -- Up-to-date: /home/lab/robocar/src/install/messages_pkg/share/messages_pkg/msg/Energy.msg
[4.830s] -- Up-to-date: /home/lab/robocar/src/install/messages_pkg/share/ament_index/resource_index/package_run_dependencies/messages_pkg
[4.831s] -- Up-to-date: /home/lab/robocar/src/install/messages_pkg/share/ament_index/resource_index/parent_prefix_path/messages_pkg
[4.831s] -- Up-to-date: /home/lab/robocar/src/install/messages_pkg/share/messages_pkg/environment/ament_prefix_path.sh
[4.832s] -- Up-to-date: /home/lab/robocar/src/install/messages_pkg/share/messages_pkg/environment/ament_prefix_path.dsv
[4.832s] -- Up-to-date: /home/lab/robocar/src/install/messages_pkg/share/messages_pkg/environment/path.sh
[4.834s] -- Up-to-date: /home/lab/robocar/src/install/messages_pkg/share/messages_pkg/environment/path.dsv
[4.835s] -- Up-to-date: /home/lab/robocar/src/install/messages_pkg/share/messages_pkg/local_setup.bash
[4.835s] -- Up-to-date: /home/lab/robocar/src/install/messages_pkg/share/messages_pkg/local_setup.sh
[4.836s] -- Up-to-date: /home/lab/robocar/src/install/messages_pkg/share/messages_pkg/local_setup.zsh
[4.836s] -- Up-to-date: /home/lab/robocar/src/install/messages_pkg/share/messages_pkg/local_setup.dsv
[4.839s] -- Installing: /home/lab/robocar/src/install/messages_pkg/share/messages_pkg/package.dsv
[4.839s] -- Up-to-date: /home/lab/robocar/src/install/messages_pkg/share/ament_index/resource_index/packages/messages_pkg
[4.840s] -- Up-to-date: /home/lab/robocar/src/install/messages_pkg/share/messages_pkg/cmake/export_messages_pkg__rosidl_generator_cExport.cmake
[4.851s] -- Up-to-date: /home/lab/robocar/src/install/messages_pkg/share/messages_pkg/cmake/export_messages_pkg__rosidl_generator_cExport-noconfig.cmake
[4.852s] -- Up-to-date: /home/lab/robocar/src/install/messages_pkg/share/messages_pkg/cmake/export_messages_pkg__rosidl_typesupport_fastrtps_cExport.cmake
[4.855s] -- Up-to-date: /home/lab/robocar/src/install/messages_pkg/share/messages_pkg/cmake/export_messages_pkg__rosidl_typesupport_fastrtps_cExport-noconfig.cmake
[4.858s] -- Up-to-date: /home/lab/robocar/src/install/messages_pkg/share/messages_pkg/cmake/messages_pkg__rosidl_typesupport_introspection_cExport.cmake
[4.858s] -- Up-to-date: /home/lab/robocar/src/install/messages_pkg/share/messages_pkg/cmake/messages_pkg__rosidl_typesupport_introspection_cExport-noconfig.cmake
[4.859s] -- Up-to-date: /home/lab/robocar/src/install/messages_pkg/share/messages_pkg/cmake/messages_pkg__rosidl_typesupport_cExport.cmake
[4.859s] -- Up-to-date: /home/lab/robocar/src/install/messages_pkg/share/messages_pkg/cmake/messages_pkg__rosidl_typesupport_cExport-noconfig.cmake
[4.860s] -- Up-to-date: /home/lab/robocar/src/install/messages_pkg/share/messages_pkg/cmake/export_messages_pkg__rosidl_generator_cppExport.cmake
[4.864s] -- Up-to-date: /home/lab/robocar/src/install/messages_pkg/share/messages_pkg/cmake/export_messages_pkg__rosidl_typesupport_fastrtps_cppExport.cmake
[4.870s] -- Up-to-date: /home/lab/robocar/src/install/messages_pkg/share/messages_pkg/cmake/export_messages_pkg__rosidl_typesupport_fastrtps_cppExport-noconfig.cmake
[4.870s] -- Up-to-date: /home/lab/robocar/src/install/messages_pkg/share/messages_pkg/cmake/messages_pkg__rosidl_typesupport_introspection_cppExport.cmake
[4.871s] -- Up-to-date: /home/lab/robocar/src/install/messages_pkg/share/messages_pkg/cmake/messages_pkg__rosidl_typesupport_introspection_cppExport-noconfig.cmake
[4.872s] -- Up-to-date: /home/lab/robocar/src/install/messages_pkg/share/messages_pkg/cmake/messages_pkg__rosidl_typesupport_cppExport.cmake
[4.873s] -- Up-to-date: /home/lab/robocar/src/install/messages_pkg/share/messages_pkg/cmake/messages_pkg__rosidl_typesupport_cppExport-noconfig.cmake
[4.874s] -- Up-to-date: /home/lab/robocar/src/install/messages_pkg/share/messages_pkg/cmake/export_messages_pkg__rosidl_generator_pyExport.cmake
[4.875s] -- Up-to-date: /home/lab/robocar/src/install/messages_pkg/share/messages_pkg/cmake/export_messages_pkg__rosidl_generator_pyExport-noconfig.cmake
[4.875s] -- Up-to-date: /home/lab/robocar/src/install/messages_pkg/share/messages_pkg/cmake/rosidl_cmake-extras.cmake
[4.876s] -- Up-to-date: /home/lab/robocar/src/install/messages_pkg/share/messages_pkg/cmake/ament_cmake_export_include_directories-extras.cmake
[4.897s] -- Up-to-date: /home/lab/robocar/src/install/messages_pkg/share/messages_pkg/cmake/ament_cmake_export_libraries-extras.cmake
[4.899s] -- Up-to-date: /home/lab/robocar/src/install/messages_pkg/share/messages_pkg/cmake/ament_cmake_export_targets-extras.cmake
[4.899s] -- Up-to-date: /home/lab/robocar/src/install/messages_pkg/share/messages_pkg/cmake/rosidl_cmake_export_typesupport_targets-extras.cmake
[4.900s] -- Up-to-date: /home/lab/robocar/src/install/messages_pkg/share/messages_pkg/cmake/ament_cmake_export_dependencies-extras.cmake
[4.901s] -- Up-to-date: /home/lab/robocar/src/install/messages_pkg/share/messages_pkg/cmake/rosidl_cmake_export_typesupport_libraries-extras.cmake
[4.902s] -- Up-to-date: /home/lab/robocar/src/install/messages_pkg/share/messages_pkg/cmake/messages_pkgConfig.cmake
[4.902s] -- Up-to-date: /home/lab/robocar/src/install/messages_pkg/share/messages_pkg/cmake/messages_pkgConfig-version.cmake
[4.903s] -- Up-to-date: /home/lab/robocar/src/install/messages_pkg/share/messages_pkg/package.xml
[4.957s] Invoked command in '/home/lab/robocar/src/build/messages_pkg' returned '0': CMAKE_PREFIX_PATH=${CMAKE_PREFIX_PATH}:/opt/ros/iron VIRTUAL_ENV_PROMPT=(.venv) /usr/bin/cmake --install /home/lab/robocar/src/build/messages_pkg
