[0.666s] DEBUG:colcon:Command line arguments: ['/home/lab/robocar/.venv/bin/colcon', 'build']
[0.667s] DEBUG:colcon:Parsed command line arguments: Namespace(log_base=None, log_level=None, verb_name='build', build_base='build', install_base='install', merge_install=False, symlink_install=False, test_result_base=None, continue_on_error=False, executor='parallel', parallel_workers=4, event_handlers=None, ignore_user_meta=False, metas=['./colcon.meta'], base_paths=['.'], packages_ignore=None, packages_ignore_regex=None, paths=None, packages_up_to=None, packages_up_to_regex=None, packages_above=None, packages_above_and_dependencies=None, packages_above_depth=None, packages_select_by_dep=None, packages_skip_by_dep=None, packages_skip_up_to=None, packages_select_build_failed=False, packages_skip_build_finished=False, packages_select_test_failures=False, packages_skip_test_passed=False, packages_select=None, packages_skip=None, packages_select_regex=None, packages_skip_regex=None, packages_start=None, packages_end=None, cmake_args=None, cmake_target=None, cmake_target_skip_unavailable=False, cmake_clean_cache=False, cmake_clean_first=False, cmake_force_configure=False, ament_cmake_args=None, catkin_cmake_args=None, catkin_skip_building_tests=False, verb_parser=<colcon_defaults.argument_parser.defaults.DefaultArgumentsDecorator object at 0xffff7eefda20>, verb_extension=<colcon_core.verb.build.BuildVerb object at 0xffff7f07a740>, main=<bound method BuildVerb.main of <colcon_core.verb.build.BuildVerb object at 0xffff7f07a740>>)
[1.304s] Level 1:colcon.colcon_core.package_discovery:discover_packages(colcon_meta) check parameters
[1.305s] Level 1:colcon.colcon_core.package_discovery:discover_packages(recursive) check parameters
[1.305s] Level 1:colcon.colcon_core.package_discovery:discover_packages(ignore) check parameters
[1.305s] Level 1:colcon.colcon_core.package_discovery:discover_packages(path) check parameters
[1.305s] Level 1:colcon.colcon_core.package_discovery:discover_packages(colcon_meta) discover
[1.306s] Level 1:colcon.colcon_core.package_discovery:discover_packages(recursive) discover
[1.306s] INFO:colcon.colcon_core.package_discovery:Crawling recursively for packages in '/home/lab/robocar/src'
[1.306s] Level 1:colcon.colcon_core.package_identification:_identify(.) by extensions ['ignore', 'ignore_ament_install']
[1.307s] Level 1:colcon.colcon_core.package_identification:_identify(.) by extension 'ignore'
[1.307s] Level 1:colcon.colcon_core.package_identification:_identify(.) by extension 'ignore_ament_install'
[1.308s] Level 1:colcon.colcon_core.package_identification:_identify(.) by extensions ['colcon_pkg']
[1.308s] Level 1:colcon.colcon_core.package_identification:_identify(.) by extension 'colcon_pkg'
[1.308s] Level 1:colcon.colcon_core.package_identification:_identify(.) by extensions ['colcon_meta']
[1.308s] Level 1:colcon.colcon_core.package_identification:_identify(.) by extension 'colcon_meta'
[1.308s] Level 1:colcon.colcon_core.package_identification:_identify(.) by extensions ['ros']
[1.309s] Level 1:colcon.colcon_core.package_identification:_identify(.) by extension 'ros'
[1.431s] Level 1:colcon.colcon_core.package_identification:_identify(.) by extensions ['cmake', 'python']
[1.431s] Level 1:colcon.colcon_core.package_identification:_identify(.) by extension 'cmake'
[1.432s] Level 1:colcon.colcon_core.package_identification:_identify(.) by extension 'python'
[1.432s] Level 1:colcon.colcon_core.package_identification:_identify(.) by extensions ['python_setup_py']
[1.432s] Level 1:colcon.colcon_core.package_identification:_identify(.) by extension 'python_setup_py'
[1.433s] Level 1:colcon.colcon_core.package_identification:_identify(build) by extensions ['ignore', 'ignore_ament_install']
[1.433s] Level 1:colcon.colcon_core.package_identification:_identify(build) by extension 'ignore'
[1.434s] Level 1:colcon.colcon_core.package_identification:_identify(build) ignored
[1.434s] Level 1:colcon.colcon_core.package_identification:_identify(install) by extensions ['ignore', 'ignore_ament_install']
[1.435s] Level 1:colcon.colcon_core.package_identification:_identify(install) by extension 'ignore'
[1.435s] Level 1:colcon.colcon_core.package_identification:_identify(install) ignored
[1.436s] Level 1:colcon.colcon_core.package_identification:_identify(log) by extensions ['ignore', 'ignore_ament_install']
[1.436s] Level 1:colcon.colcon_core.package_identification:_identify(log) by extension 'ignore'
[1.437s] Level 1:colcon.colcon_core.package_identification:_identify(log) ignored
[1.437s] Level 1:colcon.colcon_core.package_identification:_identify(messages_pkg) by extensions ['ignore', 'ignore_ament_install']
[1.438s] Level 1:colcon.colcon_core.package_identification:_identify(messages_pkg) by extension 'ignore'
[1.438s] Level 1:colcon.colcon_core.package_identification:_identify(messages_pkg) by extension 'ignore_ament_install'
[1.438s] Level 1:colcon.colcon_core.package_identification:_identify(messages_pkg) by extensions ['colcon_pkg']
[1.439s] Level 1:colcon.colcon_core.package_identification:_identify(messages_pkg) by extension 'colcon_pkg'
[1.439s] Level 1:colcon.colcon_core.package_identification:_identify(messages_pkg) by extensions ['colcon_meta']
[1.439s] Level 1:colcon.colcon_core.package_identification:_identify(messages_pkg) by extension 'colcon_meta'
[1.439s] Level 1:colcon.colcon_core.package_identification:_identify(messages_pkg) by extensions ['ros']
[1.439s] Level 1:colcon.colcon_core.package_identification:_identify(messages_pkg) by extension 'ros'
[1.451s] DEBUG:colcon.colcon_core.package_identification:Package 'messages_pkg' with type 'ros.ament_cmake' and name 'messages_pkg'
[1.451s] Level 1:colcon.colcon_core.package_identification:_identify(robocar_package) by extensions ['ignore', 'ignore_ament_install']
[1.452s] Level 1:colcon.colcon_core.package_identification:_identify(robocar_package) by extension 'ignore'
[1.452s] Level 1:colcon.colcon_core.package_identification:_identify(robocar_package) by extension 'ignore_ament_install'
[1.453s] Level 1:colcon.colcon_core.package_identification:_identify(robocar_package) by extensions ['colcon_pkg']
[1.453s] Level 1:colcon.colcon_core.package_identification:_identify(robocar_package) by extension 'colcon_pkg'
[1.453s] Level 1:colcon.colcon_core.package_identification:_identify(robocar_package) by extensions ['colcon_meta']
[1.453s] Level 1:colcon.colcon_core.package_identification:_identify(robocar_package) by extension 'colcon_meta'
[1.454s] Level 1:colcon.colcon_core.package_identification:_identify(robocar_package) by extensions ['ros']
[1.454s] Level 1:colcon.colcon_core.package_identification:_identify(robocar_package) by extension 'ros'
[1.456s] DEBUG:colcon.colcon_core.package_identification:Failed to parse potential ROS package manifest in'robocar_package': Error(s) in package 'robocar_package/package.xml':
The manifest contains invalid XML:
mismatched tag: line 30, column 2
[1.457s] Level 1:colcon.colcon_core.package_identification:_identify(robocar_package) by extensions ['cmake', 'python']
[1.457s] Level 1:colcon.colcon_core.package_identification:_identify(robocar_package) by extension 'cmake'
[1.458s] Level 1:colcon.colcon_core.package_identification:_identify(robocar_package) by extension 'python'
[1.458s] DEBUG:colcon.colcon_core.package_identification:Python package in 'robocar_package' passes arguments to the setup() function which requires a different identification extension than 'python'
[1.458s] Level 1:colcon.colcon_core.package_identification:_identify(robocar_package) by extensions ['python_setup_py']
[1.458s] Level 1:colcon.colcon_core.package_identification:_identify(robocar_package) by extension 'python_setup_py'
[2.882s] DEBUG:colcon.colcon_core.package_identification:Package 'robocar_package' with type 'python' and name 'robocar_package'
[2.883s] Level 1:colcon.colcon_core.package_identification:_identify(teleop_twist_joy) by extensions ['ignore', 'ignore_ament_install']
[2.883s] Level 1:colcon.colcon_core.package_identification:_identify(teleop_twist_joy) by extension 'ignore'
[2.884s] Level 1:colcon.colcon_core.package_identification:_identify(teleop_twist_joy) by extension 'ignore_ament_install'
[2.884s] Level 1:colcon.colcon_core.package_identification:_identify(teleop_twist_joy) by extensions ['colcon_pkg']
[2.885s] Level 1:colcon.colcon_core.package_identification:_identify(teleop_twist_joy) by extension 'colcon_pkg'
[2.885s] Level 1:colcon.colcon_core.package_identification:_identify(teleop_twist_joy) by extensions ['colcon_meta']
[2.886s] Level 1:colcon.colcon_core.package_identification:_identify(teleop_twist_joy) by extension 'colcon_meta'
[2.886s] Level 1:colcon.colcon_core.package_identification:_identify(teleop_twist_joy) by extensions ['ros']
[2.887s] Level 1:colcon.colcon_core.package_identification:_identify(teleop_twist_joy) by extension 'ros'
[2.891s] DEBUG:colcon.colcon_core.package_identification:Package 'teleop_twist_joy' with type 'ros.ament_cmake' and name 'teleop_twist_joy'
[2.892s] Level 1:colcon.colcon_core.package_discovery:discover_packages(recursive) using defaults
[2.892s] Level 1:colcon.colcon_core.package_discovery:discover_packages(ignore) discover
[2.892s] Level 1:colcon.colcon_core.package_discovery:discover_packages(ignore) using defaults
[2.892s] Level 1:colcon.colcon_core.package_discovery:discover_packages(path) discover
[2.893s] Level 1:colcon.colcon_core.package_discovery:discover_packages(path) using defaults
[3.000s] Level 5:colcon.colcon_core.verb:set package 'messages_pkg' build argument 'cmake_args' from command line to 'None'
[3.001s] Level 5:colcon.colcon_core.verb:set package 'messages_pkg' build argument 'cmake_target' from command line to 'None'
[3.001s] Level 5:colcon.colcon_core.verb:set package 'messages_pkg' build argument 'cmake_target_skip_unavailable' from command line to 'False'
[3.001s] Level 5:colcon.colcon_core.verb:set package 'messages_pkg' build argument 'cmake_clean_cache' from command line to 'False'
[3.001s] Level 5:colcon.colcon_core.verb:set package 'messages_pkg' build argument 'cmake_clean_first' from command line to 'False'
[3.002s] Level 5:colcon.colcon_core.verb:set package 'messages_pkg' build argument 'cmake_force_configure' from command line to 'False'
[3.002s] Level 5:colcon.colcon_core.verb:set package 'messages_pkg' build argument 'ament_cmake_args' from command line to 'None'
[3.002s] Level 5:colcon.colcon_core.verb:set package 'messages_pkg' build argument 'catkin_cmake_args' from command line to 'None'
[3.002s] Level 5:colcon.colcon_core.verb:set package 'messages_pkg' build argument 'catkin_skip_building_tests' from command line to 'False'
[3.003s] DEBUG:colcon.colcon_core.verb:Building package 'messages_pkg' with the following arguments: {'ament_cmake_args': None, 'build_base': '/home/lab/robocar/src/build/messages_pkg', 'catkin_cmake_args': None, 'catkin_skip_building_tests': False, 'cmake_args': None, 'cmake_clean_cache': False, 'cmake_clean_first': False, 'cmake_force_configure': False, 'cmake_target': None, 'cmake_target_skip_unavailable': False, 'install_base': '/home/lab/robocar/src/install/messages_pkg', 'merge_install': False, 'path': '/home/lab/robocar/src/messages_pkg', 'symlink_install': False, 'test_result_base': None}
[3.005s] Level 5:colcon.colcon_core.verb:set package 'robocar_package' build argument 'cmake_args' from command line to 'None'
[3.005s] Level 5:colcon.colcon_core.verb:set package 'robocar_package' build argument 'cmake_target' from command line to 'None'
[3.005s] Level 5:colcon.colcon_core.verb:set package 'robocar_package' build argument 'cmake_target_skip_unavailable' from command line to 'False'
[3.005s] Level 5:colcon.colcon_core.verb:set package 'robocar_package' build argument 'cmake_clean_cache' from command line to 'False'
[3.006s] Level 5:colcon.colcon_core.verb:set package 'robocar_package' build argument 'cmake_clean_first' from command line to 'False'
[3.006s] Level 5:colcon.colcon_core.verb:set package 'robocar_package' build argument 'cmake_force_configure' from command line to 'False'
[3.006s] Level 5:colcon.colcon_core.verb:set package 'robocar_package' build argument 'ament_cmake_args' from command line to 'None'
[3.006s] Level 5:colcon.colcon_core.verb:set package 'robocar_package' build argument 'catkin_cmake_args' from command line to 'None'
[3.006s] Level 5:colcon.colcon_core.verb:set package 'robocar_package' build argument 'catkin_skip_building_tests' from command line to 'False'
[3.007s] DEBUG:colcon.colcon_core.verb:Building package 'robocar_package' with the following arguments: {'ament_cmake_args': None, 'build_base': '/home/lab/robocar/src/build/robocar_package', 'catkin_cmake_args': None, 'catkin_skip_building_tests': False, 'cmake_args': None, 'cmake_clean_cache': False, 'cmake_clean_first': False, 'cmake_force_configure': False, 'cmake_target': None, 'cmake_target_skip_unavailable': False, 'install_base': '/home/lab/robocar/src/install/robocar_package', 'merge_install': False, 'path': '/home/lab/robocar/src/robocar_package', 'symlink_install': False, 'test_result_base': None}
[3.009s] Level 5:colcon.colcon_core.verb:set package 'teleop_twist_joy' build argument 'cmake_args' from command line to 'None'
[3.009s] Level 5:colcon.colcon_core.verb:set package 'teleop_twist_joy' build argument 'cmake_target' from command line to 'None'
[3.009s] Level 5:colcon.colcon_core.verb:set package 'teleop_twist_joy' build argument 'cmake_target_skip_unavailable' from command line to 'False'
[3.010s] Level 5:colcon.colcon_core.verb:set package 'teleop_twist_joy' build argument 'cmake_clean_cache' from command line to 'False'
[3.010s] Level 5:colcon.colcon_core.verb:set package 'teleop_twist_joy' build argument 'cmake_clean_first' from command line to 'False'
[3.010s] Level 5:colcon.colcon_core.verb:set package 'teleop_twist_joy' build argument 'cmake_force_configure' from command line to 'False'
[3.010s] Level 5:colcon.colcon_core.verb:set package 'teleop_twist_joy' build argument 'ament_cmake_args' from command line to 'None'
[3.010s] Level 5:colcon.colcon_core.verb:set package 'teleop_twist_joy' build argument 'catkin_cmake_args' from command line to 'None'
[3.011s] Level 5:colcon.colcon_core.verb:set package 'teleop_twist_joy' build argument 'catkin_skip_building_tests' from command line to 'False'
[3.011s] DEBUG:colcon.colcon_core.verb:Building package 'teleop_twist_joy' with the following arguments: {'ament_cmake_args': None, 'build_base': '/home/lab/robocar/src/build/teleop_twist_joy', 'catkin_cmake_args': None, 'catkin_skip_building_tests': False, 'cmake_args': None, 'cmake_clean_cache': False, 'cmake_clean_first': False, 'cmake_force_configure': False, 'cmake_target': None, 'cmake_target_skip_unavailable': False, 'install_base': '/home/lab/robocar/src/install/teleop_twist_joy', 'merge_install': False, 'path': '/home/lab/robocar/src/teleop_twist_joy', 'symlink_install': False, 'test_result_base': None}
[3.012s] INFO:colcon.colcon_core.executor:Executing jobs using 'parallel' executor
[3.016s] DEBUG:colcon.colcon_parallel_executor.executor.parallel:run_until_complete
[3.017s] INFO:colcon.colcon_ros.task.ament_cmake.build:Building ROS package in '/home/lab/robocar/src/messages_pkg' with build type 'ament_cmake'
[3.018s] INFO:colcon.colcon_cmake.task.cmake.build:Building CMake package in '/home/lab/robocar/src/messages_pkg'
[3.034s] INFO:colcon.colcon_core.plugin_system:Skipping extension 'colcon_core.shell.bat': Not used on non-Windows systems
[3.035s] INFO:colcon.colcon_core.shell:Skip shell extension 'powershell' for command environment: Not usable outside of PowerShell
[3.036s] DEBUG:colcon.colcon_core.shell:Skip shell extension 'dsv' for command environment
[3.044s] WARNING:colcon.colcon_ros.prefix_path.ament:The path '/home/lab/robocar/src/install/teleop_twist_joy' in the environment variable AMENT_PREFIX_PATH doesn't exist
[3.044s] WARNING:colcon.colcon_ros.prefix_path.ament:The path '/home/lab/robocar/src/install/robocar_pkg' in the environment variable AMENT_PREFIX_PATH doesn't exist
[3.045s] WARNING:colcon.colcon_ros.prefix_path.ament:The path '/home/lab/robocar/src/install/messages_pkg' in the environment variable AMENT_PREFIX_PATH doesn't exist
[3.046s] WARNING:colcon.colcon_ros.prefix_path.catkin:The path '/home/lab/robocar/src/install/teleop_twist_joy' in the environment variable CMAKE_PREFIX_PATH doesn't exist
[3.047s] WARNING:colcon.colcon_ros.prefix_path.catkin:The path '/home/lab/robocar/src/install/robocar_pkg' in the environment variable CMAKE_PREFIX_PATH doesn't exist
[3.047s] WARNING:colcon.colcon_ros.prefix_path.catkin:The path '/home/lab/robocar/src/install/messages_pkg' in the environment variable CMAKE_PREFIX_PATH doesn't exist
[3.074s] INFO:colcon.colcon_core.task.python.build:Building Python package in '/home/lab/robocar/src/robocar_package'
[3.075s] INFO:colcon.colcon_core.shell:Skip shell extension 'powershell' for command environment: Not usable outside of PowerShell
[3.076s] DEBUG:colcon.colcon_core.shell:Skip shell extension 'dsv' for command environment
[3.101s] INFO:colcon.colcon_ros.task.ament_cmake.build:Building ROS package in '/home/lab/robocar/src/teleop_twist_joy' with build type 'ament_cmake'
[3.102s] INFO:colcon.colcon_cmake.task.cmake.build:Building CMake package in '/home/lab/robocar/src/teleop_twist_joy'
[3.105s] INFO:colcon.colcon_core.shell:Skip shell extension 'powershell' for command environment: Not usable outside of PowerShell
[3.106s] DEBUG:colcon.colcon_core.shell:Skip shell extension 'dsv' for command environment
[3.157s] DEBUG:colcon.colcon_core.event_handler.log_command:Invoking command in '/home/lab/robocar/src/build/messages_pkg': CMAKE_PREFIX_PATH=${CMAKE_PREFIX_PATH}:/opt/ros/iron VIRTUAL_ENV_PROMPT=(.venv) /usr/bin/cmake /home/lab/robocar/src/messages_pkg -DCMAKE_INSTALL_PREFIX=/home/lab/robocar/src/install/messages_pkg
[4.776s] DEBUG:colcon.colcon_core.event_handler.log_command:Invoking command in '/home/lab/robocar/src/build/teleop_twist_joy': CMAKE_PREFIX_PATH=${CMAKE_PREFIX_PATH}:/opt/ros/iron VIRTUAL_ENV_PROMPT=(.venv) /usr/bin/cmake /home/lab/robocar/src/teleop_twist_joy -DCMAKE_INSTALL_PREFIX=/home/lab/robocar/src/install/teleop_twist_joy
[6.859s] DEBUG:colcon.colcon_core.event_handler.log_command:Invoking command in '/home/lab/robocar/src/robocar_package': PYTHONPATH=/home/lab/robocar/src/build/robocar_package/prefix_override:/home/lab/robocar/src/install/robocar_package/lib/python3.10/site-packages:${PYTHONPATH} VIRTUAL_ENV_PROMPT=(.venv) /home/lab/robocar/.venv/bin/python3 -W ignore:setup.py install is deprecated setup.py egg_info --egg-base ../build/robocar_package build --build-base /home/lab/robocar/src/build/robocar_package/build install --record /home/lab/robocar/src/build/robocar_package/install.log --single-version-externally-managed install_data
[8.495s] DEBUG:colcon.colcon_core.event_handler.log_command:Invoked command in '/home/lab/robocar/src/robocar_package' returned '0': PYTHONPATH=/home/lab/robocar/src/build/robocar_package/prefix_override:/home/lab/robocar/src/install/robocar_package/lib/python3.10/site-packages:${PYTHONPATH} VIRTUAL_ENV_PROMPT=(.venv) /home/lab/robocar/.venv/bin/python3 -W ignore:setup.py install is deprecated setup.py egg_info --egg-base ../build/robocar_package build --build-base /home/lab/robocar/src/build/robocar_package/build install --record /home/lab/robocar/src/build/robocar_package/install.log --single-version-externally-managed install_data
[8.511s] Level 1:colcon.colcon_core.environment:checking '/home/lab/robocar/src/install/robocar_package' for CMake module files
[8.515s] Level 1:colcon.colcon_core.environment:checking '/home/lab/robocar/src/install/robocar_package' for CMake config files
[8.519s] Level 1:colcon.colcon_core.environment:checking '/home/lab/robocar/src/install/robocar_package/lib'
[8.520s] Level 1:colcon.colcon_core.environment:checking '/home/lab/robocar/src/install/robocar_package/bin'
[8.521s] Level 1:colcon.colcon_core.environment:checking '/home/lab/robocar/src/install/robocar_package/lib/pkgconfig/robocar_package.pc'
[8.522s] Level 1:colcon.colcon_core.environment:checking '/home/lab/robocar/src/install/robocar_package/lib/python3.10/site-packages'
[8.523s] Level 1:colcon.colcon_core.shell:create_environment_hook('robocar_package', 'pythonpath')
[8.524s] INFO:colcon.colcon_core.shell:Creating environment hook '/home/lab/robocar/src/install/robocar_package/share/robocar_package/hook/pythonpath.ps1'
[8.527s] INFO:colcon.colcon_core.shell:Creating environment descriptor '/home/lab/robocar/src/install/robocar_package/share/robocar_package/hook/pythonpath.dsv'
[8.529s] INFO:colcon.colcon_core.shell:Creating environment hook '/home/lab/robocar/src/install/robocar_package/share/robocar_package/hook/pythonpath.sh'
[8.533s] Level 1:colcon.colcon_core.environment:checking '/home/lab/robocar/src/install/robocar_package/bin'
[8.534s] Level 1:colcon.colcon_core.environment:create_environment_scripts_only(robocar_package)
[8.535s] INFO:colcon.colcon_core.shell:Creating package script '/home/lab/robocar/src/install/robocar_package/share/robocar_package/package.ps1'
[8.539s] INFO:colcon.colcon_core.shell:Creating package descriptor '/home/lab/robocar/src/install/robocar_package/share/robocar_package/package.dsv'
[8.542s] INFO:colcon.colcon_core.shell:Creating package script '/home/lab/robocar/src/install/robocar_package/share/robocar_package/package.sh'
[8.545s] INFO:colcon.colcon_core.shell:Creating package script '/home/lab/robocar/src/install/robocar_package/share/robocar_package/package.bash'
[8.551s] INFO:colcon.colcon_core.shell:Creating package script '/home/lab/robocar/src/install/robocar_package/share/robocar_package/package.zsh'
[8.554s] Level 1:colcon.colcon_core.environment:create_file_with_runtime_dependencies(/home/lab/robocar/src/install/robocar_package/share/colcon-core/packages/robocar_package)
[30.864s] DEBUG:colcon.colcon_core.event_handler.log_command:Invoked command in '/home/lab/robocar/src/build/messages_pkg' returned '0': CMAKE_PREFIX_PATH=${CMAKE_PREFIX_PATH}:/opt/ros/iron VIRTUAL_ENV_PROMPT=(.venv) /usr/bin/cmake /home/lab/robocar/src/messages_pkg -DCMAKE_INSTALL_PREFIX=/home/lab/robocar/src/install/messages_pkg
[30.868s] DEBUG:colcon.colcon_core.event_handler.log_command:Invoking command in '/home/lab/robocar/src/build/messages_pkg': CMAKE_PREFIX_PATH=${CMAKE_PREFIX_PATH}:/opt/ros/iron VIRTUAL_ENV_PROMPT=(.venv) /usr/bin/cmake --build /home/lab/robocar/src/build/messages_pkg -- -j4 -l4
[41.331s] DEBUG:colcon.colcon_core.event_handler.log_command:Invoked command in '/home/lab/robocar/src/build/teleop_twist_joy' returned '0': CMAKE_PREFIX_PATH=${CMAKE_PREFIX_PATH}:/opt/ros/iron VIRTUAL_ENV_PROMPT=(.venv) /usr/bin/cmake /home/lab/robocar/src/teleop_twist_joy -DCMAKE_INSTALL_PREFIX=/home/lab/robocar/src/install/teleop_twist_joy
[41.334s] DEBUG:colcon.colcon_core.event_handler.log_command:Invoking command in '/home/lab/robocar/src/build/teleop_twist_joy': CMAKE_PREFIX_PATH=${CMAKE_PREFIX_PATH}:/opt/ros/iron VIRTUAL_ENV_PROMPT=(.venv) /usr/bin/cmake --build /home/lab/robocar/src/build/teleop_twist_joy -- -j4 -l4
[90.778s] DEBUG:colcon.colcon_core.event_handler.log_command:Invoked command in '/home/lab/robocar/src/build/messages_pkg' returned '0': CMAKE_PREFIX_PATH=${CMAKE_PREFIX_PATH}:/opt/ros/iron VIRTUAL_ENV_PROMPT=(.venv) /usr/bin/cmake --build /home/lab/robocar/src/build/messages_pkg -- -j4 -l4
[91.369s] DEBUG:colcon.colcon_core.event_handler.log_command:Invoking command in '/home/lab/robocar/src/build/messages_pkg': CMAKE_PREFIX_PATH=${CMAKE_PREFIX_PATH}:/opt/ros/iron VIRTUAL_ENV_PROMPT=(.venv) /usr/bin/cmake --install /home/lab/robocar/src/build/messages_pkg
[92.005s] Level 1:colcon.colcon_core.environment:create_environment_scripts_only(messages_pkg)
[92.006s] Level 1:colcon.colcon_core.environment:checking '/home/lab/robocar/src/install/messages_pkg' for CMake module files
[92.019s] DEBUG:colcon.colcon_core.event_handler.log_command:Invoked command in '/home/lab/robocar/src/build/messages_pkg' returned '0': CMAKE_PREFIX_PATH=${CMAKE_PREFIX_PATH}:/opt/ros/iron VIRTUAL_ENV_PROMPT=(.venv) /usr/bin/cmake --install /home/lab/robocar/src/build/messages_pkg
[92.028s] Level 1:colcon.colcon_core.environment:checking '/home/lab/robocar/src/install/messages_pkg' for CMake config files
[92.051s] Level 1:colcon.colcon_core.shell:create_environment_hook('messages_pkg', 'cmake_prefix_path')
[92.054s] INFO:colcon.colcon_core.shell:Creating environment hook '/home/lab/robocar/src/install/messages_pkg/share/messages_pkg/hook/cmake_prefix_path.ps1'
[92.059s] INFO:colcon.colcon_core.shell:Creating environment descriptor '/home/lab/robocar/src/install/messages_pkg/share/messages_pkg/hook/cmake_prefix_path.dsv'
[92.064s] INFO:colcon.colcon_core.shell:Creating environment hook '/home/lab/robocar/src/install/messages_pkg/share/messages_pkg/hook/cmake_prefix_path.sh'
[92.074s] Level 1:colcon.colcon_core.environment:checking '/home/lab/robocar/src/install/messages_pkg/lib'
[92.075s] Level 1:colcon.colcon_core.shell:create_environment_hook('messages_pkg', 'ld_library_path_lib')
[92.079s] INFO:colcon.colcon_core.shell:Creating environment hook '/home/lab/robocar/src/install/messages_pkg/share/messages_pkg/hook/ld_library_path_lib.ps1'
[92.084s] INFO:colcon.colcon_core.shell:Creating environment descriptor '/home/lab/robocar/src/install/messages_pkg/share/messages_pkg/hook/ld_library_path_lib.dsv'
[92.089s] INFO:colcon.colcon_core.shell:Creating environment hook '/home/lab/robocar/src/install/messages_pkg/share/messages_pkg/hook/ld_library_path_lib.sh'
[92.094s] Level 1:colcon.colcon_core.environment:checking '/home/lab/robocar/src/install/messages_pkg/bin'
[92.095s] Level 1:colcon.colcon_core.environment:checking '/home/lab/robocar/src/install/messages_pkg/lib/pkgconfig/messages_pkg.pc'
[92.098s] Level 1:colcon.colcon_core.environment:checking '/home/lab/robocar/src/install/messages_pkg/lib/python3.10/site-packages'
[92.098s] Level 1:colcon.colcon_core.shell:create_environment_hook('messages_pkg', 'pythonpath')
[92.100s] INFO:colcon.colcon_core.shell:Creating environment hook '/home/lab/robocar/src/install/messages_pkg/share/messages_pkg/hook/pythonpath.ps1'
[92.105s] INFO:colcon.colcon_core.shell:Creating environment descriptor '/home/lab/robocar/src/install/messages_pkg/share/messages_pkg/hook/pythonpath.dsv'
[92.109s] INFO:colcon.colcon_core.shell:Creating environment hook '/home/lab/robocar/src/install/messages_pkg/share/messages_pkg/hook/pythonpath.sh'
[92.116s] Level 1:colcon.colcon_core.environment:checking '/home/lab/robocar/src/install/messages_pkg/bin'
[92.118s] INFO:colcon.colcon_core.shell:Creating package script '/home/lab/robocar/src/install/messages_pkg/share/messages_pkg/package.ps1'
[92.124s] INFO:colcon.colcon_core.shell:Creating package descriptor '/home/lab/robocar/src/install/messages_pkg/share/messages_pkg/package.dsv'
[92.130s] INFO:colcon.colcon_core.shell:Creating package script '/home/lab/robocar/src/install/messages_pkg/share/messages_pkg/package.sh'
[92.134s] INFO:colcon.colcon_core.shell:Creating package script '/home/lab/robocar/src/install/messages_pkg/share/messages_pkg/package.bash'
[92.140s] INFO:colcon.colcon_core.shell:Creating package script '/home/lab/robocar/src/install/messages_pkg/share/messages_pkg/package.zsh'
[92.144s] Level 1:colcon.colcon_core.environment:create_file_with_runtime_dependencies(/home/lab/robocar/src/install/messages_pkg/share/colcon-core/packages/messages_pkg)
[92.724s] Level 1:colcon.colcon_core.environment:create_environment_scripts_only(messages_pkg)
[92.726s] Level 1:colcon.colcon_core.environment:checking '/home/lab/robocar/src/install/messages_pkg' for CMake module files
[92.733s] Level 1:colcon.colcon_core.environment:checking '/home/lab/robocar/src/install/messages_pkg' for CMake config files
[92.740s] Level 1:colcon.colcon_core.shell:create_environment_hook('messages_pkg', 'cmake_prefix_path')
[92.742s] INFO:colcon.colcon_core.shell:Creating environment hook '/home/lab/robocar/src/install/messages_pkg/share/messages_pkg/hook/cmake_prefix_path.ps1'
[92.780s] INFO:colcon.colcon_core.shell:Creating environment descriptor '/home/lab/robocar/src/install/messages_pkg/share/messages_pkg/hook/cmake_prefix_path.dsv'
[92.786s] INFO:colcon.colcon_core.shell:Creating environment hook '/home/lab/robocar/src/install/messages_pkg/share/messages_pkg/hook/cmake_prefix_path.sh'
[92.789s] Level 1:colcon.colcon_core.environment:checking '/home/lab/robocar/src/install/messages_pkg/lib'
[92.790s] Level 1:colcon.colcon_core.shell:create_environment_hook('messages_pkg', 'ld_library_path_lib')
[92.791s] INFO:colcon.colcon_core.shell:Creating environment hook '/home/lab/robocar/src/install/messages_pkg/share/messages_pkg/hook/ld_library_path_lib.ps1'
[92.794s] INFO:colcon.colcon_core.shell:Creating environment descriptor '/home/lab/robocar/src/install/messages_pkg/share/messages_pkg/hook/ld_library_path_lib.dsv'
[92.796s] INFO:colcon.colcon_core.shell:Creating environment hook '/home/lab/robocar/src/install/messages_pkg/share/messages_pkg/hook/ld_library_path_lib.sh'
[92.798s] Level 1:colcon.colcon_core.environment:checking '/home/lab/robocar/src/install/messages_pkg/bin'
[92.799s] Level 1:colcon.colcon_core.environment:checking '/home/lab/robocar/src/install/messages_pkg/lib/pkgconfig/messages_pkg.pc'
[92.800s] Level 1:colcon.colcon_core.environment:checking '/home/lab/robocar/src/install/messages_pkg/lib/python3.10/site-packages'
[92.800s] Level 1:colcon.colcon_core.shell:create_environment_hook('messages_pkg', 'pythonpath')
[92.802s] INFO:colcon.colcon_core.shell:Creating environment hook '/home/lab/robocar/src/install/messages_pkg/share/messages_pkg/hook/pythonpath.ps1'
[92.837s] INFO:colcon.colcon_core.shell:Creating environment descriptor '/home/lab/robocar/src/install/messages_pkg/share/messages_pkg/hook/pythonpath.dsv'
[92.842s] INFO:colcon.colcon_core.shell:Creating environment hook '/home/lab/robocar/src/install/messages_pkg/share/messages_pkg/hook/pythonpath.sh'
[92.848s] Level 1:colcon.colcon_core.environment:checking '/home/lab/robocar/src/install/messages_pkg/bin'
[92.851s] INFO:colcon.colcon_core.shell:Creating package script '/home/lab/robocar/src/install/messages_pkg/share/messages_pkg/package.ps1'
[92.885s] INFO:colcon.colcon_core.shell:Creating package descriptor '/home/lab/robocar/src/install/messages_pkg/share/messages_pkg/package.dsv'
[92.930s] INFO:colcon.colcon_core.shell:Creating package script '/home/lab/robocar/src/install/messages_pkg/share/messages_pkg/package.sh'
[92.935s] INFO:colcon.colcon_core.shell:Creating package script '/home/lab/robocar/src/install/messages_pkg/share/messages_pkg/package.bash'
[92.941s] INFO:colcon.colcon_core.shell:Creating package script '/home/lab/robocar/src/install/messages_pkg/share/messages_pkg/package.zsh'
[92.947s] Level 1:colcon.colcon_core.environment:create_file_with_runtime_dependencies(/home/lab/robocar/src/install/messages_pkg/share/colcon-core/packages/messages_pkg)
[154.646s] DEBUG:colcon.colcon_core.event_handler.log_command:Invoked command in '/home/lab/robocar/src/build/teleop_twist_joy' returned '0': CMAKE_PREFIX_PATH=${CMAKE_PREFIX_PATH}:/opt/ros/iron VIRTUAL_ENV_PROMPT=(.venv) /usr/bin/cmake --build /home/lab/robocar/src/build/teleop_twist_joy -- -j4 -l4
[154.879s] DEBUG:colcon.colcon_core.event_handler.log_command:Invoking command in '/home/lab/robocar/src/build/teleop_twist_joy': CMAKE_PREFIX_PATH=${CMAKE_PREFIX_PATH}:/opt/ros/iron VIRTUAL_ENV_PROMPT=(.venv) /usr/bin/cmake --install /home/lab/robocar/src/build/teleop_twist_joy
[155.057s] Level 1:colcon.colcon_core.environment:create_environment_scripts_only(teleop_twist_joy)
[155.059s] Level 1:colcon.colcon_core.environment:checking '/home/lab/robocar/src/install/teleop_twist_joy' for CMake module files
[155.063s] DEBUG:colcon.colcon_core.event_handler.log_command:Invoked command in '/home/lab/robocar/src/build/teleop_twist_joy' returned '0': CMAKE_PREFIX_PATH=${CMAKE_PREFIX_PATH}:/opt/ros/iron VIRTUAL_ENV_PROMPT=(.venv) /usr/bin/cmake --install /home/lab/robocar/src/build/teleop_twist_joy
[155.066s] Level 1:colcon.colcon_core.environment:checking '/home/lab/robocar/src/install/teleop_twist_joy' for CMake config files
[155.068s] Level 1:colcon.colcon_core.shell:create_environment_hook('teleop_twist_joy', 'cmake_prefix_path')
[155.070s] INFO:colcon.colcon_core.shell:Creating environment hook '/home/lab/robocar/src/install/teleop_twist_joy/share/teleop_twist_joy/hook/cmake_prefix_path.ps1'
[155.072s] INFO:colcon.colcon_core.shell:Creating environment descriptor '/home/lab/robocar/src/install/teleop_twist_joy/share/teleop_twist_joy/hook/cmake_prefix_path.dsv'
[155.075s] INFO:colcon.colcon_core.shell:Creating environment hook '/home/lab/robocar/src/install/teleop_twist_joy/share/teleop_twist_joy/hook/cmake_prefix_path.sh'
[155.078s] Level 1:colcon.colcon_core.environment:checking '/home/lab/robocar/src/install/teleop_twist_joy/lib'
[155.079s] Level 1:colcon.colcon_core.shell:create_environment_hook('teleop_twist_joy', 'ld_library_path_lib')
[155.080s] INFO:colcon.colcon_core.shell:Creating environment hook '/home/lab/robocar/src/install/teleop_twist_joy/share/teleop_twist_joy/hook/ld_library_path_lib.ps1'
[155.083s] INFO:colcon.colcon_core.shell:Creating environment descriptor '/home/lab/robocar/src/install/teleop_twist_joy/share/teleop_twist_joy/hook/ld_library_path_lib.dsv'
[155.085s] INFO:colcon.colcon_core.shell:Creating environment hook '/home/lab/robocar/src/install/teleop_twist_joy/share/teleop_twist_joy/hook/ld_library_path_lib.sh'
[155.087s] Level 1:colcon.colcon_core.environment:checking '/home/lab/robocar/src/install/teleop_twist_joy/bin'
[155.088s] Level 1:colcon.colcon_core.environment:checking '/home/lab/robocar/src/install/teleop_twist_joy/lib/pkgconfig/teleop_twist_joy.pc'
[155.089s] Level 1:colcon.colcon_core.environment:checking '/home/lab/robocar/src/install/teleop_twist_joy/lib/python3.10/site-packages'
[155.091s] Level 1:colcon.colcon_core.environment:checking '/home/lab/robocar/src/install/teleop_twist_joy/bin'
[155.092s] INFO:colcon.colcon_core.shell:Creating package script '/home/lab/robocar/src/install/teleop_twist_joy/share/teleop_twist_joy/package.ps1'
[155.095s] INFO:colcon.colcon_core.shell:Creating package descriptor '/home/lab/robocar/src/install/teleop_twist_joy/share/teleop_twist_joy/package.dsv'
[155.098s] INFO:colcon.colcon_core.shell:Creating package script '/home/lab/robocar/src/install/teleop_twist_joy/share/teleop_twist_joy/package.sh'
[155.101s] INFO:colcon.colcon_core.shell:Creating package script '/home/lab/robocar/src/install/teleop_twist_joy/share/teleop_twist_joy/package.bash'
[155.104s] INFO:colcon.colcon_core.shell:Creating package script '/home/lab/robocar/src/install/teleop_twist_joy/share/teleop_twist_joy/package.zsh'
[155.106s] Level 1:colcon.colcon_core.environment:create_file_with_runtime_dependencies(/home/lab/robocar/src/install/teleop_twist_joy/share/colcon-core/packages/teleop_twist_joy)
[155.329s] Level 1:colcon.colcon_core.environment:create_environment_scripts_only(teleop_twist_joy)
[155.330s] Level 1:colcon.colcon_core.environment:checking '/home/lab/robocar/src/install/teleop_twist_joy' for CMake module files
[155.336s] Level 1:colcon.colcon_core.environment:checking '/home/lab/robocar/src/install/teleop_twist_joy' for CMake config files
[155.342s] Level 1:colcon.colcon_core.shell:create_environment_hook('teleop_twist_joy', 'cmake_prefix_path')
[155.344s] INFO:colcon.colcon_core.shell:Creating environment hook '/home/lab/robocar/src/install/teleop_twist_joy/share/teleop_twist_joy/hook/cmake_prefix_path.ps1'
[155.355s] INFO:colcon.colcon_core.shell:Creating environment descriptor '/home/lab/robocar/src/install/teleop_twist_joy/share/teleop_twist_joy/hook/cmake_prefix_path.dsv'
[155.358s] INFO:colcon.colcon_core.shell:Creating environment hook '/home/lab/robocar/src/install/teleop_twist_joy/share/teleop_twist_joy/hook/cmake_prefix_path.sh'
[155.363s] Level 1:colcon.colcon_core.environment:checking '/home/lab/robocar/src/install/teleop_twist_joy/lib'
[155.363s] Level 1:colcon.colcon_core.shell:create_environment_hook('teleop_twist_joy', 'ld_library_path_lib')
[155.365s] INFO:colcon.colcon_core.shell:Creating environment hook '/home/lab/robocar/src/install/teleop_twist_joy/share/teleop_twist_joy/hook/ld_library_path_lib.ps1'
[155.368s] INFO:colcon.colcon_core.shell:Creating environment descriptor '/home/lab/robocar/src/install/teleop_twist_joy/share/teleop_twist_joy/hook/ld_library_path_lib.dsv'
[155.370s] INFO:colcon.colcon_core.shell:Creating environment hook '/home/lab/robocar/src/install/teleop_twist_joy/share/teleop_twist_joy/hook/ld_library_path_lib.sh'
[155.373s] Level 1:colcon.colcon_core.environment:checking '/home/lab/robocar/src/install/teleop_twist_joy/bin'
[155.373s] Level 1:colcon.colcon_core.environment:checking '/home/lab/robocar/src/install/teleop_twist_joy/lib/pkgconfig/teleop_twist_joy.pc'
[155.375s] Level 1:colcon.colcon_core.environment:checking '/home/lab/robocar/src/install/teleop_twist_joy/lib/python3.10/site-packages'
[155.376s] Level 1:colcon.colcon_core.environment:checking '/home/lab/robocar/src/install/teleop_twist_joy/bin'
[155.378s] INFO:colcon.colcon_core.shell:Creating package script '/home/lab/robocar/src/install/teleop_twist_joy/share/teleop_twist_joy/package.ps1'
[155.383s] INFO:colcon.colcon_core.shell:Creating package descriptor '/home/lab/robocar/src/install/teleop_twist_joy/share/teleop_twist_joy/package.dsv'
[155.386s] INFO:colcon.colcon_core.shell:Creating package script '/home/lab/robocar/src/install/teleop_twist_joy/share/teleop_twist_joy/package.sh'
[155.390s] INFO:colcon.colcon_core.shell:Creating package script '/home/lab/robocar/src/install/teleop_twist_joy/share/teleop_twist_joy/package.bash'
[155.394s] INFO:colcon.colcon_core.shell:Creating package script '/home/lab/robocar/src/install/teleop_twist_joy/share/teleop_twist_joy/package.zsh'
[155.397s] Level 1:colcon.colcon_core.environment:create_file_with_runtime_dependencies(/home/lab/robocar/src/install/teleop_twist_joy/share/colcon-core/packages/teleop_twist_joy)
[155.401s] DEBUG:colcon.colcon_parallel_executor.executor.parallel:closing loop
[155.402s] DEBUG:colcon.colcon_parallel_executor.executor.parallel:loop closed
[155.402s] DEBUG:colcon.colcon_parallel_executor.executor.parallel:run_until_complete finished with '0'
[155.403s] DEBUG:colcon.colcon_core.event_reactor:joining thread
[155.414s] INFO:colcon.colcon_core.plugin_system:Skipping extension 'colcon_notification.desktop_notification.notify2': 'notify2' not found
[155.416s] INFO:colcon.colcon_core.plugin_system:Skipping extension 'colcon_notification.desktop_notification.terminal_notifier': Not used on non-Darwin systems
[155.417s] INFO:colcon.colcon_core.plugin_system:Skipping extension 'colcon_notification.desktop_notification.win32': Not used on non-Windows systems
[155.417s] INFO:colcon.colcon_notification.desktop_notification:Sending desktop notification using 'notify_send'
[155.481s] DEBUG:colcon.colcon_core.event_reactor:joined thread
[155.482s] INFO:colcon.colcon_core.shell:Creating prefix script '/home/lab/robocar/src/install/local_setup.ps1'
[155.487s] INFO:colcon.colcon_core.shell:Creating prefix util module '/home/lab/robocar/src/install/_local_setup_util_ps1.py'
[155.495s] INFO:colcon.colcon_core.shell:Creating prefix chain script '/home/lab/robocar/src/install/setup.ps1'
[155.503s] INFO:colcon.colcon_core.shell:Creating prefix script '/home/lab/robocar/src/install/local_setup.sh'
[155.506s] INFO:colcon.colcon_core.shell:Creating prefix util module '/home/lab/robocar/src/install/_local_setup_util_sh.py'
[155.509s] INFO:colcon.colcon_core.shell:Creating prefix chain script '/home/lab/robocar/src/install/setup.sh'
[155.516s] INFO:colcon.colcon_core.shell:Creating prefix script '/home/lab/robocar/src/install/local_setup.bash'
[155.519s] INFO:colcon.colcon_core.shell:Creating prefix chain script '/home/lab/robocar/src/install/setup.bash'
[155.526s] INFO:colcon.colcon_core.shell:Creating prefix script '/home/lab/robocar/src/install/local_setup.zsh'
[155.529s] INFO:colcon.colcon_core.shell:Creating prefix chain script '/home/lab/robocar/src/install/setup.zsh'
