[13.434s] Invoking command in '/home/lab/robocar/src/robocar_package': PYTHONPATH=/home/lab/robocar/src/build/robocar_package/prefix_override:/home/lab/robocar/src/install/robocar_package/lib/python3.10/site-packages:${PYTHONPATH} VIRTUAL_ENV_PROMPT=(.venv) /home/lab/robocar/.venv/bin/python3 -W ignore:setup.py install is deprecated setup.py egg_info --egg-base ../build/robocar_package build --build-base /home/lab/robocar/src/build/robocar_package/build install --record /home/lab/robocar/src/build/robocar_package/install.log --single-version-externally-managed install_data
[16.995s] running egg_info
[16.998s] writing ../build/robocar_package/robocar_package.egg-info/PKG-INFO
[17.020s] writing dependency_links to ../build/robocar_package/robocar_package.egg-info/dependency_links.txt
[17.021s] writing entry points to ../build/robocar_package/robocar_package.egg-info/entry_points.txt
[17.022s] writing requirements to ../build/robocar_package/robocar_package.egg-info/requires.txt
[17.023s] writing top-level names to ../build/robocar_package/robocar_package.egg-info/top_level.txt
[17.034s] reading manifest file '../build/robocar_package/robocar_package.egg-info/SOURCES.txt'
[17.079s] adding license file 'LICENSE'
[17.084s] writing manifest file '../build/robocar_package/robocar_package.egg-info/SOURCES.txt'
[17.086s] running build
[17.087s] running build_py
[17.093s] running install
[17.095s] running install_lib
[17.104s] running install_data
[17.107s] running install_egg_info
[17.124s] removing '/home/lab/robocar/src/install/robocar_package/lib/python3.10/site-packages/robocar_package-0.0.0-py3.10.egg-info' (and everything under it)
[17.145s] Copying ../build/robocar_package/robocar_package.egg-info to /home/lab/robocar/src/install/robocar_package/lib/python3.10/site-packages/robocar_package-0.0.0-py3.10.egg-info
[17.176s] running install_scripts
[17.342s] Installing car_control_node script to /home/lab/robocar/src/install/robocar_package/lib/robocar_package
[17.345s] Installing energy_node script to /home/lab/robocar/src/install/robocar_package/lib/robocar_package
[17.350s] writing list of installed files to '/home/lab/robocar/src/build/robocar_package/install.log'
[17.557s] Invoked command in '/home/lab/robocar/src/robocar_package' returned '0': PYTHONPATH=/home/lab/robocar/src/build/robocar_package/prefix_override:/home/lab/robocar/src/install/robocar_package/lib/python3.10/site-packages:${PYTHONPATH} VIRTUAL_ENV_PROMPT=(.venv) /home/lab/robocar/.venv/bin/python3 -W ignore:setup.py install is deprecated setup.py egg_info --egg-base ../build/robocar_package build --build-base /home/lab/robocar/src/build/robocar_package/build install --record /home/lab/robocar/src/build/robocar_package/install.log --single-version-externally-managed install_data
