[0.586s] Invoking command in '/home/lab/robocar/src/build/messages_pkg': CMAKE_PREFIX_PATH=${CMAKE_PREFIX_PATH}:/opt/ros/iron VIRTUAL_ENV_PROMPT=(.venv) /usr/bin/cmake --build /home/lab/robocar/src/build/messages_pkg -- -j4 -l4
[9.605s] [  2%] Built target messages_pkg__rosidl_generator_type_description
[9.606s] [  2%] Built target ament_cmake_python_copy_messages_pkg
[9.609s] [ 17%] Built target messages_pkg__rosidl_generator_c
[9.629s] running egg_info
[9.630s] writing messages_pkg.egg-info/PKG-INFO
[9.631s] writing dependency_links to messages_pkg.egg-info/dependency_links.txt
[9.640s] writing top-level names to messages_pkg.egg-info/top_level.txt
[9.645s] reading manifest file 'messages_pkg.egg-info/SOURCES.txt'
[9.646s] writing manifest file 'messages_pkg.egg-info/SOURCES.txt'
[9.918s] [ 17%] Built target ament_cmake_python_build_messages_pkg_egg
[10.492s] [ 26%] Built target messages_pkg__rosidl_typesupport_introspection_c
[10.903s] [ 35%] Built target messages_pkg__rosidl_typesupport_c
[11.517s] [ 44%] Built target messages_pkg__rosidl_typesupport_fastrtps_c
[12.394s] [ 47%] Built target messages_pkg__cpp
[12.941s] [ 55%] Built target messages_pkg__rosidl_typesupport_cpp
[13.523s] [ 64%] Built target messages_pkg__rosidl_typesupport_introspection_cpp
[14.108s] [ 73%] Built target messages_pkg__rosidl_typesupport_fastrtps_cpp
[14.513s] [ 73%] Built target messages_pkg
[14.967s] [ 76%] Built target messages_pkg__py
[15.339s] [ 82%] Built target messages_pkg__rosidl_generator_py
[15.750s] [ 88%] Built target messages_pkg__rosidl_typesupport_fastrtps_c__pyext
[16.155s] [ 94%] Built target messages_pkg__rosidl_typesupport_c__pyext
[16.557s] [100%] Built target messages_pkg__rosidl_typesupport_introspection_c__pyext
[16.654s] Invoked command in '/home/lab/robocar/src/build/messages_pkg' returned '0': CMAKE_PREFIX_PATH=${CMAKE_PREFIX_PATH}:/opt/ros/iron VIRTUAL_ENV_PROMPT=(.venv) /usr/bin/cmake --build /home/lab/robocar/src/build/messages_pkg -- -j4 -l4
[18.052s] Invoking command in '/home/lab/robocar/src/build/messages_pkg': CMAKE_PREFIX_PATH=${CMAKE_PREFIX_PATH}:/opt/ros/iron VIRTUAL_ENV_PROMPT=(.venv) /usr/bin/cmake --install /home/lab/robocar/src/build/messages_pkg
[18.116s] -- Install configuration: ""
[18.119s] -- Up-to-date: /home/lab/robocar/src/install/messages_pkg/share/ament_index/resource_index/rosidl_interfaces/messages_pkg
[18.122s] -- Up-to-date: /home/lab/robocar/src/install/messages_pkg/share/messages_pkg/msg/Energy.json
[18.125s] -- Up-to-date: /home/lab/robocar/src/install/messages_pkg/include/messages_pkg/messages_pkg
[18.138s] -- Up-to-date: /home/lab/robocar/src/install/messages_pkg/include/messages_pkg/messages_pkg/msg
[18.141s] -- Up-to-date: /home/lab/robocar/src/install/messages_pkg/include/messages_pkg/messages_pkg/msg/energy.h
[18.143s] -- Up-to-date: /home/lab/robocar/src/install/messages_pkg/include/messages_pkg/messages_pkg/msg/detail
[18.146s] -- Up-to-date: /home/lab/robocar/src/install/messages_pkg/include/messages_pkg/messages_pkg/msg/detail/energy__functions.c
[18.149s] -- Up-to-date: /home/lab/robocar/src/install/messages_pkg/include/messages_pkg/messages_pkg/msg/detail/energy__type_support.h
[18.151s] -- Up-to-date: /home/lab/robocar/src/install/messages_pkg/include/messages_pkg/messages_pkg/msg/detail/energy__description.c
[18.154s] -- Installing: /home/lab/robocar/src/install/messages_pkg/include/messages_pkg/messages_pkg/msg/detail/energy__type_support.c
[18.159s] -- Up-to-date: /home/lab/robocar/src/install/messages_pkg/include/messages_pkg/messages_pkg/msg/detail/energy__struct.h
[18.162s] -- Up-to-date: /home/lab/robocar/src/install/messages_pkg/include/messages_pkg/messages_pkg/msg/detail/energy__functions.h
[18.164s] -- Up-to-date: /home/lab/robocar/src/install/messages_pkg/include/messages_pkg/messages_pkg/msg/rosidl_generator_c__visibility_control.h
[18.167s] -- Up-to-date: /home/lab/robocar/src/install/messages_pkg/share/messages_pkg/environment/library_path.sh
[18.170s] -- Up-to-date: /home/lab/robocar/src/install/messages_pkg/share/messages_pkg/environment/library_path.dsv
[18.177s] -- Up-to-date: /home/lab/robocar/src/install/messages_pkg/lib/libmessages_pkg__rosidl_generator_c.so
[18.181s] -- Up-to-date: /home/lab/robocar/src/install/messages_pkg/include/messages_pkg/messages_pkg
[18.184s] -- Up-to-date: /home/lab/robocar/src/install/messages_pkg/include/messages_pkg/messages_pkg/msg
[18.187s] -- Up-to-date: /home/lab/robocar/src/install/messages_pkg/include/messages_pkg/messages_pkg/msg/rosidl_typesupport_fastrtps_c__visibility_control.h
[18.189s] -- Up-to-date: /home/lab/robocar/src/install/messages_pkg/include/messages_pkg/messages_pkg/msg/detail
[18.192s] -- Up-to-date: /home/lab/robocar/src/install/messages_pkg/include/messages_pkg/messages_pkg/msg/detail/energy__rosidl_typesupport_fastrtps_c.h
[18.198s] -- Up-to-date: /home/lab/robocar/src/install/messages_pkg/lib/libmessages_pkg__rosidl_typesupport_fastrtps_c.so
[18.202s] -- Up-to-date: /home/lab/robocar/src/install/messages_pkg/include/messages_pkg/messages_pkg
[18.205s] -- Up-to-date: /home/lab/robocar/src/install/messages_pkg/include/messages_pkg/messages_pkg/msg
[18.208s] -- Up-to-date: /home/lab/robocar/src/install/messages_pkg/include/messages_pkg/messages_pkg/msg/detail
[18.211s] -- Up-to-date: /home/lab/robocar/src/install/messages_pkg/include/messages_pkg/messages_pkg/msg/detail/energy__rosidl_typesupport_introspection_c.h
[18.215s] -- Installing: /home/lab/robocar/src/install/messages_pkg/include/messages_pkg/messages_pkg/msg/detail/energy__type_support.c
[18.218s] -- Up-to-date: /home/lab/robocar/src/install/messages_pkg/include/messages_pkg/messages_pkg/msg/rosidl_typesupport_introspection_c__visibility_control.h
[18.235s] -- Up-to-date: /home/lab/robocar/src/install/messages_pkg/lib/libmessages_pkg__rosidl_typesupport_introspection_c.so
[18.244s] -- Up-to-date: /home/lab/robocar/src/install/messages_pkg/lib/libmessages_pkg__rosidl_typesupport_c.so
[18.253s] -- Up-to-date: /home/lab/robocar/src/install/messages_pkg/include/messages_pkg/messages_pkg
[18.254s] -- Up-to-date: /home/lab/robocar/src/install/messages_pkg/include/messages_pkg/messages_pkg/msg
[18.254s] -- Up-to-date: /home/lab/robocar/src/install/messages_pkg/include/messages_pkg/messages_pkg/msg/detail
[18.255s] -- Up-to-date: /home/lab/robocar/src/install/messages_pkg/include/messages_pkg/messages_pkg/msg/detail/energy__builder.hpp
[18.256s] -- Up-to-date: /home/lab/robocar/src/install/messages_pkg/include/messages_pkg/messages_pkg/msg/detail/energy__struct.hpp
[18.257s] -- Up-to-date: /home/lab/robocar/src/install/messages_pkg/include/messages_pkg/messages_pkg/msg/detail/energy__traits.hpp
[18.258s] -- Up-to-date: /home/lab/robocar/src/install/messages_pkg/include/messages_pkg/messages_pkg/msg/energy.hpp
[18.258s] -- Up-to-date: /home/lab/robocar/src/install/messages_pkg/include/messages_pkg/messages_pkg
[18.259s] -- Up-to-date: /home/lab/robocar/src/install/messages_pkg/include/messages_pkg/messages_pkg/msg
[18.260s] -- Up-to-date: /home/lab/robocar/src/install/messages_pkg/include/messages_pkg/messages_pkg/msg/detail
[18.277s] -- Up-to-date: /home/lab/robocar/src/install/messages_pkg/include/messages_pkg/messages_pkg/msg/detail/dds_fastrtps
[18.279s] -- Up-to-date: /home/lab/robocar/src/install/messages_pkg/include/messages_pkg/messages_pkg/msg/detail/energy__rosidl_typesupport_fastrtps_cpp.hpp
[18.279s] -- Up-to-date: /home/lab/robocar/src/install/messages_pkg/include/messages_pkg/messages_pkg/msg/rosidl_typesupport_fastrtps_cpp__visibility_control.h
[18.289s] -- Up-to-date: /home/lab/robocar/src/install/messages_pkg/lib/libmessages_pkg__rosidl_typesupport_fastrtps_cpp.so
[18.290s] -- Up-to-date: /home/lab/robocar/src/install/messages_pkg/include/messages_pkg/messages_pkg
[18.291s] -- Up-to-date: /home/lab/robocar/src/install/messages_pkg/include/messages_pkg/messages_pkg/msg
[18.292s] -- Up-to-date: /home/lab/robocar/src/install/messages_pkg/include/messages_pkg/messages_pkg/msg/detail
[18.292s] -- Up-to-date: /home/lab/robocar/src/install/messages_pkg/include/messages_pkg/messages_pkg/msg/detail/energy__type_support.cpp
[18.299s] -- Up-to-date: /home/lab/robocar/src/install/messages_pkg/include/messages_pkg/messages_pkg/msg/detail/energy__rosidl_typesupport_introspection_cpp.hpp
[18.309s] -- Up-to-date: /home/lab/robocar/src/install/messages_pkg/lib/libmessages_pkg__rosidl_typesupport_introspection_cpp.so
[18.321s] -- Up-to-date: /home/lab/robocar/src/install/messages_pkg/lib/libmessages_pkg__rosidl_typesupport_cpp.so
[18.322s] -- Up-to-date: /home/lab/robocar/src/install/messages_pkg/share/messages_pkg/environment/pythonpath.sh
[18.323s] -- Up-to-date: /home/lab/robocar/src/install/messages_pkg/share/messages_pkg/environment/pythonpath.dsv
[18.324s] -- Up-to-date: /home/lab/robocar/src/install/messages_pkg/lib/python3.10/site-packages/messages_pkg-0.0.0-py3.10.egg-info
[18.324s] -- Installing: /home/lab/robocar/src/install/messages_pkg/lib/python3.10/site-packages/messages_pkg-0.0.0-py3.10.egg-info/SOURCES.txt
[18.325s] -- Installing: /home/lab/robocar/src/install/messages_pkg/lib/python3.10/site-packages/messages_pkg-0.0.0-py3.10.egg-info/dependency_links.txt
[18.326s] -- Installing: /home/lab/robocar/src/install/messages_pkg/lib/python3.10/site-packages/messages_pkg-0.0.0-py3.10.egg-info/PKG-INFO
[18.343s] -- Installing: /home/lab/robocar/src/install/messages_pkg/lib/python3.10/site-packages/messages_pkg-0.0.0-py3.10.egg-info/top_level.txt
[18.348s] -- Up-to-date: /home/lab/robocar/src/install/messages_pkg/lib/python3.10/site-packages/messages_pkg
[18.351s] -- Up-to-date: /home/lab/robocar/src/install/messages_pkg/lib/python3.10/site-packages/messages_pkg/_messages_pkg_s.ep.rosidl_typesupport_fastrtps_c.c
[18.354s] -- Up-to-date: /home/lab/robocar/src/install/messages_pkg/lib/python3.10/site-packages/messages_pkg/msg
[18.357s] -- Up-to-date: /home/lab/robocar/src/install/messages_pkg/lib/python3.10/site-packages/messages_pkg/msg/_energy_s.c
[18.360s] -- Up-to-date: /home/lab/robocar/src/install/messages_pkg/lib/python3.10/site-packages/messages_pkg/msg/_energy.py
[18.361s] -- Up-to-date: /home/lab/robocar/src/install/messages_pkg/lib/python3.10/site-packages/messages_pkg/msg/__init__.py
[18.367s] -- Up-to-date: /home/lab/robocar/src/install/messages_pkg/lib/python3.10/site-packages/messages_pkg/messages_pkg_s__rosidl_typesupport_introspection_c.cpython-310-aarch64-linux-gnu.so
[18.367s] -- Up-to-date: /home/lab/robocar/src/install/messages_pkg/lib/python3.10/site-packages/messages_pkg/libmessages_pkg__rosidl_generator_py.so
[18.368s] -- Up-to-date: /home/lab/robocar/src/install/messages_pkg/lib/python3.10/site-packages/messages_pkg/messages_pkg_s__rosidl_typesupport_c.cpython-310-aarch64-linux-gnu.so
[18.372s] -- Up-to-date: /home/lab/robocar/src/install/messages_pkg/lib/python3.10/site-packages/messages_pkg/messages_pkg_s__rosidl_typesupport_fastrtps_c.cpython-310-aarch64-linux-gnu.so
[18.377s] -- Up-to-date: /home/lab/robocar/src/install/messages_pkg/lib/python3.10/site-packages/messages_pkg/__init__.py
[18.378s] -- Up-to-date: /home/lab/robocar/src/install/messages_pkg/lib/python3.10/site-packages/messages_pkg/_messages_pkg_s.ep.rosidl_typesupport_introspection_c.c
[18.383s] -- Up-to-date: /home/lab/robocar/src/install/messages_pkg/lib/python3.10/site-packages/messages_pkg/_messages_pkg_s.ep.rosidl_typesupport_c.c
[18.785s] Listing '/home/lab/robocar/src/install/messages_pkg/lib/python3.10/site-packages/messages_pkg'...
[18.788s] Listing '/home/lab/robocar/src/install/messages_pkg/lib/python3.10/site-packages/messages_pkg/msg'...
[18.875s] -- Up-to-date: /home/lab/robocar/src/install/messages_pkg/lib/python3.10/site-packages/messages_pkg/messages_pkg_s__rosidl_typesupport_fastrtps_c.cpython-310-aarch64-linux-gnu.so
[18.883s] -- Up-to-date: /home/lab/robocar/src/install/messages_pkg/lib/python3.10/site-packages/messages_pkg/messages_pkg_s__rosidl_typesupport_introspection_c.cpython-310-aarch64-linux-gnu.so
[18.910s] -- Up-to-date: /home/lab/robocar/src/install/messages_pkg/lib/python3.10/site-packages/messages_pkg/messages_pkg_s__rosidl_typesupport_c.cpython-310-aarch64-linux-gnu.so
[18.943s] -- Up-to-date: /home/lab/robocar/src/install/messages_pkg/lib/libmessages_pkg__rosidl_generator_py.so
[18.945s] -- Up-to-date: /home/lab/robocar/src/install/messages_pkg/share/messages_pkg/msg/Energy.idl
[18.950s] -- Up-to-date: /home/lab/robocar/src/install/messages_pkg/share/messages_pkg/msg/Energy.msg
[18.951s] -- Up-to-date: /home/lab/robocar/src/install/messages_pkg/share/ament_index/resource_index/package_run_dependencies/messages_pkg
[18.952s] -- Up-to-date: /home/lab/robocar/src/install/messages_pkg/share/ament_index/resource_index/parent_prefix_path/messages_pkg
[18.953s] -- Up-to-date: /home/lab/robocar/src/install/messages_pkg/share/messages_pkg/environment/ament_prefix_path.sh
[18.954s] -- Up-to-date: /home/lab/robocar/src/install/messages_pkg/share/messages_pkg/environment/ament_prefix_path.dsv
[18.961s] -- Up-to-date: /home/lab/robocar/src/install/messages_pkg/share/messages_pkg/environment/path.sh
[18.961s] -- Up-to-date: /home/lab/robocar/src/install/messages_pkg/share/messages_pkg/environment/path.dsv
[18.965s] -- Up-to-date: /home/lab/robocar/src/install/messages_pkg/share/messages_pkg/local_setup.bash
[18.967s] -- Up-to-date: /home/lab/robocar/src/install/messages_pkg/share/messages_pkg/local_setup.sh
[18.968s] -- Up-to-date: /home/lab/robocar/src/install/messages_pkg/share/messages_pkg/local_setup.zsh
[18.969s] -- Up-to-date: /home/lab/robocar/src/install/messages_pkg/share/messages_pkg/local_setup.dsv
[18.969s] -- Installing: /home/lab/robocar/src/install/messages_pkg/share/messages_pkg/package.dsv
[18.970s] -- Up-to-date: /home/lab/robocar/src/install/messages_pkg/share/ament_index/resource_index/packages/messages_pkg
[18.971s] -- Up-to-date: /home/lab/robocar/src/install/messages_pkg/share/messages_pkg/cmake/export_messages_pkg__rosidl_generator_cExport.cmake
[18.972s] -- Up-to-date: /home/lab/robocar/src/install/messages_pkg/share/messages_pkg/cmake/export_messages_pkg__rosidl_generator_cExport-noconfig.cmake
[18.980s] -- Up-to-date: /home/lab/robocar/src/install/messages_pkg/share/messages_pkg/cmake/export_messages_pkg__rosidl_typesupport_fastrtps_cExport.cmake
[18.982s] -- Up-to-date: /home/lab/robocar/src/install/messages_pkg/share/messages_pkg/cmake/export_messages_pkg__rosidl_typesupport_fastrtps_cExport-noconfig.cmake
[18.984s] -- Up-to-date: /home/lab/robocar/src/install/messages_pkg/share/messages_pkg/cmake/messages_pkg__rosidl_typesupport_introspection_cExport.cmake
[18.985s] -- Up-to-date: /home/lab/robocar/src/install/messages_pkg/share/messages_pkg/cmake/messages_pkg__rosidl_typesupport_introspection_cExport-noconfig.cmake
[18.987s] -- Up-to-date: /home/lab/robocar/src/install/messages_pkg/share/messages_pkg/cmake/messages_pkg__rosidl_typesupport_cExport.cmake
[18.988s] -- Up-to-date: /home/lab/robocar/src/install/messages_pkg/share/messages_pkg/cmake/messages_pkg__rosidl_typesupport_cExport-noconfig.cmake
[18.989s] -- Up-to-date: /home/lab/robocar/src/install/messages_pkg/share/messages_pkg/cmake/export_messages_pkg__rosidl_generator_cppExport.cmake
[18.990s] -- Up-to-date: /home/lab/robocar/src/install/messages_pkg/share/messages_pkg/cmake/export_messages_pkg__rosidl_typesupport_fastrtps_cppExport.cmake
[18.991s] -- Up-to-date: /home/lab/robocar/src/install/messages_pkg/share/messages_pkg/cmake/export_messages_pkg__rosidl_typesupport_fastrtps_cppExport-noconfig.cmake
[18.991s] -- Up-to-date: /home/lab/robocar/src/install/messages_pkg/share/messages_pkg/cmake/messages_pkg__rosidl_typesupport_introspection_cppExport.cmake
[18.992s] -- Up-to-date: /home/lab/robocar/src/install/messages_pkg/share/messages_pkg/cmake/messages_pkg__rosidl_typesupport_introspection_cppExport-noconfig.cmake
[18.993s] -- Up-to-date: /home/lab/robocar/src/install/messages_pkg/share/messages_pkg/cmake/messages_pkg__rosidl_typesupport_cppExport.cmake
[18.994s] -- Up-to-date: /home/lab/robocar/src/install/messages_pkg/share/messages_pkg/cmake/messages_pkg__rosidl_typesupport_cppExport-noconfig.cmake
[18.994s] -- Up-to-date: /home/lab/robocar/src/install/messages_pkg/share/messages_pkg/cmake/export_messages_pkg__rosidl_generator_pyExport.cmake
[19.026s] -- Up-to-date: /home/lab/robocar/src/install/messages_pkg/share/messages_pkg/cmake/export_messages_pkg__rosidl_generator_pyExport-noconfig.cmake
[19.027s] -- Up-to-date: /home/lab/robocar/src/install/messages_pkg/share/messages_pkg/cmake/rosidl_cmake-extras.cmake
[19.030s] -- Up-to-date: /home/lab/robocar/src/install/messages_pkg/share/messages_pkg/cmake/ament_cmake_export_include_directories-extras.cmake
[19.031s] -- Up-to-date: /home/lab/robocar/src/install/messages_pkg/share/messages_pkg/cmake/ament_cmake_export_libraries-extras.cmake
[19.033s] -- Up-to-date: /home/lab/robocar/src/install/messages_pkg/share/messages_pkg/cmake/ament_cmake_export_targets-extras.cmake
[19.035s] -- Up-to-date: /home/lab/robocar/src/install/messages_pkg/share/messages_pkg/cmake/rosidl_cmake_export_typesupport_targets-extras.cmake
[19.036s] -- Up-to-date: /home/lab/robocar/src/install/messages_pkg/share/messages_pkg/cmake/ament_cmake_export_dependencies-extras.cmake
[19.053s] -- Up-to-date: /home/lab/robocar/src/install/messages_pkg/share/messages_pkg/cmake/rosidl_cmake_export_typesupport_libraries-extras.cmake
[19.054s] -- Up-to-date: /home/lab/robocar/src/install/messages_pkg/share/messages_pkg/cmake/messages_pkgConfig.cmake
[19.056s] -- Up-to-date: /home/lab/robocar/src/install/messages_pkg/share/messages_pkg/cmake/messages_pkgConfig-version.cmake
[19.058s] -- Up-to-date: /home/lab/robocar/src/install/messages_pkg/share/messages_pkg/package.xml
[19.059s] Invoked command in '/home/lab/robocar/src/build/messages_pkg' returned '0': CMAKE_PREFIX_PATH=${CMAKE_PREFIX_PATH}:/opt/ros/iron VIRTUAL_ENV_PROMPT=(.venv) /usr/bin/cmake --install /home/lab/robocar/src/build/messages_pkg
