running egg_info
writing ../build/robocar_pkg/robocar_pkg.egg-info/PKG-INFO
writing dependency_links to ../build/robocar_pkg/robocar_pkg.egg-info/dependency_links.txt
writing entry points to ../build/robocar_pkg/robocar_pkg.egg-info/entry_points.txt
writing requirements to ../build/robocar_pkg/robocar_pkg.egg-info/requires.txt
writing top-level names to ../build/robocar_pkg/robocar_pkg.egg-info/top_level.txt
reading manifest file '../build/robocar_pkg/robocar_pkg.egg-info/SOURCES.txt'
adding license file 'LICENSE'
writing manifest file '../build/robocar_pkg/robocar_pkg.egg-info/SOURCES.txt'
running build
running build_py
copying robocar_pkg/energy_node.py -> /home/lab/robocar/src/build/robocar_pkg/build/lib/robocar_pkg
running install
running install_lib
copying /home/lab/robocar/src/build/robocar_pkg/build/lib/robocar_pkg/energy_node.py -> /home/lab/robocar/src/install/robocar_pkg/lib/python3.10/site-packages/robocar_pkg
byte-compiling /home/lab/robocar/src/install/robocar_pkg/lib/python3.10/site-packages/robocar_pkg/energy_node.py to energy_node.cpython-310.pyc
running install_data
running install_egg_info
removing '/home/lab/robocar/src/install/robocar_pkg/lib/python3.10/site-packages/robocar_pkg-0.0.0-py3.10.egg-info' (and everything under it)
Copying ../build/robocar_pkg/robocar_pkg.egg-info to /home/lab/robocar/src/install/robocar_pkg/lib/python3.10/site-packages/robocar_pkg-0.0.0-py3.10.egg-info
running install_scripts
Installing car_control_node script to /home/lab/robocar/src/install/robocar_pkg/lib/robocar_pkg
Installing energy_node script to /home/lab/robocar/src/install/robocar_pkg/lib/robocar_pkg
writing list of installed files to '/home/lab/robocar/src/build/robocar_pkg/install.log'
