[0.213s] Invoking command in '/home/lab/robocar/src/build/messages_pkg': CMAKE_PREFIX_PATH=${CMAKE_PREFIX_PATH}:/opt/ros/iron VIRTUAL_ENV_PROMPT=(.venv) /usr/bin/cmake --build /home/lab/robocar/src/build/messages_pkg -- -j4 -l4
[4.719s] [  2%] Built target messages_pkg__rosidl_generator_type_description
[4.720s] [  2%] Built target ament_cmake_python_copy_messages_pkg
[4.721s] [  5%] Built target messages_pkg__cpp
[4.721s] [ 20%] Built target messages_pkg__rosidl_generator_c
[4.722s] [ 29%] Built target messages_pkg__rosidl_typesupport_cpp
[4.723s] [ 38%] Built target messages_pkg__rosidl_typesupport_introspection_c
[4.724s] [ 47%] Built target messages_pkg__rosidl_typesupport_fastrtps_c
[4.724s] [ 55%] Built target messages_pkg__rosidl_typesupport_fastrtps_cpp
[4.725s] [ 64%] Built target messages_pkg__rosidl_typesupport_introspection_cpp
[4.737s] [ 73%] Built target messages_pkg__rosidl_typesupport_c
[4.738s] [ 73%] Built target messages_pkg
[4.739s] [ 76%] Built target messages_pkg__py
[4.739s] [ 82%] Built target messages_pkg__rosidl_generator_py
[4.740s] [ 88%] Built target messages_pkg__rosidl_typesupport_fastrtps_c__pyext
[4.741s] [ 94%] Built target messages_pkg__rosidl_typesupport_c__pyext
[4.741s] [100%] Built target messages_pkg__rosidl_typesupport_introspection_c__pyext
[4.742s] running egg_info
[4.743s] writing messages_pkg.egg-info/PKG-INFO
[4.743s] writing dependency_links to messages_pkg.egg-info/dependency_links.txt
[4.744s] writing top-level names to messages_pkg.egg-info/top_level.txt
[4.745s] reading manifest file 'messages_pkg.egg-info/SOURCES.txt'
[4.745s] writing manifest file 'messages_pkg.egg-info/SOURCES.txt'
[4.746s] [100%] Built target ament_cmake_python_build_messages_pkg_egg
[4.783s] Invoked command in '/home/lab/robocar/src/build/messages_pkg' returned '0': CMAKE_PREFIX_PATH=${CMAKE_PREFIX_PATH}:/opt/ros/iron VIRTUAL_ENV_PROMPT=(.venv) /usr/bin/cmake --build /home/lab/robocar/src/build/messages_pkg -- -j4 -l4
[5.941s] Invoking command in '/home/lab/robocar/src/build/messages_pkg': CMAKE_PREFIX_PATH=${CMAKE_PREFIX_PATH}:/opt/ros/iron VIRTUAL_ENV_PROMPT=(.venv) /usr/bin/cmake --install /home/lab/robocar/src/build/messages_pkg
[6.007s] -- Install configuration: ""
[6.008s] -- Up-to-date: /home/lab/robocar/src/install/messages_pkg/share/ament_index/resource_index/rosidl_interfaces/messages_pkg
[6.009s] -- Up-to-date: /home/lab/robocar/src/install/messages_pkg/share/messages_pkg/msg/Energy.json
[6.010s] -- Up-to-date: /home/lab/robocar/src/install/messages_pkg/include/messages_pkg/messages_pkg
[6.011s] -- Up-to-date: /home/lab/robocar/src/install/messages_pkg/include/messages_pkg/messages_pkg/msg
[6.012s] -- Up-to-date: /home/lab/robocar/src/install/messages_pkg/include/messages_pkg/messages_pkg/msg/energy.h
[6.012s] -- Up-to-date: /home/lab/robocar/src/install/messages_pkg/include/messages_pkg/messages_pkg/msg/detail
[6.014s] -- Up-to-date: /home/lab/robocar/src/install/messages_pkg/include/messages_pkg/messages_pkg/msg/detail/energy__functions.c
[6.015s] -- Up-to-date: /home/lab/robocar/src/install/messages_pkg/include/messages_pkg/messages_pkg/msg/detail/energy__type_support.h
[6.015s] -- Up-to-date: /home/lab/robocar/src/install/messages_pkg/include/messages_pkg/messages_pkg/msg/detail/energy__description.c
[6.016s] -- Installing: /home/lab/robocar/src/install/messages_pkg/include/messages_pkg/messages_pkg/msg/detail/energy__type_support.c
[6.016s] -- Up-to-date: /home/lab/robocar/src/install/messages_pkg/include/messages_pkg/messages_pkg/msg/detail/energy__struct.h
[6.017s] -- Up-to-date: /home/lab/robocar/src/install/messages_pkg/include/messages_pkg/messages_pkg/msg/detail/energy__functions.h
[6.019s] -- Up-to-date: /home/lab/robocar/src/install/messages_pkg/include/messages_pkg/messages_pkg/msg/rosidl_generator_c__visibility_control.h
[6.020s] -- Up-to-date: /home/lab/robocar/src/install/messages_pkg/share/messages_pkg/environment/library_path.sh
[6.020s] -- Up-to-date: /home/lab/robocar/src/install/messages_pkg/share/messages_pkg/environment/library_path.dsv
[6.024s] -- Up-to-date: /home/lab/robocar/src/install/messages_pkg/lib/libmessages_pkg__rosidl_generator_c.so
[6.025s] -- Up-to-date: /home/lab/robocar/src/install/messages_pkg/include/messages_pkg/messages_pkg
[6.025s] -- Up-to-date: /home/lab/robocar/src/install/messages_pkg/include/messages_pkg/messages_pkg/msg
[6.031s] -- Up-to-date: /home/lab/robocar/src/install/messages_pkg/include/messages_pkg/messages_pkg/msg/rosidl_typesupport_fastrtps_c__visibility_control.h
[6.033s] -- Up-to-date: /home/lab/robocar/src/install/messages_pkg/include/messages_pkg/messages_pkg/msg/detail
[6.034s] -- Up-to-date: /home/lab/robocar/src/install/messages_pkg/include/messages_pkg/messages_pkg/msg/detail/energy__rosidl_typesupport_fastrtps_c.h
[6.036s] -- Up-to-date: /home/lab/robocar/src/install/messages_pkg/lib/libmessages_pkg__rosidl_typesupport_fastrtps_c.so
[6.037s] -- Up-to-date: /home/lab/robocar/src/install/messages_pkg/include/messages_pkg/messages_pkg
[6.041s] -- Up-to-date: /home/lab/robocar/src/install/messages_pkg/include/messages_pkg/messages_pkg/msg
[6.042s] -- Up-to-date: /home/lab/robocar/src/install/messages_pkg/include/messages_pkg/messages_pkg/msg/detail
[6.046s] -- Up-to-date: /home/lab/robocar/src/install/messages_pkg/include/messages_pkg/messages_pkg/msg/detail/energy__rosidl_typesupport_introspection_c.h
[6.047s] -- Installing: /home/lab/robocar/src/install/messages_pkg/include/messages_pkg/messages_pkg/msg/detail/energy__type_support.c
[6.047s] -- Up-to-date: /home/lab/robocar/src/install/messages_pkg/include/messages_pkg/messages_pkg/msg/rosidl_typesupport_introspection_c__visibility_control.h
[6.051s] -- Up-to-date: /home/lab/robocar/src/install/messages_pkg/lib/libmessages_pkg__rosidl_typesupport_introspection_c.so
[6.051s] -- Up-to-date: /home/lab/robocar/src/install/messages_pkg/lib/libmessages_pkg__rosidl_typesupport_c.so
[6.052s] -- Up-to-date: /home/lab/robocar/src/install/messages_pkg/include/messages_pkg/messages_pkg
[6.052s] -- Up-to-date: /home/lab/robocar/src/install/messages_pkg/include/messages_pkg/messages_pkg/msg
[6.055s] -- Up-to-date: /home/lab/robocar/src/install/messages_pkg/include/messages_pkg/messages_pkg/msg/detail
[6.055s] -- Up-to-date: /home/lab/robocar/src/install/messages_pkg/include/messages_pkg/messages_pkg/msg/detail/energy__builder.hpp
[6.059s] -- Up-to-date: /home/lab/robocar/src/install/messages_pkg/include/messages_pkg/messages_pkg/msg/detail/energy__struct.hpp
[6.061s] -- Up-to-date: /home/lab/robocar/src/install/messages_pkg/include/messages_pkg/messages_pkg/msg/detail/energy__traits.hpp
[6.063s] -- Up-to-date: /home/lab/robocar/src/install/messages_pkg/include/messages_pkg/messages_pkg/msg/energy.hpp
[6.069s] -- Up-to-date: /home/lab/robocar/src/install/messages_pkg/include/messages_pkg/messages_pkg
[6.069s] -- Up-to-date: /home/lab/robocar/src/install/messages_pkg/include/messages_pkg/messages_pkg/msg
[6.070s] -- Up-to-date: /home/lab/robocar/src/install/messages_pkg/include/messages_pkg/messages_pkg/msg/detail
[6.070s] -- Up-to-date: /home/lab/robocar/src/install/messages_pkg/include/messages_pkg/messages_pkg/msg/detail/dds_fastrtps
[6.071s] -- Up-to-date: /home/lab/robocar/src/install/messages_pkg/include/messages_pkg/messages_pkg/msg/detail/energy__rosidl_typesupport_fastrtps_cpp.hpp
[6.071s] -- Up-to-date: /home/lab/robocar/src/install/messages_pkg/include/messages_pkg/messages_pkg/msg/rosidl_typesupport_fastrtps_cpp__visibility_control.h
[6.072s] -- Up-to-date: /home/lab/robocar/src/install/messages_pkg/lib/libmessages_pkg__rosidl_typesupport_fastrtps_cpp.so
[6.072s] -- Up-to-date: /home/lab/robocar/src/install/messages_pkg/include/messages_pkg/messages_pkg
[6.073s] -- Up-to-date: /home/lab/robocar/src/install/messages_pkg/include/messages_pkg/messages_pkg/msg
[6.073s] -- Up-to-date: /home/lab/robocar/src/install/messages_pkg/include/messages_pkg/messages_pkg/msg/detail
[6.074s] -- Up-to-date: /home/lab/robocar/src/install/messages_pkg/include/messages_pkg/messages_pkg/msg/detail/energy__type_support.cpp
[6.079s] -- Up-to-date: /home/lab/robocar/src/install/messages_pkg/include/messages_pkg/messages_pkg/msg/detail/energy__rosidl_typesupport_introspection_cpp.hpp
[6.079s] -- Up-to-date: /home/lab/robocar/src/install/messages_pkg/lib/libmessages_pkg__rosidl_typesupport_introspection_cpp.so
[6.080s] -- Up-to-date: /home/lab/robocar/src/install/messages_pkg/lib/libmessages_pkg__rosidl_typesupport_cpp.so
[6.083s] -- Up-to-date: /home/lab/robocar/src/install/messages_pkg/share/messages_pkg/environment/pythonpath.sh
[6.084s] -- Up-to-date: /home/lab/robocar/src/install/messages_pkg/share/messages_pkg/environment/pythonpath.dsv
[6.084s] -- Up-to-date: /home/lab/robocar/src/install/messages_pkg/lib/python3.10/site-packages/messages_pkg-0.0.0-py3.10.egg-info
[6.085s] -- Installing: /home/lab/robocar/src/install/messages_pkg/lib/python3.10/site-packages/messages_pkg-0.0.0-py3.10.egg-info/SOURCES.txt
[6.086s] -- Installing: /home/lab/robocar/src/install/messages_pkg/lib/python3.10/site-packages/messages_pkg-0.0.0-py3.10.egg-info/dependency_links.txt
[6.093s] -- Installing: /home/lab/robocar/src/install/messages_pkg/lib/python3.10/site-packages/messages_pkg-0.0.0-py3.10.egg-info/PKG-INFO
[6.095s] -- Installing: /home/lab/robocar/src/install/messages_pkg/lib/python3.10/site-packages/messages_pkg-0.0.0-py3.10.egg-info/top_level.txt
[6.096s] -- Up-to-date: /home/lab/robocar/src/install/messages_pkg/lib/python3.10/site-packages/messages_pkg
[6.097s] -- Up-to-date: /home/lab/robocar/src/install/messages_pkg/lib/python3.10/site-packages/messages_pkg/_messages_pkg_s.ep.rosidl_typesupport_fastrtps_c.c
[6.097s] -- Up-to-date: /home/lab/robocar/src/install/messages_pkg/lib/python3.10/site-packages/messages_pkg/msg
[6.098s] -- Up-to-date: /home/lab/robocar/src/install/messages_pkg/lib/python3.10/site-packages/messages_pkg/msg/_energy_s.c
[6.099s] -- Up-to-date: /home/lab/robocar/src/install/messages_pkg/lib/python3.10/site-packages/messages_pkg/msg/_energy.py
[6.099s] -- Up-to-date: /home/lab/robocar/src/install/messages_pkg/lib/python3.10/site-packages/messages_pkg/msg/__init__.py
[6.100s] -- Up-to-date: /home/lab/robocar/src/install/messages_pkg/lib/python3.10/site-packages/messages_pkg/messages_pkg_s__rosidl_typesupport_introspection_c.cpython-310-aarch64-linux-gnu.so
[6.100s] -- Up-to-date: /home/lab/robocar/src/install/messages_pkg/lib/python3.10/site-packages/messages_pkg/libmessages_pkg__rosidl_generator_py.so
[6.101s] -- Up-to-date: /home/lab/robocar/src/install/messages_pkg/lib/python3.10/site-packages/messages_pkg/messages_pkg_s__rosidl_typesupport_c.cpython-310-aarch64-linux-gnu.so
[6.102s] -- Up-to-date: /home/lab/robocar/src/install/messages_pkg/lib/python3.10/site-packages/messages_pkg/messages_pkg_s__rosidl_typesupport_fastrtps_c.cpython-310-aarch64-linux-gnu.so
[6.113s] -- Up-to-date: /home/lab/robocar/src/install/messages_pkg/lib/python3.10/site-packages/messages_pkg/__init__.py
[6.114s] -- Up-to-date: /home/lab/robocar/src/install/messages_pkg/lib/python3.10/site-packages/messages_pkg/_messages_pkg_s.ep.rosidl_typesupport_introspection_c.c
[6.115s] -- Up-to-date: /home/lab/robocar/src/install/messages_pkg/lib/python3.10/site-packages/messages_pkg/_messages_pkg_s.ep.rosidl_typesupport_c.c
[6.299s] Listing '/home/lab/robocar/src/install/messages_pkg/lib/python3.10/site-packages/messages_pkg'...
[6.306s] Listing '/home/lab/robocar/src/install/messages_pkg/lib/python3.10/site-packages/messages_pkg/msg'...
[6.336s] -- Up-to-date: /home/lab/robocar/src/install/messages_pkg/lib/python3.10/site-packages/messages_pkg/messages_pkg_s__rosidl_typesupport_fastrtps_c.cpython-310-aarch64-linux-gnu.so
[6.340s] -- Up-to-date: /home/lab/robocar/src/install/messages_pkg/lib/python3.10/site-packages/messages_pkg/messages_pkg_s__rosidl_typesupport_introspection_c.cpython-310-aarch64-linux-gnu.so
[6.345s] -- Up-to-date: /home/lab/robocar/src/install/messages_pkg/lib/python3.10/site-packages/messages_pkg/messages_pkg_s__rosidl_typesupport_c.cpython-310-aarch64-linux-gnu.so
[6.349s] -- Up-to-date: /home/lab/robocar/src/install/messages_pkg/lib/libmessages_pkg__rosidl_generator_py.so
[6.352s] -- Up-to-date: /home/lab/robocar/src/install/messages_pkg/share/messages_pkg/msg/Energy.idl
[6.353s] -- Up-to-date: /home/lab/robocar/src/install/messages_pkg/share/messages_pkg/msg/Energy.msg
[6.355s] -- Up-to-date: /home/lab/robocar/src/install/messages_pkg/share/ament_index/resource_index/package_run_dependencies/messages_pkg
[6.357s] -- Up-to-date: /home/lab/robocar/src/install/messages_pkg/share/ament_index/resource_index/parent_prefix_path/messages_pkg
[6.358s] -- Up-to-date: /home/lab/robocar/src/install/messages_pkg/share/messages_pkg/environment/ament_prefix_path.sh
[6.360s] -- Up-to-date: /home/lab/robocar/src/install/messages_pkg/share/messages_pkg/environment/ament_prefix_path.dsv
[6.361s] -- Up-to-date: /home/lab/robocar/src/install/messages_pkg/share/messages_pkg/environment/path.sh
[6.365s] -- Up-to-date: /home/lab/robocar/src/install/messages_pkg/share/messages_pkg/environment/path.dsv
[6.367s] -- Up-to-date: /home/lab/robocar/src/install/messages_pkg/share/messages_pkg/local_setup.bash
[6.369s] -- Up-to-date: /home/lab/robocar/src/install/messages_pkg/share/messages_pkg/local_setup.sh
[6.371s] -- Up-to-date: /home/lab/robocar/src/install/messages_pkg/share/messages_pkg/local_setup.zsh
[6.373s] -- Up-to-date: /home/lab/robocar/src/install/messages_pkg/share/messages_pkg/local_setup.dsv
[6.375s] -- Installing: /home/lab/robocar/src/install/messages_pkg/share/messages_pkg/package.dsv
[6.378s] -- Up-to-date: /home/lab/robocar/src/install/messages_pkg/share/ament_index/resource_index/packages/messages_pkg
[6.381s] -- Up-to-date: /home/lab/robocar/src/install/messages_pkg/share/messages_pkg/cmake/export_messages_pkg__rosidl_generator_cExport.cmake
[6.383s] -- Up-to-date: /home/lab/robocar/src/install/messages_pkg/share/messages_pkg/cmake/export_messages_pkg__rosidl_generator_cExport-noconfig.cmake
[6.385s] -- Up-to-date: /home/lab/robocar/src/install/messages_pkg/share/messages_pkg/cmake/export_messages_pkg__rosidl_typesupport_fastrtps_cExport.cmake
[6.387s] -- Up-to-date: /home/lab/robocar/src/install/messages_pkg/share/messages_pkg/cmake/export_messages_pkg__rosidl_typesupport_fastrtps_cExport-noconfig.cmake
[6.389s] -- Up-to-date: /home/lab/robocar/src/install/messages_pkg/share/messages_pkg/cmake/messages_pkg__rosidl_typesupport_introspection_cExport.cmake
[6.391s] -- Up-to-date: /home/lab/robocar/src/install/messages_pkg/share/messages_pkg/cmake/messages_pkg__rosidl_typesupport_introspection_cExport-noconfig.cmake
[6.395s] -- Up-to-date: /home/lab/robocar/src/install/messages_pkg/share/messages_pkg/cmake/messages_pkg__rosidl_typesupport_cExport.cmake
[6.398s] -- Up-to-date: /home/lab/robocar/src/install/messages_pkg/share/messages_pkg/cmake/messages_pkg__rosidl_typesupport_cExport-noconfig.cmake
[6.401s] -- Up-to-date: /home/lab/robocar/src/install/messages_pkg/share/messages_pkg/cmake/export_messages_pkg__rosidl_generator_cppExport.cmake
[6.405s] -- Up-to-date: /home/lab/robocar/src/install/messages_pkg/share/messages_pkg/cmake/export_messages_pkg__rosidl_typesupport_fastrtps_cppExport.cmake
[6.406s] -- Up-to-date: /home/lab/robocar/src/install/messages_pkg/share/messages_pkg/cmake/export_messages_pkg__rosidl_typesupport_fastrtps_cppExport-noconfig.cmake
[6.411s] -- Up-to-date: /home/lab/robocar/src/install/messages_pkg/share/messages_pkg/cmake/messages_pkg__rosidl_typesupport_introspection_cppExport.cmake
[6.413s] -- Up-to-date: /home/lab/robocar/src/install/messages_pkg/share/messages_pkg/cmake/messages_pkg__rosidl_typesupport_introspection_cppExport-noconfig.cmake
[6.415s] -- Up-to-date: /home/lab/robocar/src/install/messages_pkg/share/messages_pkg/cmake/messages_pkg__rosidl_typesupport_cppExport.cmake
[6.417s] -- Up-to-date: /home/lab/robocar/src/install/messages_pkg/share/messages_pkg/cmake/messages_pkg__rosidl_typesupport_cppExport-noconfig.cmake
[6.420s] -- Up-to-date: /home/lab/robocar/src/install/messages_pkg/share/messages_pkg/cmake/export_messages_pkg__rosidl_generator_pyExport.cmake
[6.423s] -- Up-to-date: /home/lab/robocar/src/install/messages_pkg/share/messages_pkg/cmake/export_messages_pkg__rosidl_generator_pyExport-noconfig.cmake
[6.423s] -- Up-to-date: /home/lab/robocar/src/install/messages_pkg/share/messages_pkg/cmake/rosidl_cmake-extras.cmake
[6.424s] -- Up-to-date: /home/lab/robocar/src/install/messages_pkg/share/messages_pkg/cmake/ament_cmake_export_include_directories-extras.cmake
[6.425s] -- Up-to-date: /home/lab/robocar/src/install/messages_pkg/share/messages_pkg/cmake/ament_cmake_export_libraries-extras.cmake
[6.425s] -- Up-to-date: /home/lab/robocar/src/install/messages_pkg/share/messages_pkg/cmake/ament_cmake_export_targets-extras.cmake
[6.426s] -- Up-to-date: /home/lab/robocar/src/install/messages_pkg/share/messages_pkg/cmake/rosidl_cmake_export_typesupport_targets-extras.cmake
[6.442s] -- Up-to-date: /home/lab/robocar/src/install/messages_pkg/share/messages_pkg/cmake/ament_cmake_export_dependencies-extras.cmake
[6.443s] -- Up-to-date: /home/lab/robocar/src/install/messages_pkg/share/messages_pkg/cmake/rosidl_cmake_export_typesupport_libraries-extras.cmake
[6.444s] -- Up-to-date: /home/lab/robocar/src/install/messages_pkg/share/messages_pkg/cmake/messages_pkgConfig.cmake
[6.444s] -- Up-to-date: /home/lab/robocar/src/install/messages_pkg/share/messages_pkg/cmake/messages_pkgConfig-version.cmake
[6.445s] -- Up-to-date: /home/lab/robocar/src/install/messages_pkg/share/messages_pkg/package.xml
[6.446s] Invoked command in '/home/lab/robocar/src/build/messages_pkg' returned '0': CMAKE_PREFIX_PATH=${CMAKE_PREFIX_PATH}:/opt/ros/iron VIRTUAL_ENV_PROMPT=(.venv) /usr/bin/cmake --install /home/lab/robocar/src/build/messages_pkg
