[0.587s] DEBUG:colcon:Command line arguments: ['/home/lab/robocar/.venv/bin/colcon', 'build']
[0.587s] DEBUG:colcon:Parsed command line arguments: Namespace(log_base=None, log_level=None, verb_name='build', build_base='build', install_base='install', merge_install=False, symlink_install=False, test_result_base=None, continue_on_error=False, executor='parallel', parallel_workers=4, event_handlers=None, ignore_user_meta=False, metas=['./colcon.meta'], base_paths=['.'], packages_ignore=None, packages_ignore_regex=None, paths=None, packages_up_to=None, packages_up_to_regex=None, packages_above=None, packages_above_and_dependencies=None, packages_above_depth=None, packages_select_by_dep=None, packages_skip_by_dep=None, packages_skip_up_to=None, packages_select_build_failed=False, packages_skip_build_finished=False, packages_select_test_failures=False, packages_skip_test_passed=False, packages_select=None, packages_skip=None, packages_select_regex=None, packages_skip_regex=None, packages_start=None, packages_end=None, cmake_args=None, cmake_target=None, cmake_target_skip_unavailable=False, cmake_clean_cache=False, cmake_clean_first=False, cmake_force_configure=False, ament_cmake_args=None, catkin_cmake_args=None, catkin_skip_building_tests=False, verb_parser=<colcon_defaults.argument_parser.defaults.DefaultArgumentsDecorator object at 0xffffb0a85ea0>, verb_extension=<colcon_core.verb.build.BuildVerb object at 0xffffb0c0abc0>, main=<bound method BuildVerb.main of <colcon_core.verb.build.BuildVerb object at 0xffffb0c0abc0>>)
[1.128s] Level 1:colcon.colcon_core.package_discovery:discover_packages(colcon_meta) check parameters
[1.129s] Level 1:colcon.colcon_core.package_discovery:discover_packages(recursive) check parameters
[1.129s] Level 1:colcon.colcon_core.package_discovery:discover_packages(ignore) check parameters
[1.129s] Level 1:colcon.colcon_core.package_discovery:discover_packages(path) check parameters
[1.129s] Level 1:colcon.colcon_core.package_discovery:discover_packages(colcon_meta) discover
[1.130s] Level 1:colcon.colcon_core.package_discovery:discover_packages(recursive) discover
[1.130s] INFO:colcon.colcon_core.package_discovery:Crawling recursively for packages in '/home/lab/robocar/src'
[1.130s] Level 1:colcon.colcon_core.package_identification:_identify(.) by extensions ['ignore', 'ignore_ament_install']
[1.131s] Level 1:colcon.colcon_core.package_identification:_identify(.) by extension 'ignore'
[1.131s] Level 1:colcon.colcon_core.package_identification:_identify(.) by extension 'ignore_ament_install'
[1.131s] Level 1:colcon.colcon_core.package_identification:_identify(.) by extensions ['colcon_pkg']
[1.131s] Level 1:colcon.colcon_core.package_identification:_identify(.) by extension 'colcon_pkg'
[1.132s] Level 1:colcon.colcon_core.package_identification:_identify(.) by extensions ['colcon_meta']
[1.132s] Level 1:colcon.colcon_core.package_identification:_identify(.) by extension 'colcon_meta'
[1.132s] Level 1:colcon.colcon_core.package_identification:_identify(.) by extensions ['ros']
[1.132s] Level 1:colcon.colcon_core.package_identification:_identify(.) by extension 'ros'
[1.243s] Level 1:colcon.colcon_core.package_identification:_identify(.) by extensions ['cmake', 'python']
[1.243s] Level 1:colcon.colcon_core.package_identification:_identify(.) by extension 'cmake'
[1.243s] Level 1:colcon.colcon_core.package_identification:_identify(.) by extension 'python'
[1.243s] Level 1:colcon.colcon_core.package_identification:_identify(.) by extensions ['python_setup_py']
[1.244s] Level 1:colcon.colcon_core.package_identification:_identify(.) by extension 'python_setup_py'
[1.244s] Level 1:colcon.colcon_core.package_identification:_identify(build) by extensions ['ignore', 'ignore_ament_install']
[1.245s] Level 1:colcon.colcon_core.package_identification:_identify(build) by extension 'ignore'
[1.245s] Level 1:colcon.colcon_core.package_identification:_identify(build) ignored
[1.246s] Level 1:colcon.colcon_core.package_identification:_identify(install) by extensions ['ignore', 'ignore_ament_install']
[1.246s] Level 1:colcon.colcon_core.package_identification:_identify(install) by extension 'ignore'
[1.246s] Level 1:colcon.colcon_core.package_identification:_identify(install) ignored
[1.247s] Level 1:colcon.colcon_core.package_identification:_identify(log) by extensions ['ignore', 'ignore_ament_install']
[1.247s] Level 1:colcon.colcon_core.package_identification:_identify(log) by extension 'ignore'
[1.248s] Level 1:colcon.colcon_core.package_identification:_identify(log) ignored
[1.248s] Level 1:colcon.colcon_core.package_identification:_identify(messages_pkg) by extensions ['ignore', 'ignore_ament_install']
[1.248s] Level 1:colcon.colcon_core.package_identification:_identify(messages_pkg) by extension 'ignore'
[1.249s] Level 1:colcon.colcon_core.package_identification:_identify(messages_pkg) by extension 'ignore_ament_install'
[1.249s] Level 1:colcon.colcon_core.package_identification:_identify(messages_pkg) by extensions ['colcon_pkg']
[1.249s] Level 1:colcon.colcon_core.package_identification:_identify(messages_pkg) by extension 'colcon_pkg'
[1.249s] Level 1:colcon.colcon_core.package_identification:_identify(messages_pkg) by extensions ['colcon_meta']
[1.250s] Level 1:colcon.colcon_core.package_identification:_identify(messages_pkg) by extension 'colcon_meta'
[1.250s] Level 1:colcon.colcon_core.package_identification:_identify(messages_pkg) by extensions ['ros']
[1.250s] Level 1:colcon.colcon_core.package_identification:_identify(messages_pkg) by extension 'ros'
[1.259s] DEBUG:colcon.colcon_core.package_identification:Package 'messages_pkg' with type 'ros.ament_cmake' and name 'messages_pkg'
[1.260s] Level 1:colcon.colcon_core.package_identification:_identify(robocar_package) by extensions ['ignore', 'ignore_ament_install']
[1.260s] Level 1:colcon.colcon_core.package_identification:_identify(robocar_package) by extension 'ignore'
[1.261s] Level 1:colcon.colcon_core.package_identification:_identify(robocar_package) by extension 'ignore_ament_install'
[1.261s] Level 1:colcon.colcon_core.package_identification:_identify(robocar_package) by extensions ['colcon_pkg']
[1.261s] Level 1:colcon.colcon_core.package_identification:_identify(robocar_package) by extension 'colcon_pkg'
[1.262s] Level 1:colcon.colcon_core.package_identification:_identify(robocar_package) by extensions ['colcon_meta']
[1.262s] Level 1:colcon.colcon_core.package_identification:_identify(robocar_package) by extension 'colcon_meta'
[1.262s] Level 1:colcon.colcon_core.package_identification:_identify(robocar_package) by extensions ['ros']
[1.262s] Level 1:colcon.colcon_core.package_identification:_identify(robocar_package) by extension 'ros'
[1.265s] DEBUG:colcon.colcon_core.package_identification:Failed to parse potential ROS package manifest in'robocar_package': Error(s) in package 'robocar_package/package.xml':
The manifest contains invalid XML:
mismatched tag: line 30, column 2
[1.266s] Level 1:colcon.colcon_core.package_identification:_identify(robocar_package) by extensions ['cmake', 'python']
[1.266s] Level 1:colcon.colcon_core.package_identification:_identify(robocar_package) by extension 'cmake'
[1.266s] Level 1:colcon.colcon_core.package_identification:_identify(robocar_package) by extension 'python'
[1.266s] DEBUG:colcon.colcon_core.package_identification:Python package in 'robocar_package' passes arguments to the setup() function which requires a different identification extension than 'python'
[1.267s] Level 1:colcon.colcon_core.package_identification:_identify(robocar_package) by extensions ['python_setup_py']
[1.267s] Level 1:colcon.colcon_core.package_identification:_identify(robocar_package) by extension 'python_setup_py'
[2.369s] DEBUG:colcon.colcon_core.package_identification:Package 'robocar_package' with type 'python' and name 'robocar_package'
[2.370s] Level 1:colcon.colcon_core.package_identification:_identify(robocar_pkg) by extensions ['ignore', 'ignore_ament_install']
[2.370s] Level 1:colcon.colcon_core.package_identification:_identify(robocar_pkg) by extension 'ignore'
[2.371s] Level 1:colcon.colcon_core.package_identification:_identify(robocar_pkg) by extension 'ignore_ament_install'
[2.371s] Level 1:colcon.colcon_core.package_identification:_identify(robocar_pkg) by extensions ['colcon_pkg']
[2.371s] Level 1:colcon.colcon_core.package_identification:_identify(robocar_pkg) by extension 'colcon_pkg'
[2.371s] Level 1:colcon.colcon_core.package_identification:_identify(robocar_pkg) by extensions ['colcon_meta']
[2.372s] Level 1:colcon.colcon_core.package_identification:_identify(robocar_pkg) by extension 'colcon_meta'
[2.372s] Level 1:colcon.colcon_core.package_identification:_identify(robocar_pkg) by extensions ['ros']
[2.372s] Level 1:colcon.colcon_core.package_identification:_identify(robocar_pkg) by extension 'ros'
[2.374s] DEBUG:colcon.colcon_core.package_identification:Package 'robocar_pkg' with type 'ros.ament_python' and name 'robocar_pkg'
[2.375s] Level 1:colcon.colcon_core.package_identification:_identify(teleop_twist_joy) by extensions ['ignore', 'ignore_ament_install']
[2.375s] Level 1:colcon.colcon_core.package_identification:_identify(teleop_twist_joy) by extension 'ignore'
[2.375s] Level 1:colcon.colcon_core.package_identification:_identify(teleop_twist_joy) by extension 'ignore_ament_install'
[2.376s] Level 1:colcon.colcon_core.package_identification:_identify(teleop_twist_joy) by extensions ['colcon_pkg']
[2.376s] Level 1:colcon.colcon_core.package_identification:_identify(teleop_twist_joy) by extension 'colcon_pkg'
[2.376s] Level 1:colcon.colcon_core.package_identification:_identify(teleop_twist_joy) by extensions ['colcon_meta']
[2.376s] Level 1:colcon.colcon_core.package_identification:_identify(teleop_twist_joy) by extension 'colcon_meta'
[2.377s] Level 1:colcon.colcon_core.package_identification:_identify(teleop_twist_joy) by extensions ['ros']
[2.377s] Level 1:colcon.colcon_core.package_identification:_identify(teleop_twist_joy) by extension 'ros'
[2.381s] DEBUG:colcon.colcon_core.package_identification:Package 'teleop_twist_joy' with type 'ros.ament_cmake' and name 'teleop_twist_joy'
[2.382s] Level 1:colcon.colcon_core.package_discovery:discover_packages(recursive) using defaults
[2.382s] Level 1:colcon.colcon_core.package_discovery:discover_packages(ignore) discover
[2.382s] Level 1:colcon.colcon_core.package_discovery:discover_packages(ignore) using defaults
[2.382s] Level 1:colcon.colcon_core.package_discovery:discover_packages(path) discover
[2.383s] Level 1:colcon.colcon_core.package_discovery:discover_packages(path) using defaults
[2.490s] Level 5:colcon.colcon_core.verb:set package 'messages_pkg' build argument 'cmake_args' from command line to 'None'
[2.490s] Level 5:colcon.colcon_core.verb:set package 'messages_pkg' build argument 'cmake_target' from command line to 'None'
[2.491s] Level 5:colcon.colcon_core.verb:set package 'messages_pkg' build argument 'cmake_target_skip_unavailable' from command line to 'False'
[2.491s] Level 5:colcon.colcon_core.verb:set package 'messages_pkg' build argument 'cmake_clean_cache' from command line to 'False'
[2.491s] Level 5:colcon.colcon_core.verb:set package 'messages_pkg' build argument 'cmake_clean_first' from command line to 'False'
[2.492s] Level 5:colcon.colcon_core.verb:set package 'messages_pkg' build argument 'cmake_force_configure' from command line to 'False'
[2.492s] Level 5:colcon.colcon_core.verb:set package 'messages_pkg' build argument 'ament_cmake_args' from command line to 'None'
[2.492s] Level 5:colcon.colcon_core.verb:set package 'messages_pkg' build argument 'catkin_cmake_args' from command line to 'None'
[2.492s] Level 5:colcon.colcon_core.verb:set package 'messages_pkg' build argument 'catkin_skip_building_tests' from command line to 'False'
[2.493s] DEBUG:colcon.colcon_core.verb:Building package 'messages_pkg' with the following arguments: {'ament_cmake_args': None, 'build_base': '/home/lab/robocar/src/build/messages_pkg', 'catkin_cmake_args': None, 'catkin_skip_building_tests': False, 'cmake_args': None, 'cmake_clean_cache': False, 'cmake_clean_first': False, 'cmake_force_configure': False, 'cmake_target': None, 'cmake_target_skip_unavailable': False, 'install_base': '/home/lab/robocar/src/install/messages_pkg', 'merge_install': False, 'path': '/home/lab/robocar/src/messages_pkg', 'symlink_install': False, 'test_result_base': None}
[2.495s] Level 5:colcon.colcon_core.verb:set package 'robocar_package' build argument 'cmake_args' from command line to 'None'
[2.495s] Level 5:colcon.colcon_core.verb:set package 'robocar_package' build argument 'cmake_target' from command line to 'None'
[2.496s] Level 5:colcon.colcon_core.verb:set package 'robocar_package' build argument 'cmake_target_skip_unavailable' from command line to 'False'
[2.496s] Level 5:colcon.colcon_core.verb:set package 'robocar_package' build argument 'cmake_clean_cache' from command line to 'False'
[2.496s] Level 5:colcon.colcon_core.verb:set package 'robocar_package' build argument 'cmake_clean_first' from command line to 'False'
[2.496s] Level 5:colcon.colcon_core.verb:set package 'robocar_package' build argument 'cmake_force_configure' from command line to 'False'
[2.497s] Level 5:colcon.colcon_core.verb:set package 'robocar_package' build argument 'ament_cmake_args' from command line to 'None'
[2.497s] Level 5:colcon.colcon_core.verb:set package 'robocar_package' build argument 'catkin_cmake_args' from command line to 'None'
[2.497s] Level 5:colcon.colcon_core.verb:set package 'robocar_package' build argument 'catkin_skip_building_tests' from command line to 'False'
[2.498s] DEBUG:colcon.colcon_core.verb:Building package 'robocar_package' with the following arguments: {'ament_cmake_args': None, 'build_base': '/home/lab/robocar/src/build/robocar_package', 'catkin_cmake_args': None, 'catkin_skip_building_tests': False, 'cmake_args': None, 'cmake_clean_cache': False, 'cmake_clean_first': False, 'cmake_force_configure': False, 'cmake_target': None, 'cmake_target_skip_unavailable': False, 'install_base': '/home/lab/robocar/src/install/robocar_package', 'merge_install': False, 'path': '/home/lab/robocar/src/robocar_package', 'symlink_install': False, 'test_result_base': None}
[2.500s] Level 5:colcon.colcon_core.verb:set package 'robocar_pkg' build argument 'cmake_args' from command line to 'None'
[2.500s] Level 5:colcon.colcon_core.verb:set package 'robocar_pkg' build argument 'cmake_target' from command line to 'None'
[2.501s] Level 5:colcon.colcon_core.verb:set package 'robocar_pkg' build argument 'cmake_target_skip_unavailable' from command line to 'False'
[2.501s] Level 5:colcon.colcon_core.verb:set package 'robocar_pkg' build argument 'cmake_clean_cache' from command line to 'False'
[2.501s] Level 5:colcon.colcon_core.verb:set package 'robocar_pkg' build argument 'cmake_clean_first' from command line to 'False'
[2.501s] Level 5:colcon.colcon_core.verb:set package 'robocar_pkg' build argument 'cmake_force_configure' from command line to 'False'
[2.501s] Level 5:colcon.colcon_core.verb:set package 'robocar_pkg' build argument 'ament_cmake_args' from command line to 'None'
[2.501s] Level 5:colcon.colcon_core.verb:set package 'robocar_pkg' build argument 'catkin_cmake_args' from command line to 'None'
[2.502s] Level 5:colcon.colcon_core.verb:set package 'robocar_pkg' build argument 'catkin_skip_building_tests' from command line to 'False'
[2.502s] DEBUG:colcon.colcon_core.verb:Building package 'robocar_pkg' with the following arguments: {'ament_cmake_args': None, 'build_base': '/home/lab/robocar/src/build/robocar_pkg', 'catkin_cmake_args': None, 'catkin_skip_building_tests': False, 'cmake_args': None, 'cmake_clean_cache': False, 'cmake_clean_first': False, 'cmake_force_configure': False, 'cmake_target': None, 'cmake_target_skip_unavailable': False, 'install_base': '/home/lab/robocar/src/install/robocar_pkg', 'merge_install': False, 'path': '/home/lab/robocar/src/robocar_pkg', 'symlink_install': False, 'test_result_base': None}
[2.504s] Level 5:colcon.colcon_core.verb:set package 'teleop_twist_joy' build argument 'cmake_args' from command line to 'None'
[2.505s] Level 5:colcon.colcon_core.verb:set package 'teleop_twist_joy' build argument 'cmake_target' from command line to 'None'
[2.505s] Level 5:colcon.colcon_core.verb:set package 'teleop_twist_joy' build argument 'cmake_target_skip_unavailable' from command line to 'False'
[2.505s] Level 5:colcon.colcon_core.verb:set package 'teleop_twist_joy' build argument 'cmake_clean_cache' from command line to 'False'
[2.505s] Level 5:colcon.colcon_core.verb:set package 'teleop_twist_joy' build argument 'cmake_clean_first' from command line to 'False'
[2.505s] Level 5:colcon.colcon_core.verb:set package 'teleop_twist_joy' build argument 'cmake_force_configure' from command line to 'False'
[2.506s] Level 5:colcon.colcon_core.verb:set package 'teleop_twist_joy' build argument 'ament_cmake_args' from command line to 'None'
[2.506s] Level 5:colcon.colcon_core.verb:set package 'teleop_twist_joy' build argument 'catkin_cmake_args' from command line to 'None'
[2.506s] Level 5:colcon.colcon_core.verb:set package 'teleop_twist_joy' build argument 'catkin_skip_building_tests' from command line to 'False'
[2.506s] DEBUG:colcon.colcon_core.verb:Building package 'teleop_twist_joy' with the following arguments: {'ament_cmake_args': None, 'build_base': '/home/lab/robocar/src/build/teleop_twist_joy', 'catkin_cmake_args': None, 'catkin_skip_building_tests': False, 'cmake_args': None, 'cmake_clean_cache': False, 'cmake_clean_first': False, 'cmake_force_configure': False, 'cmake_target': None, 'cmake_target_skip_unavailable': False, 'install_base': '/home/lab/robocar/src/install/teleop_twist_joy', 'merge_install': False, 'path': '/home/lab/robocar/src/teleop_twist_joy', 'symlink_install': False, 'test_result_base': None}
[2.507s] INFO:colcon.colcon_core.executor:Executing jobs using 'parallel' executor
[2.511s] DEBUG:colcon.colcon_parallel_executor.executor.parallel:run_until_complete
[2.513s] INFO:colcon.colcon_ros.task.ament_cmake.build:Building ROS package in '/home/lab/robocar/src/messages_pkg' with build type 'ament_cmake'
[2.514s] INFO:colcon.colcon_cmake.task.cmake.build:Building CMake package in '/home/lab/robocar/src/messages_pkg'
[2.528s] INFO:colcon.colcon_core.plugin_system:Skipping extension 'colcon_core.shell.bat': Not used on non-Windows systems
[2.530s] INFO:colcon.colcon_core.shell:Skip shell extension 'powershell' for command environment: Not usable outside of PowerShell
[2.530s] DEBUG:colcon.colcon_core.shell:Skip shell extension 'dsv' for command environment
[2.563s] INFO:colcon.colcon_core.task.python.build:Building Python package in '/home/lab/robocar/src/robocar_package'
[2.565s] INFO:colcon.colcon_core.shell:Skip shell extension 'powershell' for command environment: Not usable outside of PowerShell
[2.566s] DEBUG:colcon.colcon_core.shell:Skip shell extension 'dsv' for command environment
[2.588s] INFO:colcon.colcon_ros.task.ament_python.build:Building ROS package in '/home/lab/robocar/src/robocar_pkg' with build type 'ament_python'
[2.590s] Level 1:colcon.colcon_core.shell:create_environment_hook('robocar_pkg', 'ament_prefix_path')
[2.592s] INFO:colcon.colcon_core.shell:Creating environment hook '/home/lab/robocar/src/install/robocar_pkg/share/robocar_pkg/hook/ament_prefix_path.ps1'
[2.597s] INFO:colcon.colcon_core.shell:Creating environment descriptor '/home/lab/robocar/src/install/robocar_pkg/share/robocar_pkg/hook/ament_prefix_path.dsv'
[2.602s] INFO:colcon.colcon_core.shell:Creating environment hook '/home/lab/robocar/src/install/robocar_pkg/share/robocar_pkg/hook/ament_prefix_path.sh'
[2.608s] INFO:colcon.colcon_core.shell:Skip shell extension 'powershell' for command environment: Not usable outside of PowerShell
[2.609s] DEBUG:colcon.colcon_core.shell:Skip shell extension 'dsv' for command environment
[2.638s] INFO:colcon.colcon_ros.task.ament_cmake.build:Building ROS package in '/home/lab/robocar/src/teleop_twist_joy' with build type 'ament_cmake'
[2.639s] INFO:colcon.colcon_cmake.task.cmake.build:Building CMake package in '/home/lab/robocar/src/teleop_twist_joy'
[2.640s] INFO:colcon.colcon_core.shell:Skip shell extension 'powershell' for command environment: Not usable outside of PowerShell
[2.641s] DEBUG:colcon.colcon_core.shell:Skip shell extension 'dsv' for command environment
[2.692s] DEBUG:colcon.colcon_core.event_handler.log_command:Invoking command in '/home/lab/robocar/src/build/messages_pkg': CMAKE_PREFIX_PATH=${CMAKE_PREFIX_PATH}:/opt/ros/iron VIRTUAL_ENV_PROMPT=(.venv) /usr/bin/cmake --build /home/lab/robocar/src/build/messages_pkg -- -j4 -l4
[6.006s] INFO:colcon.colcon_core.task.python.build:Building Python package in '/home/lab/robocar/src/robocar_pkg'
[6.007s] INFO:colcon.colcon_core.shell:Skip shell extension 'powershell' for command environment: Not usable outside of PowerShell
[6.007s] DEBUG:colcon.colcon_core.shell:Skip shell extension 'dsv' for command environment
[6.105s] DEBUG:colcon.colcon_core.event_handler.log_command:Invoking command in '/home/lab/robocar/src/build/teleop_twist_joy': CMAKE_PREFIX_PATH=${CMAKE_PREFIX_PATH}:/opt/ros/iron VIRTUAL_ENV_PROMPT=(.venv) /usr/bin/cmake --build /home/lab/robocar/src/build/teleop_twist_joy -- -j4 -l4
[6.110s] DEBUG:colcon.colcon_core.event_handler.log_command:Invoked command in '/home/lab/robocar/src/build/messages_pkg' returned '0': CMAKE_PREFIX_PATH=${CMAKE_PREFIX_PATH}:/opt/ros/iron VIRTUAL_ENV_PROMPT=(.venv) /usr/bin/cmake --build /home/lab/robocar/src/build/messages_pkg -- -j4 -l4
[6.177s] DEBUG:colcon.colcon_core.event_handler.log_command:Invoking command in '/home/lab/robocar/src/robocar_package': PYTHONPATH=/home/lab/robocar/src/build/robocar_package/prefix_override:/home/lab/robocar/src/install/robocar_package/lib/python3.10/site-packages:${PYTHONPATH} VIRTUAL_ENV_PROMPT=(.venv) /home/lab/robocar/.venv/bin/python3 -W ignore:setup.py install is deprecated setup.py egg_info --egg-base ../build/robocar_package build --build-base /home/lab/robocar/src/build/robocar_package/build install --record /home/lab/robocar/src/build/robocar_package/install.log --single-version-externally-managed install_data
[6.842s] DEBUG:colcon.colcon_core.event_handler.log_command:Invoking command in '/home/lab/robocar/src/build/messages_pkg': CMAKE_PREFIX_PATH=${CMAKE_PREFIX_PATH}:/opt/ros/iron VIRTUAL_ENV_PROMPT=(.venv) /usr/bin/cmake --install /home/lab/robocar/src/build/messages_pkg
[6.866s] DEBUG:colcon.colcon_core.event_handler.log_command:Invoked command in '/home/lab/robocar/src/build/teleop_twist_joy' returned '0': CMAKE_PREFIX_PATH=${CMAKE_PREFIX_PATH}:/opt/ros/iron VIRTUAL_ENV_PROMPT=(.venv) /usr/bin/cmake --build /home/lab/robocar/src/build/teleop_twist_joy -- -j4 -l4
[7.158s] DEBUG:colcon.colcon_core.event_handler.log_command:Invoking command in '/home/lab/robocar/src/build/teleop_twist_joy': CMAKE_PREFIX_PATH=${CMAKE_PREFIX_PATH}:/opt/ros/iron VIRTUAL_ENV_PROMPT=(.venv) /usr/bin/cmake --install /home/lab/robocar/src/build/teleop_twist_joy
[7.335s] Level 1:colcon.colcon_core.environment:create_environment_scripts_only(teleop_twist_joy)
[7.354s] DEBUG:colcon.colcon_core.event_handler.log_command:Invoked command in '/home/lab/robocar/src/build/teleop_twist_joy' returned '0': CMAKE_PREFIX_PATH=${CMAKE_PREFIX_PATH}:/opt/ros/iron VIRTUAL_ENV_PROMPT=(.venv) /usr/bin/cmake --install /home/lab/robocar/src/build/teleop_twist_joy
[7.365s] Level 1:colcon.colcon_core.environment:checking '/home/lab/robocar/src/install/teleop_twist_joy' for CMake module files
[7.378s] Level 1:colcon.colcon_core.environment:checking '/home/lab/robocar/src/install/teleop_twist_joy' for CMake config files
[7.382s] Level 1:colcon.colcon_core.shell:create_environment_hook('teleop_twist_joy', 'cmake_prefix_path')
[7.384s] INFO:colcon.colcon_core.shell:Creating environment hook '/home/lab/robocar/src/install/teleop_twist_joy/share/teleop_twist_joy/hook/cmake_prefix_path.ps1'
[7.395s] INFO:colcon.colcon_core.shell:Creating environment descriptor '/home/lab/robocar/src/install/teleop_twist_joy/share/teleop_twist_joy/hook/cmake_prefix_path.dsv'
[7.397s] INFO:colcon.colcon_core.shell:Creating environment hook '/home/lab/robocar/src/install/teleop_twist_joy/share/teleop_twist_joy/hook/cmake_prefix_path.sh'
[7.403s] Level 1:colcon.colcon_core.environment:checking '/home/lab/robocar/src/install/teleop_twist_joy/lib'
[7.404s] Level 1:colcon.colcon_core.shell:create_environment_hook('teleop_twist_joy', 'ld_library_path_lib')
[7.406s] INFO:colcon.colcon_core.shell:Creating environment hook '/home/lab/robocar/src/install/teleop_twist_joy/share/teleop_twist_joy/hook/ld_library_path_lib.ps1'
[7.409s] INFO:colcon.colcon_core.shell:Creating environment descriptor '/home/lab/robocar/src/install/teleop_twist_joy/share/teleop_twist_joy/hook/ld_library_path_lib.dsv'
[7.411s] INFO:colcon.colcon_core.shell:Creating environment hook '/home/lab/robocar/src/install/teleop_twist_joy/share/teleop_twist_joy/hook/ld_library_path_lib.sh'
[7.417s] Level 1:colcon.colcon_core.environment:checking '/home/lab/robocar/src/install/teleop_twist_joy/bin'
[7.420s] Level 1:colcon.colcon_core.environment:checking '/home/lab/robocar/src/install/teleop_twist_joy/lib/pkgconfig/teleop_twist_joy.pc'
[7.422s] Level 1:colcon.colcon_core.environment:checking '/home/lab/robocar/src/install/teleop_twist_joy/lib/python3.10/site-packages'
[7.424s] Level 1:colcon.colcon_core.environment:checking '/home/lab/robocar/src/install/teleop_twist_joy/bin'
[7.428s] INFO:colcon.colcon_core.shell:Creating package script '/home/lab/robocar/src/install/teleop_twist_joy/share/teleop_twist_joy/package.ps1'
[7.433s] INFO:colcon.colcon_core.shell:Creating package descriptor '/home/lab/robocar/src/install/teleop_twist_joy/share/teleop_twist_joy/package.dsv'
[7.437s] INFO:colcon.colcon_core.shell:Creating package script '/home/lab/robocar/src/install/teleop_twist_joy/share/teleop_twist_joy/package.sh'
[7.442s] INFO:colcon.colcon_core.shell:Creating package script '/home/lab/robocar/src/install/teleop_twist_joy/share/teleop_twist_joy/package.bash'
[7.447s] INFO:colcon.colcon_core.shell:Creating package script '/home/lab/robocar/src/install/teleop_twist_joy/share/teleop_twist_joy/package.zsh'
[7.451s] Level 1:colcon.colcon_core.environment:create_file_with_runtime_dependencies(/home/lab/robocar/src/install/teleop_twist_joy/share/colcon-core/packages/teleop_twist_joy)
[7.471s] Level 1:colcon.colcon_core.environment:create_environment_scripts_only(messages_pkg)
[7.474s] Level 1:colcon.colcon_core.environment:checking '/home/lab/robocar/src/install/messages_pkg' for CMake module files
[7.473s] DEBUG:colcon.colcon_core.event_handler.log_command:Invoked command in '/home/lab/robocar/src/build/messages_pkg' returned '0': CMAKE_PREFIX_PATH=${CMAKE_PREFIX_PATH}:/opt/ros/iron VIRTUAL_ENV_PROMPT=(.venv) /usr/bin/cmake --install /home/lab/robocar/src/build/messages_pkg
[7.480s] Level 1:colcon.colcon_core.environment:checking '/home/lab/robocar/src/install/messages_pkg' for CMake config files
[7.492s] Level 1:colcon.colcon_core.shell:create_environment_hook('messages_pkg', 'cmake_prefix_path')
[7.494s] INFO:colcon.colcon_core.shell:Creating environment hook '/home/lab/robocar/src/install/messages_pkg/share/messages_pkg/hook/cmake_prefix_path.ps1'
[7.496s] INFO:colcon.colcon_core.shell:Creating environment descriptor '/home/lab/robocar/src/install/messages_pkg/share/messages_pkg/hook/cmake_prefix_path.dsv'
[7.499s] INFO:colcon.colcon_core.shell:Creating environment hook '/home/lab/robocar/src/install/messages_pkg/share/messages_pkg/hook/cmake_prefix_path.sh'
[7.504s] Level 1:colcon.colcon_core.environment:checking '/home/lab/robocar/src/install/messages_pkg/lib'
[7.505s] Level 1:colcon.colcon_core.shell:create_environment_hook('messages_pkg', 'ld_library_path_lib')
[7.507s] INFO:colcon.colcon_core.shell:Creating environment hook '/home/lab/robocar/src/install/messages_pkg/share/messages_pkg/hook/ld_library_path_lib.ps1'
[7.510s] INFO:colcon.colcon_core.shell:Creating environment descriptor '/home/lab/robocar/src/install/messages_pkg/share/messages_pkg/hook/ld_library_path_lib.dsv'
[7.513s] INFO:colcon.colcon_core.shell:Creating environment hook '/home/lab/robocar/src/install/messages_pkg/share/messages_pkg/hook/ld_library_path_lib.sh'
[7.515s] Level 1:colcon.colcon_core.environment:checking '/home/lab/robocar/src/install/messages_pkg/bin'
[7.516s] Level 1:colcon.colcon_core.environment:checking '/home/lab/robocar/src/install/messages_pkg/lib/pkgconfig/messages_pkg.pc'
[7.518s] Level 1:colcon.colcon_core.environment:checking '/home/lab/robocar/src/install/messages_pkg/lib/python3.10/site-packages'
[7.518s] Level 1:colcon.colcon_core.shell:create_environment_hook('messages_pkg', 'pythonpath')
[7.520s] INFO:colcon.colcon_core.shell:Creating environment hook '/home/lab/robocar/src/install/messages_pkg/share/messages_pkg/hook/pythonpath.ps1'
[7.522s] INFO:colcon.colcon_core.shell:Creating environment descriptor '/home/lab/robocar/src/install/messages_pkg/share/messages_pkg/hook/pythonpath.dsv'
[7.525s] INFO:colcon.colcon_core.shell:Creating environment hook '/home/lab/robocar/src/install/messages_pkg/share/messages_pkg/hook/pythonpath.sh'
[7.528s] Level 1:colcon.colcon_core.environment:checking '/home/lab/robocar/src/install/messages_pkg/bin'
[7.530s] INFO:colcon.colcon_core.shell:Creating package script '/home/lab/robocar/src/install/messages_pkg/share/messages_pkg/package.ps1'
[7.534s] INFO:colcon.colcon_core.shell:Creating package descriptor '/home/lab/robocar/src/install/messages_pkg/share/messages_pkg/package.dsv'
[7.537s] INFO:colcon.colcon_core.shell:Creating package script '/home/lab/robocar/src/install/messages_pkg/share/messages_pkg/package.sh'
[7.541s] INFO:colcon.colcon_core.shell:Creating package script '/home/lab/robocar/src/install/messages_pkg/share/messages_pkg/package.bash'
[7.543s] INFO:colcon.colcon_core.shell:Creating package script '/home/lab/robocar/src/install/messages_pkg/share/messages_pkg/package.zsh'
[7.546s] Level 1:colcon.colcon_core.environment:create_file_with_runtime_dependencies(/home/lab/robocar/src/install/messages_pkg/share/colcon-core/packages/messages_pkg)
[7.858s] Level 1:colcon.colcon_core.environment:create_environment_scripts_only(teleop_twist_joy)
[7.862s] Level 1:colcon.colcon_core.environment:checking '/home/lab/robocar/src/install/teleop_twist_joy' for CMake module files
[7.872s] Level 1:colcon.colcon_core.environment:checking '/home/lab/robocar/src/install/teleop_twist_joy' for CMake config files
[7.875s] Level 1:colcon.colcon_core.shell:create_environment_hook('teleop_twist_joy', 'cmake_prefix_path')
[7.889s] INFO:colcon.colcon_core.shell:Creating environment hook '/home/lab/robocar/src/install/teleop_twist_joy/share/teleop_twist_joy/hook/cmake_prefix_path.ps1'
[7.908s] INFO:colcon.colcon_core.shell:Creating environment descriptor '/home/lab/robocar/src/install/teleop_twist_joy/share/teleop_twist_joy/hook/cmake_prefix_path.dsv'
[7.913s] INFO:colcon.colcon_core.shell:Creating environment hook '/home/lab/robocar/src/install/teleop_twist_joy/share/teleop_twist_joy/hook/cmake_prefix_path.sh'
[7.919s] Level 1:colcon.colcon_core.environment:checking '/home/lab/robocar/src/install/teleop_twist_joy/lib'
[7.921s] Level 1:colcon.colcon_core.shell:create_environment_hook('teleop_twist_joy', 'ld_library_path_lib')
[7.923s] INFO:colcon.colcon_core.shell:Creating environment hook '/home/lab/robocar/src/install/teleop_twist_joy/share/teleop_twist_joy/hook/ld_library_path_lib.ps1'
[7.928s] INFO:colcon.colcon_core.shell:Creating environment descriptor '/home/lab/robocar/src/install/teleop_twist_joy/share/teleop_twist_joy/hook/ld_library_path_lib.dsv'
[7.933s] INFO:colcon.colcon_core.shell:Creating environment hook '/home/lab/robocar/src/install/teleop_twist_joy/share/teleop_twist_joy/hook/ld_library_path_lib.sh'
[7.938s] Level 1:colcon.colcon_core.environment:checking '/home/lab/robocar/src/install/teleop_twist_joy/bin'
[7.939s] Level 1:colcon.colcon_core.environment:checking '/home/lab/robocar/src/install/teleop_twist_joy/lib/pkgconfig/teleop_twist_joy.pc'
[7.942s] Level 1:colcon.colcon_core.environment:checking '/home/lab/robocar/src/install/teleop_twist_joy/lib/python3.10/site-packages'
[7.945s] Level 1:colcon.colcon_core.environment:checking '/home/lab/robocar/src/install/teleop_twist_joy/bin'
[7.947s] INFO:colcon.colcon_core.shell:Creating package script '/home/lab/robocar/src/install/teleop_twist_joy/share/teleop_twist_joy/package.ps1'
[7.953s] INFO:colcon.colcon_core.shell:Creating package descriptor '/home/lab/robocar/src/install/teleop_twist_joy/share/teleop_twist_joy/package.dsv'
[7.958s] INFO:colcon.colcon_core.shell:Creating package script '/home/lab/robocar/src/install/teleop_twist_joy/share/teleop_twist_joy/package.sh'
[7.963s] INFO:colcon.colcon_core.shell:Creating package script '/home/lab/robocar/src/install/teleop_twist_joy/share/teleop_twist_joy/package.bash'
[7.967s] INFO:colcon.colcon_core.shell:Creating package script '/home/lab/robocar/src/install/teleop_twist_joy/share/teleop_twist_joy/package.zsh'
[7.973s] Level 1:colcon.colcon_core.environment:create_file_with_runtime_dependencies(/home/lab/robocar/src/install/teleop_twist_joy/share/colcon-core/packages/teleop_twist_joy)
[8.058s] DEBUG:colcon.colcon_core.event_handler.log_command:Invoking command in '/home/lab/robocar/src/robocar_pkg': PYTHONPATH=/home/lab/robocar/src/build/robocar_pkg/prefix_override:/home/lab/robocar/src/install/robocar_pkg/lib/python3.10/site-packages:${PYTHONPATH} VIRTUAL_ENV_PROMPT=(.venv) /home/lab/robocar/.venv/bin/python3 -W ignore:setup.py install is deprecated setup.py egg_info --egg-base ../build/robocar_pkg build --build-base /home/lab/robocar/src/build/robocar_pkg/build install --record /home/lab/robocar/src/build/robocar_pkg/install.log --single-version-externally-managed install_data
[8.166s] Level 1:colcon.colcon_core.environment:checking '/home/lab/robocar/src/install/robocar_package' for CMake module files
[8.168s] DEBUG:colcon.colcon_core.event_handler.log_command:Invoked command in '/home/lab/robocar/src/robocar_package' returned '0': PYTHONPATH=/home/lab/robocar/src/build/robocar_package/prefix_override:/home/lab/robocar/src/install/robocar_package/lib/python3.10/site-packages:${PYTHONPATH} VIRTUAL_ENV_PROMPT=(.venv) /home/lab/robocar/.venv/bin/python3 -W ignore:setup.py install is deprecated setup.py egg_info --egg-base ../build/robocar_package build --build-base /home/lab/robocar/src/build/robocar_package/build install --record /home/lab/robocar/src/build/robocar_package/install.log --single-version-externally-managed install_data
[8.171s] Level 1:colcon.colcon_core.environment:checking '/home/lab/robocar/src/install/robocar_package' for CMake config files
[8.176s] Level 1:colcon.colcon_core.environment:checking '/home/lab/robocar/src/install/robocar_package/lib'
[8.178s] Level 1:colcon.colcon_core.environment:checking '/home/lab/robocar/src/install/robocar_package/bin'
[8.179s] Level 1:colcon.colcon_core.environment:checking '/home/lab/robocar/src/install/robocar_package/lib/pkgconfig/robocar_package.pc'
[8.181s] Level 1:colcon.colcon_core.environment:checking '/home/lab/robocar/src/install/robocar_package/lib/python3.10/site-packages'
[8.182s] Level 1:colcon.colcon_core.shell:create_environment_hook('robocar_package', 'pythonpath')
[8.183s] INFO:colcon.colcon_core.shell:Creating environment hook '/home/lab/robocar/src/install/robocar_package/share/robocar_package/hook/pythonpath.ps1'
[8.186s] INFO:colcon.colcon_core.shell:Creating environment descriptor '/home/lab/robocar/src/install/robocar_package/share/robocar_package/hook/pythonpath.dsv'
[8.191s] INFO:colcon.colcon_core.shell:Creating environment hook '/home/lab/robocar/src/install/robocar_package/share/robocar_package/hook/pythonpath.sh'
[8.196s] Level 1:colcon.colcon_core.environment:checking '/home/lab/robocar/src/install/robocar_package/bin'
[8.197s] Level 1:colcon.colcon_core.environment:create_environment_scripts_only(robocar_package)
[8.199s] INFO:colcon.colcon_core.shell:Creating package script '/home/lab/robocar/src/install/robocar_package/share/robocar_package/package.ps1'
[8.203s] INFO:colcon.colcon_core.shell:Creating package descriptor '/home/lab/robocar/src/install/robocar_package/share/robocar_package/package.dsv'
[8.206s] INFO:colcon.colcon_core.shell:Creating package script '/home/lab/robocar/src/install/robocar_package/share/robocar_package/package.sh'
[8.209s] INFO:colcon.colcon_core.shell:Creating package script '/home/lab/robocar/src/install/robocar_package/share/robocar_package/package.bash'
[8.211s] INFO:colcon.colcon_core.shell:Creating package script '/home/lab/robocar/src/install/robocar_package/share/robocar_package/package.zsh'
[8.214s] Level 1:colcon.colcon_core.environment:create_file_with_runtime_dependencies(/home/lab/robocar/src/install/robocar_package/share/colcon-core/packages/robocar_package)
[8.299s] Level 1:colcon.colcon_core.environment:create_environment_scripts_only(messages_pkg)
[8.302s] Level 1:colcon.colcon_core.environment:checking '/home/lab/robocar/src/install/messages_pkg' for CMake module files
[8.308s] Level 1:colcon.colcon_core.environment:checking '/home/lab/robocar/src/install/messages_pkg' for CMake config files
[8.315s] Level 1:colcon.colcon_core.shell:create_environment_hook('messages_pkg', 'cmake_prefix_path')
[8.317s] INFO:colcon.colcon_core.shell:Creating environment hook '/home/lab/robocar/src/install/messages_pkg/share/messages_pkg/hook/cmake_prefix_path.ps1'
[8.326s] INFO:colcon.colcon_core.shell:Creating environment descriptor '/home/lab/robocar/src/install/messages_pkg/share/messages_pkg/hook/cmake_prefix_path.dsv'
[8.332s] INFO:colcon.colcon_core.shell:Creating environment hook '/home/lab/robocar/src/install/messages_pkg/share/messages_pkg/hook/cmake_prefix_path.sh'
[8.336s] Level 1:colcon.colcon_core.environment:checking '/home/lab/robocar/src/install/messages_pkg/lib'
[8.337s] Level 1:colcon.colcon_core.shell:create_environment_hook('messages_pkg', 'ld_library_path_lib')
[8.339s] INFO:colcon.colcon_core.shell:Creating environment hook '/home/lab/robocar/src/install/messages_pkg/share/messages_pkg/hook/ld_library_path_lib.ps1'
[8.341s] INFO:colcon.colcon_core.shell:Creating environment descriptor '/home/lab/robocar/src/install/messages_pkg/share/messages_pkg/hook/ld_library_path_lib.dsv'
[8.344s] INFO:colcon.colcon_core.shell:Creating environment hook '/home/lab/robocar/src/install/messages_pkg/share/messages_pkg/hook/ld_library_path_lib.sh'
[8.348s] Level 1:colcon.colcon_core.environment:checking '/home/lab/robocar/src/install/messages_pkg/bin'
[8.349s] Level 1:colcon.colcon_core.environment:checking '/home/lab/robocar/src/install/messages_pkg/lib/pkgconfig/messages_pkg.pc'
[8.351s] Level 1:colcon.colcon_core.environment:checking '/home/lab/robocar/src/install/messages_pkg/lib/python3.10/site-packages'
[8.352s] Level 1:colcon.colcon_core.shell:create_environment_hook('messages_pkg', 'pythonpath')
[8.354s] INFO:colcon.colcon_core.shell:Creating environment hook '/home/lab/robocar/src/install/messages_pkg/share/messages_pkg/hook/pythonpath.ps1'
[8.356s] INFO:colcon.colcon_core.shell:Creating environment descriptor '/home/lab/robocar/src/install/messages_pkg/share/messages_pkg/hook/pythonpath.dsv'
[8.359s] INFO:colcon.colcon_core.shell:Creating environment hook '/home/lab/robocar/src/install/messages_pkg/share/messages_pkg/hook/pythonpath.sh'
[8.363s] Level 1:colcon.colcon_core.environment:checking '/home/lab/robocar/src/install/messages_pkg/bin'
[8.365s] INFO:colcon.colcon_core.shell:Creating package script '/home/lab/robocar/src/install/messages_pkg/share/messages_pkg/package.ps1'
[8.368s] INFO:colcon.colcon_core.shell:Creating package descriptor '/home/lab/robocar/src/install/messages_pkg/share/messages_pkg/package.dsv'
[8.372s] INFO:colcon.colcon_core.shell:Creating package script '/home/lab/robocar/src/install/messages_pkg/share/messages_pkg/package.sh'
[8.375s] INFO:colcon.colcon_core.shell:Creating package script '/home/lab/robocar/src/install/messages_pkg/share/messages_pkg/package.bash'
[8.378s] INFO:colcon.colcon_core.shell:Creating package script '/home/lab/robocar/src/install/messages_pkg/share/messages_pkg/package.zsh'
[8.381s] Level 1:colcon.colcon_core.environment:create_file_with_runtime_dependencies(/home/lab/robocar/src/install/messages_pkg/share/colcon-core/packages/messages_pkg)
[9.398s] Level 1:colcon.colcon_core.environment:checking '/home/lab/robocar/src/install/robocar_pkg' for CMake module files
[9.400s] DEBUG:colcon.colcon_core.event_handler.log_command:Invoked command in '/home/lab/robocar/src/robocar_pkg' returned '0': PYTHONPATH=/home/lab/robocar/src/build/robocar_pkg/prefix_override:/home/lab/robocar/src/install/robocar_pkg/lib/python3.10/site-packages:${PYTHONPATH} VIRTUAL_ENV_PROMPT=(.venv) /home/lab/robocar/.venv/bin/python3 -W ignore:setup.py install is deprecated setup.py egg_info --egg-base ../build/robocar_pkg build --build-base /home/lab/robocar/src/build/robocar_pkg/build install --record /home/lab/robocar/src/build/robocar_pkg/install.log --single-version-externally-managed install_data
[9.403s] Level 1:colcon.colcon_core.environment:checking '/home/lab/robocar/src/install/robocar_pkg' for CMake config files
[9.407s] Level 1:colcon.colcon_core.environment:checking '/home/lab/robocar/src/install/robocar_pkg/lib'
[9.408s] Level 1:colcon.colcon_core.environment:checking '/home/lab/robocar/src/install/robocar_pkg/bin'
[9.408s] Level 1:colcon.colcon_core.environment:checking '/home/lab/robocar/src/install/robocar_pkg/lib/pkgconfig/robocar_pkg.pc'
[9.409s] Level 1:colcon.colcon_core.environment:checking '/home/lab/robocar/src/install/robocar_pkg/lib/python3.10/site-packages'
[9.410s] Level 1:colcon.colcon_core.shell:create_environment_hook('robocar_pkg', 'pythonpath')
[9.411s] INFO:colcon.colcon_core.shell:Creating environment hook '/home/lab/robocar/src/install/robocar_pkg/share/robocar_pkg/hook/pythonpath.ps1'
[9.413s] INFO:colcon.colcon_core.shell:Creating environment descriptor '/home/lab/robocar/src/install/robocar_pkg/share/robocar_pkg/hook/pythonpath.dsv'
[9.414s] INFO:colcon.colcon_core.shell:Creating environment hook '/home/lab/robocar/src/install/robocar_pkg/share/robocar_pkg/hook/pythonpath.sh'
[9.417s] Level 1:colcon.colcon_core.environment:checking '/home/lab/robocar/src/install/robocar_pkg/bin'
[9.418s] Level 1:colcon.colcon_core.environment:create_environment_scripts_only(robocar_pkg)
[9.419s] INFO:colcon.colcon_core.shell:Creating package script '/home/lab/robocar/src/install/robocar_pkg/share/robocar_pkg/package.ps1'
[9.422s] INFO:colcon.colcon_core.shell:Creating package descriptor '/home/lab/robocar/src/install/robocar_pkg/share/robocar_pkg/package.dsv'
[9.425s] INFO:colcon.colcon_core.shell:Creating package script '/home/lab/robocar/src/install/robocar_pkg/share/robocar_pkg/package.sh'
[9.428s] INFO:colcon.colcon_core.shell:Creating package script '/home/lab/robocar/src/install/robocar_pkg/share/robocar_pkg/package.bash'
[9.430s] INFO:colcon.colcon_core.shell:Creating package script '/home/lab/robocar/src/install/robocar_pkg/share/robocar_pkg/package.zsh'
[9.431s] Level 1:colcon.colcon_core.environment:create_file_with_runtime_dependencies(/home/lab/robocar/src/install/robocar_pkg/share/colcon-core/packages/robocar_pkg)
[9.433s] DEBUG:colcon.colcon_parallel_executor.executor.parallel:closing loop
[9.434s] DEBUG:colcon.colcon_parallel_executor.executor.parallel:loop closed
[9.434s] DEBUG:colcon.colcon_parallel_executor.executor.parallel:run_until_complete finished with '0'
[9.435s] DEBUG:colcon.colcon_core.event_reactor:joining thread
[9.445s] INFO:colcon.colcon_core.plugin_system:Skipping extension 'colcon_notification.desktop_notification.notify2': 'notify2' not found
[9.446s] INFO:colcon.colcon_core.plugin_system:Skipping extension 'colcon_notification.desktop_notification.terminal_notifier': Not used on non-Darwin systems
[9.447s] INFO:colcon.colcon_core.plugin_system:Skipping extension 'colcon_notification.desktop_notification.win32': Not used on non-Windows systems
[9.447s] INFO:colcon.colcon_notification.desktop_notification:Sending desktop notification using 'notify_send'
[9.494s] DEBUG:colcon.colcon_core.event_reactor:joined thread
[9.496s] INFO:colcon.colcon_core.shell:Creating prefix script '/home/lab/robocar/src/install/local_setup.ps1'
[9.501s] INFO:colcon.colcon_core.shell:Creating prefix util module '/home/lab/robocar/src/install/_local_setup_util_ps1.py'
[9.508s] INFO:colcon.colcon_core.shell:Creating prefix chain script '/home/lab/robocar/src/install/setup.ps1'
[9.513s] INFO:colcon.colcon_core.shell:Creating prefix script '/home/lab/robocar/src/install/local_setup.sh'
[9.516s] INFO:colcon.colcon_core.shell:Creating prefix util module '/home/lab/robocar/src/install/_local_setup_util_sh.py'
[9.518s] INFO:colcon.colcon_core.shell:Creating prefix chain script '/home/lab/robocar/src/install/setup.sh'
[9.525s] INFO:colcon.colcon_core.shell:Creating prefix script '/home/lab/robocar/src/install/local_setup.bash'
[9.528s] INFO:colcon.colcon_core.shell:Creating prefix chain script '/home/lab/robocar/src/install/setup.bash'
[9.535s] INFO:colcon.colcon_core.shell:Creating prefix script '/home/lab/robocar/src/install/local_setup.zsh'
[9.538s] INFO:colcon.colcon_core.shell:Creating prefix chain script '/home/lab/robocar/src/install/setup.zsh'
