[6.715s] Invoking command in '/home/lab/robocar/src/robocar_pkg': PYTHONPATH=/home/lab/robocar/src/build/robocar_pkg/prefix_override:/home/lab/robocar/src/install/robocar_pkg/lib/python3.10/site-packages:${PYTHONPATH} VIRTUAL_ENV_PROMPT=(.venv) /home/lab/robocar/.venv/bin/python3 -W ignore:setup.py install is deprecated setup.py egg_info --egg-base ../build/robocar_pkg build --build-base /home/lab/robocar/src/build/robocar_pkg/build install --record /home/lab/robocar/src/build/robocar_pkg/install.log --single-version-externally-managed install_data
[7.897s] running egg_info
[7.900s] writing ../build/robocar_pkg/robocar_pkg.egg-info/PKG-INFO
[7.901s] writing dependency_links to ../build/robocar_pkg/robocar_pkg.egg-info/dependency_links.txt
[7.902s] writing entry points to ../build/robocar_pkg/robocar_pkg.egg-info/entry_points.txt
[7.903s] writing requirements to ../build/robocar_pkg/robocar_pkg.egg-info/requires.txt
[7.904s] writing top-level names to ../build/robocar_pkg/robocar_pkg.egg-info/top_level.txt
[7.912s] reading manifest file '../build/robocar_pkg/robocar_pkg.egg-info/SOURCES.txt'
[7.914s] adding license file 'LICENSE'
[7.917s] writing manifest file '../build/robocar_pkg/robocar_pkg.egg-info/SOURCES.txt'
[7.918s] running build
[7.918s] running build_py
[7.921s] creating /home/lab/robocar/src/build/robocar_pkg/build/lib/lib
[7.922s] copying lib/SDL_Pi_INA3221.py -> /home/lab/robocar/src/build/robocar_pkg/build/lib/lib
[7.923s] copying lib/__init__.py -> /home/lab/robocar/src/build/robocar_pkg/build/lib/lib
[7.923s] copying lib/INA226Lib.py -> /home/lab/robocar/src/build/robocar_pkg/build/lib/lib
[7.925s] running install
[7.926s] running install_lib
[7.932s] creating /home/lab/robocar/src/install/robocar_pkg/lib/python3.10/site-packages/lib
[7.934s] copying /home/lab/robocar/src/build/robocar_pkg/build/lib/lib/SDL_Pi_INA3221.py -> /home/lab/robocar/src/install/robocar_pkg/lib/python3.10/site-packages/lib
[7.935s] copying /home/lab/robocar/src/build/robocar_pkg/build/lib/lib/__init__.py -> /home/lab/robocar/src/install/robocar_pkg/lib/python3.10/site-packages/lib
[7.936s] copying /home/lab/robocar/src/build/robocar_pkg/build/lib/lib/INA226Lib.py -> /home/lab/robocar/src/install/robocar_pkg/lib/python3.10/site-packages/lib
[7.938s] byte-compiling /home/lab/robocar/src/install/robocar_pkg/lib/python3.10/site-packages/lib/SDL_Pi_INA3221.py to SDL_Pi_INA3221.cpython-310.pyc
[7.943s] byte-compiling /home/lab/robocar/src/install/robocar_pkg/lib/python3.10/site-packages/lib/__init__.py to __init__.cpython-310.pyc
[7.944s] byte-compiling /home/lab/robocar/src/install/robocar_pkg/lib/python3.10/site-packages/lib/INA226Lib.py to INA226Lib.cpython-310.pyc
[7.954s] running install_data
[7.954s] running install_egg_info
[7.961s] removing '/home/lab/robocar/src/install/robocar_pkg/lib/python3.10/site-packages/robocar_pkg-0.0.0-py3.10.egg-info' (and everything under it)
[7.963s] Copying ../build/robocar_pkg/robocar_pkg.egg-info to /home/lab/robocar/src/install/robocar_pkg/lib/python3.10/site-packages/robocar_pkg-0.0.0-py3.10.egg-info
[7.969s] running install_scripts
[8.048s] Installing car_control_node script to /home/lab/robocar/src/install/robocar_pkg/lib/robocar_pkg
[8.049s] Installing energy_node script to /home/lab/robocar/src/install/robocar_pkg/lib/robocar_pkg
[8.052s] writing list of installed files to '/home/lab/robocar/src/build/robocar_pkg/install.log'
[8.169s] Invoked command in '/home/lab/robocar/src/robocar_pkg' returned '0': PYTHONPATH=/home/lab/robocar/src/build/robocar_pkg/prefix_override:/home/lab/robocar/src/install/robocar_pkg/lib/python3.10/site-packages:${PYTHONPATH} VIRTUAL_ENV_PROMPT=(.venv) /home/lab/robocar/.venv/bin/python3 -W ignore:setup.py install is deprecated setup.py egg_info --egg-base ../build/robocar_pkg build --build-base /home/lab/robocar/src/build/robocar_pkg/build install --record /home/lab/robocar/src/build/robocar_pkg/install.log --single-version-externally-managed install_data
