[3.613s] Invoking command in '/home/lab/robocar/src/robocar_package': PYTHONPATH=/home/lab/robocar/src/build/robocar_package/prefix_override:/home/lab/robocar/src/install/robocar_package/lib/python3.10/site-packages:${PYTHONPATH} VIRTUAL_ENV_PROMPT=(.venv) /home/lab/robocar/.venv/bin/python3 -W ignore:setup.py install is deprecated setup.py egg_info --egg-base ../build/robocar_package build --build-base /home/lab/robocar/src/build/robocar_package/build install --record /home/lab/robocar/src/build/robocar_package/install.log --single-version-externally-managed install_data
[5.253s] running egg_info
[5.254s] writing ../build/robocar_package/robocar_package.egg-info/PKG-INFO
[5.254s] writing dependency_links to ../build/robocar_package/robocar_package.egg-info/dependency_links.txt
[5.260s] writing entry points to ../build/robocar_package/robocar_package.egg-info/entry_points.txt
[5.261s] writing requirements to ../build/robocar_package/robocar_package.egg-info/requires.txt
[5.261s] writing top-level names to ../build/robocar_package/robocar_package.egg-info/top_level.txt
[5.265s] reading manifest file '../build/robocar_package/robocar_package.egg-info/SOURCES.txt'
[5.268s] adding license file 'LICENSE'
[5.272s] writing manifest file '../build/robocar_package/robocar_package.egg-info/SOURCES.txt'
[5.272s] running build
[5.273s] running build_py
[5.276s] running install
[5.277s] running install_lib
[5.285s] running install_data
[5.286s] running install_egg_info
[5.300s] removing '/home/lab/robocar/src/install/robocar_package/lib/python3.10/site-packages/robocar_package-0.0.0-py3.10.egg-info' (and everything under it)
[5.304s] Copying ../build/robocar_package/robocar_package.egg-info to /home/lab/robocar/src/install/robocar_package/lib/python3.10/site-packages/robocar_package-0.0.0-py3.10.egg-info
[5.323s] running install_scripts
[5.456s] Installing car_control_node script to /home/lab/robocar/src/install/robocar_package/lib/robocar_package
[5.457s] Installing energy_node script to /home/lab/robocar/src/install/robocar_package/lib/robocar_package
[5.459s] writing list of installed files to '/home/lab/robocar/src/build/robocar_package/install.log'
[5.604s] Invoked command in '/home/lab/robocar/src/robocar_package' returned '0': PYTHONPATH=/home/lab/robocar/src/build/robocar_package/prefix_override:/home/lab/robocar/src/install/robocar_package/lib/python3.10/site-packages:${PYTHONPATH} VIRTUAL_ENV_PROMPT=(.venv) /home/lab/robocar/.venv/bin/python3 -W ignore:setup.py install is deprecated setup.py egg_info --egg-base ../build/robocar_package build --build-base /home/lab/robocar/src/build/robocar_package/build install --record /home/lab/robocar/src/build/robocar_package/install.log --single-version-externally-managed install_data
