-- The C compiler identification is GNU 11.4.0
-- The CXX compiler identification is GNU 11.4.0
-- Detecting C compiler ABI info
-- Detecting C compiler ABI info - done
-- Check for working C compiler: /usr/bin/cc - skipped
-- Detecting C compile features
-- Detecting C compile features - done
-- Detecting CXX compiler ABI info
-- Detecting CXX compiler ABI info - done
-- Check for working CXX compiler: /usr/bin/c++ - skipped
-- Detecting CXX compile features
-- Detecting CXX compile features - done
-- Found ament_cmake: 2.0.4 (/opt/ros/iron/share/ament_cmake/cmake)
-- Found Python3: /home/lab/robocar/.venv/bin/python3.10 (found version "3.10.12") found components: Interpreter 
-- Found geometry_msgs: 5.0.0 (/opt/ros/iron/share/geometry_msgs/cmake)
-- Found rosidl_generator_c: 4.0.1 (/opt/ros/iron/share/rosidl_generator_c/cmake)
-- Found rosidl_generator_cpp: 4.0.1 (/opt/ros/iron/share/rosidl_generator_cpp/cmake)
-- Using all available rosidl_typesupport_c: rosidl_typesupport_fastrtps_c;rosidl_typesupport_introspection_c
-- Using all available rosidl_typesupport_cpp: rosidl_typesupport_fastrtps_cpp;rosidl_typesupport_introspection_cpp
-- Found rclcpp: 21.0.5 (/opt/ros/iron/share/rclcpp/cmake)
-- Found rmw_implementation_cmake: 7.1.0 (/opt/ros/iron/share/rmw_implementation_cmake/cmake)
-- Found rmw_fastrtps_cpp: 7.1.3 (/opt/ros/iron/share/rmw_fastrtps_cpp/cmake)
-- Found OpenSSL: /usr/lib/aarch64-linux-gnu/libcrypto.so (found version "3.0.2")  
-- Found FastRTPS: /opt/ros/iron/include  
-- Using RMW implementation 'rmw_fastrtps_cpp' as default
-- Found rclcpp_components: 21.0.5 (/opt/ros/iron/share/rclcpp_components/cmake)
-- Found sensor_msgs: 5.0.0 (/opt/ros/iron/share/sensor_msgs/cmake)
-- Performing Test COMPILER_HAS_HIDDEN_VISIBILITY
-- Performing Test COMPILER_HAS_HIDDEN_VISIBILITY - Success
-- Performing Test COMPILER_HAS_HIDDEN_INLINE_VISIBILITY
-- Performing Test COMPILER_HAS_HIDDEN_INLINE_VISIBILITY - Success
-- Performing Test COMPILER_HAS_DEPRECATED_ATTR
-- Performing Test COMPILER_HAS_DEPRECATED_ATTR - Success
-- Found ament_lint_auto: 0.14.3 (/opt/ros/iron/share/ament_lint_auto/cmake)
-- Found python_cmake_module: 0.10.2 (/opt/ros/iron/share/python_cmake_module/cmake)
-- Found PythonInterp: /home/lab/robocar/.venv/bin/python3 (found suitable version "3.10.12", minimum required is "3.6") 
-- Found PythonLibs: /usr/lib/aarch64-linux-gnu/libpython3.10.so (found suitable version "3.10.12", minimum required is "3.5") 
-- Using PYTHON_EXECUTABLE: /home/lab/robocar/.venv/bin/python3
-- Using PYTHON_INCLUDE_DIRS: /usr/include/python3.10
-- Using PYTHON_LIBRARIES: /usr/lib/aarch64-linux-gnu/libpython3.10.so
-- Found PythonExtra: .so  
-- Added test 'cppcheck' to perform static code analysis on C / C++ code
-- Configured cppcheck include dirs: $<BUILD_INTERFACE:/home/lab/robocar/src/teleop_twist_joy/include>
-- Configured cppcheck exclude dirs and/or files: 
-- Added test 'cpplint' to check C / C++ code against the Google style
-- Configured cpplint exclude dirs and/or files: 
-- Added test 'flake8' to check Python code syntax and style conventions
-- Configured 'flake8' exclude dirs and/or files: 
-- Added test 'lint_cmake' to check CMake code style
-- Added test 'pep257' to check Python code against some of the docstring style conventions in PEP 257
-- Added test 'uncrustify' to check C / C++ code style
-- Configured uncrustify additional arguments: 
-- Added test 'xmllint' to check XML markup files
-- Configuring done
-- Generating done
-- Build files have been written to: /home/lab/robocar/src/build/teleop_twist_joy
[ 25%] [32mBuilding CXX object CMakeFiles/teleop_twist_joy.dir/src/teleop_twist_joy.cpp.o[0m
[ 50%] [32m[1mLinking CXX shared library libteleop_twist_joy.so[0m
[ 50%] Built target teleop_twist_joy
[ 75%] [32mBuilding CXX object CMakeFiles/teleop_twist_joy_node.dir/src/teleop_node.cpp.o[0m
[100%] [32m[1mLinking CXX executable teleop_node[0m
[100%] Built target teleop_twist_joy_node
-- Install configuration: ""
-- Installing: /home/lab/robocar/src/install/teleop_twist_joy/lib/libteleop_twist_joy.so
-- Set runtime path of "/home/lab/robocar/src/install/teleop_twist_joy/lib/libteleop_twist_joy.so" to ""
-- Installing: /home/lab/robocar/src/install/teleop_twist_joy/lib/teleop_twist_joy/teleop_node
-- Set runtime path of "/home/lab/robocar/src/install/teleop_twist_joy/lib/teleop_twist_joy/teleop_node" to ""
-- Installing: /home/lab/robocar/src/install/teleop_twist_joy/include/teleop_twist_joy
-- Installing: /home/lab/robocar/src/install/teleop_twist_joy/include/teleop_twist_joy/teleop_twist_joy
-- Installing: /home/lab/robocar/src/install/teleop_twist_joy/include/teleop_twist_joy/teleop_twist_joy/teleop_twist_joy.hpp
-- Installing: /home/lab/robocar/src/install/teleop_twist_joy/include/teleop_twist_joy/teleop_twist_joy/teleop_twist_joy_export.h
-- Installing: /home/lab/robocar/src/install/teleop_twist_joy/share/teleop_twist_joy/launch
-- Installing: /home/lab/robocar/src/install/teleop_twist_joy/share/teleop_twist_joy/launch/teleop-launch.py
-- Installing: /home/lab/robocar/src/install/teleop_twist_joy/share/teleop_twist_joy/config
-- Installing: /home/lab/robocar/src/install/teleop_twist_joy/share/teleop_twist_joy/config/xbox.config.yaml
-- Installing: /home/lab/robocar/src/install/teleop_twist_joy/share/teleop_twist_joy/config/ps3-holonomic.config.yaml
-- Installing: /home/lab/robocar/src/install/teleop_twist_joy/share/teleop_twist_joy/config/atk3.config.yaml
-- Installing: /home/lab/robocar/src/install/teleop_twist_joy/share/teleop_twist_joy/config/xd3.config.yaml
-- Installing: /home/lab/robocar/src/install/teleop_twist_joy/share/teleop_twist_joy/config/ps3.config.yaml
-- Installing: /home/lab/robocar/src/install/teleop_twist_joy/share/teleop_twist_joy/environment/library_path.sh
-- Installing: /home/lab/robocar/src/install/teleop_twist_joy/share/teleop_twist_joy/environment/library_path.dsv
-- Installing: /home/lab/robocar/src/install/teleop_twist_joy/share/ament_index/resource_index/package_run_dependencies/teleop_twist_joy
-- Installing: /home/lab/robocar/src/install/teleop_twist_joy/share/ament_index/resource_index/parent_prefix_path/teleop_twist_joy
-- Installing: /home/lab/robocar/src/install/teleop_twist_joy/share/teleop_twist_joy/environment/ament_prefix_path.sh
-- Installing: /home/lab/robocar/src/install/teleop_twist_joy/share/teleop_twist_joy/environment/ament_prefix_path.dsv
-- Installing: /home/lab/robocar/src/install/teleop_twist_joy/share/teleop_twist_joy/environment/path.sh
-- Installing: /home/lab/robocar/src/install/teleop_twist_joy/share/teleop_twist_joy/environment/path.dsv
-- Installing: /home/lab/robocar/src/install/teleop_twist_joy/share/teleop_twist_joy/local_setup.bash
-- Installing: /home/lab/robocar/src/install/teleop_twist_joy/share/teleop_twist_joy/local_setup.sh
-- Installing: /home/lab/robocar/src/install/teleop_twist_joy/share/teleop_twist_joy/local_setup.zsh
-- Installing: /home/lab/robocar/src/install/teleop_twist_joy/share/teleop_twist_joy/local_setup.dsv
-- Installing: /home/lab/robocar/src/install/teleop_twist_joy/share/teleop_twist_joy/package.dsv
-- Installing: /home/lab/robocar/src/install/teleop_twist_joy/share/ament_index/resource_index/packages/teleop_twist_joy
-- Installing: /home/lab/robocar/src/install/teleop_twist_joy/share/ament_index/resource_index/rclcpp_components/teleop_twist_joy
-- Installing: /home/lab/robocar/src/install/teleop_twist_joy/share/teleop_twist_joy/cmake/export_teleop_twist_joyExport.cmake
-- Installing: /home/lab/robocar/src/install/teleop_twist_joy/share/teleop_twist_joy/cmake/export_teleop_twist_joyExport-noconfig.cmake
-- Installing: /home/lab/robocar/src/install/teleop_twist_joy/share/teleop_twist_joy/cmake/ament_cmake_export_include_directories-extras.cmake
-- Installing: /home/lab/robocar/src/install/teleop_twist_joy/share/teleop_twist_joy/cmake/ament_cmake_export_libraries-extras.cmake
-- Installing: /home/lab/robocar/src/install/teleop_twist_joy/share/teleop_twist_joy/cmake/ament_cmake_export_targets-extras.cmake
-- Installing: /home/lab/robocar/src/install/teleop_twist_joy/share/teleop_twist_joy/cmake/teleop_twist_joyConfig.cmake
-- Installing: /home/lab/robocar/src/install/teleop_twist_joy/share/teleop_twist_joy/cmake/teleop_twist_joyConfig-version.cmake
-- Installing: /home/lab/robocar/src/install/teleop_twist_joy/share/teleop_twist_joy/package.xml
